TpTrace Verbose: 0 : 33028, 1, 2024/06/03, 01:31:26.848, 5603837205571, vstest.console.dll, Version: 17.9.0-release-24072-02 Current process architecture: X64
TpTrace Verbose: 0 : 33028, 1, 2024/06/03, 01:31:26.850, 5603837229480, vstest.console.dll, Runtime location: C:\Program Files\dotnet\shared\Microsoft.NETCore.App\8.0.3
TpTrace Verbose: 0 : 33028, 1, 2024/06/03, 01:31:26.854, 5603837268292, vstest.console.dll, ArtifactProcessingPostProcessModeProcessorExecutor.Initialize: ArtifactProcessingMode.Collect
TpTrace Verbose: 0 : 33028, 1, 2024/06/03, 01:31:26.855, 5603837269890, vstest.console.dll, TestSessionCorrelationIdProcessorModeProcessorExecutor.Initialize: TestSessionCorrelationId '36188_4e0c81d6-a233-45b7-9569-fa97f7d58949'
TpTrace Information: 0 : 33028, 1, 2024/06/03, 01:31:26.861, 5603837336902, vstest.console.dll, FilePatternParser: The given file C:\Users\VC\Desktop\Presidio_mini_Project\Job_Portal_API\RepositoryTesting\bin\Debug\net8.0\fine-code-coverage\build-output\RepositoryTesting.dll is a full path.
TpTrace Verbose: 0 : 33028, 1, 2024/06/03, 01:31:26.869, 5603837413724, vstest.console.dll, TestPluginCache.DiscoverTestExtensions: finding test extensions in assemblies ends with: RuntimeProvider.dll TPluginInfo: Microsoft.VisualStudio.TestPlatform.Common.ExtensionFramework.Utilities.TestRuntimePluginInformation TExtension: Microsoft.VisualStudio.TestPlatform.ObjectModel.Host.ITestRuntimeProvider
TpTrace Verbose: 0 : 33028, 1, 2024/06/03, 01:31:26.869, 5603837416389, vstest.console.dll, TestPluginCache.GetExtensionPaths: Filtered extension paths: 
TpTrace Verbose: 0 : 33028, 1, 2024/06/03, 01:31:26.869, 5603837417038, vstest.console.dll, TestPluginCache.GetExtensionPaths: Added default extension paths: C:\Program Files\dotnet\sdk\8.0.202\Extensions\Microsoft.Diagnostics.NETCore.Client.dll
C:\Program Files\dotnet\sdk\8.0.202\Extensions\Microsoft.TestPlatform.Extensions.BlameDataCollector.dll
C:\Program Files\dotnet\sdk\8.0.202\Extensions\Microsoft.TestPlatform.Extensions.EventLogCollector.dll
C:\Program Files\dotnet\sdk\8.0.202\Extensions\Microsoft.TestPlatform.TestHostRuntimeProvider.dll
C:\Program Files\dotnet\sdk\8.0.202\Extensions\Microsoft.VisualStudio.TestPlatform.Extensions.Html.TestLogger.dll
C:\Program Files\dotnet\sdk\8.0.202\Extensions\Microsoft.VisualStudio.TestPlatform.Extensions.Trx.TestLogger.dll
TpTrace Verbose: 0 : 33028, 1, 2024/06/03, 01:31:26.869, 5603837417303, vstest.console.dll, TestPluginCache.GetExtensionPaths: Added unfilterableExtensionPaths: 
TpTrace Information: 0 : 33028, 1, 2024/06/03, 01:31:26.870, 5603837421225, vstest.console.dll, AssemblyResolver.ctor: Creating AssemblyResolver with searchDirectories C:\Program Files\dotnet\sdk\8.0.202\Extensions,C:\Program Files\dotnet\sdk\8.0.202
TpTrace Verbose: 0 : 33028, 1, 2024/06/03, 01:31:26.871, 5603837439290, vstest.console.dll, TestPluginCache.DiscoverTestExtensions: Discovering the extensions using extension path.
TpTrace Verbose: 0 : 33028, 1, 2024/06/03, 01:31:26.872, 5603837440897, vstest.console.dll, TestPluginCache.GetExtensionPaths: Filtered extension paths: 
TpTrace Verbose: 0 : 33028, 1, 2024/06/03, 01:31:26.872, 5603837441539, vstest.console.dll, TestPluginCache.GetExtensionPaths: Added default extension paths: C:\Program Files\dotnet\sdk\8.0.202\Extensions\Microsoft.Diagnostics.NETCore.Client.dll
C:\Program Files\dotnet\sdk\8.0.202\Extensions\Microsoft.TestPlatform.Extensions.BlameDataCollector.dll
C:\Program Files\dotnet\sdk\8.0.202\Extensions\Microsoft.TestPlatform.Extensions.EventLogCollector.dll
C:\Program Files\dotnet\sdk\8.0.202\Extensions\Microsoft.TestPlatform.TestHostRuntimeProvider.dll
C:\Program Files\dotnet\sdk\8.0.202\Extensions\Microsoft.VisualStudio.TestPlatform.Extensions.Html.TestLogger.dll
C:\Program Files\dotnet\sdk\8.0.202\Extensions\Microsoft.VisualStudio.TestPlatform.Extensions.Trx.TestLogger.dll
TpTrace Verbose: 0 : 33028, 1, 2024/06/03, 01:31:26.872, 5603837441875, vstest.console.dll, TestPluginCache.GetExtensionPaths: Added unfilterableExtensionPaths: 
TpTrace Verbose: 0 : 33028, 1, 2024/06/03, 01:31:26.872, 5603837442511, vstest.console.dll, TestPluginCache.DiscoverTestExtensions: Discovering the extensions using allExtensionPaths: C:\Program Files\dotnet\sdk\8.0.202\Extensions\Microsoft.Diagnostics.NETCore.Client.dll
C:\Program Files\dotnet\sdk\8.0.202\Extensions\Microsoft.TestPlatform.Extensions.BlameDataCollector.dll
C:\Program Files\dotnet\sdk\8.0.202\Extensions\Microsoft.TestPlatform.Extensions.EventLogCollector.dll
C:\Program Files\dotnet\sdk\8.0.202\Extensions\Microsoft.TestPlatform.TestHostRuntimeProvider.dll
C:\Program Files\dotnet\sdk\8.0.202\Extensions\Microsoft.VisualStudio.TestPlatform.Extensions.Html.TestLogger.dll
C:\Program Files\dotnet\sdk\8.0.202\Extensions\Microsoft.VisualStudio.TestPlatform.Extensions.Trx.TestLogger.dll
TpTrace Information: 0 : 33028, 1, 2024/06/03, 01:31:26.872, 5603837443987, vstest.console.dll, AssemblyResolver.AddSearchDirectories: Adding more searchDirectories C:\Program Files\dotnet\sdk\8.0.202\Extensions,C:\Program Files\dotnet\sdk\8.0.202
TpTrace Information: 0 : 33028, 1, 2024/06/03, 01:31:26.872, 5603837444629, vstest.console.dll, AssemblyResolver.AddSearchDirectories: Adding more searchDirectories C:\Program Files\dotnet\sdk\8.0.202\Extensions,C:\Program Files\dotnet\sdk\8.0.202
TpTrace Information: 0 : 33028, 1, 2024/06/03, 01:31:26.872, 5603837444978, vstest.console.dll, AssemblyResolver.AddSearchDirectories: Adding more searchDirectories C:\Program Files\dotnet\sdk\8.0.202\Extensions,C:\Program Files\dotnet\sdk\8.0.202
TpTrace Information: 0 : 33028, 1, 2024/06/03, 01:31:26.872, 5603837445298, vstest.console.dll, AssemblyResolver.AddSearchDirectories: Adding more searchDirectories C:\Program Files\dotnet\sdk\8.0.202\Extensions,C:\Program Files\dotnet\sdk\8.0.202
TpTrace Information: 0 : 33028, 1, 2024/06/03, 01:31:26.872, 5603837445659, vstest.console.dll, AssemblyResolver.AddSearchDirectories: Adding more searchDirectories C:\Program Files\dotnet\sdk\8.0.202\Extensions,C:\Program Files\dotnet\sdk\8.0.202
TpTrace Information: 0 : 33028, 1, 2024/06/03, 01:31:26.872, 5603837445974, vstest.console.dll, AssemblyResolver.AddSearchDirectories: Adding more searchDirectories C:\Program Files\dotnet\sdk\8.0.202\Extensions,C:\Program Files\dotnet\sdk\8.0.202
TpTrace Information: 0 : 33028, 1, 2024/06/03, 01:31:26.873, 5603837451497, vstest.console.dll, AssemblyResolver.OnResolve: Microsoft.Diagnostics.NETCore.Client: Resolving assembly.
TpTrace Information: 0 : 33028, 1, 2024/06/03, 01:31:26.873, 5603837452294, vstest.console.dll, AssemblyResolver.OnResolve: Microsoft.Diagnostics.NETCore.Client: Searching in: 'C:\Program Files\dotnet\sdk\8.0.202\Extensions'.
TpTrace Information: 0 : 33028, 1, 2024/06/03, 01:31:26.881, 5603837536237, vstest.console.dll, AssemblyResolver.OnResolve: Microsoft.Diagnostics.NETCore.Client: Loading assembly 'C:\Program Files\dotnet\sdk\8.0.202\Extensions\Microsoft.Diagnostics.NETCore.Client.dll'.
TpTrace Information: 0 : 33028, 1, 2024/06/03, 01:31:26.883, 5603837557171, vstest.console.dll, AssemblyResolver.OnResolve: Resolved assembly: Microsoft.Diagnostics.NETCore.Client, from path: C:\Program Files\dotnet\sdk\8.0.202\Extensions\Microsoft.Diagnostics.NETCore.Client.dll
TpTrace Verbose: 0 : 33028, 1, 2024/06/03, 01:31:26.887, 5603837597540, vstest.console.dll, MetadataReaderExtensionsHelper: Discovering extensions inside assembly 'Microsoft.Diagnostics.NETCore.Client, Version=0.2.9.2401, Culture=neutral, PublicKeyToken=31bf3856ad364e35' file path 'C:\Program Files\dotnet\sdk\8.0.202\Extensions\Microsoft.Diagnostics.NETCore.Client.dll'
TpTrace Information: 0 : 33028, 1, 2024/06/03, 01:31:26.891, 5603837630356, vstest.console.dll, AssemblyResolver.OnResolve: Microsoft.Bcl.AsyncInterfaces: Resolving assembly.
TpTrace Information: 0 : 33028, 1, 2024/06/03, 01:31:26.891, 5603837631215, vstest.console.dll, AssemblyResolver.OnResolve: Microsoft.Bcl.AsyncInterfaces: Searching in: 'C:\Program Files\dotnet\sdk\8.0.202\Extensions'.
TpTrace Information: 0 : 33028, 1, 2024/06/03, 01:31:26.891, 5603837631936, vstest.console.dll, AssemblyResolver.OnResolve: Microsoft.Bcl.AsyncInterfaces: Assembly path does not exist: 'C:\Program Files\dotnet\sdk\8.0.202\Extensions\Microsoft.Bcl.AsyncInterfaces.dll', returning.
TpTrace Information: 0 : 33028, 1, 2024/06/03, 01:31:26.891, 5603837632796, vstest.console.dll, AssemblyResolver.OnResolve: Microsoft.Bcl.AsyncInterfaces: Assembly path does not exist: 'C:\Program Files\dotnet\sdk\8.0.202\Extensions\Microsoft.Bcl.AsyncInterfaces.exe', returning.
TpTrace Information: 0 : 33028, 1, 2024/06/03, 01:31:26.891, 5603837633061, vstest.console.dll, AssemblyResolver.OnResolve: Microsoft.Bcl.AsyncInterfaces: Searching in: 'C:\Program Files\dotnet\sdk\8.0.202'.
TpTrace Information: 0 : 33028, 1, 2024/06/03, 01:31:26.891, 5603837633493, vstest.console.dll, AssemblyResolver.OnResolve: Microsoft.Bcl.AsyncInterfaces: Assembly path does not exist: 'C:\Program Files\dotnet\sdk\8.0.202\Microsoft.Bcl.AsyncInterfaces.dll', returning.
TpTrace Information: 0 : 33028, 1, 2024/06/03, 01:31:26.891, 5603837633928, vstest.console.dll, AssemblyResolver.OnResolve: Microsoft.Bcl.AsyncInterfaces: Assembly path does not exist: 'C:\Program Files\dotnet\sdk\8.0.202\Microsoft.Bcl.AsyncInterfaces.exe', returning.
TpTrace Information: 0 : 33028, 1, 2024/06/03, 01:31:26.891, 5603837634146, vstest.console.dll, AssemblyResolver.OnResolve: Microsoft.Bcl.AsyncInterfaces: Failed to load assembly.
TpTrace Verbose: 0 : 33028, 1, 2024/06/03, 01:31:26.891, 5603837634439, vstest.console.dll, CurrentDomainAssemblyResolve: Resolving assembly 'Microsoft.Bcl.AsyncInterfaces'.
TpTrace Information: 0 : 33028, 1, 2024/06/03, 01:31:26.891, 5603837634858, vstest.console.dll, AssemblyResolver.OnResolve: Microsoft.Bcl.AsyncInterfaces: Resolving assembly.
TpTrace Information: 0 : 33028, 1, 2024/06/03, 01:31:26.891, 5603837635138, vstest.console.dll, AssemblyResolver.OnResolve: Microsoft.Bcl.AsyncInterfaces: Resolved from cache.
TpTrace Verbose: 0 : 33028, 1, 2024/06/03, 01:31:26.891, 5603837635376, vstest.console.dll, CurrentDomainAssemblyResolve: Resolving assembly 'Microsoft.Bcl.AsyncInterfaces'.
TpTrace Verbose: 0 : 33028, 1, 2024/06/03, 01:31:26.891, 5603837635623, vstest.console.dll, CurrentDomainAssemblyResolve: Failed to resolve assembly 'Microsoft.Bcl.AsyncInterfaces'.
TpTrace Verbose: 0 : 33028, 1, 2024/06/03, 01:31:26.893, 5603837656686, vstest.console.dll, CurrentDomainAssemblyResolve: Failed to resolve assembly 'Microsoft.Bcl.AsyncInterfaces'.
TpTrace Warning: 0 : 33028, 1, 2024/06/03, 01:31:26.908, 5603837806051, vstest.console.dll, TestPluginDiscoverer: Failed to get types from assembly 'Microsoft.Diagnostics.NETCore.Client, Version=0.2.9.2401, Culture=neutral, PublicKeyToken=31bf3856ad364e35'. Error: System.Reflection.ReflectionTypeLoadException: Unable to load one or more of the requested types.
Could not load file or assembly 'Microsoft.Bcl.AsyncInterfaces, Version=6.0.0.0, Culture=neutral, PublicKeyToken=cc7b13ffcd2ddd51'. The system cannot find the file specified.
   at System.Reflection.RuntimeModule.GetTypes(RuntimeModule module)
   at System.Reflection.RuntimeModule.GetTypes()
   at Microsoft.VisualStudio.TestPlatform.Common.ExtensionFramework.TestPluginDiscoverer.GetTestExtensionsFromAssembly[TPluginInfo,TExtension](Assembly assembly, Dictionary`2 pluginInfos, String filePath) in /_/src/Microsoft.TestPlatform.Common/ExtensionFramework/TestPluginDiscoverer.cs:line 158
System.IO.FileNotFoundException: Could not load file or assembly 'Microsoft.Bcl.AsyncInterfaces, Version=6.0.0.0, Culture=neutral, PublicKeyToken=cc7b13ffcd2ddd51'. The system cannot find the file specified.
File name: 'Microsoft.Bcl.AsyncInterfaces, Version=6.0.0.0, Culture=neutral, PublicKeyToken=cc7b13ffcd2ddd51'
 ---> System.IO.FileNotFoundException: Could not load file or assembly 'Microsoft.Bcl.AsyncInterfaces, Culture=neutral, PublicKeyToken=null'. The system cannot find the file specified.
File name: 'Microsoft.Bcl.AsyncInterfaces, Culture=neutral, PublicKeyToken=null'
   at System.Reflection.RuntimeAssembly.InternalLoad(AssemblyName assemblyName, StackCrawlMark& stackMark, AssemblyLoadContext assemblyLoadContext, RuntimeAssembly requestingAssembly, Boolean throwOnFileNotFound)
   at System.Reflection.Assembly.Load(AssemblyName assemblyRef)
   at Microsoft.VisualStudio.TestPlatform.Common.ExtensionFramework.TestPluginCache.CurrentDomainAssemblyResolve(Object sender, AssemblyResolveEventArgs args) in /_/src/Microsoft.TestPlatform.Common/ExtensionFramework/TestPluginCache.cs:line 513
   at System.Runtime.Loader.AssemblyLoadContext.GetFirstResolvedAssemblyFromResolvingEvent(AssemblyName assemblyName)
   at System.Runtime.Loader.AssemblyLoadContext.ResolveUsingEvent(AssemblyName assemblyName)
   at System.Runtime.Loader.AssemblyLoadContext.ResolveUsingResolvingEvent(IntPtr gchManagedAssemblyLoadContext, AssemblyName assemblyName)
TpTrace Warning: 0 : 33028, 1, 2024/06/03, 01:31:26.908, 5603837808861, vstest.console.dll, LoaderExceptions: System.IO.FileNotFoundException: Could not load file or assembly 'Microsoft.Bcl.AsyncInterfaces, Version=6.0.0.0, Culture=neutral, PublicKeyToken=cc7b13ffcd2ddd51'. The system cannot find the file specified.
File name: 'Microsoft.Bcl.AsyncInterfaces, Version=6.0.0.0, Culture=neutral, PublicKeyToken=cc7b13ffcd2ddd51'
 ---> System.IO.FileNotFoundException: Could not load file or assembly 'Microsoft.Bcl.AsyncInterfaces, Culture=neutral, PublicKeyToken=null'. The system cannot find the file specified.
File name: 'Microsoft.Bcl.AsyncInterfaces, Culture=neutral, PublicKeyToken=null'
   at System.Reflection.RuntimeAssembly.InternalLoad(AssemblyName assemblyName, StackCrawlMark& stackMark, AssemblyLoadContext assemblyLoadContext, RuntimeAssembly requestingAssembly, Boolean throwOnFileNotFound)
   at System.Reflection.Assembly.Load(AssemblyName assemblyRef)
   at Microsoft.VisualStudio.TestPlatform.Common.ExtensionFramework.TestPluginCache.CurrentDomainAssemblyResolve(Object sender, AssemblyResolveEventArgs args) in /_/src/Microsoft.TestPlatform.Common/ExtensionFramework/TestPluginCache.cs:line 513
   at System.Runtime.Loader.AssemblyLoadContext.GetFirstResolvedAssemblyFromResolvingEvent(AssemblyName assemblyName)
   at System.Runtime.Loader.AssemblyLoadContext.ResolveUsingEvent(AssemblyName assemblyName)
   at System.Runtime.Loader.AssemblyLoadContext.ResolveUsingResolvingEvent(IntPtr gchManagedAssemblyLoadContext, AssemblyName assemblyName)
TpTrace Information: 0 : 33028, 1, 2024/06/03, 01:31:26.909, 5603837810031, vstest.console.dll, AssemblyResolver.OnResolve: Microsoft.TestPlatform.Extensions.BlameDataCollector: Resolving assembly.
TpTrace Information: 0 : 33028, 1, 2024/06/03, 01:31:26.909, 5603837810357, vstest.console.dll, AssemblyResolver.OnResolve: Microsoft.TestPlatform.Extensions.BlameDataCollector: Searching in: 'C:\Program Files\dotnet\sdk\8.0.202\Extensions'.
TpTrace Information: 0 : 33028, 1, 2024/06/03, 01:31:26.909, 5603837813093, vstest.console.dll, AssemblyResolver.OnResolve: Microsoft.TestPlatform.Extensions.BlameDataCollector: Loading assembly 'C:\Program Files\dotnet\sdk\8.0.202\Extensions\Microsoft.TestPlatform.Extensions.BlameDataCollector.dll'.
TpTrace Information: 0 : 33028, 1, 2024/06/03, 01:31:26.909, 5603837817713, vstest.console.dll, AssemblyResolver.OnResolve: Resolved assembly: Microsoft.TestPlatform.Extensions.BlameDataCollector, from path: C:\Program Files\dotnet\sdk\8.0.202\Extensions\Microsoft.TestPlatform.Extensions.BlameDataCollector.dll
TpTrace Verbose: 0 : 33028, 1, 2024/06/03, 01:31:26.909, 5603837818412, vstest.console.dll, MetadataReaderExtensionsHelper: Discovering extensions inside assembly 'Microsoft.TestPlatform.Extensions.BlameDataCollector, Version=15.0.0.0, Culture=neutral, PublicKeyToken=b03f5f7f11d50a3a' file path 'C:\Program Files\dotnet\sdk\8.0.202\Extensions\Microsoft.TestPlatform.Extensions.BlameDataCollector.dll'
TpTrace Information: 0 : 33028, 1, 2024/06/03, 01:31:26.910, 5603837828331, vstest.console.dll, AssemblyResolver.OnResolve: Microsoft.TestPlatform.Extensions.EventLogCollector: Resolving assembly.
TpTrace Information: 0 : 33028, 1, 2024/06/03, 01:31:26.910, 5603837828821, vstest.console.dll, AssemblyResolver.OnResolve: Microsoft.TestPlatform.Extensions.EventLogCollector: Searching in: 'C:\Program Files\dotnet\sdk\8.0.202\Extensions'.
TpTrace Information: 0 : 33028, 1, 2024/06/03, 01:31:26.911, 5603837831287, vstest.console.dll, AssemblyResolver.OnResolve: Microsoft.TestPlatform.Extensions.EventLogCollector: Loading assembly 'C:\Program Files\dotnet\sdk\8.0.202\Extensions\Microsoft.TestPlatform.Extensions.EventLogCollector.dll'.
TpTrace Information: 0 : 33028, 1, 2024/06/03, 01:31:26.911, 5603837834941, vstest.console.dll, AssemblyResolver.OnResolve: Resolved assembly: Microsoft.TestPlatform.Extensions.EventLogCollector, from path: C:\Program Files\dotnet\sdk\8.0.202\Extensions\Microsoft.TestPlatform.Extensions.EventLogCollector.dll
TpTrace Verbose: 0 : 33028, 1, 2024/06/03, 01:31:26.911, 5603837835487, vstest.console.dll, MetadataReaderExtensionsHelper: Discovering extensions inside assembly 'Microsoft.TestPlatform.Extensions.EventLogCollector, Version=15.0.0.0, Culture=neutral, PublicKeyToken=b03f5f7f11d50a3a' file path 'C:\Program Files\dotnet\sdk\8.0.202\Extensions\Microsoft.TestPlatform.Extensions.EventLogCollector.dll'
TpTrace Information: 0 : 33028, 1, 2024/06/03, 01:31:26.913, 5603837853472, vstest.console.dll, AssemblyResolver.OnResolve: Microsoft.TestPlatform.TestHostRuntimeProvider: Resolving assembly.
TpTrace Information: 0 : 33028, 1, 2024/06/03, 01:31:26.913, 5603837853986, vstest.console.dll, AssemblyResolver.OnResolve: Microsoft.TestPlatform.TestHostRuntimeProvider: Searching in: 'C:\Program Files\dotnet\sdk\8.0.202\Extensions'.
TpTrace Information: 0 : 33028, 1, 2024/06/03, 01:31:26.914, 5603837861155, vstest.console.dll, AssemblyResolver.OnResolve: Microsoft.TestPlatform.TestHostRuntimeProvider: Loading assembly 'C:\Program Files\dotnet\sdk\8.0.202\Extensions\Microsoft.TestPlatform.TestHostRuntimeProvider.dll'.
TpTrace Information: 0 : 33028, 1, 2024/06/03, 01:31:26.915, 5603837876674, vstest.console.dll, AssemblyResolver.OnResolve: Resolved assembly: Microsoft.TestPlatform.TestHostRuntimeProvider, from path: C:\Program Files\dotnet\sdk\8.0.202\Extensions\Microsoft.TestPlatform.TestHostRuntimeProvider.dll
TpTrace Verbose: 0 : 33028, 1, 2024/06/03, 01:31:26.915, 5603837877529, vstest.console.dll, MetadataReaderExtensionsHelper: Discovering extensions inside assembly 'Microsoft.TestPlatform.TestHostRuntimeProvider, Version=15.0.0.0, Culture=neutral, PublicKeyToken=b03f5f7f11d50a3a' file path 'C:\Program Files\dotnet\sdk\8.0.202\Extensions\Microsoft.TestPlatform.TestHostRuntimeProvider.dll'
TpTrace Information: 0 : 33028, 1, 2024/06/03, 01:31:26.918, 5603837899514, vstest.console.dll, GetTestExtensionFromType: Register extension with identifier data 'HostProvider://DefaultTestHost' and type 'Microsoft.VisualStudio.TestPlatform.CrossPlatEngine.Hosting.DefaultTestHostManager, Microsoft.TestPlatform.TestHostRuntimeProvider, Version=15.0.0.0, Culture=neutral, PublicKeyToken=b03f5f7f11d50a3a' inside file 'C:\Program Files\dotnet\sdk\8.0.202\Extensions\Microsoft.TestPlatform.TestHostRuntimeProvider.dll'
TpTrace Information: 0 : 33028, 1, 2024/06/03, 01:31:26.918, 5603837903832, vstest.console.dll, GetTestExtensionFromType: Register extension with identifier data 'HostProvider://DotnetTestHost' and type 'Microsoft.VisualStudio.TestPlatform.CrossPlatEngine.Hosting.DotnetTestHostManager, Microsoft.TestPlatform.TestHostRuntimeProvider, Version=15.0.0.0, Culture=neutral, PublicKeyToken=b03f5f7f11d50a3a' inside file 'C:\Program Files\dotnet\sdk\8.0.202\Extensions\Microsoft.TestPlatform.TestHostRuntimeProvider.dll'
TpTrace Information: 0 : 33028, 1, 2024/06/03, 01:31:26.918, 5603837904767, vstest.console.dll, AssemblyResolver.OnResolve: Microsoft.VisualStudio.TestPlatform.Extensions.Html.TestLogger: Resolving assembly.
TpTrace Information: 0 : 33028, 1, 2024/06/03, 01:31:26.918, 5603837905164, vstest.console.dll, AssemblyResolver.OnResolve: Microsoft.VisualStudio.TestPlatform.Extensions.Html.TestLogger: Searching in: 'C:\Program Files\dotnet\sdk\8.0.202\Extensions'.
TpTrace Information: 0 : 33028, 1, 2024/06/03, 01:31:26.919, 5603837911917, vstest.console.dll, AssemblyResolver.OnResolve: Microsoft.VisualStudio.TestPlatform.Extensions.Html.TestLogger: Loading assembly 'C:\Program Files\dotnet\sdk\8.0.202\Extensions\Microsoft.VisualStudio.TestPlatform.Extensions.Html.TestLogger.dll'.
TpTrace Information: 0 : 33028, 1, 2024/06/03, 01:31:26.920, 5603837920337, vstest.console.dll, AssemblyResolver.OnResolve: Resolved assembly: Microsoft.VisualStudio.TestPlatform.Extensions.Html.TestLogger, from path: C:\Program Files\dotnet\sdk\8.0.202\Extensions\Microsoft.VisualStudio.TestPlatform.Extensions.Html.TestLogger.dll
TpTrace Verbose: 0 : 33028, 1, 2024/06/03, 01:31:26.920, 5603837921172, vstest.console.dll, MetadataReaderExtensionsHelper: Discovering extensions inside assembly 'Microsoft.VisualStudio.TestPlatform.Extensions.Html.TestLogger, Version=15.0.0.0, Culture=neutral, PublicKeyToken=b03f5f7f11d50a3a' file path 'C:\Program Files\dotnet\sdk\8.0.202\Extensions\Microsoft.VisualStudio.TestPlatform.Extensions.Html.TestLogger.dll'
TpTrace Information: 0 : 33028, 1, 2024/06/03, 01:31:26.920, 5603837928673, vstest.console.dll, AssemblyResolver.OnResolve: Microsoft.VisualStudio.TestPlatform.Extensions.Trx.TestLogger: Resolving assembly.
TpTrace Information: 0 : 33028, 1, 2024/06/03, 01:31:26.920, 5603837929179, vstest.console.dll, AssemblyResolver.OnResolve: Microsoft.VisualStudio.TestPlatform.Extensions.Trx.TestLogger: Searching in: 'C:\Program Files\dotnet\sdk\8.0.202\Extensions'.
TpTrace Information: 0 : 33028, 1, 2024/06/03, 01:31:26.921, 5603837935218, vstest.console.dll, AssemblyResolver.OnResolve: Microsoft.VisualStudio.TestPlatform.Extensions.Trx.TestLogger: Loading assembly 'C:\Program Files\dotnet\sdk\8.0.202\Extensions\Microsoft.VisualStudio.TestPlatform.Extensions.Trx.TestLogger.dll'.
TpTrace Information: 0 : 33028, 1, 2024/06/03, 01:31:26.922, 5603837945713, vstest.console.dll, AssemblyResolver.OnResolve: Resolved assembly: Microsoft.VisualStudio.TestPlatform.Extensions.Trx.TestLogger, from path: C:\Program Files\dotnet\sdk\8.0.202\Extensions\Microsoft.VisualStudio.TestPlatform.Extensions.Trx.TestLogger.dll
TpTrace Verbose: 0 : 33028, 1, 2024/06/03, 01:31:26.922, 5603837946469, vstest.console.dll, MetadataReaderExtensionsHelper: Discovering extensions inside assembly 'Microsoft.VisualStudio.TestPlatform.Extensions.Trx.TestLogger, Version=15.0.0.0, Culture=neutral, PublicKeyToken=b03f5f7f11d50a3a' file path 'C:\Program Files\dotnet\sdk\8.0.202\Extensions\Microsoft.VisualStudio.TestPlatform.Extensions.Trx.TestLogger.dll'
TpTrace Verbose: 0 : 33028, 1, 2024/06/03, 01:31:26.923, 5603837957662, vstest.console.dll, TestPluginCache: Discovered the extensions using extension path ''.
TpTrace Verbose: 0 : 33028, 1, 2024/06/03, 01:31:26.923, 5603837958323, vstest.console.dll, TestPluginCache: Discoverers are ''.
TpTrace Verbose: 0 : 33028, 1, 2024/06/03, 01:31:26.923, 5603837958541, vstest.console.dll, TestPluginCache: Executors are ''.
TpTrace Verbose: 0 : 33028, 1, 2024/06/03, 01:31:26.923, 5603837958740, vstest.console.dll, TestPluginCache: Executors2 are ''.
TpTrace Verbose: 0 : 33028, 1, 2024/06/03, 01:31:26.923, 5603837958937, vstest.console.dll, TestPluginCache: Setting providers are ''.
TpTrace Verbose: 0 : 33028, 1, 2024/06/03, 01:31:26.923, 5603837959134, vstest.console.dll, TestPluginCache: Loggers are ''.
TpTrace Verbose: 0 : 33028, 1, 2024/06/03, 01:31:26.924, 5603837960425, vstest.console.dll, TestPluginCache: TestHosts are 'HostProvider://DefaultTestHost,HostProvider://DotnetTestHost'.
TpTrace Verbose: 0 : 33028, 1, 2024/06/03, 01:31:26.924, 5603837960826, vstest.console.dll, TestPluginCache: DataCollectors are ''.
TpTrace Information: 0 : 33028, 1, 2024/06/03, 01:31:26.941, 5603838135932, vstest.console.dll, RunTestsArgumentProcessor:Execute: Test run is starting.
TpTrace Verbose: 0 : 33028, 1, 2024/06/03, 01:31:26.941, 5603838137054, vstest.console.dll, RunTestsArgumentProcessor:Execute: Queuing Test run.
TpTrace Information: 0 : 33028, 1, 2024/06/03, 01:31:26.942, 5603838143837, vstest.console.dll, TestRequestManager.RunTests: run tests started.
TpTrace Information: 0 : 33028, 1, 2024/06/03, 01:31:26.943, 5603838157911, vstest.console.dll, AssemblyMetadataProvider.GetFrameworkName: Determined framework:'.NETCoreApp,Version=v8.0' for source: 'C:\Users\VC\Desktop\Presidio_mini_Project\Job_Portal_API\RepositoryTesting\bin\Debug\net8.0\fine-code-coverage\build-output\RepositoryTesting.dll'
TpTrace Information: 0 : 33028, 1, 2024/06/03, 01:31:26.943, 5603838159228, vstest.console.dll, Determined framework for all sources: .NETCoreApp,Version=v8.0
TpTrace Verbose: 0 : 33028, 1, 2024/06/03, 01:31:26.944, 5603838161858, vstest.console.dll, TestRequestManager.UpdateRunSettingsIfRequired: Default architecture: X64 IsDefaultTargetArchitecture: True, Current process architecture: X64 OperatingSystem: Windows.
TpTrace Information: 0 : 33028, 1, 2024/06/03, 01:31:26.945, 5603838173876, vstest.console.dll, AssemblyMetadataProvider.GetArchitecture: Determined architecture:AnyCPU info for assembly: C:\Users\VC\Desktop\Presidio_mini_Project\Job_Portal_API\RepositoryTesting\bin\Debug\net8.0\fine-code-coverage\build-output\RepositoryTesting.dll
TpTrace Information: 0 : 33028, 1, 2024/06/03, 01:31:26.945, 5603838174354, vstest.console.dll, Determined platform for source 'C:\Users\VC\Desktop\Presidio_mini_Project\Job_Portal_API\RepositoryTesting\bin\Debug\net8.0\fine-code-coverage\build-output\RepositoryTesting.dll' was AnyCPU and it will use the default plaform X64.
TpTrace Information: 0 : 33028, 1, 2024/06/03, 01:31:26.945, 5603838174574, vstest.console.dll, None of the sources provided any runnable platform, using the default platform: X64
TpTrace Information: 0 : 33028, 1, 2024/06/03, 01:31:26.945, 5603838175267, vstest.console.dll, Platform was updated to 'X64'.
TpTrace Information: 0 : 33028, 1, 2024/06/03, 01:31:26.950, 5603838223721, vstest.console.dll, InferRunSettingsHelper.IsTestSettingsEnabled: Unable to navigate to RunSettings/MSTest. Current node: RunSettings
TpTrace Information: 0 : 33028, 1, 2024/06/03, 01:31:26.951, 5603838230033, vstest.console.dll, AssemblyResolver.OnResolve: Microsoft.VisualStudio.TestPlatform.Fakes: Resolving assembly.
TpTrace Information: 0 : 33028, 1, 2024/06/03, 01:31:26.951, 5603838230660, vstest.console.dll, AssemblyResolver.OnResolve: Microsoft.VisualStudio.TestPlatform.Fakes: Searching in: 'C:\Program Files\dotnet\sdk\8.0.202\Extensions'.
TpTrace Information: 0 : 33028, 1, 2024/06/03, 01:31:26.951, 5603838231437, vstest.console.dll, AssemblyResolver.OnResolve: Microsoft.VisualStudio.TestPlatform.Fakes: Assembly path does not exist: 'C:\Program Files\dotnet\sdk\8.0.202\Extensions\Microsoft.VisualStudio.TestPlatform.Fakes.dll', returning.
TpTrace Information: 0 : 33028, 1, 2024/06/03, 01:31:26.951, 5603838231897, vstest.console.dll, AssemblyResolver.OnResolve: Microsoft.VisualStudio.TestPlatform.Fakes: Assembly path does not exist: 'C:\Program Files\dotnet\sdk\8.0.202\Extensions\Microsoft.VisualStudio.TestPlatform.Fakes.exe', returning.
TpTrace Information: 0 : 33028, 1, 2024/06/03, 01:31:26.951, 5603838232216, vstest.console.dll, AssemblyResolver.OnResolve: Microsoft.VisualStudio.TestPlatform.Fakes: Searching in: 'C:\Program Files\dotnet\sdk\8.0.202'.
TpTrace Information: 0 : 33028, 1, 2024/06/03, 01:31:26.951, 5603838232809, vstest.console.dll, AssemblyResolver.OnResolve: Microsoft.VisualStudio.TestPlatform.Fakes: Assembly path does not exist: 'C:\Program Files\dotnet\sdk\8.0.202\Microsoft.VisualStudio.TestPlatform.Fakes.dll', returning.
TpTrace Information: 0 : 33028, 1, 2024/06/03, 01:31:26.951, 5603838233317, vstest.console.dll, AssemblyResolver.OnResolve: Microsoft.VisualStudio.TestPlatform.Fakes: Assembly path does not exist: 'C:\Program Files\dotnet\sdk\8.0.202\Microsoft.VisualStudio.TestPlatform.Fakes.exe', returning.
TpTrace Information: 0 : 33028, 1, 2024/06/03, 01:31:26.951, 5603838233603, vstest.console.dll, AssemblyResolver.OnResolve: Microsoft.VisualStudio.TestPlatform.Fakes: Failed to load assembly.
TpTrace Information: 0 : 33028, 1, 2024/06/03, 01:31:26.951, 5603838236288, vstest.console.dll, Failed to load assembly Microsoft.VisualStudio.TestPlatform.Fakes, Version=17.0.0.0, Culture=neutral. Reason:System.IO.FileNotFoundException: Could not load file or assembly 'Microsoft.VisualStudio.TestPlatform.Fakes, Version=17.0.0.0, Culture=neutral, PublicKeyToken=null'. The system cannot find the file specified.
File name: 'Microsoft.VisualStudio.TestPlatform.Fakes, Version=17.0.0.0, Culture=neutral, PublicKeyToken=null'
   at System.Reflection.RuntimeAssembly.InternalLoad(AssemblyName assemblyName, StackCrawlMark& stackMark, AssemblyLoadContext assemblyLoadContext, RuntimeAssembly requestingAssembly, Boolean throwOnFileNotFound)
   at System.Reflection.Assembly.Load(AssemblyName assemblyRef)
   at Microsoft.VisualStudio.TestPlatform.Common.Utilities.FakesUtilities.LoadTestPlatformAssembly() in /_/src/Microsoft.TestPlatform.Common/Utilities/FakesUtilities.cs:line 272
TpTrace Verbose: 0 : 33028, 1, 2024/06/03, 01:31:26.956, 5603838282577, vstest.console.dll, TestPluginCache.DiscoverTestExtensions: finding test extensions in assemblies ends with: TestLogger.dll TPluginInfo: Microsoft.VisualStudio.TestPlatform.Common.ExtensionFramework.Utilities.TestLoggerPluginInformation TExtension: Microsoft.VisualStudio.TestPlatform.ObjectModel.Client.ITestLogger
TpTrace Verbose: 0 : 33028, 1, 2024/06/03, 01:31:26.956, 5603838283570, vstest.console.dll, TestPluginCache.GetExtensionPaths: Filtered extension paths: 
TpTrace Verbose: 0 : 33028, 1, 2024/06/03, 01:31:26.956, 5603838283896, vstest.console.dll, TestPluginCache.GetExtensionPaths: Added default extension paths: C:\Program Files\dotnet\sdk\8.0.202\Extensions\Microsoft.Diagnostics.NETCore.Client.dll
C:\Program Files\dotnet\sdk\8.0.202\Extensions\Microsoft.TestPlatform.Extensions.BlameDataCollector.dll
C:\Program Files\dotnet\sdk\8.0.202\Extensions\Microsoft.TestPlatform.Extensions.EventLogCollector.dll
C:\Program Files\dotnet\sdk\8.0.202\Extensions\Microsoft.TestPlatform.TestHostRuntimeProvider.dll
C:\Program Files\dotnet\sdk\8.0.202\Extensions\Microsoft.VisualStudio.TestPlatform.Extensions.Html.TestLogger.dll
C:\Program Files\dotnet\sdk\8.0.202\Extensions\Microsoft.VisualStudio.TestPlatform.Extensions.Trx.TestLogger.dll
TpTrace Verbose: 0 : 33028, 1, 2024/06/03, 01:31:26.956, 5603838284126, vstest.console.dll, TestPluginCache.GetExtensionPaths: Added unfilterableExtensionPaths: 
TpTrace Information: 0 : 33028, 1, 2024/06/03, 01:31:26.956, 5603838285375, vstest.console.dll, AssemblyResolver.AddSearchDirectories: Adding more searchDirectories C:\Program Files\dotnet\sdk\8.0.202\Extensions,C:\Program Files\dotnet\sdk\8.0.202
TpTrace Verbose: 0 : 33028, 1, 2024/06/03, 01:31:26.956, 5603838285728, vstest.console.dll, TestPluginCache.DiscoverTestExtensions: Discovering the extensions using extension path.
TpTrace Verbose: 0 : 33028, 1, 2024/06/03, 01:31:26.956, 5603838285987, vstest.console.dll, TestPluginCache.GetExtensionPaths: Filtered extension paths: 
TpTrace Verbose: 0 : 33028, 1, 2024/06/03, 01:31:26.956, 5603838286243, vstest.console.dll, TestPluginCache.GetExtensionPaths: Added default extension paths: C:\Program Files\dotnet\sdk\8.0.202\Extensions\Microsoft.Diagnostics.NETCore.Client.dll
C:\Program Files\dotnet\sdk\8.0.202\Extensions\Microsoft.TestPlatform.Extensions.BlameDataCollector.dll
C:\Program Files\dotnet\sdk\8.0.202\Extensions\Microsoft.TestPlatform.Extensions.EventLogCollector.dll
C:\Program Files\dotnet\sdk\8.0.202\Extensions\Microsoft.TestPlatform.TestHostRuntimeProvider.dll
C:\Program Files\dotnet\sdk\8.0.202\Extensions\Microsoft.VisualStudio.TestPlatform.Extensions.Html.TestLogger.dll
C:\Program Files\dotnet\sdk\8.0.202\Extensions\Microsoft.VisualStudio.TestPlatform.Extensions.Trx.TestLogger.dll
TpTrace Verbose: 0 : 33028, 1, 2024/06/03, 01:31:26.956, 5603838286469, vstest.console.dll, TestPluginCache.GetExtensionPaths: Added unfilterableExtensionPaths: 
TpTrace Verbose: 0 : 33028, 1, 2024/06/03, 01:31:26.956, 5603838286709, vstest.console.dll, TestPluginCache.DiscoverTestExtensions: Discovering the extensions using allExtensionPaths: C:\Program Files\dotnet\sdk\8.0.202\Extensions\Microsoft.Diagnostics.NETCore.Client.dll
C:\Program Files\dotnet\sdk\8.0.202\Extensions\Microsoft.TestPlatform.Extensions.BlameDataCollector.dll
C:\Program Files\dotnet\sdk\8.0.202\Extensions\Microsoft.TestPlatform.Extensions.EventLogCollector.dll
C:\Program Files\dotnet\sdk\8.0.202\Extensions\Microsoft.TestPlatform.TestHostRuntimeProvider.dll
C:\Program Files\dotnet\sdk\8.0.202\Extensions\Microsoft.VisualStudio.TestPlatform.Extensions.Html.TestLogger.dll
C:\Program Files\dotnet\sdk\8.0.202\Extensions\Microsoft.VisualStudio.TestPlatform.Extensions.Trx.TestLogger.dll
TpTrace Information: 0 : 33028, 1, 2024/06/03, 01:31:26.956, 5603838287514, vstest.console.dll, AssemblyResolver.AddSearchDirectories: Adding more searchDirectories C:\Program Files\dotnet\sdk\8.0.202\Extensions,C:\Program Files\dotnet\sdk\8.0.202
TpTrace Information: 0 : 33028, 1, 2024/06/03, 01:31:26.956, 5603838288074, vstest.console.dll, AssemblyResolver.AddSearchDirectories: Adding more searchDirectories C:\Program Files\dotnet\sdk\8.0.202\Extensions,C:\Program Files\dotnet\sdk\8.0.202
TpTrace Information: 0 : 33028, 1, 2024/06/03, 01:31:26.956, 5603838288344, vstest.console.dll, AssemblyResolver.AddSearchDirectories: Adding more searchDirectories C:\Program Files\dotnet\sdk\8.0.202\Extensions,C:\Program Files\dotnet\sdk\8.0.202
TpTrace Information: 0 : 33028, 1, 2024/06/03, 01:31:26.956, 5603838288583, vstest.console.dll, AssemblyResolver.AddSearchDirectories: Adding more searchDirectories C:\Program Files\dotnet\sdk\8.0.202\Extensions,C:\Program Files\dotnet\sdk\8.0.202
TpTrace Information: 0 : 33028, 1, 2024/06/03, 01:31:26.956, 5603838289169, vstest.console.dll, AssemblyResolver.AddSearchDirectories: Adding more searchDirectories C:\Program Files\dotnet\sdk\8.0.202\Extensions,C:\Program Files\dotnet\sdk\8.0.202
TpTrace Information: 0 : 33028, 1, 2024/06/03, 01:31:26.957, 5603838289545, vstest.console.dll, AssemblyResolver.AddSearchDirectories: Adding more searchDirectories C:\Program Files\dotnet\sdk\8.0.202\Extensions,C:\Program Files\dotnet\sdk\8.0.202
TpTrace Verbose: 0 : 33028, 1, 2024/06/03, 01:31:26.957, 5603838291251, vstest.console.dll, MetadataReaderExtensionsHelper: Discovering extensions inside assembly 'Microsoft.Diagnostics.NETCore.Client, Version=0.2.9.2401, Culture=neutral, PublicKeyToken=31bf3856ad364e35' file path 'C:\Program Files\dotnet\sdk\8.0.202\Extensions\Microsoft.Diagnostics.NETCore.Client.dll'
TpTrace Information: 0 : 33028, 1, 2024/06/03, 01:31:26.958, 5603838300345, vstest.console.dll, AssemblyResolver.OnResolve: Microsoft.Bcl.AsyncInterfaces: Resolving assembly.
TpTrace Information: 0 : 33028, 1, 2024/06/03, 01:31:26.958, 5603838301394, vstest.console.dll, AssemblyResolver.OnResolve: Microsoft.Bcl.AsyncInterfaces: Resolved from cache.
TpTrace Verbose: 0 : 33028, 1, 2024/06/03, 01:31:26.958, 5603838301662, vstest.console.dll, CurrentDomainAssemblyResolve: Resolving assembly 'Microsoft.Bcl.AsyncInterfaces'.
TpTrace Information: 0 : 33028, 1, 2024/06/03, 01:31:26.958, 5603838302013, vstest.console.dll, AssemblyResolver.OnResolve: Microsoft.Bcl.AsyncInterfaces: Resolving assembly.
TpTrace Information: 0 : 33028, 1, 2024/06/03, 01:31:26.958, 5603838302278, vstest.console.dll, AssemblyResolver.OnResolve: Microsoft.Bcl.AsyncInterfaces: Resolved from cache.
TpTrace Verbose: 0 : 33028, 1, 2024/06/03, 01:31:26.958, 5603838302484, vstest.console.dll, CurrentDomainAssemblyResolve: Resolving assembly 'Microsoft.Bcl.AsyncInterfaces'.
TpTrace Verbose: 0 : 33028, 1, 2024/06/03, 01:31:26.958, 5603838302683, vstest.console.dll, CurrentDomainAssemblyResolve: Failed to resolve assembly 'Microsoft.Bcl.AsyncInterfaces'.
TpTrace Verbose: 0 : 33028, 1, 2024/06/03, 01:31:26.958, 5603838304493, vstest.console.dll, CurrentDomainAssemblyResolve: Failed to resolve assembly 'Microsoft.Bcl.AsyncInterfaces'.
TpTrace Warning: 0 : 33028, 1, 2024/06/03, 01:31:26.958, 5603838307157, vstest.console.dll, TestPluginDiscoverer: Failed to get types from assembly 'Microsoft.Diagnostics.NETCore.Client, Version=0.2.9.2401, Culture=neutral, PublicKeyToken=31bf3856ad364e35'. Error: System.Reflection.ReflectionTypeLoadException: Unable to load one or more of the requested types.
Could not load file or assembly 'Microsoft.Bcl.AsyncInterfaces, Version=6.0.0.0, Culture=neutral, PublicKeyToken=cc7b13ffcd2ddd51'. The system cannot find the file specified.
   at System.Reflection.RuntimeModule.GetTypes(RuntimeModule module)
   at System.Reflection.RuntimeModule.GetTypes()
   at Microsoft.VisualStudio.TestPlatform.Common.ExtensionFramework.TestPluginDiscoverer.GetTestExtensionsFromAssembly[TPluginInfo,TExtension](Assembly assembly, Dictionary`2 pluginInfos, String filePath) in /_/src/Microsoft.TestPlatform.Common/ExtensionFramework/TestPluginDiscoverer.cs:line 158
System.IO.FileNotFoundException: Could not load file or assembly 'Microsoft.Bcl.AsyncInterfaces, Version=6.0.0.0, Culture=neutral, PublicKeyToken=cc7b13ffcd2ddd51'. The system cannot find the file specified.
File name: 'Microsoft.Bcl.AsyncInterfaces, Version=6.0.0.0, Culture=neutral, PublicKeyToken=cc7b13ffcd2ddd51'
 ---> System.IO.FileNotFoundException: Could not load file or assembly 'Microsoft.Bcl.AsyncInterfaces, Culture=neutral, PublicKeyToken=null'. The system cannot find the file specified.
File name: 'Microsoft.Bcl.AsyncInterfaces, Culture=neutral, PublicKeyToken=null'
   at System.Reflection.RuntimeAssembly.InternalLoad(AssemblyName assemblyName, StackCrawlMark& stackMark, AssemblyLoadContext assemblyLoadContext, RuntimeAssembly requestingAssembly, Boolean throwOnFileNotFound)
   at System.Reflection.Assembly.Load(AssemblyName assemblyRef)
   at Microsoft.VisualStudio.TestPlatform.Common.ExtensionFramework.TestPluginCache.CurrentDomainAssemblyResolve(Object sender, AssemblyResolveEventArgs args) in /_/src/Microsoft.TestPlatform.Common/ExtensionFramework/TestPluginCache.cs:line 513
   at System.Runtime.Loader.AssemblyLoadContext.GetFirstResolvedAssemblyFromResolvingEvent(AssemblyName assemblyName)
   at System.Runtime.Loader.AssemblyLoadContext.ResolveUsingEvent(AssemblyName assemblyName)
   at System.Runtime.Loader.AssemblyLoadContext.ResolveUsingResolvingEvent(IntPtr gchManagedAssemblyLoadContext, AssemblyName assemblyName)
TpTrace Warning: 0 : 33028, 1, 2024/06/03, 01:31:26.958, 5603838308573, vstest.console.dll, LoaderExceptions: System.IO.FileNotFoundException: Could not load file or assembly 'Microsoft.Bcl.AsyncInterfaces, Version=6.0.0.0, Culture=neutral, PublicKeyToken=cc7b13ffcd2ddd51'. The system cannot find the file specified.
File name: 'Microsoft.Bcl.AsyncInterfaces, Version=6.0.0.0, Culture=neutral, PublicKeyToken=cc7b13ffcd2ddd51'
 ---> System.IO.FileNotFoundException: Could not load file or assembly 'Microsoft.Bcl.AsyncInterfaces, Culture=neutral, PublicKeyToken=null'. The system cannot find the file specified.
File name: 'Microsoft.Bcl.AsyncInterfaces, Culture=neutral, PublicKeyToken=null'
   at System.Reflection.RuntimeAssembly.InternalLoad(AssemblyName assemblyName, StackCrawlMark& stackMark, AssemblyLoadContext assemblyLoadContext, RuntimeAssembly requestingAssembly, Boolean throwOnFileNotFound)
   at System.Reflection.Assembly.Load(AssemblyName assemblyRef)
   at Microsoft.VisualStudio.TestPlatform.Common.ExtensionFramework.TestPluginCache.CurrentDomainAssemblyResolve(Object sender, AssemblyResolveEventArgs args) in /_/src/Microsoft.TestPlatform.Common/ExtensionFramework/TestPluginCache.cs:line 513
   at System.Runtime.Loader.AssemblyLoadContext.GetFirstResolvedAssemblyFromResolvingEvent(AssemblyName assemblyName)
   at System.Runtime.Loader.AssemblyLoadContext.ResolveUsingEvent(AssemblyName assemblyName)
   at System.Runtime.Loader.AssemblyLoadContext.ResolveUsingResolvingEvent(IntPtr gchManagedAssemblyLoadContext, AssemblyName assemblyName)
TpTrace Verbose: 0 : 33028, 1, 2024/06/03, 01:31:26.959, 5603838309818, vstest.console.dll, MetadataReaderExtensionsHelper: Discovering extensions inside assembly 'Microsoft.TestPlatform.Extensions.BlameDataCollector, Version=15.0.0.0, Culture=neutral, PublicKeyToken=b03f5f7f11d50a3a' file path 'C:\Program Files\dotnet\sdk\8.0.202\Extensions\Microsoft.TestPlatform.Extensions.BlameDataCollector.dll'
TpTrace Information: 0 : 33028, 1, 2024/06/03, 01:31:26.959, 5603838313379, vstest.console.dll, GetTestExtensionFromType: Register extension with identifier data 'logger://Microsoft/TestPlatform/Extensions/Blame/v1' and type 'Microsoft.TestPlatform.Extensions.BlameDataCollector.BlameLogger, Microsoft.TestPlatform.Extensions.BlameDataCollector, Version=15.0.0.0, Culture=neutral, PublicKeyToken=b03f5f7f11d50a3a' inside file 'C:\Program Files\dotnet\sdk\8.0.202\Extensions\Microsoft.TestPlatform.Extensions.BlameDataCollector.dll'
TpTrace Verbose: 0 : 33028, 1, 2024/06/03, 01:31:26.959, 5603838314168, vstest.console.dll, MetadataReaderExtensionsHelper: Discovering extensions inside assembly 'Microsoft.TestPlatform.Extensions.EventLogCollector, Version=15.0.0.0, Culture=neutral, PublicKeyToken=b03f5f7f11d50a3a' file path 'C:\Program Files\dotnet\sdk\8.0.202\Extensions\Microsoft.TestPlatform.Extensions.EventLogCollector.dll'
TpTrace Verbose: 0 : 33028, 1, 2024/06/03, 01:31:26.959, 5603838316985, vstest.console.dll, MetadataReaderExtensionsHelper: Discovering extensions inside assembly 'Microsoft.TestPlatform.TestHostRuntimeProvider, Version=15.0.0.0, Culture=neutral, PublicKeyToken=b03f5f7f11d50a3a' file path 'C:\Program Files\dotnet\sdk\8.0.202\Extensions\Microsoft.TestPlatform.TestHostRuntimeProvider.dll'
TpTrace Verbose: 0 : 33028, 1, 2024/06/03, 01:31:26.959, 5603838319021, vstest.console.dll, MetadataReaderExtensionsHelper: Discovering extensions inside assembly 'Microsoft.VisualStudio.TestPlatform.Extensions.Html.TestLogger, Version=15.0.0.0, Culture=neutral, PublicKeyToken=b03f5f7f11d50a3a' file path 'C:\Program Files\dotnet\sdk\8.0.202\Extensions\Microsoft.VisualStudio.TestPlatform.Extensions.Html.TestLogger.dll'
TpTrace Information: 0 : 33028, 1, 2024/06/03, 01:31:26.960, 5603838322864, vstest.console.dll, GetTestExtensionFromType: Register extension with identifier data 'logger://Microsoft/TestPlatform/HtmlLogger/v1' and type 'Microsoft.VisualStudio.TestPlatform.Extensions.HtmlLogger.HtmlLogger, Microsoft.VisualStudio.TestPlatform.Extensions.Html.TestLogger, Version=15.0.0.0, Culture=neutral, PublicKeyToken=b03f5f7f11d50a3a' inside file 'C:\Program Files\dotnet\sdk\8.0.202\Extensions\Microsoft.VisualStudio.TestPlatform.Extensions.Html.TestLogger.dll'
TpTrace Verbose: 0 : 33028, 1, 2024/06/03, 01:31:26.960, 5603838323372, vstest.console.dll, MetadataReaderExtensionsHelper: Discovering extensions inside assembly 'Microsoft.VisualStudio.TestPlatform.Extensions.Trx.TestLogger, Version=15.0.0.0, Culture=neutral, PublicKeyToken=b03f5f7f11d50a3a' file path 'C:\Program Files\dotnet\sdk\8.0.202\Extensions\Microsoft.VisualStudio.TestPlatform.Extensions.Trx.TestLogger.dll'
TpTrace Information: 0 : 33028, 1, 2024/06/03, 01:31:26.960, 5603838326626, vstest.console.dll, GetTestExtensionFromType: Register extension with identifier data 'logger://Microsoft/TestPlatform/TrxLogger/v1' and type 'Microsoft.VisualStudio.TestPlatform.Extensions.TrxLogger.TrxLogger, Microsoft.VisualStudio.TestPlatform.Extensions.Trx.TestLogger, Version=15.0.0.0, Culture=neutral, PublicKeyToken=b03f5f7f11d50a3a' inside file 'C:\Program Files\dotnet\sdk\8.0.202\Extensions\Microsoft.VisualStudio.TestPlatform.Extensions.Trx.TestLogger.dll'
TpTrace Verbose: 0 : 33028, 1, 2024/06/03, 01:31:26.960, 5603838327224, vstest.console.dll, TestPluginCache: Discovered the extensions using extension path ''.
TpTrace Verbose: 0 : 33028, 1, 2024/06/03, 01:31:26.960, 5603838327448, vstest.console.dll, TestPluginCache: Discoverers are ''.
TpTrace Verbose: 0 : 33028, 1, 2024/06/03, 01:31:26.960, 5603838327646, vstest.console.dll, TestPluginCache: Executors are ''.
TpTrace Verbose: 0 : 33028, 1, 2024/06/03, 01:31:26.960, 5603838327838, vstest.console.dll, TestPluginCache: Executors2 are ''.
TpTrace Verbose: 0 : 33028, 1, 2024/06/03, 01:31:26.960, 5603838328031, vstest.console.dll, TestPluginCache: Setting providers are ''.
TpTrace Verbose: 0 : 33028, 1, 2024/06/03, 01:31:26.960, 5603838328689, vstest.console.dll, TestPluginCache: Loggers are 'logger://Microsoft/TestPlatform/Extensions/Blame/v1,logger://Microsoft/TestPlatform/HtmlLogger/v1,logger://Microsoft/TestPlatform/TrxLogger/v1'.
TpTrace Verbose: 0 : 33028, 1, 2024/06/03, 01:31:26.960, 5603838329009, vstest.console.dll, TestPluginCache: TestHosts are 'HostProvider://DefaultTestHost,HostProvider://DotnetTestHost'.
TpTrace Verbose: 0 : 33028, 1, 2024/06/03, 01:31:26.960, 5603838329218, vstest.console.dll, TestPluginCache: DataCollectors are ''.
TpTrace Information: 0 : 33028, 1, 2024/06/03, 01:31:26.961, 5603838337774, vstest.console.dll, TestPluginManager.CreateTestExtension: Attempting to load test extension: Microsoft.TestPlatform.Extensions.BlameDataCollector.BlameLogger
TpTrace Verbose: 0 : 33028, 1, 2024/06/03, 01:31:26.972, 5603838445235, vstest.console.dll, TestEngine: Initializing Parallel Execution as MaxCpuCount is set to: 1
TpTrace Information: 0 : 33028, 1, 2024/06/03, 01:31:26.974, 5603838464920, vstest.console.dll, TestPluginManager.CreateTestExtension: Attempting to load test extension: Microsoft.VisualStudio.TestPlatform.CrossPlatEngine.Hosting.DefaultTestHostManager
TpTrace Information: 0 : 33028, 1, 2024/06/03, 01:31:26.976, 5603838481411, vstest.console.dll, TestPluginManager.CreateTestExtension: Attempting to load test extension: Microsoft.VisualStudio.TestPlatform.CrossPlatEngine.Hosting.DotnetTestHostManager
TpTrace Information: 0 : 33028, 1, 2024/06/03, 01:31:26.976, 5603838488549, vstest.console.dll, InferRunSettingsHelper.IsTestSettingsEnabled: Unable to navigate to RunSettings/MSTest. Current node: RunSettings
TpTrace Verbose: 0 : 33028, 1, 2024/06/03, 01:31:26.978, 5603838506522, vstest.console.dll, ParallelOperationManager.ClearSlots: Clearing all slots. Slots should accept more work: True
TpTrace Verbose: 0 : 33028, 1, 2024/06/03, 01:31:26.979, 5603838513388, vstest.console.dll, ParallelOperationManager.SetOccupiedSlotCount: Setting slot counts AvailableSlotCount = 1, OccupiedSlotCount = 0.
TpTrace Verbose: 0 : 33028, 1, 2024/06/03, 01:31:26.979, 5603838516983, vstest.console.dll, Occupied slots:

TpTrace Verbose: 0 : 33028, 1, 2024/06/03, 01:31:26.982, 5603838545341, vstest.console.dll, TestEngine.GetExecutionManager: Chosen execution manager 'Microsoft.VisualStudio.TestPlatform.CrossPlatEngine.Client.Parallel.ParallelProxyExecutionManager, Microsoft.TestPlatform.CrossPlatEngine, Version=15.0.0.0, Culture=neutral, PublicKeyToken=b03f5f7f11d50a3a' ParallelLevel '1'.
TpTrace Verbose: 0 : 33028, 1, 2024/06/03, 01:31:26.982, 5603838546759, vstest.console.dll, TestRunRequest.ExecuteAsync: Creating test run request.
TpTrace Verbose: 0 : 33028, 1, 2024/06/03, 01:31:26.982, 5603838548970, vstest.console.dll, TestRunRequest.ExecuteAsync: Starting.
TpTrace Information: 0 : 33028, 1, 2024/06/03, 01:31:26.983, 5603838558696, vstest.console.dll, TestRunRequest.ExecuteAsync: Starting run with settings:TestRunCriteria:
   KeepAlive=False,FrequencyOfRunStatsChangeEvent=10,RunStatsChangeEventTimeout=00:00:01.5000000,TestCaseFilter=,TestExecutorLauncher=
   Settingsxml=<RunSettings>
  <RunConfiguration>
    <ResultsDirectory>C:\Users\VC\Desktop\Presidio_mini_Project\Job_Portal_API\RepositoryTesting\bin\Debug\net8.0\fine-code-coverage\coverage-tool-output</ResultsDirectory>
    <TargetPlatform>X64</TargetPlatform>
    <TargetFrameworkVersion>.NETCoreApp,Version=v8.0</TargetFrameworkVersion>
    <DesignMode>False</DesignMode>
    <CollectSourceInformation>False</CollectSourceInformation>
  </RunConfiguration>
  <LoggerRunSettings>
    <Loggers>
      <Logger friendlyName="blame" enabled="True" />
      <Logger friendlyName="Console" uri="logger://microsoft/TestPlatform/ConsoleLogger/v1" assemblyQualifiedName="Microsoft.VisualStudio.TestPlatform.CommandLine.Internal.ConsoleLogger, vstest.console, Version=15.0.0.0, Culture=neutral, PublicKeyToken=b03f5f7f11d50a3a" codeBase="C:\Program Files\dotnet\sdk\8.0.202\vstest.console.dll" enabled="True" />
    </Loggers>
  </LoggerRunSettings>
  <DataCollectionRunSettings>
    <DataCollectors>
      <DataCollector friendlyName="blame" enabled="True">
        <Configuration>
          <ResultsDirectory>C:\Users\VC\Desktop\Presidio_mini_Project\Job_Portal_API\RepositoryTesting\bin\Debug\net8.0\fine-code-coverage\coverage-tool-output</ResultsDirectory>
        </Configuration>
      </DataCollector>
    </DataCollectors>
  </DataCollectionRunSettings>
</RunSettings>

TpTrace Verbose: 0 : 33028, 1, 2024/06/03, 01:31:26.983, 5603838559299, vstest.console.dll, TestRunRequest.ExecuteAsync: Wait for the first run request is over.
TpTrace Verbose: 0 : 33028, 1, 2024/06/03, 01:31:26.984, 5603838562178, vstest.console.dll, MulticastDelegateUtilities.SafeInvoke: TestRun.TestRunStart: Invoking callbacks was skipped because there are no subscribers.
TpTrace Verbose: 0 : 33028, 4, 2024/06/03, 01:31:26.984, 5603838565169, vstest.console.dll, MulticastDelegateUtilities.SafeInvoke: InternalTestLoggerEvents.SendTestRunStart: Invoking callback 1/1 for Microsoft.VisualStudio.TestPlatform.CommandLine.Internal.ConsoleLogger., took 0 ms.
TpTrace Verbose: 0 : 33028, 1, 2024/06/03, 01:31:26.985, 5603838575339, vstest.console.dll, ParallelProxyExecutionManager: Start execution. Total sources: 1
TpTrace Verbose: 0 : 33028, 1, 2024/06/03, 01:31:26.985, 5603838579004, vstest.console.dll, ParallelOperationManager.StartWork: Starting adding 1 workloads.
TpTrace Verbose: 0 : 33028, 1, 2024/06/03, 01:31:26.986, 5603838579588, vstest.console.dll, ParallelOperationManager.ClearSlots: Clearing all slots. Slots should accept more work: True
TpTrace Verbose: 0 : 33028, 1, 2024/06/03, 01:31:26.986, 5603838580718, vstest.console.dll, ParallelOperationManager.SetOccupiedSlotCount: Setting slot counts AvailableSlotCount = 1, OccupiedSlotCount = 0.
TpTrace Verbose: 0 : 33028, 1, 2024/06/03, 01:31:26.986, 5603838581221, vstest.console.dll, Occupied slots:

TpTrace Verbose: 0 : 33028, 1, 2024/06/03, 01:31:26.989, 5603838612679, vstest.console.dll, TestRequestSender is acting as server.
TpTrace Verbose: 0 : 33028, 1, 2024/06/03, 01:31:26.991, 5603838636617, vstest.console.dll, ParallelOperationManager.RunWorkInParallel: Adding 1 workload to slot, remaining workloads 0.
TpTrace Verbose: 0 : 33028, 1, 2024/06/03, 01:31:26.991, 5603838637280, vstest.console.dll, ParallelOperationManager.SetOccupiedSlotCount: Setting slot counts AvailableSlotCount = 0, OccupiedSlotCount = 1.
TpTrace Verbose: 0 : 33028, 1, 2024/06/03, 01:31:26.991, 5603838638351, vstest.console.dll, Occupied slots:
0: C:\Users\VC\Desktop\Presidio_mini_Project\Job_Portal_API\RepositoryTesting\bin\Debug\net8.0\fine-code-coverage\build-output\RepositoryTesting.dll
TpTrace Verbose: 0 : 33028, 1, 2024/06/03, 01:31:26.993, 5603838656016, vstest.console.dll, ParallelOperationManager.RunWorkInParallel: Started host in slot number 0 for work (source): C:\Users\VC\Desktop\Presidio_mini_Project\Job_Portal_API\RepositoryTesting\bin\Debug\net8.0\fine-code-coverage\build-output\RepositoryTesting.dll.
TpTrace Verbose: 0 : 33028, 1, 2024/06/03, 01:31:26.995, 5603838674955, vstest.console.dll, ParallelOperationManager.RunWorkInParallel: We started 1 work items, which is the max parallel level. Won't start more work.
TpTrace Verbose: 0 : 33028, 1, 2024/06/03, 01:31:26.995, 5603838676133, vstest.console.dll, ParallelOperationManager.RunWorkInParallel: We started 1 work items in here, returning True.
TpTrace Verbose: 0 : 33028, 5, 2024/06/03, 01:31:26.995, 5603838676166, vstest.console.dll, ParallelProxyExecutionManager.StartTestRunOnConcurrentManager: Initializing uninitialized client. Started clients: 0
TpTrace Information: 0 : 33028, 1, 2024/06/03, 01:31:26.995, 5603838676536, vstest.console.dll, TestRunRequest.ExecuteAsync: Started.
TpTrace Verbose: 0 : 33028, 5, 2024/06/03, 01:31:26.995, 5603838679336, vstest.console.dll, DataCollectionRequestSender.InitializeCommunication : Initialize communication. 
TpTrace Verbose: 0 : 33028, 1, 2024/06/03, 01:31:26.996, 5603838683406, vstest.console.dll, TestRunRequest.WaitForCompletion: Waiting with timeout -1.
TpTrace Information: 0 : 33028, 5, 2024/06/03, 01:31:27.004, 5603838761008, vstest.console.dll, Listening on Endpoint : 127.0.0.1:54950
TpTrace Verbose: 0 : 33028, 5, 2024/06/03, 01:31:27.010, 5603838822593, vstest.console.dll, DotnetDataCollectionLauncher: Adding  --runtimeconfig "C:\Program Files\dotnet\sdk\8.0.202\datacollector.runtimeconfig.json" in args
TpTrace Verbose: 0 : 33028, 5, 2024/06/03, 01:31:27.010, 5603838825947, vstest.console.dll, DotnetDataCollectionLauncher: Adding  --depsfile "C:\Program Files\dotnet\sdk\8.0.202\datacollector.deps.json" in args
TpTrace Verbose: 0 : 33028, 5, 2024/06/03, 01:31:27.011, 5603838834322, vstest.console.dll, DotnetDataCollectionLauncher: Full path of dotnet.exe is C:\Program Files\dotnet\dotnet.exe
TpTrace Information: 0 : 33028, 5, 2024/06/03, 01:31:27.018, 5603838903780, vstest.console.dll, ProxyDataCollectionManager.Initialize: Launched datacollector processId: 11240 port: 54950
TpTrace Information: 0 : 33028, 5, 2024/06/03, 01:31:27.018, 5603838905248, vstest.console.dll, ProxyDataCollectionManager.Initialize: waiting for connection with timeout: 90 seconds
TpTrace Verbose: 0 : 33028, 5, 2024/06/03, 01:31:27.018, 5603838905937, vstest.console.dll, DataCollectionRequestSender.WaitForRequestHandlerConnection : Waiting for connection with timeout: 90000
TpTrace Information: 0 : 33028, 7, 2024/06/03, 01:31:27.197, 5603840698117, vstest.console.dll, Using the buffer size of 16384 bytes
TpTrace Information: 0 : 33028, 7, 2024/06/03, 01:31:27.198, 5603840700954, vstest.console.dll, Accepted Client request and set the flag
TpTrace Verbose: 0 : 33028, 5, 2024/06/03, 01:31:27.197, 5603840698902, vstest.console.dll, SocketCommunicationManager.WaitForClientConnection took: 179 ms, with 90000 ms timeout, and finished with True.
TpTrace Verbose: 0 : 33028, 5, 2024/06/03, 01:31:27.198, 5603840703546, vstest.console.dll, ProxyDataCollectionManager.InvokeDataCollectionServiceAction: Starting.
TpTrace Information: 0 : 33028, 5, 2024/06/03, 01:31:27.198, 5603840704238, vstest.console.dll, ProxyDataCollectionManager.BeforeTestRunStart: Get environment variable and port for datacollector processId: 11240 port: 54950
TpTrace Verbose: 0 : 33028, 5, 2024/06/03, 01:31:27.198, 5603840705302, vstest.console.dll, DataCollectionRequestSender.SendBeforeTestRunStartAndGetResult: Send BeforeTestRunStart message with settingsXml <RunSettings><RunConfiguration><ResultsDirectory>C:\Users\VC\Desktop\Presidio_mini_Project\Job_Portal_API\RepositoryTesting\bin\Debug\net8.0\fine-code-coverage\coverage-tool-output</ResultsDirectory><TargetPlatform>X64</TargetPlatform><TargetFrameworkVersion>.NETCoreApp,Version=v8.0</TargetFrameworkVersion><DesignMode>False</DesignMode><CollectSourceInformation>False</CollectSourceInformation><TestAdaptersPaths>C:\Program Files\dotnet\sdk\8.0.202\Extensions</TestAdaptersPaths></RunConfiguration><LoggerRunSettings><Loggers><Logger friendlyName="blame" enabled="True" /><Logger friendlyName="Console" uri="logger://microsoft/TestPlatform/ConsoleLogger/v1" assemblyQualifiedName="Microsoft.VisualStudio.TestPlatform.CommandLine.Internal.ConsoleLogger, vstest.console, Version=15.0.0.0, Culture=neutral, PublicKeyToken=b03f5f7f11d50a3a" codeBase="C:\Program Files\dotnet\sdk\8.0.202\vstest.console.dll" enabled="True" /></Loggers></LoggerRunSettings><DataCollectionRunSettings><DataCollectors><DataCollector friendlyName="blame" enabled="True"><Configuration><ResultsDirectory>C:\Users\VC\Desktop\Presidio_mini_Project\Job_Portal_API\RepositoryTesting\bin\Debug\net8.0\fine-code-coverage\coverage-tool-output</ResultsDirectory></Configuration></DataCollector></DataCollectors></DataCollectionRunSettings></RunSettings> and sources System.Collections.Generic.List`1[System.String]: 
TpTrace Verbose: 0 : 33028, 5, 2024/06/03, 01:31:27.242, 5603841142350, vstest.console.dll, DataCollectionRequestSender.SendBeforeTestRunStartAndGetResult: Received message: (DataCollection.SendMessage) -> {"MessageType":"DataCollection.SendMessage","Payload":{"FriendlyName":null,"Uri":null,"TestCaseId":"00000000-0000-0000-0000-000000000000","Message":"Logging DataCollector Diagnostics in file: C:\\Users\\VC\\Desktop\\Presidio_mini_Project\\Job_Portal_API\\RepositoryTesting\\bin\\Debug\\net8.0\\fine-code-coverage\\coverage-tool-output\\diagnostics.datacollector.24-06-03_01-31-27_00955_5.log","Level":0}}
TpTrace Verbose: 0 : 33028, 5, 2024/06/03, 01:31:27.326, 5603841979518, vstest.console.dll, DataCollectionRequestSender.SendBeforeTestRunStartAndGetResult: Received message: (DataCollection.BeforeTestRunStartResult) -> {"MessageType":"DataCollection.BeforeTestRunStartResult","Payload":{"EnvironmentVariables":{},"DataCollectionEventsPort":54952}}
TpTrace Information: 0 : 33028, 5, 2024/06/03, 01:31:27.330, 5603842020345, vstest.console.dll, ProxyDataCollectionManager.BeforeTestRunStart: SendBeforeTestRunStartAndGetResult successful, env variable from datacollector:   and testhost port: 54952
TpTrace Information: 0 : 33028, 5, 2024/06/03, 01:31:27.330, 5603842022303, vstest.console.dll, ProxyDataCollectionManager.InvokeDataCollectionServiceAction: Completed.
TpTrace Verbose: 0 : 33028, 5, 2024/06/03, 01:31:27.330, 5603842022709, vstest.console.dll, ParallelProxyExecutionManager.StartTestRunOnConcurrentManager: Initializing test run. Started clients: 0
TpTrace Verbose: 0 : 33028, 5, 2024/06/03, 01:31:27.330, 5603842023611, vstest.console.dll, ProxyExecutionManager: Test host is always Lazy initialize.
TpTrace Verbose: 0 : 33028, 5, 2024/06/03, 01:31:27.330, 5603842026132, vstest.console.dll, TestRequestSender.InitializeCommunication: initialize communication. 
TpTrace Information: 0 : 33028, 5, 2024/06/03, 01:31:27.331, 5603842030645, vstest.console.dll, SocketServer.Start: Listening on endpoint : 127.0.0.1:54953
TpTrace Verbose: 0 : 33028, 5, 2024/06/03, 01:31:27.331, 5603842036746, vstest.console.dll, DotnetTestHostmanager.GetTestHostProcessStartInfo: Platform environment 'X64' target architecture 'X64' framework '.NETCoreApp,Version=v8.0' OS 'Windows'
TpTrace Verbose: 0 : 33028, 5, 2024/06/03, 01:31:27.331, 5603842039125, vstest.console.dll, DotnetTestHostmanager: Adding  --runtimeconfig "C:\Users\VC\Desktop\Presidio_mini_Project\Job_Portal_API\RepositoryTesting\bin\Debug\net8.0\fine-code-coverage\build-output\RepositoryTesting.runtimeconfig.json" in args
TpTrace Verbose: 0 : 33028, 5, 2024/06/03, 01:31:27.332, 5603842040281, vstest.console.dll, DotnetTestHostmanager: Adding  --depsfile "C:\Users\VC\Desktop\Presidio_mini_Project\Job_Portal_API\RepositoryTesting\bin\Debug\net8.0\fine-code-coverage\build-output\RepositoryTesting.deps.json" in args
TpTrace Verbose: 0 : 33028, 5, 2024/06/03, 01:31:27.332, 5603842042470, vstest.console.dll, DotnetTestHostmanager.IsWinOnArm: Current PROCESSOR_ARCHITECTURE from environment variable 'AMD64'
TpTrace Verbose: 0 : 33028, 5, 2024/06/03, 01:31:27.332, 5603842043001, vstest.console.dll, DotnetTestHostmanager.IsWinOnArm: Is Windows on ARM 'False'
TpTrace Verbose: 0 : 33028, 5, 2024/06/03, 01:31:27.332, 5603842043775, vstest.console.dll, DotnetTestHostManager: testhost.exe found at path: C:\Users\VC\Desktop\Presidio_mini_Project\Job_Portal_API\RepositoryTesting\bin\Debug\net8.0\fine-code-coverage\build-output\testhost.exe
TpTrace Verbose: 0 : 33028, 5, 2024/06/03, 01:31:27.332, 5603842044173, vstest.console.dll, DotnetTestHostmanager: Full path of host exe is C:\Users\VC\Desktop\Presidio_mini_Project\Job_Portal_API\RepositoryTesting\bin\Debug\net8.0\fine-code-coverage\build-output\testhost.exe
TpTrace Verbose: 0 : 33028, 5, 2024/06/03, 01:31:27.332, 5603842045200, vstest.console.dll, DotnetTestHostmanager.LaunchTestHostAsync: Found 'VSTEST_WINAPPHOST_DOTNET_ROOT' in env variables, value 'C:\Program Files\dotnet', forwarding to 'DOTNET_ROOT'
TpTrace Verbose: 0 : 33028, 5, 2024/06/03, 01:31:27.332, 5603842046275, vstest.console.dll, DotnetTestHostManager: Starting process 'C:\Users\VC\Desktop\Presidio_mini_Project\Job_Portal_API\RepositoryTesting\bin\Debug\net8.0\fine-code-coverage\build-output\testhost.exe' with command line ' --runtimeconfig "C:\Users\VC\Desktop\Presidio_mini_Project\Job_Portal_API\RepositoryTesting\bin\Debug\net8.0\fine-code-coverage\build-output\RepositoryTesting.runtimeconfig.json" --depsfile "C:\Users\VC\Desktop\Presidio_mini_Project\Job_Portal_API\RepositoryTesting\bin\Debug\net8.0\fine-code-coverage\build-output\RepositoryTesting.deps.json" --port 54953 --endpoint 127.0.0.1:054953 --role client --parentprocessid 33028 --diag "C:\Users\VC\Desktop\Presidio_mini_Project\Job_Portal_API\RepositoryTesting\bin\Debug\net8.0\fine-code-coverage\coverage-tool-output\diagnostics.host.24-06-03_01-31-27_33144_5.log" --tracelevel 4 --datacollectionport 54952 --telemetryoptedin false'
TpTrace Verbose: 0 : 33028, 5, 2024/06/03, 01:31:27.341, 5603842133029, vstest.console.dll, MulticastDelegateUtilities.SafeInvoke: HostProviderEvents.OnHostLaunched: Invoking callback 1/2 for Microsoft.VisualStudio.TestPlatform.CrossPlatEngine.Client.ProxyExecutionManagerWithDataCollection., took 1 ms.
TpTrace Verbose: 0 : 33028, 5, 2024/06/03, 01:31:27.341, 5603842136599, vstest.console.dll, Test Runtime launched
TpTrace Verbose: 0 : 33028, 5, 2024/06/03, 01:31:27.341, 5603842137477, vstest.console.dll, MulticastDelegateUtilities.SafeInvoke: HostProviderEvents.OnHostLaunched: Invoking callback 2/2 for Microsoft.VisualStudio.TestPlatform.CrossPlatEngine.Client.ProxyOperationManager., took 0 ms.
TpTrace Verbose: 0 : 33028, 5, 2024/06/03, 01:31:27.341, 5603842139011, vstest.console.dll, TestRequestSender.WaitForRequestHandlerConnection: waiting for connection with timeout: 90000.
TpTrace Verbose: 0 : 33028, 7, 2024/06/03, 01:31:27.670, 5603845421223, vstest.console.dll, MulticastDelegateUtilities.SafeInvoke: SocketServer: ClientConnected: Invoking callback 1/1 for Microsoft.VisualStudio.TestPlatform.CommunicationUtilities.TestRequestSender., took 0 ms.
TpTrace Verbose: 0 : 33028, 5, 2024/06/03, 01:31:27.670, 5603845421215, vstest.console.dll, TestRequestSender.WaitForRequestHandlerConnection: waiting took 328 ms, with timeout 90000 ms, and result 0, which is success.
TpTrace Verbose: 0 : 33028, 7, 2024/06/03, 01:31:27.670, 5603845423777, vstest.console.dll, SocketServer.OnClientConnected: Client connected for endPoint: 127.0.0.1:54953, starting MessageLoopAsync:
TpTrace Verbose: 0 : 33028, 7, 2024/06/03, 01:31:27.671, 5603845437504, vstest.console.dll, TcpClientExtensions.MessageLoopAsync: Polling on remoteEndPoint: 127.0.0.1:54954 localEndPoint: 127.0.0.1:54953 after 0 ms
TpTrace Verbose: 0 : 33028, 5, 2024/06/03, 01:31:27.672, 5603845445953, vstest.console.dll, TestRequestSender.CheckVersionWithTestHost: Sending check version message: {"MessageType":"ProtocolVersion","Payload":7}
TpTrace Verbose: 0 : 33028, 7, 2024/06/03, 01:31:27.805, 5603846776229, vstest.console.dll, TcpClientExtensions.MessageLoopAsync: NotifyDataAvailable remoteEndPoint: 127.0.0.1:54954 localEndPoint: 127.0.0.1:54953
TpTrace Verbose: 0 : 33028, 7, 2024/06/03, 01:31:27.806, 5603846780698, vstest.console.dll, TestRequestSender.CheckVersionWithTestHost: onMessageReceived received message: (ProtocolVersion) -> {"MessageType":"ProtocolVersion","Payload":7}
TpTrace Verbose: 0 : 33028, 7, 2024/06/03, 01:31:27.807, 5603846792021, vstest.console.dll, MulticastDelegateUtilities.SafeInvoke: LengthPrefixCommunicationChannel: MessageReceived: Invoking callback 1/1 for Microsoft.VisualStudio.TestPlatform.CommunicationUtilities.TestRequestSender+<>c__DisplayClass29_0., took 1 ms.
TpTrace Verbose: 0 : 33028, 5, 2024/06/03, 01:31:27.807, 5603846793425, vstest.console.dll, TestPluginCache.GetExtensionPaths: Filtered extension paths: 
TpTrace Verbose: 0 : 33028, 7, 2024/06/03, 01:31:27.807, 5603846793884, vstest.console.dll, TcpClientExtensions.MessageLoopAsync: Polling on remoteEndPoint: 127.0.0.1:54954 localEndPoint: 127.0.0.1:54953 after 135 ms
TpTrace Verbose: 0 : 33028, 5, 2024/06/03, 01:31:27.807, 5603846794751, vstest.console.dll, TestPluginCache.GetExtensionPaths: Added default extension paths: C:\Program Files\dotnet\sdk\8.0.202\Extensions\Microsoft.Diagnostics.NETCore.Client.dll
C:\Program Files\dotnet\sdk\8.0.202\Extensions\Microsoft.TestPlatform.Extensions.BlameDataCollector.dll
C:\Program Files\dotnet\sdk\8.0.202\Extensions\Microsoft.TestPlatform.Extensions.EventLogCollector.dll
C:\Program Files\dotnet\sdk\8.0.202\Extensions\Microsoft.TestPlatform.TestHostRuntimeProvider.dll
C:\Program Files\dotnet\sdk\8.0.202\Extensions\Microsoft.VisualStudio.TestPlatform.Extensions.Html.TestLogger.dll
C:\Program Files\dotnet\sdk\8.0.202\Extensions\Microsoft.VisualStudio.TestPlatform.Extensions.Trx.TestLogger.dll
TpTrace Verbose: 0 : 33028, 5, 2024/06/03, 01:31:27.807, 5603846797118, vstest.console.dll, TestPluginCache.GetExtensionPaths: Added unfilterableExtensionPaths: 
TpTrace Verbose: 0 : 33028, 5, 2024/06/03, 01:31:27.811, 5603846835285, vstest.console.dll, TestRequestSender.InitializeExecution: Sending initialize execution with message: {"Version":7,"MessageType":"TestExecution.Initialize","Payload":["C:\\Users\\VC\\Desktop\\Presidio_mini_Project\\Job_Portal_API\\RepositoryTesting\\bin\\Debug\\net8.0\\fine-code-coverage\\build-output\\NUnit3.TestAdapter.dll"]}
TpTrace Verbose: 0 : 33028, 5, 2024/06/03, 01:31:27.811, 5603846839191, vstest.console.dll, ParallelProxyExecutionManager.StartTestRunOnConcurrentManager: Execution starting. Started clients: 1
TpTrace Verbose: 0 : 33028, 5, 2024/06/03, 01:31:27.812, 5603846843177, vstest.console.dll, TestRunRequest:SendTestRunMessage: Starting.
TpTrace Verbose: 0 : 33028, 5, 2024/06/03, 01:31:27.812, 5603846845643, vstest.console.dll, MulticastDelegateUtilities.SafeInvoke: TestRun.LogMessages: Invoking callback 1/1 for Microsoft.VisualStudio.TestPlatform.CommandLine.TestRunResultAggregator., took 0 ms.
TpTrace Verbose: 0 : 33028, 4, 2024/06/03, 01:31:27.812, 5603846845643, vstest.console.dll, MulticastDelegateUtilities.SafeInvoke: InternalTestLoggerEvents.SendTestRunMessage: Invoking callback 1/1 for Microsoft.VisualStudio.TestPlatform.CommandLine.Internal.ConsoleLogger., took 0 ms.
TpTrace Information: 0 : 33028, 5, 2024/06/03, 01:31:27.812, 5603846846201, vstest.console.dll, TestRunRequest:SendTestRunMessage: Completed.
TpTrace Warning: 0 : 33028, 5, 2024/06/03, 01:31:27.813, 5603846851374, vstest.console.dll, InferRunSettingsHelper.MakeRunsettingsCompatible: Removing the following settings: TargetPlatform from RunSettings file. To use those settings please move to latest version of Microsoft.NET.Test.Sdk
TpTrace Verbose: 0 : 33028, 7, 2024/06/03, 01:31:27.813, 5603846851653, vstest.console.dll, TcpClientExtensions.MessageLoopAsync: NotifyDataAvailable remoteEndPoint: 127.0.0.1:54954 localEndPoint: 127.0.0.1:54953
TpTrace Verbose: 0 : 33028, 7, 2024/06/03, 01:31:27.814, 5603846859577, vstest.console.dll, TestRequestSender.OnExecutionMessageReceived: Received message: {"Version":7,"MessageType":"TestSession.Message","Payload":{"MessageLevel":0,"Message":"Logging TestHost Diagnostics in file: C:\\Users\\VC\\Desktop\\Presidio_mini_Project\\Job_Portal_API\\RepositoryTesting\\bin\\Debug\\net8.0\\fine-code-coverage\\coverage-tool-output\\diagnostics.host.24-06-03_01-31-27_33144_5.log"}}
TpTrace Verbose: 0 : 33028, 7, 2024/06/03, 01:31:27.816, 5603846887242, vstest.console.dll, TestRunRequest:SendTestRunMessage: Starting.
TpTrace Verbose: 0 : 33028, 7, 2024/06/03, 01:31:27.817, 5603846890863, vstest.console.dll, MulticastDelegateUtilities.SafeInvoke: TestRun.LogMessages: Invoking callback 1/1 for Microsoft.VisualStudio.TestPlatform.CommandLine.TestRunResultAggregator., took 0 ms.
TpTrace Verbose: 0 : 33028, 4, 2024/06/03, 01:31:27.817, 5603846891021, vstest.console.dll, MulticastDelegateUtilities.SafeInvoke: InternalTestLoggerEvents.SendTestRunMessage: Invoking callback 1/1 for Microsoft.VisualStudio.TestPlatform.CommandLine.Internal.ConsoleLogger., took 0 ms.
TpTrace Information: 0 : 33028, 7, 2024/06/03, 01:31:27.817, 5603846891911, vstest.console.dll, TestRunRequest:SendTestRunMessage: Completed.
TpTrace Verbose: 0 : 33028, 7, 2024/06/03, 01:31:27.817, 5603846893199, vstest.console.dll, MulticastDelegateUtilities.SafeInvoke: LengthPrefixCommunicationChannel: MessageReceived: Invoking callback 1/1 for Microsoft.VisualStudio.TestPlatform.CommunicationUtilities.TestRequestSender+<>c__DisplayClass34_0., took 3 ms.
TpTrace Verbose: 0 : 33028, 7, 2024/06/03, 01:31:27.817, 5603846894623, vstest.console.dll, TcpClientExtensions.MessageLoopAsync: Polling on remoteEndPoint: 127.0.0.1:54954 localEndPoint: 127.0.0.1:54953 after 9 ms
TpTrace Verbose: 0 : 33028, 5, 2024/06/03, 01:31:27.826, 5603846981479, vstest.console.dll, TestRequestSender.StartTestRun: Sending test run with message: {"Version":7,"MessageType":"TestExecution.StartWithSources","Payload":{"AdapterSourceMap":{"_none_":["C:\\Users\\VC\\Desktop\\Presidio_mini_Project\\Job_Portal_API\\RepositoryTesting\\bin\\Debug\\net8.0\\fine-code-coverage\\build-output\\RepositoryTesting.dll"]},"RunSettings":"<RunSettings>\r\n  <RunConfiguration>\r\n    <ResultsDirectory>C:\\Users\\VC\\Desktop\\Presidio_mini_Project\\Job_Portal_API\\RepositoryTesting\\bin\\Debug\\net8.0\\fine-code-coverage\\coverage-tool-output</ResultsDirectory>\r\n    <TargetFrameworkVersion>.NETCoreApp,Version=v8.0</TargetFrameworkVersion>\r\n    <DesignMode>False</DesignMode>\r\n    <CollectSourceInformation>False</CollectSourceInformation>\r\n  </RunConfiguration>\r\n  <LoggerRunSettings>\r\n    <Loggers>\r\n      <Logger friendlyName=\"blame\" enabled=\"True\" />\r\n      <Logger friendlyName=\"Console\" uri=\"logger://microsoft/TestPlatform/ConsoleLogger/v1\" assemblyQualifiedName=\"Microsoft.VisualStudio.TestPlatform.CommandLine.Internal.ConsoleLogger, vstest.console, Version=15.0.0.0, Culture=neutral, PublicKeyToken=b03f5f7f11d50a3a\" codeBase=\"C:\\Program Files\\dotnet\\sdk\\8.0.202\\vstest.console.dll\" enabled=\"True\" />\r\n    </Loggers>\r\n  </LoggerRunSettings>\r\n  <DataCollectionRunSettings>\r\n    <DataCollectors>\r\n      <DataCollector friendlyName=\"blame\" enabled=\"True\">\r\n        <Configuration>\r\n          <ResultsDirectory>C:\\Users\\VC\\Desktop\\Presidio_mini_Project\\Job_Portal_API\\RepositoryTesting\\bin\\Debug\\net8.0\\fine-code-coverage\\coverage-tool-output</ResultsDirectory>\r\n        </Configuration>\r\n      </DataCollector>\r\n    </DataCollectors>\r\n  </DataCollectionRunSettings>\r\n</RunSettings>","TestExecutionContext":{"FrequencyOfRunStatsChangeEvent":10,"RunStatsChangeEventTimeout":"00:00:01.5000000","InIsolation":false,"KeepAlive":false,"AreTestCaseLevelEventsRequired":false,"IsDebug":false,"TestCaseFilter":null,"FilterOptions":null},"Package":null}}
TpTrace Verbose: 0 : 33028, 5, 2024/06/03, 01:31:27.826, 5603846983873, vstest.console.dll, ParallelProxyExecutionManager.StartTestRunOnConcurrentManager: Execution started. Started clients: 1
TpTrace Verbose: 0 : 33028, 7, 2024/06/03, 01:31:27.962, 5603848343723, vstest.console.dll, TcpClientExtensions.MessageLoopAsync: NotifyDataAvailable remoteEndPoint: 127.0.0.1:54954 localEndPoint: 127.0.0.1:54953
TpTrace Verbose: 0 : 33028, 7, 2024/06/03, 01:31:27.962, 5603848345590, vstest.console.dll, TestRequestSender.OnExecutionMessageReceived: Received message: {"Version":7,"MessageType":"TestSession.Message","Payload":{"MessageLevel":0,"Message":"NUnit Adapter 4.5.0.0: Test execution started"}}
TpTrace Verbose: 0 : 33028, 7, 2024/06/03, 01:31:27.963, 5603848354452, vstest.console.dll, TestRunRequest:SendTestRunMessage: Starting.
TpTrace Verbose: 0 : 33028, 7, 2024/06/03, 01:31:27.963, 5603848355432, vstest.console.dll, MulticastDelegateUtilities.SafeInvoke: TestRun.LogMessages: Invoking callback 1/1 for Microsoft.VisualStudio.TestPlatform.CommandLine.TestRunResultAggregator., took 0 ms.
TpTrace Verbose: 0 : 33028, 4, 2024/06/03, 01:31:27.963, 5603848356151, vstest.console.dll, MulticastDelegateUtilities.SafeInvoke: InternalTestLoggerEvents.SendTestRunMessage: Invoking callback 1/1 for Microsoft.VisualStudio.TestPlatform.CommandLine.Internal.ConsoleLogger., took 0 ms.
TpTrace Information: 0 : 33028, 7, 2024/06/03, 01:31:27.963, 5603848358314, vstest.console.dll, TestRunRequest:SendTestRunMessage: Completed.
TpTrace Verbose: 0 : 33028, 7, 2024/06/03, 01:31:27.964, 5603848360036, vstest.console.dll, MulticastDelegateUtilities.SafeInvoke: LengthPrefixCommunicationChannel: MessageReceived: Invoking callback 1/1 for Microsoft.VisualStudio.TestPlatform.CommunicationUtilities.TestRequestSender+<>c__DisplayClass34_0., took 1 ms.
TpTrace Verbose: 0 : 33028, 7, 2024/06/03, 01:31:27.964, 5603848360552, vstest.console.dll, TcpClientExtensions.MessageLoopAsync: Polling on remoteEndPoint: 127.0.0.1:54954 localEndPoint: 127.0.0.1:54953 after 146 ms
TpTrace Verbose: 0 : 33028, 7, 2024/06/03, 01:31:27.987, 5603848598160, vstest.console.dll, TcpClientExtensions.MessageLoopAsync: NotifyDataAvailable remoteEndPoint: 127.0.0.1:54954 localEndPoint: 127.0.0.1:54953
TpTrace Verbose: 0 : 33028, 7, 2024/06/03, 01:31:27.988, 5603848600887, vstest.console.dll, TestRequestSender.OnExecutionMessageReceived: Received message: {"Version":7,"MessageType":"TestSession.Message","Payload":{"MessageLevel":0,"Message":"Running all tests in C:\\Users\\VC\\Desktop\\Presidio_mini_Project\\Job_Portal_API\\RepositoryTesting\\bin\\Debug\\net8.0\\fine-code-coverage\\build-output\\RepositoryTesting.dll"}}
TpTrace Verbose: 0 : 33028, 7, 2024/06/03, 01:31:27.988, 5603848603564, vstest.console.dll, TestRunRequest:SendTestRunMessage: Starting.
TpTrace Verbose: 0 : 33028, 7, 2024/06/03, 01:31:27.988, 5603848605039, vstest.console.dll, MulticastDelegateUtilities.SafeInvoke: TestRun.LogMessages: Invoking callback 1/1 for Microsoft.VisualStudio.TestPlatform.CommandLine.TestRunResultAggregator., took 0 ms.
TpTrace Verbose: 0 : 33028, 4, 2024/06/03, 01:31:27.988, 5603848605585, vstest.console.dll, MulticastDelegateUtilities.SafeInvoke: InternalTestLoggerEvents.SendTestRunMessage: Invoking callback 1/1 for Microsoft.VisualStudio.TestPlatform.CommandLine.Internal.ConsoleLogger., took 0 ms.
TpTrace Information: 0 : 33028, 7, 2024/06/03, 01:31:27.988, 5603848606025, vstest.console.dll, TestRunRequest:SendTestRunMessage: Completed.
TpTrace Verbose: 0 : 33028, 7, 2024/06/03, 01:31:27.988, 5603848607993, vstest.console.dll, MulticastDelegateUtilities.SafeInvoke: LengthPrefixCommunicationChannel: MessageReceived: Invoking callback 1/1 for Microsoft.VisualStudio.TestPlatform.CommunicationUtilities.TestRequestSender+<>c__DisplayClass34_0., took 0 ms.
TpTrace Verbose: 0 : 33028, 7, 2024/06/03, 01:31:27.988, 5603848608540, vstest.console.dll, TcpClientExtensions.MessageLoopAsync: Polling on remoteEndPoint: 127.0.0.1:54954 localEndPoint: 127.0.0.1:54953 after 24 ms
TpTrace Verbose: 0 : 33028, 7, 2024/06/03, 01:31:28.086, 5603849581013, vstest.console.dll, TcpClientExtensions.MessageLoopAsync: NotifyDataAvailable remoteEndPoint: 127.0.0.1:54954 localEndPoint: 127.0.0.1:54953
TpTrace Verbose: 0 : 33028, 7, 2024/06/03, 01:31:28.086, 5603849582847, vstest.console.dll, TestRequestSender.OnExecutionMessageReceived: Received message: {"Version":7,"MessageType":"TestSession.Message","Payload":{"MessageLevel":0,"Message":"   NUnit3TestExecutor discovered 22 of 22 NUnit test cases using Current Discovery mode, Non-Explicit run"}}
TpTrace Verbose: 0 : 33028, 7, 2024/06/03, 01:31:28.086, 5603849584785, vstest.console.dll, TestRunRequest:SendTestRunMessage: Starting.
TpTrace Verbose: 0 : 33028, 7, 2024/06/03, 01:31:28.086, 5603849585535, vstest.console.dll, MulticastDelegateUtilities.SafeInvoke: TestRun.LogMessages: Invoking callback 1/1 for Microsoft.VisualStudio.TestPlatform.CommandLine.TestRunResultAggregator., took 0 ms.
TpTrace Information: 0 : 33028, 7, 2024/06/03, 01:31:28.086, 5603849585973, vstest.console.dll, TestRunRequest:SendTestRunMessage: Completed.
TpTrace Verbose: 0 : 33028, 4, 2024/06/03, 01:31:28.086, 5603849586050, vstest.console.dll, MulticastDelegateUtilities.SafeInvoke: InternalTestLoggerEvents.SendTestRunMessage: Invoking callback 1/1 for Microsoft.VisualStudio.TestPlatform.CommandLine.Internal.ConsoleLogger., took 0 ms.
TpTrace Verbose: 0 : 33028, 7, 2024/06/03, 01:31:28.086, 5603849586453, vstest.console.dll, MulticastDelegateUtilities.SafeInvoke: LengthPrefixCommunicationChannel: MessageReceived: Invoking callback 1/1 for Microsoft.VisualStudio.TestPlatform.CommunicationUtilities.TestRequestSender+<>c__DisplayClass34_0., took 0 ms.
TpTrace Verbose: 0 : 33028, 7, 2024/06/03, 01:31:28.086, 5603849587963, vstest.console.dll, TcpClientExtensions.MessageLoopAsync: Polling on remoteEndPoint: 127.0.0.1:54954 localEndPoint: 127.0.0.1:54953 after 97 ms
TpTrace Verbose: 0 : 33028, 7, 2024/06/03, 01:31:28.962, 5603858344470, vstest.console.dll, TcpClientExtensions.MessageLoopAsync: NotifyDataAvailable remoteEndPoint: 127.0.0.1:54954 localEndPoint: 127.0.0.1:54953
TpTrace Verbose: 0 : 33028, 7, 2024/06/03, 01:31:28.963, 5603858352175, vstest.console.dll, TestRequestSender.OnExecutionMessageReceived: Received message: {"Version":7,"MessageType":"TestExecution.StatsChange","Payload":{"NewTestResults":[{"TestCase":{"Id":"22c789e4-30a1-2444-baab-e42bdd2d832d","FullyQualifiedName":"RepositoryTesting.JobSeekerRepositoryTest.AddJobSeeker_Fail","DisplayName":"AddJobSeeker_Fail","ExecutorUri":"executor://NUnit3TestExecutor","Source":"C:\\Users\\VC\\Desktop\\Presidio_mini_Project\\Job_Portal_API\\RepositoryTesting\\bin\\Debug\\net8.0\\fine-code-coverage\\build-output\\RepositoryTesting.dll","CodeFilePath":null,"LineNumber":0,"Properties":[{"Key":{"Id":"NUnit.Seed","Label":"Seed","Category":"","Description":"","Attributes":0,"ValueType":"System.String"},"Value":"2119044660"}]},"Attachments":[],"Outcome":2,"ErrorMessage":"  Expected: <Job_Portal_API.Exceptions.JobSeekerNotFoundException>\r\n  But was:  <System.ArgumentException: An item with the same key has already been added. Key: 1\r\n   at System.Collections.Generic.Dictionary`2.TryInsert(TKey key, TValue value, InsertionBehavior behavior)\r\n   at System.Collections.Generic.Dictionary`2.Add(TKey key, TValue value)\r\n   at Microsoft.EntityFrameworkCore.InMemory.Storage.Internal.InMemoryTable`1.Create(IUpdateEntry entry)\r\n   at Microsoft.EntityFrameworkCore.InMemory.Storage.Internal.InMemoryStore.ExecuteTransaction(IList`1 entries, IDiagnosticsLogger`1 updateLogger)\r\n   at Microsoft.EntityFrameworkCore.InMemory.Storage.Internal.InMemoryDatabase.SaveChangesAsync(IList`1 entries, CancellationToken cancellationToken)\r\n   at Microsoft.EntityFrameworkCore.ChangeTracking.Internal.StateManager.SaveChangesAsync(IList`1 entriesToSave, CancellationToken cancellationToken)\r\n   at Microsoft.EntityFrameworkCore.ChangeTracking.Internal.StateManager.SaveChangesAsync(StateManager stateManager, Boolean acceptAllChangesOnSuccess, CancellationToken cancellationToken)\r\n   at Microsoft.EntityFrameworkCore.DbContext.SaveChangesAsync(Boolean acceptAllChangesOnSuccess, CancellationToken cancellationToken)\r\n   at Microsoft.EntityFrameworkCore.DbContext.SaveChangesAsync(Boolean acceptAllChangesOnSuccess, CancellationToken cancellationToken)\r\n   at Job_Portal_API.Repositories.JobSeekerRepository.Add(JobSeeker entity) in C:\\Users\\VC\\Desktop\\Presidio_mini_Project\\Job_Portal_API\\Job_Portal_API\\Repositories\\JobSeekerRepository.cs:line 23\r\n   at RepositoryTesting.JobSeekerRepositoryTest.<>c__DisplayClass5_0.<<AddJobSeeker_Fail>b__0>d.MoveNext() in C:\\Users\\VC\\Desktop\\Presidio_mini_Project\\Job_Portal_API\\RepositoryTesting\\JobSeekerRepositoryTest.cs:line 73\r\n--- End of stack trace from previous location ---\r\n   at NUnit.Framework.Internal.TaskAwaitAdapter.GenericAdapter`1.GetResult()\r\n   at NUnit.Framework.Internal.AsyncToSyncAdapter.Await(Func`1 invoke)\r\n   at NUnit.Framework.Assert.ThrowsAsync(IResolveConstraint expression, AsyncTestDelegate code, String message, Object[] args)>\r\n","ErrorStackTrace":"   at RepositoryTesting.JobSeekerRepositoryTest.AddJobSeeker_Fail() in C:\\Users\\VC\\Desktop\\Presidio_mini_Project\\Job_Portal_API\\RepositoryTesting\\JobSeekerRepositoryTest.cs:line 73\r\n   at NUnit.Framework.Internal.TaskAwaitAdapter.GenericAdapter`1.GetResult()\r\n   at NUnit.Framework.Internal.AsyncToSyncAdapter.Await(Func`1 invoke)\r\n   at NUnit.Framework.Internal.Commands.TestMethodCommand.RunTestMethod(TestExecutionContext context)\r\n   at NUnit.Framework.Internal.Commands.TestMethodCommand.Execute(TestExecutionContext context)\r\n   at NUnit.Framework.Internal.Commands.BeforeAndAfterTestCommand.<>c__DisplayClass1_0.<Execute>b__0()\r\n   at NUnit.Framework.Internal.Commands.DelegatingTestCommand.RunTestMethodInThreadAbortSafeZone(TestExecutionContext context, Action action)\r\n\n1)    at RepositoryTesting.JobSeekerRepositoryTest.AddJobSeeker_Fail() in C:\\Users\\VC\\Desktop\\Presidio_mini_Project\\Job_Portal_API\\RepositoryTesting\\JobSeekerRepositoryTest.cs:line 73\r\n   at System.Runtime.CompilerServices.AsyncMethodBuilderCore.Start[TStateMachine](TStateMachine& stateMachine)\r\n   at RepositoryTesting.JobSeekerRepositoryTest.AddJobSeeker_Fail()\r\n\n","DisplayName":"AddJobSeeker_Fail","Messages":[],"ComputerName":"71RBBX3","Duration":"00:00:00.6793250","StartTime":"2024-06-02T20:01:28.1098597+00:00","EndTime":"2024-06-02T20:01:28.7890655+00:00","Properties":[{"Key":{"Id":"NUnit.Seed","Label":"Seed","Category":"","Description":"","Attributes":0,"ValueType":"System.String"},"Value":"2119044660"}]},{"TestCase":{"Id":"64bc4d33-2ae8-b2ce-f545-c64b6aa96a19","FullyQualifiedName":"RepositoryTesting.JobSeekerRepositoryTest.AddJobSeeker_Pass","DisplayName":"AddJobSeeker_Pass","ExecutorUri":"executor://NUnit3TestExecutor","Source":"C:\\Users\\VC\\Desktop\\Presidio_mini_Project\\Job_Portal_API\\RepositoryTesting\\bin\\Debug\\net8.0\\fine-code-coverage\\build-output\\RepositoryTesting.dll","CodeFilePath":null,"LineNumber":0,"Properties":[{"Key":{"Id":"NUnit.Seed","Label":"Seed","Category":"","Description":"","Attributes":0,"ValueType":"System.String"},"Value":"1064814582"}]},"Attachments":[],"Outcome":1,"ErrorMessage":null,"ErrorStackTrace":null,"DisplayName":"AddJobSeeker_Pass","Messages":[],"ComputerName":"71RBBX3","Duration":"00:00:00.0374140","StartTime":"2024-06-02T20:01:28.7910139+00:00","EndTime":"2024-06-02T20:01:28.8284282+00:00","Properties":[{"Key":{"Id":"NUnit.Seed","Label":"Seed","Category":"","Description":"","Attributes":0,"ValueType":"System.String"},"Value":"1064814582"}]},{"TestCase":{"Id":"197ef264-d953-95aa-4013-801c4bcdbb7d","FullyQualifiedName":"RepositoryTesting.JobSeekerRepositoryTest.DeleteJobSeeker_Fail","DisplayName":"DeleteJobSeeker_Fail","ExecutorUri":"executor://NUnit3TestExecutor","Source":"C:\\Users\\VC\\Desktop\\Presidio_mini_Project\\Job_Portal_API\\RepositoryTesting\\bin\\Debug\\net8.0\\fine-code-coverage\\build-output\\RepositoryTesting.dll","CodeFilePath":null,"LineNumber":0,"Properties":[{"Key":{"Id":"NUnit.Seed","Label":"Seed","Category":"","Description":"","Attributes":0,"ValueType":"System.String"},"Value":"176126528"}]},"Attachments":[],"Outcome":1,"ErrorMessage":null,"ErrorStackTrace":null,"DisplayName":"DeleteJobSeeker_Fail","Messages":[],"ComputerName":"71RBBX3","Duration":"00:00:00.0253229","StartTime":"2024-06-02T20:01:28.8284641+00:00","EndTime":"2024-06-02T20:01:28.8537861+00:00","Properties":[{"Key":{"Id":"NUnit.Seed","Label":"Seed","Category":"","Description":"","Attributes":0,"ValueType":"System.String"},"Value":"176126528"}]},{"TestCase":{"Id":"1c75df61-d413-e998-9cfc-6dae9ad3ca66","FullyQualifiedName":"RepositoryTesting.JobSeekerRepositoryTest.DeleteJobSeeker_Pass","DisplayName":"DeleteJobSeeker_Pass","ExecutorUri":"executor://NUnit3TestExecutor","Source":"C:\\Users\\VC\\Desktop\\Presidio_mini_Project\\Job_Portal_API\\RepositoryTesting\\bin\\Debug\\net8.0\\fine-code-coverage\\build-output\\RepositoryTesting.dll","CodeFilePath":null,"LineNumber":0,"Properties":[{"Key":{"Id":"NUnit.Seed","Label":"Seed","Category":"","Description":"","Attributes":0,"ValueType":"System.String"},"Value":"1477061200"}]},"Attachments":[],"Outcome":1,"ErrorMessage":null,"ErrorStackTrace":null,"DisplayName":"DeleteJobSeeker_Pass","Messages":[],"ComputerName":"71RBBX3","Duration":"00:00:00.0074160","StartTime":"2024-06-02T20:01:28.8538166+00:00","EndTime":"2024-06-02T20:01:28.8612318+00:00","Properties":[{"Key":{"Id":"NUnit.Seed","Label":"Seed","Category":"","Description":"","Attributes":0,"ValueType":"System.String"},"Value":"1477061200"}]},{"TestCase":{"Id":"1d74bae1-ca41-92ba-f8b5-9e72c6fd9aa4","FullyQualifiedName":"RepositoryTesting.JobSeekerRepositoryTest.GetAllJobSeekers_Exception","DisplayName":"GetAllJobSeekers_Exception","ExecutorUri":"executor://NUnit3TestExecutor","Source":"C:\\Users\\VC\\Desktop\\Presidio_mini_Project\\Job_Portal_API\\RepositoryTesting\\bin\\Debug\\net8.0\\fine-code-coverage\\build-output\\RepositoryTesting.dll","CodeFilePath":null,"LineNumber":0,"Properties":[{"Key":{"Id":"NUnit.Seed","Label":"Seed","Category":"","Description":"","Attributes":0,"ValueType":"System.String"},"Value":"1389015077"}]},"Attachments":[],"Outcome":2,"ErrorMessage":"  Expected: <System.InvalidOperationException>\r\n  But was:  null\r\n","ErrorStackTrace":"   at RepositoryTesting.JobSeekerRepositoryTest.GetAllJobSeekers_Exception() in C:\\Users\\VC\\Desktop\\Presidio_mini_Project\\Job_Portal_API\\RepositoryTesting\\JobSeekerRepositoryTest.cs:line 244\r\n   at NUnit.Framework.Internal.TaskAwaitAdapter.GenericAdapter`1.GetResult()\r\n   at NUnit.Framework.Internal.AsyncToSyncAdapter.Await(Func`1 invoke)\r\n   at NUnit.Framework.Internal.Commands.TestMethodCommand.RunTestMethod(TestExecutionContext context)\r\n   at NUnit.Framework.Internal.Commands.TestMethodCommand.Execute(TestExecutionContext context)\r\n   at NUnit.Framework.Internal.Commands.BeforeAndAfterTestCommand.<>c__DisplayClass1_0.<Execute>b__0()\r\n   at NUnit.Framework.Internal.Commands.DelegatingTestCommand.RunTestMethodInThreadAbortSafeZone(TestExecutionContext context, Action action)\r\n\n1)    at RepositoryTesting.JobSeekerRepositoryTest.GetAllJobSeekers_Exception() in C:\\Users\\VC\\Desktop\\Presidio_mini_Project\\Job_Portal_API\\RepositoryTesting\\JobSeekerRepositoryTest.cs:line 244\r\n   at System.Runtime.CompilerServices.AsyncMethodBuilderCore.Start[TStateMachine](TStateMachine& stateMachine)\r\n   at RepositoryTesting.JobSeekerRepositoryTest.GetAllJobSeekers_Exception()\r\n\n","DisplayName":"GetAllJobSeekers_Exception","Messages":[],"ComputerName":"71RBBX3","Duration":"00:00:00.0501530","StartTime":"2024-06-02T20:01:28.8612574+00:00","EndTime":"2024-06-02T20:01:28.9114095+00:00","Properties":[{"Key":{"Id":"NUnit.Seed","Label":"Seed","Category":"","Description":"","Attributes":0,"ValueType":"System.String"},"Value":"1389015077"}]},{"TestCase":{"Id":"68847a04-e8cb-92e9-88e0-5f41fbe5faaf","FullyQualifiedName":"RepositoryTesting.JobSeekerRepositoryTest.GetAllJobSeekers_Fail","DisplayName":"GetAllJobSeekers_Fail","ExecutorUri":"executor://NUnit3TestExecutor","Source":"C:\\Users\\VC\\Desktop\\Presidio_mini_Project\\Job_Portal_API\\RepositoryTesting\\bin\\Debug\\net8.0\\fine-code-coverage\\build-output\\RepositoryTesting.dll","CodeFilePath":null,"LineNumber":0,"Properties":[{"Key":{"Id":"NUnit.Seed","Label":"Seed","Category":"","Description":"","Attributes":0,"ValueType":"System.String"},"Value":"953953755"}]},"Attachments":[],"Outcome":2,"ErrorMessage":"  Expected: 2\r\n  But was:  0\r\n","ErrorStackTrace":"   at RepositoryTesting.JobSeekerRepositoryTest.GetAllJobSeekers_Fail() in C:\\Users\\VC\\Desktop\\Presidio_mini_Project\\Job_Portal_API\\RepositoryTesting\\JobSeekerRepositoryTest.cs:line 235\r\n   at NUnit.Framework.Internal.TaskAwaitAdapter.GenericAdapter`1.GetResult()\r\n   at NUnit.Framework.Internal.AsyncToSyncAdapter.Await(Func`1 invoke)\r\n   at NUnit.Framework.Internal.Commands.TestMethodCommand.RunTestMethod(TestExecutionContext context)\r\n   at NUnit.Framework.Internal.Commands.TestMethodCommand.Execute(TestExecutionContext context)\r\n   at NUnit.Framework.Internal.Commands.BeforeAndAfterTestCommand.<>c__DisplayClass1_0.<Execute>b__0()\r\n   at NUnit.Framework.Internal.Commands.DelegatingTestCommand.RunTestMethodInThreadAbortSafeZone(TestExecutionContext context, Action action)\r\n\n1)    at RepositoryTesting.JobSeekerRepositoryTest.GetAllJobSeekers_Fail() in C:\\Users\\VC\\Desktop\\Presidio_mini_Project\\Job_Portal_API\\RepositoryTesting\\JobSeekerRepositoryTest.cs:line 235\r\n   at System.Runtime.CompilerServices.AsyncMethodBuilderCore.Start[TStateMachine](TStateMachine& stateMachine)\r\n   at RepositoryTesting.JobSeekerRepositoryTest.GetAllJobSeekers_Fail()\r\n\n","DisplayName":"GetAllJobSeekers_Fail","Messages":[],"ComputerName":"71RBBX3","Duration":"00:00:00.0047770","StartTime":"2024-06-02T20:01:28.9114442+00:00","EndTime":"2024-06-02T20:01:28.9162206+00:00","Properties":[{"Key":{"Id":"NUnit.Seed","Label":"Seed","Category":"","Description":"","Attributes":0,"ValueType":"System.String"},"Value":"953953755"}]},{"TestCase":{"Id":"66deefc2-6caf-ef7f-452f-689bdcaf20a1","FullyQualifiedName":"RepositoryTesting.JobSeekerRepositoryTest.GetAllJobSeekers_Pass","DisplayName":"GetAllJobSeekers_Pass","ExecutorUri":"executor://NUnit3TestExecutor","Source":"C:\\Users\\VC\\Desktop\\Presidio_mini_Project\\Job_Portal_API\\RepositoryTesting\\bin\\Debug\\net8.0\\fine-code-coverage\\build-output\\RepositoryTesting.dll","CodeFilePath":null,"LineNumber":0,"Properties":[{"Key":{"Id":"NUnit.Seed","Label":"Seed","Category":"","Description":"","Attributes":0,"ValueType":"System.String"},"Value":"2146686994"}]},"Attachments":[],"Outcome":2,"ErrorMessage":"  Expected: 2\r\n  But was:  0\r\n","ErrorStackTrace":"   at RepositoryTesting.JobSeekerRepositoryTest.GetAllJobSeekers_Pass() in C:\\Users\\VC\\Desktop\\Presidio_mini_Project\\Job_Portal_API\\RepositoryTesting\\JobSeekerRepositoryTest.cs:line 210\r\n   at NUnit.Framework.Internal.TaskAwaitAdapter.GenericAdapter`1.GetResult()\r\n   at NUnit.Framework.Internal.AsyncToSyncAdapter.Await(Func`1 invoke)\r\n   at NUnit.Framework.Internal.Commands.TestMethodCommand.RunTestMethod(TestExecutionContext context)\r\n   at NUnit.Framework.Internal.Commands.TestMethodCommand.Execute(TestExecutionContext context)\r\n   at NUnit.Framework.Internal.Commands.BeforeAndAfterTestCommand.<>c__DisplayClass1_0.<Execute>b__0()\r\n   at NUnit.Framework.Internal.Commands.DelegatingTestCommand.RunTestMethodInThreadAbortSafeZone(TestExecutionContext context, Action action)\r\n\n1)    at RepositoryTesting.JobSeekerRepositoryTest.GetAllJobSeekers_Pass() in C:\\Users\\VC\\Desktop\\Presidio_mini_Project\\Job_Portal_API\\RepositoryTesting\\JobSeekerRepositoryTest.cs:line 210\r\n   at System.Runtime.CompilerServices.AsyncMethodBuilderCore.Start[TStateMachine](TStateMachine& stateMachine)\r\n   at RepositoryTesting.JobSeekerRepositoryTest.GetAllJobSeekers_Pass()\r\n\n","DisplayName":"GetAllJobSeekers_Pass","Messages":[],"ComputerName":"71RBBX3","Duration":"00:00:00.0020840","StartTime":"2024-06-02T20:01:28.9162487+00:00","EndTime":"2024-06-02T20:01:28.9183325+00:00","Properties":[{"Key":{"Id":"NUnit.Seed","Label":"Seed","Category":"","Description":"","Attributes":0,"ValueType":"System.String"},"Value":"2146686994"}]},{"TestCase":{"Id":"55204ad7-ae5d-85ec-22f7-5b76196f1a20","FullyQualifiedName":"RepositoryTesting.JobSeekerRepositoryTest.GetJobSeekerById_Fail","DisplayName":"GetJobSeekerById_Fail","ExecutorUri":"executor://NUnit3TestExecutor","Source":"C:\\Users\\VC\\Desktop\\Presidio_mini_Project\\Job_Portal_API\\RepositoryTesting\\bin\\Debug\\net8.0\\fine-code-coverage\\build-output\\RepositoryTesting.dll","CodeFilePath":null,"LineNumber":0,"Properties":[{"Key":{"Id":"NUnit.Seed","Label":"Seed","Category":"","Description":"","Attributes":0,"ValueType":"System.String"},"Value":"970714461"}]},"Attachments":[],"Outcome":1,"ErrorMessage":null,"ErrorStackTrace":null,"DisplayName":"GetJobSeekerById_Fail","Messages":[],"ComputerName":"71RBBX3","Duration":"00:00:00.0169100","StartTime":"2024-06-02T20:01:28.9183525+00:00","EndTime":"2024-06-02T20:01:28.9352621+00:00","Properties":[{"Key":{"Id":"NUnit.Seed","Label":"Seed","Category":"","Description":"","Attributes":0,"ValueType":"System.String"},"Value":"970714461"}]},{"TestCase":{"Id":"44b67476-1589-202a-ce63-ac9f727653aa","FullyQualifiedName":"RepositoryTesting.JobSeekerRepositoryTest.GetJobSeekerById_Pass","DisplayName":"GetJobSeekerById_Pass","ExecutorUri":"executor://NUnit3TestExecutor","Source":"C:\\Users\\VC\\Desktop\\Presidio_mini_Project\\Job_Portal_API\\RepositoryTesting\\bin\\Debug\\net8.0\\fine-code-coverage\\build-output\\RepositoryTesting.dll","CodeFilePath":null,"LineNumber":0,"Properties":[{"Key":{"Id":"NUnit.Seed","Label":"Seed","Category":"","Description":"","Attributes":0,"ValueType":"System.String"},"Value":"405317800"}]},"Attachments":[],"Outcome":2,"ErrorMessage":"Job_Portal_API.Exceptions.JobSeekerNotFoundException : Job Seeker not found","ErrorStackTrace":"   at Job_Portal_API.Repositories.JobSeekerRepository.GetById(Int32 id) in C:\\Users\\VC\\Desktop\\Presidio_mini_Project\\Job_Portal_API\\Job_Portal_API\\Repositories\\JobSeekerRepository.cs:line 63\r\n   at RepositoryTesting.JobSeekerRepositoryTest.GetJobSeekerById_Pass() in C:\\Users\\VC\\Desktop\\Presidio_mini_Project\\Job_Portal_API\\RepositoryTesting\\JobSeekerRepositoryTest.cs:line 165\r\n   at NUnit.Framework.Internal.TaskAwaitAdapter.GenericAdapter`1.GetResult()\r\n   at NUnit.Framework.Internal.AsyncToSyncAdapter.Await(Func`1 invoke)\r\n   at NUnit.Framework.Internal.Commands.TestMethodCommand.RunTestMethod(TestExecutionContext context)\r\n   at NUnit.Framework.Internal.Commands.TestMethodCommand.Execute(TestExecutionContext context)\r\n   at NUnit.Framework.Internal.Commands.BeforeAndAfterTestCommand.<>c__DisplayClass1_0.<Execute>b__0()\r\n   at NUnit.Framework.Internal.Commands.DelegatingTestCommand.RunTestMethodInThreadAbortSafeZone(TestExecutionContext context, Action action)\n","DisplayName":"GetJobSeekerById_Pass","Messages":[],"ComputerName":"71RBBX3","Duration":"00:00:00.0037940","StartTime":"2024-06-02T20:01:28.9352964+00:00","EndTime":"2024-06-02T20:01:28.9390894+00:00","Properties":[{"Key":{"Id":"NUnit.Seed","Label":"Seed","Category":"","Description":"","Attributes":0,"ValueType":"System.String"},"Value":"405317800"}]}],"TestRunStatistics":{"ExecutedTests":9,"Stats":{"Failed":5,"Passed":4}},"ActiveTests":[{"Id":"d5fca65c-c330-ba6b-62ff-a0c6a462c869","FullyQualifiedName":"RepositoryTesting.JobSeekerRepositoryTest.UpdateJobSeeker_Fail","DisplayName":"UpdateJobSeeker_Fail","ExecutorUri":"executor://NUnit3TestExecutor","Source":"C:\\Users\\VC\\Desktop\\Presidio_mini_Project\\Job_Portal_API\\RepositoryTesting\\bin\\Debug\\net8.0\\fine-code-coverage\\build-output\\RepositoryTesting.dll","CodeFilePath":null,"LineNumber":0,"Properties":[{"Key":{"Id":"NUnit.Seed","Label":"Seed","Category":"","Description":"","Attributes":0,"ValueType":"System.String"},"Value":"1370924602"}]}]}}
TpTrace Verbose: 0 : 33028, 7, 2024/06/03, 01:31:28.991, 5603858630097, vstest.console.dll, TestRunRequest:SendTestRunStatsChange: Starting.
TpTrace Verbose: 0 : 33028, 7, 2024/06/03, 01:31:28.991, 5603858631670, vstest.console.dll, InProgress is UpdateJobSeeker_Fail
TpTrace Verbose: 0 : 33028, 7, 2024/06/03, 01:31:28.991, 5603858633998, vstest.console.dll, MulticastDelegateUtilities.SafeInvoke: TestRun.RunStatsChanged: Invoking callbacks was skipped because there are no subscribers.
TpTrace Information: 0 : 33028, 7, 2024/06/03, 01:31:28.991, 5603858634459, vstest.console.dll, TestRunRequest:SendTestRunStatsChange: Completed.
TpTrace Verbose: 0 : 33028, 7, 2024/06/03, 01:31:28.991, 5603858634818, vstest.console.dll, MulticastDelegateUtilities.SafeInvoke: LengthPrefixCommunicationChannel: MessageReceived: Invoking callback 1/1 for Microsoft.VisualStudio.TestPlatform.CommunicationUtilities.TestRequestSender+<>c__DisplayClass34_0., took 28 ms.
TpTrace Verbose: 0 : 33028, 7, 2024/06/03, 01:31:28.991, 5603858635201, vstest.console.dll, TcpClientExtensions.MessageLoopAsync: Polling on remoteEndPoint: 127.0.0.1:54954 localEndPoint: 127.0.0.1:54953 after 904 ms
TpTrace Verbose: 0 : 33028, 4, 2024/06/03, 01:31:28.994, 5603858661640, vstest.console.dll, MulticastDelegateUtilities.SafeInvoke: InternalTestLoggerEvents.SendTestResult: Invoking callback 1/1 for Microsoft.VisualStudio.TestPlatform.CommandLine.Internal.ConsoleLogger., took 2 ms.
TpTrace Verbose: 0 : 33028, 4, 2024/06/03, 01:31:28.994, 5603858666806, vstest.console.dll, MulticastDelegateUtilities.SafeInvoke: InternalTestLoggerEvents.SendTestResult: Invoking callback 1/1 for Microsoft.VisualStudio.TestPlatform.CommandLine.Internal.ConsoleLogger., took 0 ms.
TpTrace Verbose: 0 : 33028, 4, 2024/06/03, 01:31:28.994, 5603858668077, vstest.console.dll, MulticastDelegateUtilities.SafeInvoke: InternalTestLoggerEvents.SendTestResult: Invoking callback 1/1 for Microsoft.VisualStudio.TestPlatform.CommandLine.Internal.ConsoleLogger., took 0 ms.
TpTrace Verbose: 0 : 33028, 4, 2024/06/03, 01:31:28.994, 5603858668778, vstest.console.dll, MulticastDelegateUtilities.SafeInvoke: InternalTestLoggerEvents.SendTestResult: Invoking callback 1/1 for Microsoft.VisualStudio.TestPlatform.CommandLine.Internal.ConsoleLogger., took 0 ms.
TpTrace Verbose: 0 : 33028, 4, 2024/06/03, 01:31:28.995, 5603858671545, vstest.console.dll, MulticastDelegateUtilities.SafeInvoke: InternalTestLoggerEvents.SendTestResult: Invoking callback 1/1 for Microsoft.VisualStudio.TestPlatform.CommandLine.Internal.ConsoleLogger., took 0 ms.
TpTrace Verbose: 0 : 33028, 4, 2024/06/03, 01:31:28.995, 5603858674431, vstest.console.dll, MulticastDelegateUtilities.SafeInvoke: InternalTestLoggerEvents.SendTestResult: Invoking callback 1/1 for Microsoft.VisualStudio.TestPlatform.CommandLine.Internal.ConsoleLogger., took 0 ms.
TpTrace Verbose: 0 : 33028, 4, 2024/06/03, 01:31:28.995, 5603858677034, vstest.console.dll, MulticastDelegateUtilities.SafeInvoke: InternalTestLoggerEvents.SendTestResult: Invoking callback 1/1 for Microsoft.VisualStudio.TestPlatform.CommandLine.Internal.ConsoleLogger., took 0 ms.
TpTrace Verbose: 0 : 33028, 4, 2024/06/03, 01:31:28.995, 5603858677896, vstest.console.dll, MulticastDelegateUtilities.SafeInvoke: InternalTestLoggerEvents.SendTestResult: Invoking callback 1/1 for Microsoft.VisualStudio.TestPlatform.CommandLine.Internal.ConsoleLogger., took 0 ms.
TpTrace Verbose: 0 : 33028, 4, 2024/06/03, 01:31:28.996, 5603858680292, vstest.console.dll, MulticastDelegateUtilities.SafeInvoke: InternalTestLoggerEvents.SendTestResult: Invoking callback 1/1 for Microsoft.VisualStudio.TestPlatform.CommandLine.Internal.ConsoleLogger., took 0 ms.
TpTrace Verbose: 0 : 33028, 7, 2024/06/03, 01:31:29.017, 5603858891821, vstest.console.dll, TcpClientExtensions.MessageLoopAsync: NotifyDataAvailable remoteEndPoint: 127.0.0.1:54954 localEndPoint: 127.0.0.1:54953
TpTrace Verbose: 0 : 33028, 7, 2024/06/03, 01:31:29.017, 5603858894735, vstest.console.dll, TestRequestSender.OnExecutionMessageReceived: Received message: {"Version":7,"MessageType":"TestExecution.StatsChange","Payload":{"NewTestResults":[{"TestCase":{"Id":"d5fca65c-c330-ba6b-62ff-a0c6a462c869","FullyQualifiedName":"RepositoryTesting.JobSeekerRepositoryTest.UpdateJobSeeker_Fail","DisplayName":"UpdateJobSeeker_Fail","ExecutorUri":"executor://NUnit3TestExecutor","Source":"C:\\Users\\VC\\Desktop\\Presidio_mini_Project\\Job_Portal_API\\RepositoryTesting\\bin\\Debug\\net8.0\\fine-code-coverage\\build-output\\RepositoryTesting.dll","CodeFilePath":null,"LineNumber":0,"Properties":[{"Key":{"Id":"NUnit.Seed","Label":"Seed","Category":"","Description":"","Attributes":0,"ValueType":"System.String"},"Value":"1370924602"}]},"Attachments":[],"Outcome":1,"ErrorMessage":null,"ErrorStackTrace":null,"DisplayName":"UpdateJobSeeker_Fail","Messages":[],"ComputerName":"71RBBX3","Duration":"00:00:00.0021410","StartTime":"2024-06-02T20:01:28.9391136+00:00","EndTime":"2024-06-02T20:01:28.9412541+00:00","Properties":[{"Key":{"Id":"NUnit.Seed","Label":"Seed","Category":"","Description":"","Attributes":0,"ValueType":"System.String"},"Value":"1370924602"}]},{"TestCase":{"Id":"3cf62d80-868c-d967-b0a3-4dcbe819db0e","FullyQualifiedName":"RepositoryTesting.JobSeekerRepositoryTest.UpdateJobSeeker_Pass","DisplayName":"UpdateJobSeeker_Pass","ExecutorUri":"executor://NUnit3TestExecutor","Source":"C:\\Users\\VC\\Desktop\\Presidio_mini_Project\\Job_Portal_API\\RepositoryTesting\\bin\\Debug\\net8.0\\fine-code-coverage\\build-output\\RepositoryTesting.dll","CodeFilePath":null,"LineNumber":0,"Properties":[{"Key":{"Id":"NUnit.Seed","Label":"Seed","Category":"","Description":"","Attributes":0,"ValueType":"System.String"},"Value":"154407590"}]},"Attachments":[],"Outcome":1,"ErrorMessage":null,"ErrorStackTrace":null,"DisplayName":"UpdateJobSeeker_Pass","Messages":[],"ComputerName":"71RBBX3","Duration":"00:00:00.0045210","StartTime":"2024-06-02T20:01:28.9412762+00:00","EndTime":"2024-06-02T20:01:28.9457966+00:00","Properties":[{"Key":{"Id":"NUnit.Seed","Label":"Seed","Category":"","Description":"","Attributes":0,"ValueType":"System.String"},"Value":"154407590"}]},{"TestCase":{"Id":"61e5e027-6070-46a6-3948-ce2be061dced","FullyQualifiedName":"RepositoryTesting.UserRepsitoryTest.AddUser_Exception","DisplayName":"AddUser_Exception","ExecutorUri":"executor://NUnit3TestExecutor","Source":"C:\\Users\\VC\\Desktop\\Presidio_mini_Project\\Job_Portal_API\\RepositoryTesting\\bin\\Debug\\net8.0\\fine-code-coverage\\build-output\\RepositoryTesting.dll","CodeFilePath":null,"LineNumber":0,"Properties":[{"Key":{"Id":"NUnit.Seed","Label":"Seed","Category":"","Description":"","Attributes":0,"ValueType":"System.String"},"Value":"2142665160"}]},"Attachments":[],"Outcome":1,"ErrorMessage":null,"ErrorStackTrace":null,"DisplayName":"AddUser_Exception","Messages":[],"ComputerName":"71RBBX3","Duration":"00:00:00.0351260","StartTime":"2024-06-02T20:01:28.9479843+00:00","EndTime":"2024-06-02T20:01:28.9831102+00:00","Properties":[{"Key":{"Id":"NUnit.Seed","Label":"Seed","Category":"","Description":"","Attributes":0,"ValueType":"System.String"},"Value":"2142665160"}]},{"TestCase":{"Id":"a6fd55e3-e095-bc6d-d098-3a6e5fb13ba1","FullyQualifiedName":"RepositoryTesting.UserRepsitoryTest.AddUser_Fail","DisplayName":"AddUser_Fail","ExecutorUri":"executor://NUnit3TestExecutor","Source":"C:\\Users\\VC\\Desktop\\Presidio_mini_Project\\Job_Portal_API\\RepositoryTesting\\bin\\Debug\\net8.0\\fine-code-coverage\\build-output\\RepositoryTesting.dll","CodeFilePath":null,"LineNumber":0,"Properties":[{"Key":{"Id":"NUnit.Seed","Label":"Seed","Category":"","Description":"","Attributes":0,"ValueType":"System.String"},"Value":"845486376"}]},"Attachments":[],"Outcome":1,"ErrorMessage":null,"ErrorStackTrace":null,"DisplayName":"AddUser_Fail","Messages":[],"ComputerName":"71RBBX3","Duration":"00:00:00.0076270","StartTime":"2024-06-02T20:01:28.9831416+00:00","EndTime":"2024-06-02T20:01:28.9907679+00:00","Properties":[{"Key":{"Id":"NUnit.Seed","Label":"Seed","Category":"","Description":"","Attributes":0,"ValueType":"System.String"},"Value":"845486376"}]},{"TestCase":{"Id":"7e1e9f40-6b58-4ccb-796b-c3e18450855c","FullyQualifiedName":"RepositoryTesting.UserRepsitoryTest.AddUser_Pass","DisplayName":"AddUser_Pass","ExecutorUri":"executor://NUnit3TestExecutor","Source":"C:\\Users\\VC\\Desktop\\Presidio_mini_Project\\Job_Portal_API\\RepositoryTesting\\bin\\Debug\\net8.0\\fine-code-coverage\\build-output\\RepositoryTesting.dll","CodeFilePath":null,"LineNumber":0,"Properties":[{"Key":{"Id":"NUnit.Seed","Label":"Seed","Category":"","Description":"","Attributes":0,"ValueType":"System.String"},"Value":"377988108"}]},"Attachments":[],"Outcome":1,"ErrorMessage":null,"ErrorStackTrace":null,"DisplayName":"AddUser_Pass","Messages":[],"ComputerName":"71RBBX3","Duration":"00:00:00.0071560","StartTime":"2024-06-02T20:01:28.9907998+00:00","EndTime":"2024-06-02T20:01:28.9979551+00:00","Properties":[{"Key":{"Id":"NUnit.Seed","Label":"Seed","Category":"","Description":"","Attributes":0,"ValueType":"System.String"},"Value":"377988108"}]},{"TestCase":{"Id":"d1650a7e-536f-8bb3-aa38-6ff693cd2e6e","FullyQualifiedName":"RepositoryTesting.UserRepsitoryTest.DeleteUser_Fail","DisplayName":"DeleteUser_Fail","ExecutorUri":"executor://NUnit3TestExecutor","Source":"C:\\Users\\VC\\Desktop\\Presidio_mini_Project\\Job_Portal_API\\RepositoryTesting\\bin\\Debug\\net8.0\\fine-code-coverage\\build-output\\RepositoryTesting.dll","CodeFilePath":null,"LineNumber":0,"Properties":[{"Key":{"Id":"NUnit.Seed","Label":"Seed","Category":"","Description":"","Attributes":0,"ValueType":"System.String"},"Value":"453287211"}]},"Attachments":[],"Outcome":1,"ErrorMessage":null,"ErrorStackTrace":null,"DisplayName":"DeleteUser_Fail","Messages":[],"ComputerName":"71RBBX3","Duration":"00:00:00.0075750","StartTime":"2024-06-02T20:01:28.9979821+00:00","EndTime":"2024-06-02T20:01:29.0055572+00:00","Properties":[{"Key":{"Id":"NUnit.Seed","Label":"Seed","Category":"","Description":"","Attributes":0,"ValueType":"System.String"},"Value":"453287211"}]},{"TestCase":{"Id":"0a0730f2-82e3-99a1-e02c-eb759fe09a05","FullyQualifiedName":"RepositoryTesting.UserRepsitoryTest.DeleteUser_Pass","DisplayName":"DeleteUser_Pass","ExecutorUri":"executor://NUnit3TestExecutor","Source":"C:\\Users\\VC\\Desktop\\Presidio_mini_Project\\Job_Portal_API\\RepositoryTesting\\bin\\Debug\\net8.0\\fine-code-coverage\\build-output\\RepositoryTesting.dll","CodeFilePath":null,"LineNumber":0,"Properties":[{"Key":{"Id":"NUnit.Seed","Label":"Seed","Category":"","Description":"","Attributes":0,"ValueType":"System.String"},"Value":"665415949"}]},"Attachments":[],"Outcome":1,"ErrorMessage":null,"ErrorStackTrace":null,"DisplayName":"DeleteUser_Pass","Messages":[],"ComputerName":"71RBBX3","Duration":"00:00:00.0015850","StartTime":"2024-06-02T20:01:29.0056014+00:00","EndTime":"2024-06-02T20:01:29.0071857+00:00","Properties":[{"Key":{"Id":"NUnit.Seed","Label":"Seed","Category":"","Description":"","Attributes":0,"ValueType":"System.String"},"Value":"665415949"}]},{"TestCase":{"Id":"6c591925-aa89-3fc9-ff94-461644161cde","FullyQualifiedName":"RepositoryTesting.UserRepsitoryTest.GetAllUsers_Empty","DisplayName":"GetAllUsers_Empty","ExecutorUri":"executor://NUnit3TestExecutor","Source":"C:\\Users\\VC\\Desktop\\Presidio_mini_Project\\Job_Portal_API\\RepositoryTesting\\bin\\Debug\\net8.0\\fine-code-coverage\\build-output\\RepositoryTesting.dll","CodeFilePath":null,"LineNumber":0,"Properties":[{"Key":{"Id":"NUnit.Seed","Label":"Seed","Category":"","Description":"","Attributes":0,"ValueType":"System.String"},"Value":"1119956716"}]},"Attachments":[],"Outcome":1,"ErrorMessage":null,"ErrorStackTrace":null,"DisplayName":"GetAllUsers_Empty","Messages":[],"ComputerName":"71RBBX3","Duration":"00:00:00.0045100","StartTime":"2024-06-02T20:01:29.0072048+00:00","EndTime":"2024-06-02T20:01:29.0117143+00:00","Properties":[{"Key":{"Id":"NUnit.Seed","Label":"Seed","Category":"","Description":"","Attributes":0,"ValueType":"System.String"},"Value":"1119956716"}]},{"TestCase":{"Id":"6896a8a4-d1ea-c842-33ed-f64fcd7e2e7b","FullyQualifiedName":"RepositoryTesting.UserRepsitoryTest.GetAllUsers_Pass","DisplayName":"GetAllUsers_Pass","ExecutorUri":"executor://NUnit3TestExecutor","Source":"C:\\Users\\VC\\Desktop\\Presidio_mini_Project\\Job_Portal_API\\RepositoryTesting\\bin\\Debug\\net8.0\\fine-code-coverage\\build-output\\RepositoryTesting.dll","CodeFilePath":null,"LineNumber":0,"Properties":[{"Key":{"Id":"NUnit.Seed","Label":"Seed","Category":"","Description":"","Attributes":0,"ValueType":"System.String"},"Value":"1390026714"}]},"Attachments":[],"Outcome":1,"ErrorMessage":null,"ErrorStackTrace":null,"DisplayName":"GetAllUsers_Pass","Messages":[],"ComputerName":"71RBBX3","Duration":"00:00:00.0016980","StartTime":"2024-06-02T20:01:29.0117602+00:00","EndTime":"2024-06-02T20:01:29.0134578+00:00","Properties":[{"Key":{"Id":"NUnit.Seed","Label":"Seed","Category":"","Description":"","Attributes":0,"ValueType":"System.String"},"Value":"1390026714"}]}],"TestRunStatistics":{"ExecutedTests":18,"Stats":{"Failed":5,"Passed":13}},"ActiveTests":[{"Id":"7ed26bd8-df64-95af-1f20-7744de5dc810","FullyQualifiedName":"RepositoryTesting.UserRepsitoryTest.GetUserById_Fail","DisplayName":"GetUserById_Fail","ExecutorUri":"executor://NUnit3TestExecutor","Source":"C:\\Users\\VC\\Desktop\\Presidio_mini_Project\\Job_Portal_API\\RepositoryTesting\\bin\\Debug\\net8.0\\fine-code-coverage\\build-output\\RepositoryTesting.dll","CodeFilePath":null,"LineNumber":0,"Properties":[{"Key":{"Id":"NUnit.Seed","Label":"Seed","Category":"","Description":"","Attributes":0,"ValueType":"System.String"},"Value":"287951933"}]}]}}
TpTrace Verbose: 0 : 33028, 7, 2024/06/03, 01:31:29.018, 5603858905699, vstest.console.dll, TestRunRequest:SendTestRunStatsChange: Starting.
TpTrace Verbose: 0 : 33028, 7, 2024/06/03, 01:31:29.018, 5603858906196, vstest.console.dll, InProgress is GetUserById_Fail
TpTrace Verbose: 0 : 33028, 7, 2024/06/03, 01:31:29.018, 5603858906940, vstest.console.dll, MulticastDelegateUtilities.SafeInvoke: TestRun.RunStatsChanged: Invoking callbacks was skipped because there are no subscribers.
TpTrace Information: 0 : 33028, 7, 2024/06/03, 01:31:29.018, 5603858907231, vstest.console.dll, TestRunRequest:SendTestRunStatsChange: Completed.
TpTrace Verbose: 0 : 33028, 7, 2024/06/03, 01:31:29.018, 5603858907550, vstest.console.dll, MulticastDelegateUtilities.SafeInvoke: LengthPrefixCommunicationChannel: MessageReceived: Invoking callback 1/1 for Microsoft.VisualStudio.TestPlatform.CommunicationUtilities.TestRequestSender+<>c__DisplayClass34_0., took 1 ms.
TpTrace Verbose: 0 : 33028, 4, 2024/06/03, 01:31:29.018, 5603858907673, vstest.console.dll, MulticastDelegateUtilities.SafeInvoke: InternalTestLoggerEvents.SendTestResult: Invoking callback 1/1 for Microsoft.VisualStudio.TestPlatform.CommandLine.Internal.ConsoleLogger., took 0 ms.
TpTrace Verbose: 0 : 33028, 7, 2024/06/03, 01:31:29.018, 5603858907992, vstest.console.dll, TcpClientExtensions.MessageLoopAsync: Polling on remoteEndPoint: 127.0.0.1:54954 localEndPoint: 127.0.0.1:54953 after 27 ms
TpTrace Verbose: 0 : 33028, 4, 2024/06/03, 01:31:29.018, 5603858908771, vstest.console.dll, MulticastDelegateUtilities.SafeInvoke: InternalTestLoggerEvents.SendTestResult: Invoking callback 1/1 for Microsoft.VisualStudio.TestPlatform.CommandLine.Internal.ConsoleLogger., took 0 ms.
TpTrace Verbose: 0 : 33028, 4, 2024/06/03, 01:31:29.019, 5603858917619, vstest.console.dll, MulticastDelegateUtilities.SafeInvoke: InternalTestLoggerEvents.SendTestResult: Invoking callback 1/1 for Microsoft.VisualStudio.TestPlatform.CommandLine.Internal.ConsoleLogger., took 0 ms.
TpTrace Verbose: 0 : 33028, 4, 2024/06/03, 01:31:29.019, 5603858918489, vstest.console.dll, MulticastDelegateUtilities.SafeInvoke: InternalTestLoggerEvents.SendTestResult: Invoking callback 1/1 for Microsoft.VisualStudio.TestPlatform.CommandLine.Internal.ConsoleLogger., took 0 ms.
TpTrace Verbose: 0 : 33028, 4, 2024/06/03, 01:31:29.019, 5603858918898, vstest.console.dll, MulticastDelegateUtilities.SafeInvoke: InternalTestLoggerEvents.SendTestResult: Invoking callback 1/1 for Microsoft.VisualStudio.TestPlatform.CommandLine.Internal.ConsoleLogger., took 0 ms.
TpTrace Verbose: 0 : 33028, 4, 2024/06/03, 01:31:29.019, 5603858919469, vstest.console.dll, MulticastDelegateUtilities.SafeInvoke: InternalTestLoggerEvents.SendTestResult: Invoking callback 1/1 for Microsoft.VisualStudio.TestPlatform.CommandLine.Internal.ConsoleLogger., took 0 ms.
TpTrace Verbose: 0 : 33028, 4, 2024/06/03, 01:31:29.020, 5603858919798, vstest.console.dll, MulticastDelegateUtilities.SafeInvoke: InternalTestLoggerEvents.SendTestResult: Invoking callback 1/1 for Microsoft.VisualStudio.TestPlatform.CommandLine.Internal.ConsoleLogger., took 0 ms.
TpTrace Verbose: 0 : 33028, 4, 2024/06/03, 01:31:29.020, 5603858920128, vstest.console.dll, MulticastDelegateUtilities.SafeInvoke: InternalTestLoggerEvents.SendTestResult: Invoking callback 1/1 for Microsoft.VisualStudio.TestPlatform.CommandLine.Internal.ConsoleLogger., took 0 ms.
TpTrace Verbose: 0 : 33028, 4, 2024/06/03, 01:31:29.020, 5603858920464, vstest.console.dll, MulticastDelegateUtilities.SafeInvoke: InternalTestLoggerEvents.SendTestResult: Invoking callback 1/1 for Microsoft.VisualStudio.TestPlatform.CommandLine.Internal.ConsoleLogger., took 0 ms.
TpTrace Verbose: 0 : 33028, 7, 2024/06/03, 01:31:29.030, 5603859029370, vstest.console.dll, TcpClientExtensions.MessageLoopAsync: NotifyDataAvailable remoteEndPoint: 127.0.0.1:54954 localEndPoint: 127.0.0.1:54953
TpTrace Verbose: 0 : 33028, 7, 2024/06/03, 01:31:29.031, 5603859030784, vstest.console.dll, TestRequestSender.OnExecutionMessageReceived: Received message: {"Version":7,"MessageType":"TestSession.Message","Payload":{"MessageLevel":0,"Message":"NUnit Adapter 4.5.0.0: Test execution complete"}}
TpTrace Verbose: 0 : 33028, 7, 2024/06/03, 01:31:29.031, 5603859031947, vstest.console.dll, TestRunRequest:SendTestRunMessage: Starting.
TpTrace Verbose: 0 : 33028, 7, 2024/06/03, 01:31:29.031, 5603859032522, vstest.console.dll, MulticastDelegateUtilities.SafeInvoke: TestRun.LogMessages: Invoking callback 1/1 for Microsoft.VisualStudio.TestPlatform.CommandLine.TestRunResultAggregator., took 0 ms.
TpTrace Information: 0 : 33028, 7, 2024/06/03, 01:31:29.031, 5603859032975, vstest.console.dll, TestRunRequest:SendTestRunMessage: Completed.
TpTrace Verbose: 0 : 33028, 7, 2024/06/03, 01:31:29.031, 5603859033260, vstest.console.dll, MulticastDelegateUtilities.SafeInvoke: LengthPrefixCommunicationChannel: MessageReceived: Invoking callback 1/1 for Microsoft.VisualStudio.TestPlatform.CommunicationUtilities.TestRequestSender+<>c__DisplayClass34_0., took 0 ms.
TpTrace Verbose: 0 : 33028, 7, 2024/06/03, 01:31:29.031, 5603859033564, vstest.console.dll, TcpClientExtensions.MessageLoopAsync: Polling on remoteEndPoint: 127.0.0.1:54954 localEndPoint: 127.0.0.1:54953 after 12 ms
TpTrace Verbose: 0 : 33028, 4, 2024/06/03, 01:31:29.031, 5603859033794, vstest.console.dll, MulticastDelegateUtilities.SafeInvoke: InternalTestLoggerEvents.SendTestRunMessage: Invoking callback 1/1 for Microsoft.VisualStudio.TestPlatform.CommandLine.Internal.ConsoleLogger., took 0 ms.
TpTrace Verbose: 0 : 33028, 7, 2024/06/03, 01:31:29.043, 5603859150710, vstest.console.dll, TcpClientExtensions.MessageLoopAsync: NotifyDataAvailable remoteEndPoint: 127.0.0.1:54954 localEndPoint: 127.0.0.1:54953
TpTrace Verbose: 0 : 33028, 7, 2024/06/03, 01:31:29.043, 5603859153392, vstest.console.dll, TestRequestSender.OnExecutionMessageReceived: Received message: {"Version":7,"MessageType":"TestExecution.Completed","Payload":{"TestRunCompleteArgs":{"TestRunStatistics":{"ExecutedTests":22,"Stats":{"Failed":5,"Passed":17}},"IsCanceled":false,"IsAborted":false,"Error":null,"AttachmentSets":[],"InvokedDataCollectors":[],"ElapsedTimeInRunningTests":"00:00:01.0946266","Metrics":{},"DiscoveredExtensions":{"TestDiscoverers":["NUnit.VisualStudio.TestAdapter.NUnit3TestDiscoverer, NUnit3.TestAdapter, Version=4.5.0.0, Culture=neutral, PublicKeyToken=4cb40d35494691ac"],"TestExecutors":["executor://NUnit3TestExecutor"],"TestExecutors2":[],"TestSettingsProviders":[]}},"LastRunTests":{"NewTestResults":[{"TestCase":{"Id":"7ed26bd8-df64-95af-1f20-7744de5dc810","FullyQualifiedName":"RepositoryTesting.UserRepsitoryTest.GetUserById_Fail","DisplayName":"GetUserById_Fail","ExecutorUri":"executor://NUnit3TestExecutor","Source":"C:\\Users\\VC\\Desktop\\Presidio_mini_Project\\Job_Portal_API\\RepositoryTesting\\bin\\Debug\\net8.0\\fine-code-coverage\\build-output\\RepositoryTesting.dll","CodeFilePath":null,"LineNumber":0,"Properties":[{"Key":{"Id":"NUnit.Seed","Label":"Seed","Category":"","Description":"","Attributes":0,"ValueType":"System.String"},"Value":"287951933"}]},"Attachments":[],"Outcome":1,"ErrorMessage":null,"ErrorStackTrace":null,"DisplayName":"GetUserById_Fail","Messages":[],"ComputerName":"71RBBX3","Duration":"00:00:00.0013530","StartTime":"2024-06-02T20:01:29.0134762+00:00","EndTime":"2024-06-02T20:01:29.0148291+00:00","Properties":[{"Key":{"Id":"NUnit.Seed","Label":"Seed","Category":"","Description":"","Attributes":0,"ValueType":"System.String"},"Value":"287951933"}]},{"TestCase":{"Id":"3d63abd8-1b62-16c8-0a6e-835d30253fca","FullyQualifiedName":"RepositoryTesting.UserRepsitoryTest.GetUserById_Pass","DisplayName":"GetUserById_Pass","ExecutorUri":"executor://NUnit3TestExecutor","Source":"C:\\Users\\VC\\Desktop\\Presidio_mini_Project\\Job_Portal_API\\RepositoryTesting\\bin\\Debug\\net8.0\\fine-code-coverage\\build-output\\RepositoryTesting.dll","CodeFilePath":null,"LineNumber":0,"Properties":[{"Key":{"Id":"NUnit.Seed","Label":"Seed","Category":"","Description":"","Attributes":0,"ValueType":"System.String"},"Value":"190323689"}]},"Attachments":[],"Outcome":1,"ErrorMessage":null,"ErrorStackTrace":null,"DisplayName":"GetUserById_Pass","Messages":[],"ComputerName":"71RBBX3","Duration":"00:00:00.0010150","StartTime":"2024-06-02T20:01:29.0148454+00:00","EndTime":"2024-06-02T20:01:29.01586+00:00","Properties":[{"Key":{"Id":"NUnit.Seed","Label":"Seed","Category":"","Description":"","Attributes":0,"ValueType":"System.String"},"Value":"190323689"}]},{"TestCase":{"Id":"e93e1e6c-cbd5-9db5-71bb-b9ddab96ce89","FullyQualifiedName":"RepositoryTesting.UserRepsitoryTest.UpdateUser_Fail","DisplayName":"UpdateUser_Fail","ExecutorUri":"executor://NUnit3TestExecutor","Source":"C:\\Users\\VC\\Desktop\\Presidio_mini_Project\\Job_Portal_API\\RepositoryTesting\\bin\\Debug\\net8.0\\fine-code-coverage\\build-output\\RepositoryTesting.dll","CodeFilePath":null,"LineNumber":0,"Properties":[{"Key":{"Id":"NUnit.Seed","Label":"Seed","Category":"","Description":"","Attributes":0,"ValueType":"System.String"},"Value":"710703135"}]},"Attachments":[],"Outcome":1,"ErrorMessage":null,"ErrorStackTrace":null,"DisplayName":"UpdateUser_Fail","Messages":[],"ComputerName":"71RBBX3","Duration":"00:00:00.0057279","StartTime":"2024-06-02T20:01:29.0158751+00:00","EndTime":"2024-06-02T20:01:29.0216029+00:00","Properties":[{"Key":{"Id":"NUnit.Seed","Label":"Seed","Category":"","Description":"","Attributes":0,"ValueType":"System.String"},"Value":"710703135"}]},{"TestCase":{"Id":"a92f6347-4f96-e607-a370-ed40a187ebe4","FullyQualifiedName":"RepositoryTesting.UserRepsitoryTest.UpdateUser_Pass","DisplayName":"UpdateUser_Pass","ExecutorUri":"executor://NUnit3TestExecutor","Source":"C:\\Users\\VC\\Desktop\\Presidio_mini_Project\\Job_Portal_API\\RepositoryTesting\\bin\\Debug\\net8.0\\fine-code-coverage\\build-output\\RepositoryTesting.dll","CodeFilePath":null,"LineNumber":0,"Properties":[{"Key":{"Id":"NUnit.Seed","Label":"Seed","Category":"","Description":"","Attributes":0,"ValueType":"System.String"},"Value":"1116404252"}]},"Attachments":[],"Outcome":1,"ErrorMessage":null,"ErrorStackTrace":null,"DisplayName":"UpdateUser_Pass","Messages":[],"ComputerName":"71RBBX3","Duration":"00:00:00.0013960","StartTime":"2024-06-02T20:01:29.0216245+00:00","EndTime":"2024-06-02T20:01:29.0230201+00:00","Properties":[{"Key":{"Id":"NUnit.Seed","Label":"Seed","Category":"","Description":"","Attributes":0,"ValueType":"System.String"},"Value":"1116404252"}]}],"TestRunStatistics":{"ExecutedTests":22,"Stats":{"Failed":5,"Passed":17}},"ActiveTests":[]},"RunAttachments":[],"ExecutorUris":["executor://nunit3testexecutor/"]}}
TpTrace Verbose: 0 : 33028, 7, 2024/06/03, 01:31:29.043, 5603859154744, vstest.console.dll, TestRequestSender.EndSession: Sending end session.
TpTrace Verbose: 0 : 33028, 7, 2024/06/03, 01:31:29.043, 5603859156336, vstest.console.dll, ProxyOperationManager.Close: waiting for test host to exit for 100 ms
TpTrace Verbose: 0 : 33028, 12, 2024/06/03, 01:31:29.074, 5603859466710, vstest.console.dll, TestHostManagerCallbacks.ctor: Experimental forwarding output is disabled.
TpTrace Warning: 0 : 33028, 12, 2024/06/03, 01:31:29.074, 5603859467920, vstest.console.dll, TestHostManagerCallbacks.ErrorReceivedCallback Test host standard error line: 
TpTrace Verbose: 0 : 33028, 12, 2024/06/03, 01:31:29.091, 5603859637583, vstest.console.dll, TestHostProvider.ExitCallBack: Host exited starting callback.
TpTrace Information: 0 : 33028, 12, 2024/06/03, 01:31:29.092, 5603859639532, vstest.console.dll, TestHostManagerCallbacks.ExitCallBack: Testhost processId: 9864 exited with exitcode: 0 error: ''
TpTrace Verbose: 0 : 33028, 12, 2024/06/03, 01:31:29.092, 5603859640129, vstest.console.dll, DotnetTestHostManager.OnHostExited: invoking OnHostExited callback
TpTrace Verbose: 0 : 33028, 12, 2024/06/03, 01:31:29.092, 5603859640936, vstest.console.dll, CrossPlatEngine.TestHostManagerHostExited: calling on client process exit callback.
TpTrace Information: 0 : 33028, 12, 2024/06/03, 01:31:29.092, 5603859641631, vstest.console.dll, TestRequestSender.OnClientProcessExit: Test host process exited. Standard error: 
TpTrace Information: 0 : 33028, 12, 2024/06/03, 01:31:29.092, 5603859642181, vstest.console.dll, SocketServer.Stop: Stop server endPoint: 127.0.0.1:54953
TpTrace Information: 0 : 33028, 12, 2024/06/03, 01:31:29.092, 5603859642611, vstest.console.dll, SocketServer.Stop: Cancellation requested. Stopping message loop.
TpTrace Information: 0 : 33028, 7, 2024/06/03, 01:31:29.092, 5603859642967, vstest.console.dll, SocketServer.Stop: Stop server endPoint: 127.0.0.1:54953
TpTrace Information: 0 : 33028, 7, 2024/06/03, 01:31:29.092, 5603859644123, vstest.console.dll, SocketServer.Stop: Cancellation requested. Stopping message loop.
TpTrace Verbose: 0 : 33028, 12, 2024/06/03, 01:31:29.092, 5603859644085, vstest.console.dll, MulticastDelegateUtilities.SafeInvoke: HostProviderEvents.OnHostExited: Invoking callback 1/1 for Microsoft.VisualStudio.TestPlatform.CrossPlatEngine.Client.ProxyOperationManager., took 0 ms.
TpTrace Information: 0 : 33028, 7, 2024/06/03, 01:31:29.092, 5603859644848, vstest.console.dll, Closing the connection
TpTrace Verbose: 0 : 33028, 7, 2024/06/03, 01:31:29.092, 5603859648912, vstest.console.dll, ProxyDataCollectionManager.InvokeDataCollectionServiceAction: Starting.
TpTrace Information: 0 : 33028, 7, 2024/06/03, 01:31:29.093, 5603859649672, vstest.console.dll, ProxyDataCollectionManager.AfterTestRunEnd: Get attachment set and invoked data collectors processId: 11240 port: 54950
TpTrace Verbose: 0 : 33028, 7, 2024/06/03, 01:31:29.093, 5603859650395, vstest.console.dll, DataCollectionRequestSender.SendAfterTestRunStartAndGetResult: Send AfterTestRunEnd message with isCancelled: False
TpTrace Verbose: 0 : 33028, 7, 2024/06/03, 01:31:29.100, 5603859728585, vstest.console.dll, DataCollectionRequestSender.SendAfterTestRunStartAndGetResult: Received message: (DataCollection.AfterTestRunEndResult) -> {"MessageType":"DataCollection.AfterTestRunEndResult","Payload":{"AttachmentSets":[],"InvokedDataCollectors":[{"Uri":"datacollector://Microsoft/TestPlatform/Extensions/Blame/v1","FriendlyName":"Blame","AssemblyQualifiedName":"Microsoft.TestPlatform.Extensions.BlameDataCollector.BlameCollector, Microsoft.TestPlatform.Extensions.BlameDataCollector, Version=15.0.0.0, Culture=neutral, PublicKeyToken=b03f5f7f11d50a3a","FilePath":"C:\\Program Files\\dotnet\\sdk\\8.0.202\\Extensions\\Microsoft.TestPlatform.Extensions.BlameDataCollector.dll","HasAttachmentProcessor":false}],"Metrics":{}}}
TpTrace Information: 0 : 33028, 7, 2024/06/03, 01:31:29.107, 5603859794337, vstest.console.dll, ProxyDataCollectionManager.InvokeDataCollectionServiceAction: Completed.
TpTrace Warning: 0 : 33028, 10, 2024/06/03, 01:31:29.122, 5603859946035, vstest.console.dll, DataCollectionLauncher.ErrorReceivedCallback datacollector standard error line: 
TpTrace Information: 0 : 33028, 10, 2024/06/03, 01:31:29.130, 5603860029317, vstest.console.dll, DataCollectionLauncher.ExitCallBack: Data collector exited with exitcode: 0 error: ''
TpTrace Verbose: 0 : 33028, 7, 2024/06/03, 01:31:29.149, 5603860210717, vstest.console.dll, TestRunRequest:SendTestRunStatsChange: Starting.
TpTrace Verbose: 0 : 33028, 7, 2024/06/03, 01:31:29.149, 5603860212027, vstest.console.dll, MulticastDelegateUtilities.SafeInvoke: TestRun.RunStatsChanged: Invoking callbacks was skipped because there are no subscribers.
TpTrace Information: 0 : 33028, 7, 2024/06/03, 01:31:29.149, 5603860212367, vstest.console.dll, TestRunRequest:SendTestRunStatsChange: Completed.
TpTrace Verbose: 0 : 33028, 4, 2024/06/03, 01:31:29.149, 5603860214867, vstest.console.dll, MulticastDelegateUtilities.SafeInvoke: InternalTestLoggerEvents.SendTestResult: Invoking callback 1/1 for Microsoft.VisualStudio.TestPlatform.CommandLine.Internal.ConsoleLogger., took 0 ms.
TpTrace Verbose: 0 : 33028, 4, 2024/06/03, 01:31:29.149, 5603860216863, vstest.console.dll, MulticastDelegateUtilities.SafeInvoke: InternalTestLoggerEvents.SendTestResult: Invoking callback 1/1 for Microsoft.VisualStudio.TestPlatform.CommandLine.Internal.ConsoleLogger., took 0 ms.
TpTrace Verbose: 0 : 33028, 7, 2024/06/03, 01:31:29.149, 5603860217616, vstest.console.dll, ParallelProxyExecutionManager: HandlePartialRunComplete: Total workloads = 1, Total started clients = 1 Total completed clients = 1, Run complete = True, Run canceled: False.
TpTrace Verbose: 0 : 33028, 4, 2024/06/03, 01:31:29.149, 5603860218359, vstest.console.dll, MulticastDelegateUtilities.SafeInvoke: InternalTestLoggerEvents.SendTestResult: Invoking callback 1/1 for Microsoft.VisualStudio.TestPlatform.CommandLine.Internal.ConsoleLogger., took 0 ms.
TpTrace Verbose: 0 : 33028, 7, 2024/06/03, 01:31:29.150, 5603860219949, vstest.console.dll, ParallelProxyExecutionManager: HandlePartialRunComplete: All runs completed stopping all managers.
TpTrace Verbose: 0 : 33028, 7, 2024/06/03, 01:31:29.150, 5603860223159, vstest.console.dll, ParallelOperationManager.StopAllManagers: Stopping all managers.
TpTrace Verbose: 0 : 33028, 4, 2024/06/03, 01:31:29.150, 5603860220016, vstest.console.dll, MulticastDelegateUtilities.SafeInvoke: InternalTestLoggerEvents.SendTestResult: Invoking callback 1/1 for Microsoft.VisualStudio.TestPlatform.CommandLine.Internal.ConsoleLogger., took 0 ms.
TpTrace Verbose: 0 : 33028, 7, 2024/06/03, 01:31:29.150, 5603860224677, vstest.console.dll, ParallelOperationManager.ClearSlots: Clearing all slots. Slots should accept more work: False
TpTrace Verbose: 0 : 33028, 7, 2024/06/03, 01:31:29.150, 5603860227909, vstest.console.dll, ParallelOperationManager.SetOccupiedSlotCount: Setting slot counts AvailableSlotCount = 1, OccupiedSlotCount = 0.
TpTrace Verbose: 0 : 33028, 7, 2024/06/03, 01:31:29.150, 5603860228457, vstest.console.dll, Occupied slots:

TpTrace Verbose: 0 : 33028, 4, 2024/06/03, 01:31:29.160, 5603860328235, vstest.console.dll, MulticastDelegateUtilities.SafeInvoke: InternalTestLoggerEvents.SendTestRunComplete: Invoking callback 1/2 for Microsoft.TestPlatform.Extensions.BlameDataCollector.BlameLogger., took 0 ms.
TpTrace Verbose: 0 : 33028, 4, 2024/06/03, 01:31:29.167, 5603860394133, vstest.console.dll, MulticastDelegateUtilities.SafeInvoke: InternalTestLoggerEvents.SendTestRunComplete: Invoking callback 2/2 for Microsoft.VisualStudio.TestPlatform.CommandLine.Internal.ConsoleLogger., took 6 ms.
TpTrace Verbose: 0 : 33028, 7, 2024/06/03, 01:31:29.168, 5603860402615, vstest.console.dll, TestRunRequest:TestRunComplete: Starting. IsAborted:False IsCanceled:False.
TpTrace Verbose: 0 : 33028, 7, 2024/06/03, 01:31:29.168, 5603860405874, vstest.console.dll, ParallelOperationManager.DoActionOnAllManagers: Calling an action on all managers.
TpTrace Verbose: 0 : 33028, 7, 2024/06/03, 01:31:29.169, 5603860414108, vstest.console.dll, TestLoggerManager.HandleTestRunComplete: Ignoring as the object is disposed.
TpTrace Verbose: 0 : 33028, 7, 2024/06/03, 01:31:29.169, 5603860415769, vstest.console.dll, MulticastDelegateUtilities.SafeInvoke: TestRun.TestRunComplete: Invoking callback 1/2 for Microsoft.VisualStudio.TestPlatform.CommandLine.TestRunResultAggregator., took 0 ms.
TpTrace Verbose: 0 : 33028, 7, 2024/06/03, 01:31:29.169, 5603860416741, vstest.console.dll, MulticastDelegateUtilities.SafeInvoke: TestRun.TestRunComplete: Invoking callback 2/2 for Microsoft.VisualStudio.TestPlatform.CommandLine.Processors.RunTestsArgumentExecutor+TestRunRequestEventsRegistrar., took 0 ms.
TpTrace Information: 0 : 33028, 7, 2024/06/03, 01:31:29.169, 5603860417560, vstest.console.dll, TestRunRequest:TestRunComplete: Completed.
TpTrace Verbose: 0 : 33028, 7, 2024/06/03, 01:31:29.169, 5603860418021, vstest.console.dll, TestRequestSender.SetOperationComplete: Setting operation complete.
TpTrace Information: 0 : 33028, 7, 2024/06/03, 01:31:29.169, 5603860418302, vstest.console.dll, SocketServer.Stop: Stop server endPoint: 127.0.0.1:54953
TpTrace Verbose: 0 : 33028, 1, 2024/06/03, 01:31:29.169, 5603860418480, vstest.console.dll, TestRunRequest.Dispose: Starting.
TpTrace Information: 0 : 33028, 1, 2024/06/03, 01:31:29.169, 5603860419092, vstest.console.dll, TestRunRequest.Dispose: Completed.
TpTrace Information: 0 : 33028, 7, 2024/06/03, 01:31:29.169, 5603860418559, vstest.console.dll, SocketServer.Stop: Cancellation requested. Stopping message loop.
TpTrace Information: 0 : 33028, 1, 2024/06/03, 01:31:29.169, 5603860419424, vstest.console.dll, TestRequestManager.RunTests: run tests completed.
TpTrace Verbose: 0 : 33028, 7, 2024/06/03, 01:31:29.170, 5603860421431, vstest.console.dll, MulticastDelegateUtilities.SafeInvoke: LengthPrefixCommunicationChannel: MessageReceived: Invoking callback 1/1 for Microsoft.VisualStudio.TestPlatform.CommunicationUtilities.TestRequestSender+<>c__DisplayClass34_0., took 126 ms.
TpTrace Information: 0 : 33028, 7, 2024/06/03, 01:31:29.170, 5603860423611, vstest.console.dll, SocketServer.PrivateStop: Stopping server endPoint: 127.0.0.1:54953 error: 
TpTrace Information: 0 : 33028, 1, 2024/06/03, 01:31:29.170, 5603860422323, vstest.console.dll, RunTestsArgumentProcessor:Execute: Test run is completed.
TpTrace Verbose: 0 : 33028, 1, 2024/06/03, 01:31:29.170, 5603860426036, vstest.console.dll, Executor.Execute: Exiting with exit code of 1
TpTrace Verbose: 0 : 33028, 7, 2024/06/03, 01:31:29.170, 5603860428983, vstest.console.dll, LengthPrefixCommunicationChannel.Dispose: Dispose reader and writer.
TpTrace Information: 0 : 33028, 7, 2024/06/03, 01:31:29.171, 5603860430343, vstest.console.dll, SocketServer.Stop: Raise disconnected event endPoint: 127.0.0.1:54953 error: 
TpTrace Verbose: 0 : 33028, 7, 2024/06/03, 01:31:29.171, 5603860431484, vstest.console.dll, TestRequestSender: OnTestRunAbort: Operation is already complete. Skip error message.
TpTrace Verbose: 0 : 33028, 7, 2024/06/03, 01:31:29.171, 5603860432374, vstest.console.dll, MulticastDelegateUtilities.SafeInvoke: SocketServer: ClientDisconnected: Invoking callback 1/1 for Microsoft.VisualStudio.TestPlatform.CommunicationUtilities.TestRequestSender., took 0 ms.
TpTrace Verbose: 0 : 33028, 7, 2024/06/03, 01:31:29.171, 5603860432623, vstest.console.dll, TcpClientExtensions.MessageLoopAsync: exiting MessageLoopAsync remoteEndPoint: 127.0.0.1:54954 localEndPoint: 127.0.0.1:54953
