TpTrace Verbose: 0 : 8432, 1, 2024/06/04, 17:32:00.055, 7044205629982, vstest.console.dll, Version: 17.9.0-release-24072-02 Current process architecture: X64
TpTrace Verbose: 0 : 8432, 1, 2024/06/04, 17:32:00.061, 7044205691714, vstest.console.dll, Runtime location: C:\Program Files\dotnet\shared\Microsoft.NETCore.App\8.0.3
TpTrace Verbose: 0 : 8432, 1, 2024/06/04, 17:32:00.065, 7044205731435, vstest.console.dll, ArtifactProcessingPostProcessModeProcessorExecutor.Initialize: ArtifactProcessingMode.Collect
TpTrace Verbose: 0 : 8432, 1, 2024/06/04, 17:32:00.065, 7044205734124, vstest.console.dll, TestSessionCorrelationIdProcessorModeProcessorExecutor.Initialize: TestSessionCorrelationId '22196_908946be-6d90-4b20-835a-edc8f5390d65'
TpTrace Information: 0 : 8432, 1, 2024/06/04, 17:32:00.080, 7044205883913, vstest.console.dll, FilePatternParser: The given file C:\Users\VC\Desktop\Presidio_mini_Project\Job_Portal_API\ServicesTest\bin\Debug\net8.0\fine-code-coverage\build-output\ServicesTest.dll is a full path.
TpTrace Verbose: 0 : 8432, 1, 2024/06/04, 17:32:00.091, 7044205988069, vstest.console.dll, TestPluginCache.DiscoverTestExtensions: finding test extensions in assemblies ends with: RuntimeProvider.dll TPluginInfo: Microsoft.VisualStudio.TestPlatform.Common.ExtensionFramework.Utilities.TestRuntimePluginInformation TExtension: Microsoft.VisualStudio.TestPlatform.ObjectModel.Host.ITestRuntimeProvider
TpTrace Verbose: 0 : 8432, 1, 2024/06/04, 17:32:00.091, 7044205994286, vstest.console.dll, TestPluginCache.GetExtensionPaths: Filtered extension paths: 
TpTrace Verbose: 0 : 8432, 1, 2024/06/04, 17:32:00.091, 7044205995802, vstest.console.dll, TestPluginCache.GetExtensionPaths: Added default extension paths: C:\Program Files\dotnet\sdk\8.0.202\Extensions\Microsoft.Diagnostics.NETCore.Client.dll
C:\Program Files\dotnet\sdk\8.0.202\Extensions\Microsoft.TestPlatform.Extensions.BlameDataCollector.dll
C:\Program Files\dotnet\sdk\8.0.202\Extensions\Microsoft.TestPlatform.Extensions.EventLogCollector.dll
C:\Program Files\dotnet\sdk\8.0.202\Extensions\Microsoft.TestPlatform.TestHostRuntimeProvider.dll
C:\Program Files\dotnet\sdk\8.0.202\Extensions\Microsoft.VisualStudio.TestPlatform.Extensions.Html.TestLogger.dll
C:\Program Files\dotnet\sdk\8.0.202\Extensions\Microsoft.VisualStudio.TestPlatform.Extensions.Trx.TestLogger.dll
TpTrace Verbose: 0 : 8432, 1, 2024/06/04, 17:32:00.091, 7044205996377, vstest.console.dll, TestPluginCache.GetExtensionPaths: Added unfilterableExtensionPaths: 
TpTrace Information: 0 : 8432, 1, 2024/06/04, 17:32:00.093, 7044206011134, vstest.console.dll, AssemblyResolver.ctor: Creating AssemblyResolver with searchDirectories C:\Program Files\dotnet\sdk\8.0.202\Extensions,C:\Program Files\dotnet\sdk\8.0.202
TpTrace Verbose: 0 : 8432, 1, 2024/06/04, 17:32:00.096, 7044206046232, vstest.console.dll, TestPluginCache.DiscoverTestExtensions: Discovering the extensions using extension path.
TpTrace Verbose: 0 : 8432, 1, 2024/06/04, 17:32:00.097, 7044206050146, vstest.console.dll, TestPluginCache.GetExtensionPaths: Filtered extension paths: 
TpTrace Verbose: 0 : 8432, 1, 2024/06/04, 17:32:00.097, 7044206051257, vstest.console.dll, TestPluginCache.GetExtensionPaths: Added default extension paths: C:\Program Files\dotnet\sdk\8.0.202\Extensions\Microsoft.Diagnostics.NETCore.Client.dll
C:\Program Files\dotnet\sdk\8.0.202\Extensions\Microsoft.TestPlatform.Extensions.BlameDataCollector.dll
C:\Program Files\dotnet\sdk\8.0.202\Extensions\Microsoft.TestPlatform.Extensions.EventLogCollector.dll
C:\Program Files\dotnet\sdk\8.0.202\Extensions\Microsoft.TestPlatform.TestHostRuntimeProvider.dll
C:\Program Files\dotnet\sdk\8.0.202\Extensions\Microsoft.VisualStudio.TestPlatform.Extensions.Html.TestLogger.dll
C:\Program Files\dotnet\sdk\8.0.202\Extensions\Microsoft.VisualStudio.TestPlatform.Extensions.Trx.TestLogger.dll
TpTrace Verbose: 0 : 8432, 1, 2024/06/04, 17:32:00.097, 7044206051961, vstest.console.dll, TestPluginCache.GetExtensionPaths: Added unfilterableExtensionPaths: 
TpTrace Verbose: 0 : 8432, 1, 2024/06/04, 17:32:00.097, 7044206053377, vstest.console.dll, TestPluginCache.DiscoverTestExtensions: Discovering the extensions using allExtensionPaths: C:\Program Files\dotnet\sdk\8.0.202\Extensions\Microsoft.Diagnostics.NETCore.Client.dll
C:\Program Files\dotnet\sdk\8.0.202\Extensions\Microsoft.TestPlatform.Extensions.BlameDataCollector.dll
C:\Program Files\dotnet\sdk\8.0.202\Extensions\Microsoft.TestPlatform.Extensions.EventLogCollector.dll
C:\Program Files\dotnet\sdk\8.0.202\Extensions\Microsoft.TestPlatform.TestHostRuntimeProvider.dll
C:\Program Files\dotnet\sdk\8.0.202\Extensions\Microsoft.VisualStudio.TestPlatform.Extensions.Html.TestLogger.dll
C:\Program Files\dotnet\sdk\8.0.202\Extensions\Microsoft.VisualStudio.TestPlatform.Extensions.Trx.TestLogger.dll
TpTrace Information: 0 : 8432, 1, 2024/06/04, 17:32:00.097, 7044206056513, vstest.console.dll, AssemblyResolver.AddSearchDirectories: Adding more searchDirectories C:\Program Files\dotnet\sdk\8.0.202\Extensions,C:\Program Files\dotnet\sdk\8.0.202
TpTrace Information: 0 : 8432, 1, 2024/06/04, 17:32:00.098, 7044206057750, vstest.console.dll, AssemblyResolver.AddSearchDirectories: Adding more searchDirectories C:\Program Files\dotnet\sdk\8.0.202\Extensions,C:\Program Files\dotnet\sdk\8.0.202
TpTrace Information: 0 : 8432, 1, 2024/06/04, 17:32:00.098, 7044206058587, vstest.console.dll, AssemblyResolver.AddSearchDirectories: Adding more searchDirectories C:\Program Files\dotnet\sdk\8.0.202\Extensions,C:\Program Files\dotnet\sdk\8.0.202
TpTrace Information: 0 : 8432, 1, 2024/06/04, 17:32:00.098, 7044206059239, vstest.console.dll, AssemblyResolver.AddSearchDirectories: Adding more searchDirectories C:\Program Files\dotnet\sdk\8.0.202\Extensions,C:\Program Files\dotnet\sdk\8.0.202
TpTrace Information: 0 : 8432, 1, 2024/06/04, 17:32:00.098, 7044206059881, vstest.console.dll, AssemblyResolver.AddSearchDirectories: Adding more searchDirectories C:\Program Files\dotnet\sdk\8.0.202\Extensions,C:\Program Files\dotnet\sdk\8.0.202
TpTrace Information: 0 : 8432, 1, 2024/06/04, 17:32:00.098, 7044206060613, vstest.console.dll, AssemblyResolver.AddSearchDirectories: Adding more searchDirectories C:\Program Files\dotnet\sdk\8.0.202\Extensions,C:\Program Files\dotnet\sdk\8.0.202
TpTrace Information: 0 : 8432, 1, 2024/06/04, 17:32:00.099, 7044206071820, vstest.console.dll, AssemblyResolver.OnResolve: Microsoft.Diagnostics.NETCore.Client: Resolving assembly.
TpTrace Information: 0 : 8432, 1, 2024/06/04, 17:32:00.099, 7044206073995, vstest.console.dll, AssemblyResolver.OnResolve: Microsoft.Diagnostics.NETCore.Client: Searching in: 'C:\Program Files\dotnet\sdk\8.0.202\Extensions'.
TpTrace Information: 0 : 8432, 1, 2024/06/04, 17:32:00.119, 7044206272772, vstest.console.dll, AssemblyResolver.OnResolve: Microsoft.Diagnostics.NETCore.Client: Loading assembly 'C:\Program Files\dotnet\sdk\8.0.202\Extensions\Microsoft.Diagnostics.NETCore.Client.dll'.
TpTrace Information: 0 : 8432, 1, 2024/06/04, 17:32:00.121, 7044206289049, vstest.console.dll, AssemblyResolver.OnResolve: Resolved assembly: Microsoft.Diagnostics.NETCore.Client, from path: C:\Program Files\dotnet\sdk\8.0.202\Extensions\Microsoft.Diagnostics.NETCore.Client.dll
TpTrace Verbose: 0 : 8432, 1, 2024/06/04, 17:32:00.134, 7044206426342, vstest.console.dll, MetadataReaderExtensionsHelper: Discovering extensions inside assembly 'Microsoft.Diagnostics.NETCore.Client, Version=0.2.9.2401, Culture=neutral, PublicKeyToken=31bf3856ad364e35' file path 'C:\Program Files\dotnet\sdk\8.0.202\Extensions\Microsoft.Diagnostics.NETCore.Client.dll'
TpTrace Information: 0 : 8432, 1, 2024/06/04, 17:32:00.144, 7044206525339, vstest.console.dll, AssemblyResolver.OnResolve: Microsoft.Bcl.AsyncInterfaces: Resolving assembly.
TpTrace Information: 0 : 8432, 1, 2024/06/04, 17:32:00.144, 7044206527067, vstest.console.dll, AssemblyResolver.OnResolve: Microsoft.Bcl.AsyncInterfaces: Searching in: 'C:\Program Files\dotnet\sdk\8.0.202\Extensions'.
TpTrace Information: 0 : 8432, 1, 2024/06/04, 17:32:00.145, 7044206528652, vstest.console.dll, AssemblyResolver.OnResolve: Microsoft.Bcl.AsyncInterfaces: Assembly path does not exist: 'C:\Program Files\dotnet\sdk\8.0.202\Extensions\Microsoft.Bcl.AsyncInterfaces.dll', returning.
TpTrace Information: 0 : 8432, 1, 2024/06/04, 17:32:00.145, 7044206530602, vstest.console.dll, AssemblyResolver.OnResolve: Microsoft.Bcl.AsyncInterfaces: Assembly path does not exist: 'C:\Program Files\dotnet\sdk\8.0.202\Extensions\Microsoft.Bcl.AsyncInterfaces.exe', returning.
TpTrace Information: 0 : 8432, 1, 2024/06/04, 17:32:00.145, 7044206531340, vstest.console.dll, AssemblyResolver.OnResolve: Microsoft.Bcl.AsyncInterfaces: Searching in: 'C:\Program Files\dotnet\sdk\8.0.202'.
TpTrace Information: 0 : 8432, 1, 2024/06/04, 17:32:00.145, 7044206532291, vstest.console.dll, AssemblyResolver.OnResolve: Microsoft.Bcl.AsyncInterfaces: Assembly path does not exist: 'C:\Program Files\dotnet\sdk\8.0.202\Microsoft.Bcl.AsyncInterfaces.dll', returning.
TpTrace Information: 0 : 8432, 1, 2024/06/04, 17:32:00.145, 7044206533145, vstest.console.dll, AssemblyResolver.OnResolve: Microsoft.Bcl.AsyncInterfaces: Assembly path does not exist: 'C:\Program Files\dotnet\sdk\8.0.202\Microsoft.Bcl.AsyncInterfaces.exe', returning.
TpTrace Information: 0 : 8432, 1, 2024/06/04, 17:32:00.145, 7044206533597, vstest.console.dll, AssemblyResolver.OnResolve: Microsoft.Bcl.AsyncInterfaces: Failed to load assembly.
TpTrace Verbose: 0 : 8432, 1, 2024/06/04, 17:32:00.145, 7044206534388, vstest.console.dll, CurrentDomainAssemblyResolve: Resolving assembly 'Microsoft.Bcl.AsyncInterfaces'.
TpTrace Information: 0 : 8432, 1, 2024/06/04, 17:32:00.145, 7044206535355, vstest.console.dll, AssemblyResolver.OnResolve: Microsoft.Bcl.AsyncInterfaces: Resolving assembly.
TpTrace Information: 0 : 8432, 1, 2024/06/04, 17:32:00.145, 7044206536009, vstest.console.dll, AssemblyResolver.OnResolve: Microsoft.Bcl.AsyncInterfaces: Resolved from cache.
TpTrace Verbose: 0 : 8432, 1, 2024/06/04, 17:32:00.145, 7044206536533, vstest.console.dll, CurrentDomainAssemblyResolve: Resolving assembly 'Microsoft.Bcl.AsyncInterfaces'.
TpTrace Verbose: 0 : 8432, 1, 2024/06/04, 17:32:00.145, 7044206537068, vstest.console.dll, CurrentDomainAssemblyResolve: Failed to resolve assembly 'Microsoft.Bcl.AsyncInterfaces'.
TpTrace Verbose: 0 : 8432, 1, 2024/06/04, 17:32:00.146, 7044206546222, vstest.console.dll, CurrentDomainAssemblyResolve: Failed to resolve assembly 'Microsoft.Bcl.AsyncInterfaces'.
TpTrace Warning: 0 : 8432, 1, 2024/06/04, 17:32:00.164, 7044206718201, vstest.console.dll, TestPluginDiscoverer: Failed to get types from assembly 'Microsoft.Diagnostics.NETCore.Client, Version=0.2.9.2401, Culture=neutral, PublicKeyToken=31bf3856ad364e35'. Error: System.Reflection.ReflectionTypeLoadException: Unable to load one or more of the requested types.
Could not load file or assembly 'Microsoft.Bcl.AsyncInterfaces, Version=6.0.0.0, Culture=neutral, PublicKeyToken=cc7b13ffcd2ddd51'. The system cannot find the file specified.
   at System.Reflection.RuntimeModule.GetTypes(RuntimeModule module)
   at System.Reflection.RuntimeModule.GetTypes()
   at Microsoft.VisualStudio.TestPlatform.Common.ExtensionFramework.TestPluginDiscoverer.GetTestExtensionsFromAssembly[TPluginInfo,TExtension](Assembly assembly, Dictionary`2 pluginInfos, String filePath) in /_/src/Microsoft.TestPlatform.Common/ExtensionFramework/TestPluginDiscoverer.cs:line 158
System.IO.FileNotFoundException: Could not load file or assembly 'Microsoft.Bcl.AsyncInterfaces, Version=6.0.0.0, Culture=neutral, PublicKeyToken=cc7b13ffcd2ddd51'. The system cannot find the file specified.
File name: 'Microsoft.Bcl.AsyncInterfaces, Version=6.0.0.0, Culture=neutral, PublicKeyToken=cc7b13ffcd2ddd51'
 ---> System.IO.FileNotFoundException: Could not load file or assembly 'Microsoft.Bcl.AsyncInterfaces, Culture=neutral, PublicKeyToken=null'. The system cannot find the file specified.
File name: 'Microsoft.Bcl.AsyncInterfaces, Culture=neutral, PublicKeyToken=null'
   at System.Reflection.RuntimeAssembly.InternalLoad(AssemblyName assemblyName, StackCrawlMark& stackMark, AssemblyLoadContext assemblyLoadContext, RuntimeAssembly requestingAssembly, Boolean throwOnFileNotFound)
   at System.Reflection.Assembly.Load(AssemblyName assemblyRef)
   at Microsoft.VisualStudio.TestPlatform.Common.ExtensionFramework.TestPluginCache.CurrentDomainAssemblyResolve(Object sender, AssemblyResolveEventArgs args) in /_/src/Microsoft.TestPlatform.Common/ExtensionFramework/TestPluginCache.cs:line 513
   at System.Runtime.Loader.AssemblyLoadContext.GetFirstResolvedAssemblyFromResolvingEvent(AssemblyName assemblyName)
   at System.Runtime.Loader.AssemblyLoadContext.ResolveUsingEvent(AssemblyName assemblyName)
   at System.Runtime.Loader.AssemblyLoadContext.ResolveUsingResolvingEvent(IntPtr gchManagedAssemblyLoadContext, AssemblyName assemblyName)
TpTrace Warning: 0 : 8432, 1, 2024/06/04, 17:32:00.164, 7044206727044, vstest.console.dll, LoaderExceptions: System.IO.FileNotFoundException: Could not load file or assembly 'Microsoft.Bcl.AsyncInterfaces, Version=6.0.0.0, Culture=neutral, PublicKeyToken=cc7b13ffcd2ddd51'. The system cannot find the file specified.
File name: 'Microsoft.Bcl.AsyncInterfaces, Version=6.0.0.0, Culture=neutral, PublicKeyToken=cc7b13ffcd2ddd51'
 ---> System.IO.FileNotFoundException: Could not load file or assembly 'Microsoft.Bcl.AsyncInterfaces, Culture=neutral, PublicKeyToken=null'. The system cannot find the file specified.
File name: 'Microsoft.Bcl.AsyncInterfaces, Culture=neutral, PublicKeyToken=null'
   at System.Reflection.RuntimeAssembly.InternalLoad(AssemblyName assemblyName, StackCrawlMark& stackMark, AssemblyLoadContext assemblyLoadContext, RuntimeAssembly requestingAssembly, Boolean throwOnFileNotFound)
   at System.Reflection.Assembly.Load(AssemblyName assemblyRef)
   at Microsoft.VisualStudio.TestPlatform.Common.ExtensionFramework.TestPluginCache.CurrentDomainAssemblyResolve(Object sender, AssemblyResolveEventArgs args) in /_/src/Microsoft.TestPlatform.Common/ExtensionFramework/TestPluginCache.cs:line 513
   at System.Runtime.Loader.AssemblyLoadContext.GetFirstResolvedAssemblyFromResolvingEvent(AssemblyName assemblyName)
   at System.Runtime.Loader.AssemblyLoadContext.ResolveUsingEvent(AssemblyName assemblyName)
   at System.Runtime.Loader.AssemblyLoadContext.ResolveUsingResolvingEvent(IntPtr gchManagedAssemblyLoadContext, AssemblyName assemblyName)
TpTrace Information: 0 : 8432, 1, 2024/06/04, 17:32:00.165, 7044206730847, vstest.console.dll, AssemblyResolver.OnResolve: Microsoft.TestPlatform.Extensions.BlameDataCollector: Resolving assembly.
TpTrace Information: 0 : 8432, 1, 2024/06/04, 17:32:00.165, 7044206732325, vstest.console.dll, AssemblyResolver.OnResolve: Microsoft.TestPlatform.Extensions.BlameDataCollector: Searching in: 'C:\Program Files\dotnet\sdk\8.0.202\Extensions'.
TpTrace Information: 0 : 8432, 1, 2024/06/04, 17:32:00.166, 7044206739408, vstest.console.dll, AssemblyResolver.OnResolve: Microsoft.TestPlatform.Extensions.BlameDataCollector: Loading assembly 'C:\Program Files\dotnet\sdk\8.0.202\Extensions\Microsoft.TestPlatform.Extensions.BlameDataCollector.dll'.
TpTrace Information: 0 : 8432, 1, 2024/06/04, 17:32:00.167, 7044206751631, vstest.console.dll, AssemblyResolver.OnResolve: Resolved assembly: Microsoft.TestPlatform.Extensions.BlameDataCollector, from path: C:\Program Files\dotnet\sdk\8.0.202\Extensions\Microsoft.TestPlatform.Extensions.BlameDataCollector.dll
TpTrace Verbose: 0 : 8432, 1, 2024/06/04, 17:32:00.167, 7044206753231, vstest.console.dll, MetadataReaderExtensionsHelper: Discovering extensions inside assembly 'Microsoft.TestPlatform.Extensions.BlameDataCollector, Version=15.0.0.0, Culture=neutral, PublicKeyToken=b03f5f7f11d50a3a' file path 'C:\Program Files\dotnet\sdk\8.0.202\Extensions\Microsoft.TestPlatform.Extensions.BlameDataCollector.dll'
TpTrace Information: 0 : 8432, 1, 2024/06/04, 17:32:00.170, 7044206783002, vstest.console.dll, AssemblyResolver.OnResolve: Microsoft.TestPlatform.Extensions.EventLogCollector: Resolving assembly.
TpTrace Information: 0 : 8432, 1, 2024/06/04, 17:32:00.170, 7044206784799, vstest.console.dll, AssemblyResolver.OnResolve: Microsoft.TestPlatform.Extensions.EventLogCollector: Searching in: 'C:\Program Files\dotnet\sdk\8.0.202\Extensions'.
TpTrace Information: 0 : 8432, 1, 2024/06/04, 17:32:00.171, 7044206790842, vstest.console.dll, AssemblyResolver.OnResolve: Microsoft.TestPlatform.Extensions.EventLogCollector: Loading assembly 'C:\Program Files\dotnet\sdk\8.0.202\Extensions\Microsoft.TestPlatform.Extensions.EventLogCollector.dll'.
TpTrace Information: 0 : 8432, 1, 2024/06/04, 17:32:00.172, 7044206800025, vstest.console.dll, AssemblyResolver.OnResolve: Resolved assembly: Microsoft.TestPlatform.Extensions.EventLogCollector, from path: C:\Program Files\dotnet\sdk\8.0.202\Extensions\Microsoft.TestPlatform.Extensions.EventLogCollector.dll
TpTrace Verbose: 0 : 8432, 1, 2024/06/04, 17:32:00.172, 7044206801442, vstest.console.dll, MetadataReaderExtensionsHelper: Discovering extensions inside assembly 'Microsoft.TestPlatform.Extensions.EventLogCollector, Version=15.0.0.0, Culture=neutral, PublicKeyToken=b03f5f7f11d50a3a' file path 'C:\Program Files\dotnet\sdk\8.0.202\Extensions\Microsoft.TestPlatform.Extensions.EventLogCollector.dll'
TpTrace Information: 0 : 8432, 1, 2024/06/04, 17:32:00.176, 7044206840326, vstest.console.dll, AssemblyResolver.OnResolve: Microsoft.TestPlatform.TestHostRuntimeProvider: Resolving assembly.
TpTrace Information: 0 : 8432, 1, 2024/06/04, 17:32:00.176, 7044206842191, vstest.console.dll, AssemblyResolver.OnResolve: Microsoft.TestPlatform.TestHostRuntimeProvider: Searching in: 'C:\Program Files\dotnet\sdk\8.0.202\Extensions'.
TpTrace Information: 0 : 8432, 1, 2024/06/04, 17:32:00.177, 7044206849797, vstest.console.dll, AssemblyResolver.OnResolve: Microsoft.TestPlatform.TestHostRuntimeProvider: Loading assembly 'C:\Program Files\dotnet\sdk\8.0.202\Extensions\Microsoft.TestPlatform.TestHostRuntimeProvider.dll'.
TpTrace Information: 0 : 8432, 1, 2024/06/04, 17:32:00.178, 7044206862508, vstest.console.dll, AssemblyResolver.OnResolve: Resolved assembly: Microsoft.TestPlatform.TestHostRuntimeProvider, from path: C:\Program Files\dotnet\sdk\8.0.202\Extensions\Microsoft.TestPlatform.TestHostRuntimeProvider.dll
TpTrace Verbose: 0 : 8432, 1, 2024/06/04, 17:32:00.178, 7044206864121, vstest.console.dll, MetadataReaderExtensionsHelper: Discovering extensions inside assembly 'Microsoft.TestPlatform.TestHostRuntimeProvider, Version=15.0.0.0, Culture=neutral, PublicKeyToken=b03f5f7f11d50a3a' file path 'C:\Program Files\dotnet\sdk\8.0.202\Extensions\Microsoft.TestPlatform.TestHostRuntimeProvider.dll'
TpTrace Information: 0 : 8432, 1, 2024/06/04, 17:32:00.182, 7044206897868, vstest.console.dll, GetTestExtensionFromType: Register extension with identifier data 'HostProvider://DefaultTestHost' and type 'Microsoft.VisualStudio.TestPlatform.CrossPlatEngine.Hosting.DefaultTestHostManager, Microsoft.TestPlatform.TestHostRuntimeProvider, Version=15.0.0.0, Culture=neutral, PublicKeyToken=b03f5f7f11d50a3a' inside file 'C:\Program Files\dotnet\sdk\8.0.202\Extensions\Microsoft.TestPlatform.TestHostRuntimeProvider.dll'
TpTrace Information: 0 : 8432, 1, 2024/06/04, 17:32:00.182, 7044206904973, vstest.console.dll, GetTestExtensionFromType: Register extension with identifier data 'HostProvider://DotnetTestHost' and type 'Microsoft.VisualStudio.TestPlatform.CrossPlatEngine.Hosting.DotnetTestHostManager, Microsoft.TestPlatform.TestHostRuntimeProvider, Version=15.0.0.0, Culture=neutral, PublicKeyToken=b03f5f7f11d50a3a' inside file 'C:\Program Files\dotnet\sdk\8.0.202\Extensions\Microsoft.TestPlatform.TestHostRuntimeProvider.dll'
TpTrace Information: 0 : 8432, 1, 2024/06/04, 17:32:00.182, 7044206907236, vstest.console.dll, AssemblyResolver.OnResolve: Microsoft.VisualStudio.TestPlatform.Extensions.Html.TestLogger: Resolving assembly.
TpTrace Information: 0 : 8432, 1, 2024/06/04, 17:32:00.183, 7044206908389, vstest.console.dll, AssemblyResolver.OnResolve: Microsoft.VisualStudio.TestPlatform.Extensions.Html.TestLogger: Searching in: 'C:\Program Files\dotnet\sdk\8.0.202\Extensions'.
TpTrace Information: 0 : 8432, 1, 2024/06/04, 17:32:00.183, 7044206915271, vstest.console.dll, AssemblyResolver.OnResolve: Microsoft.VisualStudio.TestPlatform.Extensions.Html.TestLogger: Loading assembly 'C:\Program Files\dotnet\sdk\8.0.202\Extensions\Microsoft.VisualStudio.TestPlatform.Extensions.Html.TestLogger.dll'.
TpTrace Information: 0 : 8432, 1, 2024/06/04, 17:32:00.185, 7044206933512, vstest.console.dll, AssemblyResolver.OnResolve: Resolved assembly: Microsoft.VisualStudio.TestPlatform.Extensions.Html.TestLogger, from path: C:\Program Files\dotnet\sdk\8.0.202\Extensions\Microsoft.VisualStudio.TestPlatform.Extensions.Html.TestLogger.dll
TpTrace Verbose: 0 : 8432, 1, 2024/06/04, 17:32:00.185, 7044206935840, vstest.console.dll, MetadataReaderExtensionsHelper: Discovering extensions inside assembly 'Microsoft.VisualStudio.TestPlatform.Extensions.Html.TestLogger, Version=15.0.0.0, Culture=neutral, PublicKeyToken=b03f5f7f11d50a3a' file path 'C:\Program Files\dotnet\sdk\8.0.202\Extensions\Microsoft.VisualStudio.TestPlatform.Extensions.Html.TestLogger.dll'
TpTrace Information: 0 : 8432, 1, 2024/06/04, 17:32:00.187, 7044206951758, vstest.console.dll, AssemblyResolver.OnResolve: Microsoft.VisualStudio.TestPlatform.Extensions.Trx.TestLogger: Resolving assembly.
TpTrace Information: 0 : 8432, 1, 2024/06/04, 17:32:00.187, 7044206953453, vstest.console.dll, AssemblyResolver.OnResolve: Microsoft.VisualStudio.TestPlatform.Extensions.Trx.TestLogger: Searching in: 'C:\Program Files\dotnet\sdk\8.0.202\Extensions'.
TpTrace Information: 0 : 8432, 1, 2024/06/04, 17:32:00.188, 7044206958968, vstest.console.dll, AssemblyResolver.OnResolve: Microsoft.VisualStudio.TestPlatform.Extensions.Trx.TestLogger: Loading assembly 'C:\Program Files\dotnet\sdk\8.0.202\Extensions\Microsoft.VisualStudio.TestPlatform.Extensions.Trx.TestLogger.dll'.
TpTrace Information: 0 : 8432, 1, 2024/06/04, 17:32:00.189, 7044206972864, vstest.console.dll, AssemblyResolver.OnResolve: Resolved assembly: Microsoft.VisualStudio.TestPlatform.Extensions.Trx.TestLogger, from path: C:\Program Files\dotnet\sdk\8.0.202\Extensions\Microsoft.VisualStudio.TestPlatform.Extensions.Trx.TestLogger.dll
TpTrace Verbose: 0 : 8432, 1, 2024/06/04, 17:32:00.189, 7044206974855, vstest.console.dll, MetadataReaderExtensionsHelper: Discovering extensions inside assembly 'Microsoft.VisualStudio.TestPlatform.Extensions.Trx.TestLogger, Version=15.0.0.0, Culture=neutral, PublicKeyToken=b03f5f7f11d50a3a' file path 'C:\Program Files\dotnet\sdk\8.0.202\Extensions\Microsoft.VisualStudio.TestPlatform.Extensions.Trx.TestLogger.dll'
TpTrace Verbose: 0 : 8432, 1, 2024/06/04, 17:32:00.191, 7044206994908, vstest.console.dll, TestPluginCache: Discovered the extensions using extension path ''.
TpTrace Verbose: 0 : 8432, 1, 2024/06/04, 17:32:00.192, 7044206997693, vstest.console.dll, TestPluginCache: Discoverers are ''.
TpTrace Verbose: 0 : 8432, 1, 2024/06/04, 17:32:00.192, 7044206998742, vstest.console.dll, TestPluginCache: Executors are ''.
TpTrace Verbose: 0 : 8432, 1, 2024/06/04, 17:32:00.192, 7044206999376, vstest.console.dll, TestPluginCache: Executors2 are ''.
TpTrace Verbose: 0 : 8432, 1, 2024/06/04, 17:32:00.192, 7044206999973, vstest.console.dll, TestPluginCache: Setting providers are ''.
TpTrace Verbose: 0 : 8432, 1, 2024/06/04, 17:32:00.192, 7044207000587, vstest.console.dll, TestPluginCache: Loggers are ''.
TpTrace Verbose: 0 : 8432, 1, 2024/06/04, 17:32:00.192, 7044207006525, vstest.console.dll, TestPluginCache: TestHosts are 'HostProvider://DefaultTestHost,HostProvider://DotnetTestHost'.
TpTrace Verbose: 0 : 8432, 1, 2024/06/04, 17:32:00.193, 7044207007969, vstest.console.dll, TestPluginCache: DataCollectors are ''.
TpTrace Information: 0 : 8432, 1, 2024/06/04, 17:32:00.218, 7044207266380, vstest.console.dll, RunTestsArgumentProcessor:Execute: Test run is starting.
TpTrace Verbose: 0 : 8432, 1, 2024/06/04, 17:32:00.219, 7044207268578, vstest.console.dll, RunTestsArgumentProcessor:Execute: Queuing Test run.
TpTrace Information: 0 : 8432, 1, 2024/06/04, 17:32:00.219, 7044207274912, vstest.console.dll, TestRequestManager.RunTests: run tests started.
TpTrace Information: 0 : 8432, 1, 2024/06/04, 17:32:00.222, 7044207300324, vstest.console.dll, AssemblyMetadataProvider.GetFrameworkName: Determined framework:'.NETCoreApp,Version=v8.0' for source: 'C:\Users\VC\Desktop\Presidio_mini_Project\Job_Portal_API\ServicesTest\bin\Debug\net8.0\fine-code-coverage\build-output\ServicesTest.dll'
TpTrace Information: 0 : 8432, 1, 2024/06/04, 17:32:00.222, 7044207302837, vstest.console.dll, Determined framework for all sources: .NETCoreApp,Version=v8.0
TpTrace Verbose: 0 : 8432, 1, 2024/06/04, 17:32:00.223, 7044207307917, vstest.console.dll, TestRequestManager.UpdateRunSettingsIfRequired: Default architecture: X64 IsDefaultTargetArchitecture: True, Current process architecture: X64 OperatingSystem: Windows.
TpTrace Information: 0 : 8432, 1, 2024/06/04, 17:32:00.225, 7044207336966, vstest.console.dll, AssemblyMetadataProvider.GetArchitecture: Determined architecture:AnyCPU info for assembly: C:\Users\VC\Desktop\Presidio_mini_Project\Job_Portal_API\ServicesTest\bin\Debug\net8.0\fine-code-coverage\build-output\ServicesTest.dll
TpTrace Information: 0 : 8432, 1, 2024/06/04, 17:32:00.226, 7044207338401, vstest.console.dll, Determined platform for source 'C:\Users\VC\Desktop\Presidio_mini_Project\Job_Portal_API\ServicesTest\bin\Debug\net8.0\fine-code-coverage\build-output\ServicesTest.dll' was AnyCPU and it will use the default plaform X64.
TpTrace Information: 0 : 8432, 1, 2024/06/04, 17:32:00.226, 7044207338882, vstest.console.dll, None of the sources provided any runnable platform, using the default platform: X64
TpTrace Information: 0 : 8432, 1, 2024/06/04, 17:32:00.226, 7044207340669, vstest.console.dll, Platform was updated to 'X64'.
TpTrace Information: 0 : 8432, 1, 2024/06/04, 17:32:00.233, 7044207416164, vstest.console.dll, InferRunSettingsHelper.IsTestSettingsEnabled: Unable to navigate to RunSettings/MSTest. Current node: RunSettings
TpTrace Information: 0 : 8432, 1, 2024/06/04, 17:32:00.235, 7044207431162, vstest.console.dll, AssemblyResolver.OnResolve: Microsoft.VisualStudio.TestPlatform.Fakes: Resolving assembly.
TpTrace Information: 0 : 8432, 1, 2024/06/04, 17:32:00.235, 7044207433113, vstest.console.dll, AssemblyResolver.OnResolve: Microsoft.VisualStudio.TestPlatform.Fakes: Searching in: 'C:\Program Files\dotnet\sdk\8.0.202\Extensions'.
TpTrace Information: 0 : 8432, 1, 2024/06/04, 17:32:00.235, 7044207435031, vstest.console.dll, AssemblyResolver.OnResolve: Microsoft.VisualStudio.TestPlatform.Fakes: Assembly path does not exist: 'C:\Program Files\dotnet\sdk\8.0.202\Extensions\Microsoft.VisualStudio.TestPlatform.Fakes.dll', returning.
TpTrace Information: 0 : 8432, 1, 2024/06/04, 17:32:00.235, 7044207435959, vstest.console.dll, AssemblyResolver.OnResolve: Microsoft.VisualStudio.TestPlatform.Fakes: Assembly path does not exist: 'C:\Program Files\dotnet\sdk\8.0.202\Extensions\Microsoft.VisualStudio.TestPlatform.Fakes.exe', returning.
TpTrace Information: 0 : 8432, 1, 2024/06/04, 17:32:00.235, 7044207436407, vstest.console.dll, AssemblyResolver.OnResolve: Microsoft.VisualStudio.TestPlatform.Fakes: Searching in: 'C:\Program Files\dotnet\sdk\8.0.202'.
TpTrace Information: 0 : 8432, 1, 2024/06/04, 17:32:00.236, 7044207437445, vstest.console.dll, AssemblyResolver.OnResolve: Microsoft.VisualStudio.TestPlatform.Fakes: Assembly path does not exist: 'C:\Program Files\dotnet\sdk\8.0.202\Microsoft.VisualStudio.TestPlatform.Fakes.dll', returning.
TpTrace Information: 0 : 8432, 1, 2024/06/04, 17:32:00.236, 7044207438222, vstest.console.dll, AssemblyResolver.OnResolve: Microsoft.VisualStudio.TestPlatform.Fakes: Assembly path does not exist: 'C:\Program Files\dotnet\sdk\8.0.202\Microsoft.VisualStudio.TestPlatform.Fakes.exe', returning.
TpTrace Information: 0 : 8432, 1, 2024/06/04, 17:32:00.236, 7044207438689, vstest.console.dll, AssemblyResolver.OnResolve: Microsoft.VisualStudio.TestPlatform.Fakes: Failed to load assembly.
TpTrace Information: 0 : 8432, 1, 2024/06/04, 17:32:00.236, 7044207442800, vstest.console.dll, Failed to load assembly Microsoft.VisualStudio.TestPlatform.Fakes, Version=17.0.0.0, Culture=neutral. Reason:System.IO.FileNotFoundException: Could not load file or assembly 'Microsoft.VisualStudio.TestPlatform.Fakes, Version=17.0.0.0, Culture=neutral, PublicKeyToken=null'. The system cannot find the file specified.
File name: 'Microsoft.VisualStudio.TestPlatform.Fakes, Version=17.0.0.0, Culture=neutral, PublicKeyToken=null'
   at System.Reflection.RuntimeAssembly.InternalLoad(AssemblyName assemblyName, StackCrawlMark& stackMark, AssemblyLoadContext assemblyLoadContext, RuntimeAssembly requestingAssembly, Boolean throwOnFileNotFound)
   at System.Reflection.Assembly.Load(AssemblyName assemblyRef)
   at Microsoft.VisualStudio.TestPlatform.Common.Utilities.FakesUtilities.LoadTestPlatformAssembly() in /_/src/Microsoft.TestPlatform.Common/Utilities/FakesUtilities.cs:line 272
TpTrace Verbose: 0 : 8432, 1, 2024/06/04, 17:32:00.241, 7044207493312, vstest.console.dll, TestPluginCache.DiscoverTestExtensions: finding test extensions in assemblies ends with: TestLogger.dll TPluginInfo: Microsoft.VisualStudio.TestPlatform.Common.ExtensionFramework.Utilities.TestLoggerPluginInformation TExtension: Microsoft.VisualStudio.TestPlatform.ObjectModel.Client.ITestLogger
TpTrace Verbose: 0 : 8432, 1, 2024/06/04, 17:32:00.241, 7044207495675, vstest.console.dll, TestPluginCache.GetExtensionPaths: Filtered extension paths: 
TpTrace Verbose: 0 : 8432, 1, 2024/06/04, 17:32:00.241, 7044207496439, vstest.console.dll, TestPluginCache.GetExtensionPaths: Added default extension paths: C:\Program Files\dotnet\sdk\8.0.202\Extensions\Microsoft.Diagnostics.NETCore.Client.dll
C:\Program Files\dotnet\sdk\8.0.202\Extensions\Microsoft.TestPlatform.Extensions.BlameDataCollector.dll
C:\Program Files\dotnet\sdk\8.0.202\Extensions\Microsoft.TestPlatform.Extensions.EventLogCollector.dll
C:\Program Files\dotnet\sdk\8.0.202\Extensions\Microsoft.TestPlatform.TestHostRuntimeProvider.dll
C:\Program Files\dotnet\sdk\8.0.202\Extensions\Microsoft.VisualStudio.TestPlatform.Extensions.Html.TestLogger.dll
C:\Program Files\dotnet\sdk\8.0.202\Extensions\Microsoft.VisualStudio.TestPlatform.Extensions.Trx.TestLogger.dll
TpTrace Verbose: 0 : 8432, 1, 2024/06/04, 17:32:00.241, 7044207497130, vstest.console.dll, TestPluginCache.GetExtensionPaths: Added unfilterableExtensionPaths: 
TpTrace Information: 0 : 8432, 1, 2024/06/04, 17:32:00.242, 7044207500116, vstest.console.dll, AssemblyResolver.AddSearchDirectories: Adding more searchDirectories C:\Program Files\dotnet\sdk\8.0.202\Extensions,C:\Program Files\dotnet\sdk\8.0.202
TpTrace Verbose: 0 : 8432, 1, 2024/06/04, 17:32:00.242, 7044207501049, vstest.console.dll, TestPluginCache.DiscoverTestExtensions: Discovering the extensions using extension path.
TpTrace Verbose: 0 : 8432, 1, 2024/06/04, 17:32:00.242, 7044207501822, vstest.console.dll, TestPluginCache.GetExtensionPaths: Filtered extension paths: 
TpTrace Verbose: 0 : 8432, 1, 2024/06/04, 17:32:00.242, 7044207502575, vstest.console.dll, TestPluginCache.GetExtensionPaths: Added default extension paths: C:\Program Files\dotnet\sdk\8.0.202\Extensions\Microsoft.Diagnostics.NETCore.Client.dll
C:\Program Files\dotnet\sdk\8.0.202\Extensions\Microsoft.TestPlatform.Extensions.BlameDataCollector.dll
C:\Program Files\dotnet\sdk\8.0.202\Extensions\Microsoft.TestPlatform.Extensions.EventLogCollector.dll
C:\Program Files\dotnet\sdk\8.0.202\Extensions\Microsoft.TestPlatform.TestHostRuntimeProvider.dll
C:\Program Files\dotnet\sdk\8.0.202\Extensions\Microsoft.VisualStudio.TestPlatform.Extensions.Html.TestLogger.dll
C:\Program Files\dotnet\sdk\8.0.202\Extensions\Microsoft.VisualStudio.TestPlatform.Extensions.Trx.TestLogger.dll
TpTrace Verbose: 0 : 8432, 1, 2024/06/04, 17:32:00.242, 7044207503245, vstest.console.dll, TestPluginCache.GetExtensionPaths: Added unfilterableExtensionPaths: 
TpTrace Verbose: 0 : 8432, 1, 2024/06/04, 17:32:00.242, 7044207503987, vstest.console.dll, TestPluginCache.DiscoverTestExtensions: Discovering the extensions using allExtensionPaths: C:\Program Files\dotnet\sdk\8.0.202\Extensions\Microsoft.Diagnostics.NETCore.Client.dll
C:\Program Files\dotnet\sdk\8.0.202\Extensions\Microsoft.TestPlatform.Extensions.BlameDataCollector.dll
C:\Program Files\dotnet\sdk\8.0.202\Extensions\Microsoft.TestPlatform.Extensions.EventLogCollector.dll
C:\Program Files\dotnet\sdk\8.0.202\Extensions\Microsoft.TestPlatform.TestHostRuntimeProvider.dll
C:\Program Files\dotnet\sdk\8.0.202\Extensions\Microsoft.VisualStudio.TestPlatform.Extensions.Html.TestLogger.dll
C:\Program Files\dotnet\sdk\8.0.202\Extensions\Microsoft.VisualStudio.TestPlatform.Extensions.Trx.TestLogger.dll
TpTrace Information: 0 : 8432, 1, 2024/06/04, 17:32:00.242, 7044207505041, vstest.console.dll, AssemblyResolver.AddSearchDirectories: Adding more searchDirectories C:\Program Files\dotnet\sdk\8.0.202\Extensions,C:\Program Files\dotnet\sdk\8.0.202
TpTrace Information: 0 : 8432, 1, 2024/06/04, 17:32:00.242, 7044207505842, vstest.console.dll, AssemblyResolver.AddSearchDirectories: Adding more searchDirectories C:\Program Files\dotnet\sdk\8.0.202\Extensions,C:\Program Files\dotnet\sdk\8.0.202
TpTrace Information: 0 : 8432, 1, 2024/06/04, 17:32:00.242, 7044207506528, vstest.console.dll, AssemblyResolver.AddSearchDirectories: Adding more searchDirectories C:\Program Files\dotnet\sdk\8.0.202\Extensions,C:\Program Files\dotnet\sdk\8.0.202
TpTrace Information: 0 : 8432, 1, 2024/06/04, 17:32:00.242, 7044207507160, vstest.console.dll, AssemblyResolver.AddSearchDirectories: Adding more searchDirectories C:\Program Files\dotnet\sdk\8.0.202\Extensions,C:\Program Files\dotnet\sdk\8.0.202
TpTrace Information: 0 : 8432, 1, 2024/06/04, 17:32:00.243, 7044207507827, vstest.console.dll, AssemblyResolver.AddSearchDirectories: Adding more searchDirectories C:\Program Files\dotnet\sdk\8.0.202\Extensions,C:\Program Files\dotnet\sdk\8.0.202
TpTrace Information: 0 : 8432, 1, 2024/06/04, 17:32:00.243, 7044207508719, vstest.console.dll, AssemblyResolver.AddSearchDirectories: Adding more searchDirectories C:\Program Files\dotnet\sdk\8.0.202\Extensions,C:\Program Files\dotnet\sdk\8.0.202
TpTrace Verbose: 0 : 8432, 1, 2024/06/04, 17:32:00.243, 7044207511624, vstest.console.dll, MetadataReaderExtensionsHelper: Discovering extensions inside assembly 'Microsoft.Diagnostics.NETCore.Client, Version=0.2.9.2401, Culture=neutral, PublicKeyToken=31bf3856ad364e35' file path 'C:\Program Files\dotnet\sdk\8.0.202\Extensions\Microsoft.Diagnostics.NETCore.Client.dll'
TpTrace Information: 0 : 8432, 1, 2024/06/04, 17:32:00.244, 7044207526565, vstest.console.dll, AssemblyResolver.OnResolve: Microsoft.Bcl.AsyncInterfaces: Resolving assembly.
TpTrace Information: 0 : 8432, 1, 2024/06/04, 17:32:00.245, 7044207527968, vstest.console.dll, AssemblyResolver.OnResolve: Microsoft.Bcl.AsyncInterfaces: Resolved from cache.
TpTrace Verbose: 0 : 8432, 1, 2024/06/04, 17:32:00.245, 7044207528603, vstest.console.dll, CurrentDomainAssemblyResolve: Resolving assembly 'Microsoft.Bcl.AsyncInterfaces'.
TpTrace Information: 0 : 8432, 1, 2024/06/04, 17:32:00.245, 7044207529588, vstest.console.dll, AssemblyResolver.OnResolve: Microsoft.Bcl.AsyncInterfaces: Resolving assembly.
TpTrace Information: 0 : 8432, 1, 2024/06/04, 17:32:00.245, 7044207530362, vstest.console.dll, AssemblyResolver.OnResolve: Microsoft.Bcl.AsyncInterfaces: Resolved from cache.
TpTrace Verbose: 0 : 8432, 1, 2024/06/04, 17:32:00.245, 7044207530953, vstest.console.dll, CurrentDomainAssemblyResolve: Resolving assembly 'Microsoft.Bcl.AsyncInterfaces'.
TpTrace Verbose: 0 : 8432, 1, 2024/06/04, 17:32:00.245, 7044207531555, vstest.console.dll, CurrentDomainAssemblyResolve: Failed to resolve assembly 'Microsoft.Bcl.AsyncInterfaces'.
TpTrace Verbose: 0 : 8432, 1, 2024/06/04, 17:32:00.245, 7044207533634, vstest.console.dll, CurrentDomainAssemblyResolve: Failed to resolve assembly 'Microsoft.Bcl.AsyncInterfaces'.
TpTrace Warning: 0 : 8432, 1, 2024/06/04, 17:32:00.246, 7044207541335, vstest.console.dll, TestPluginDiscoverer: Failed to get types from assembly 'Microsoft.Diagnostics.NETCore.Client, Version=0.2.9.2401, Culture=neutral, PublicKeyToken=31bf3856ad364e35'. Error: System.Reflection.ReflectionTypeLoadException: Unable to load one or more of the requested types.
Could not load file or assembly 'Microsoft.Bcl.AsyncInterfaces, Version=6.0.0.0, Culture=neutral, PublicKeyToken=cc7b13ffcd2ddd51'. The system cannot find the file specified.
   at System.Reflection.RuntimeModule.GetTypes(RuntimeModule module)
   at System.Reflection.RuntimeModule.GetTypes()
   at Microsoft.VisualStudio.TestPlatform.Common.ExtensionFramework.TestPluginDiscoverer.GetTestExtensionsFromAssembly[TPluginInfo,TExtension](Assembly assembly, Dictionary`2 pluginInfos, String filePath) in /_/src/Microsoft.TestPlatform.Common/ExtensionFramework/TestPluginDiscoverer.cs:line 158
System.IO.FileNotFoundException: Could not load file or assembly 'Microsoft.Bcl.AsyncInterfaces, Version=6.0.0.0, Culture=neutral, PublicKeyToken=cc7b13ffcd2ddd51'. The system cannot find the file specified.
File name: 'Microsoft.Bcl.AsyncInterfaces, Version=6.0.0.0, Culture=neutral, PublicKeyToken=cc7b13ffcd2ddd51'
 ---> System.IO.FileNotFoundException: Could not load file or assembly 'Microsoft.Bcl.AsyncInterfaces, Culture=neutral, PublicKeyToken=null'. The system cannot find the file specified.
File name: 'Microsoft.Bcl.AsyncInterfaces, Culture=neutral, PublicKeyToken=null'
   at System.Reflection.RuntimeAssembly.InternalLoad(AssemblyName assemblyName, StackCrawlMark& stackMark, AssemblyLoadContext assemblyLoadContext, RuntimeAssembly requestingAssembly, Boolean throwOnFileNotFound)
   at System.Reflection.Assembly.Load(AssemblyName assemblyRef)
   at Microsoft.VisualStudio.TestPlatform.Common.ExtensionFramework.TestPluginCache.CurrentDomainAssemblyResolve(Object sender, AssemblyResolveEventArgs args) in /_/src/Microsoft.TestPlatform.Common/ExtensionFramework/TestPluginCache.cs:line 513
   at System.Runtime.Loader.AssemblyLoadContext.GetFirstResolvedAssemblyFromResolvingEvent(AssemblyName assemblyName)
   at System.Runtime.Loader.AssemblyLoadContext.ResolveUsingEvent(AssemblyName assemblyName)
   at System.Runtime.Loader.AssemblyLoadContext.ResolveUsingResolvingEvent(IntPtr gchManagedAssemblyLoadContext, AssemblyName assemblyName)
TpTrace Warning: 0 : 8432, 1, 2024/06/04, 17:32:00.246, 7044207545043, vstest.console.dll, LoaderExceptions: System.IO.FileNotFoundException: Could not load file or assembly 'Microsoft.Bcl.AsyncInterfaces, Version=6.0.0.0, Culture=neutral, PublicKeyToken=cc7b13ffcd2ddd51'. The system cannot find the file specified.
File name: 'Microsoft.Bcl.AsyncInterfaces, Version=6.0.0.0, Culture=neutral, PublicKeyToken=cc7b13ffcd2ddd51'
 ---> System.IO.FileNotFoundException: Could not load file or assembly 'Microsoft.Bcl.AsyncInterfaces, Culture=neutral, PublicKeyToken=null'. The system cannot find the file specified.
File name: 'Microsoft.Bcl.AsyncInterfaces, Culture=neutral, PublicKeyToken=null'
   at System.Reflection.RuntimeAssembly.InternalLoad(AssemblyName assemblyName, StackCrawlMark& stackMark, AssemblyLoadContext assemblyLoadContext, RuntimeAssembly requestingAssembly, Boolean throwOnFileNotFound)
   at System.Reflection.Assembly.Load(AssemblyName assemblyRef)
   at Microsoft.VisualStudio.TestPlatform.Common.ExtensionFramework.TestPluginCache.CurrentDomainAssemblyResolve(Object sender, AssemblyResolveEventArgs args) in /_/src/Microsoft.TestPlatform.Common/ExtensionFramework/TestPluginCache.cs:line 513
   at System.Runtime.Loader.AssemblyLoadContext.GetFirstResolvedAssemblyFromResolvingEvent(AssemblyName assemblyName)
   at System.Runtime.Loader.AssemblyLoadContext.ResolveUsingEvent(AssemblyName assemblyName)
   at System.Runtime.Loader.AssemblyLoadContext.ResolveUsingResolvingEvent(IntPtr gchManagedAssemblyLoadContext, AssemblyName assemblyName)
TpTrace Verbose: 0 : 8432, 1, 2024/06/04, 17:32:00.246, 7044207547010, vstest.console.dll, MetadataReaderExtensionsHelper: Discovering extensions inside assembly 'Microsoft.TestPlatform.Extensions.BlameDataCollector, Version=15.0.0.0, Culture=neutral, PublicKeyToken=b03f5f7f11d50a3a' file path 'C:\Program Files\dotnet\sdk\8.0.202\Extensions\Microsoft.TestPlatform.Extensions.BlameDataCollector.dll'
TpTrace Information: 0 : 8432, 1, 2024/06/04, 17:32:00.247, 7044207556265, vstest.console.dll, GetTestExtensionFromType: Register extension with identifier data 'logger://Microsoft/TestPlatform/Extensions/Blame/v1' and type 'Microsoft.TestPlatform.Extensions.BlameDataCollector.BlameLogger, Microsoft.TestPlatform.Extensions.BlameDataCollector, Version=15.0.0.0, Culture=neutral, PublicKeyToken=b03f5f7f11d50a3a' inside file 'C:\Program Files\dotnet\sdk\8.0.202\Extensions\Microsoft.TestPlatform.Extensions.BlameDataCollector.dll'
TpTrace Verbose: 0 : 8432, 1, 2024/06/04, 17:32:00.248, 7044207557944, vstest.console.dll, MetadataReaderExtensionsHelper: Discovering extensions inside assembly 'Microsoft.TestPlatform.Extensions.EventLogCollector, Version=15.0.0.0, Culture=neutral, PublicKeyToken=b03f5f7f11d50a3a' file path 'C:\Program Files\dotnet\sdk\8.0.202\Extensions\Microsoft.TestPlatform.Extensions.EventLogCollector.dll'
TpTrace Verbose: 0 : 8432, 1, 2024/06/04, 17:32:00.248, 7044207564726, vstest.console.dll, MetadataReaderExtensionsHelper: Discovering extensions inside assembly 'Microsoft.TestPlatform.TestHostRuntimeProvider, Version=15.0.0.0, Culture=neutral, PublicKeyToken=b03f5f7f11d50a3a' file path 'C:\Program Files\dotnet\sdk\8.0.202\Extensions\Microsoft.TestPlatform.TestHostRuntimeProvider.dll'
TpTrace Verbose: 0 : 8432, 1, 2024/06/04, 17:32:00.249, 7044207570792, vstest.console.dll, MetadataReaderExtensionsHelper: Discovering extensions inside assembly 'Microsoft.VisualStudio.TestPlatform.Extensions.Html.TestLogger, Version=15.0.0.0, Culture=neutral, PublicKeyToken=b03f5f7f11d50a3a' file path 'C:\Program Files\dotnet\sdk\8.0.202\Extensions\Microsoft.VisualStudio.TestPlatform.Extensions.Html.TestLogger.dll'
TpTrace Information: 0 : 8432, 1, 2024/06/04, 17:32:00.250, 7044207580907, vstest.console.dll, GetTestExtensionFromType: Register extension with identifier data 'logger://Microsoft/TestPlatform/HtmlLogger/v1' and type 'Microsoft.VisualStudio.TestPlatform.Extensions.HtmlLogger.HtmlLogger, Microsoft.VisualStudio.TestPlatform.Extensions.Html.TestLogger, Version=15.0.0.0, Culture=neutral, PublicKeyToken=b03f5f7f11d50a3a' inside file 'C:\Program Files\dotnet\sdk\8.0.202\Extensions\Microsoft.VisualStudio.TestPlatform.Extensions.Html.TestLogger.dll'
TpTrace Verbose: 0 : 8432, 1, 2024/06/04, 17:32:00.250, 7044207582293, vstest.console.dll, MetadataReaderExtensionsHelper: Discovering extensions inside assembly 'Microsoft.VisualStudio.TestPlatform.Extensions.Trx.TestLogger, Version=15.0.0.0, Culture=neutral, PublicKeyToken=b03f5f7f11d50a3a' file path 'C:\Program Files\dotnet\sdk\8.0.202\Extensions\Microsoft.VisualStudio.TestPlatform.Extensions.Trx.TestLogger.dll'
TpTrace Information: 0 : 8432, 1, 2024/06/04, 17:32:00.251, 7044207589330, vstest.console.dll, GetTestExtensionFromType: Register extension with identifier data 'logger://Microsoft/TestPlatform/TrxLogger/v1' and type 'Microsoft.VisualStudio.TestPlatform.Extensions.TrxLogger.TrxLogger, Microsoft.VisualStudio.TestPlatform.Extensions.Trx.TestLogger, Version=15.0.0.0, Culture=neutral, PublicKeyToken=b03f5f7f11d50a3a' inside file 'C:\Program Files\dotnet\sdk\8.0.202\Extensions\Microsoft.VisualStudio.TestPlatform.Extensions.Trx.TestLogger.dll'
TpTrace Verbose: 0 : 8432, 1, 2024/06/04, 17:32:00.251, 7044207590678, vstest.console.dll, TestPluginCache: Discovered the extensions using extension path ''.
TpTrace Verbose: 0 : 8432, 1, 2024/06/04, 17:32:00.251, 7044207591219, vstest.console.dll, TestPluginCache: Discoverers are ''.
TpTrace Verbose: 0 : 8432, 1, 2024/06/04, 17:32:00.251, 7044207591624, vstest.console.dll, TestPluginCache: Executors are ''.
TpTrace Verbose: 0 : 8432, 1, 2024/06/04, 17:32:00.251, 7044207592016, vstest.console.dll, TestPluginCache: Executors2 are ''.
TpTrace Verbose: 0 : 8432, 1, 2024/06/04, 17:32:00.251, 7044207592494, vstest.console.dll, TestPluginCache: Setting providers are ''.
TpTrace Verbose: 0 : 8432, 1, 2024/06/04, 17:32:00.251, 7044207594198, vstest.console.dll, TestPluginCache: Loggers are 'logger://Microsoft/TestPlatform/Extensions/Blame/v1,logger://Microsoft/TestPlatform/HtmlLogger/v1,logger://Microsoft/TestPlatform/TrxLogger/v1'.
TpTrace Verbose: 0 : 8432, 1, 2024/06/04, 17:32:00.251, 7044207595151, vstest.console.dll, TestPluginCache: TestHosts are 'HostProvider://DefaultTestHost,HostProvider://DotnetTestHost'.
TpTrace Verbose: 0 : 8432, 1, 2024/06/04, 17:32:00.251, 7044207595756, vstest.console.dll, TestPluginCache: DataCollectors are ''.
TpTrace Information: 0 : 8432, 1, 2024/06/04, 17:32:00.253, 7044207613490, vstest.console.dll, TestPluginManager.CreateTestExtension: Attempting to load test extension: Microsoft.TestPlatform.Extensions.BlameDataCollector.BlameLogger
TpTrace Verbose: 0 : 8432, 1, 2024/06/04, 17:32:00.266, 7044207740571, vstest.console.dll, TestEngine: Initializing Parallel Execution as MaxCpuCount is set to: 1
TpTrace Information: 0 : 8432, 1, 2024/06/04, 17:32:00.269, 7044207767677, vstest.console.dll, TestPluginManager.CreateTestExtension: Attempting to load test extension: Microsoft.VisualStudio.TestPlatform.CrossPlatEngine.Hosting.DefaultTestHostManager
TpTrace Information: 0 : 8432, 1, 2024/06/04, 17:32:00.270, 7044207782810, vstest.console.dll, TestPluginManager.CreateTestExtension: Attempting to load test extension: Microsoft.VisualStudio.TestPlatform.CrossPlatEngine.Hosting.DotnetTestHostManager
TpTrace Information: 0 : 8432, 1, 2024/06/04, 17:32:00.271, 7044207790921, vstest.console.dll, InferRunSettingsHelper.IsTestSettingsEnabled: Unable to navigate to RunSettings/MSTest. Current node: RunSettings
TpTrace Verbose: 0 : 8432, 1, 2024/06/04, 17:32:00.272, 7044207805785, vstest.console.dll, ParallelOperationManager.ClearSlots: Clearing all slots. Slots should accept more work: True
TpTrace Verbose: 0 : 8432, 1, 2024/06/04, 17:32:00.273, 7044207815205, vstest.console.dll, ParallelOperationManager.SetOccupiedSlotCount: Setting slot counts AvailableSlotCount = 1, OccupiedSlotCount = 0.
TpTrace Verbose: 0 : 8432, 1, 2024/06/04, 17:32:00.274, 7044207819434, vstest.console.dll, Occupied slots:

TpTrace Verbose: 0 : 8432, 1, 2024/06/04, 17:32:00.278, 7044207867194, vstest.console.dll, TestEngine.GetExecutionManager: Chosen execution manager 'Microsoft.VisualStudio.TestPlatform.CrossPlatEngine.Client.Parallel.ParallelProxyExecutionManager, Microsoft.TestPlatform.CrossPlatEngine, Version=15.0.0.0, Culture=neutral, PublicKeyToken=b03f5f7f11d50a3a' ParallelLevel '1'.
TpTrace Verbose: 0 : 8432, 1, 2024/06/04, 17:32:00.279, 7044207869510, vstest.console.dll, TestRunRequest.ExecuteAsync: Creating test run request.
TpTrace Verbose: 0 : 8432, 1, 2024/06/04, 17:32:00.279, 7044207872743, vstest.console.dll, TestRunRequest.ExecuteAsync: Starting.
TpTrace Information: 0 : 8432, 1, 2024/06/04, 17:32:00.281, 7044207889911, vstest.console.dll, TestRunRequest.ExecuteAsync: Starting run with settings:TestRunCriteria:
   KeepAlive=False,FrequencyOfRunStatsChangeEvent=10,RunStatsChangeEventTimeout=00:00:01.5000000,TestCaseFilter=,TestExecutorLauncher=
   Settingsxml=<RunSettings>
  <RunConfiguration>
    <ResultsDirectory>C:\Users\VC\Desktop\Presidio_mini_Project\Job_Portal_API\ServicesTest\bin\Debug\net8.0\fine-code-coverage\coverage-tool-output</ResultsDirectory>
    <TargetPlatform>X64</TargetPlatform>
    <TargetFrameworkVersion>.NETCoreApp,Version=v8.0</TargetFrameworkVersion>
    <DesignMode>False</DesignMode>
    <CollectSourceInformation>False</CollectSourceInformation>
  </RunConfiguration>
  <LoggerRunSettings>
    <Loggers>
      <Logger friendlyName="blame" enabled="True" />
      <Logger friendlyName="Console" uri="logger://microsoft/TestPlatform/ConsoleLogger/v1" assemblyQualifiedName="Microsoft.VisualStudio.TestPlatform.CommandLine.Internal.ConsoleLogger, vstest.console, Version=15.0.0.0, Culture=neutral, PublicKeyToken=b03f5f7f11d50a3a" codeBase="C:\Program Files\dotnet\sdk\8.0.202\vstest.console.dll" enabled="True" />
    </Loggers>
  </LoggerRunSettings>
  <DataCollectionRunSettings>
    <DataCollectors>
      <DataCollector friendlyName="blame" enabled="True">
        <Configuration>
          <ResultsDirectory>C:\Users\VC\Desktop\Presidio_mini_Project\Job_Portal_API\ServicesTest\bin\Debug\net8.0\fine-code-coverage\coverage-tool-output</ResultsDirectory>
        </Configuration>
      </DataCollector>
    </DataCollectors>
  </DataCollectionRunSettings>
</RunSettings>

TpTrace Verbose: 0 : 8432, 1, 2024/06/04, 17:32:00.281, 7044207891339, vstest.console.dll, TestRunRequest.ExecuteAsync: Wait for the first run request is over.
TpTrace Verbose: 0 : 8432, 1, 2024/06/04, 17:32:00.281, 7044207895702, vstest.console.dll, MulticastDelegateUtilities.SafeInvoke: TestRun.TestRunStart: Invoking callbacks was skipped because there are no subscribers.
TpTrace Verbose: 0 : 8432, 4, 2024/06/04, 17:32:00.282, 7044207899541, vstest.console.dll, MulticastDelegateUtilities.SafeInvoke: InternalTestLoggerEvents.SendTestRunStart: Invoking callback 1/1 for Microsoft.VisualStudio.TestPlatform.CommandLine.Internal.ConsoleLogger., took 0 ms.
TpTrace Verbose: 0 : 8432, 1, 2024/06/04, 17:32:00.283, 7044207910834, vstest.console.dll, ParallelProxyExecutionManager: Start execution. Total sources: 1
TpTrace Verbose: 0 : 8432, 1, 2024/06/04, 17:32:00.283, 7044207915555, vstest.console.dll, ParallelOperationManager.StartWork: Starting adding 1 workloads.
TpTrace Verbose: 0 : 8432, 1, 2024/06/04, 17:32:00.284, 7044207917741, vstest.console.dll, ParallelOperationManager.ClearSlots: Clearing all slots. Slots should accept more work: True
TpTrace Verbose: 0 : 8432, 1, 2024/06/04, 17:32:00.284, 7044207918994, vstest.console.dll, ParallelOperationManager.SetOccupiedSlotCount: Setting slot counts AvailableSlotCount = 1, OccupiedSlotCount = 0.
TpTrace Verbose: 0 : 8432, 1, 2024/06/04, 17:32:00.284, 7044207919773, vstest.console.dll, Occupied slots:

TpTrace Verbose: 0 : 8432, 1, 2024/06/04, 17:32:00.286, 7044207944413, vstest.console.dll, TestRequestSender is acting as server.
TpTrace Verbose: 0 : 8432, 1, 2024/06/04, 17:32:00.289, 7044207974404, vstest.console.dll, ParallelOperationManager.RunWorkInParallel: Adding 1 workload to slot, remaining workloads 0.
TpTrace Verbose: 0 : 8432, 1, 2024/06/04, 17:32:00.289, 7044207976130, vstest.console.dll, ParallelOperationManager.SetOccupiedSlotCount: Setting slot counts AvailableSlotCount = 0, OccupiedSlotCount = 1.
TpTrace Verbose: 0 : 8432, 1, 2024/06/04, 17:32:00.290, 7044207977796, vstest.console.dll, Occupied slots:
0: C:\Users\VC\Desktop\Presidio_mini_Project\Job_Portal_API\ServicesTest\bin\Debug\net8.0\fine-code-coverage\build-output\ServicesTest.dll
TpTrace Verbose: 0 : 8432, 1, 2024/06/04, 17:32:00.291, 7044207993499, vstest.console.dll, ParallelOperationManager.RunWorkInParallel: Started host in slot number 0 for work (source): C:\Users\VC\Desktop\Presidio_mini_Project\Job_Portal_API\ServicesTest\bin\Debug\net8.0\fine-code-coverage\build-output\ServicesTest.dll.
TpTrace Verbose: 0 : 8432, 1, 2024/06/04, 17:32:00.293, 7044208014139, vstest.console.dll, ParallelOperationManager.RunWorkInParallel: We started 1 work items, which is the max parallel level. Won't start more work.
TpTrace Verbose: 0 : 8432, 5, 2024/06/04, 17:32:00.293, 7044208015400, vstest.console.dll, ParallelProxyExecutionManager.StartTestRunOnConcurrentManager: Initializing uninitialized client. Started clients: 0
TpTrace Verbose: 0 : 8432, 1, 2024/06/04, 17:32:00.293, 7044208016102, vstest.console.dll, ParallelOperationManager.RunWorkInParallel: We started 1 work items in here, returning True.
TpTrace Information: 0 : 8432, 1, 2024/06/04, 17:32:00.294, 7044208018208, vstest.console.dll, TestRunRequest.ExecuteAsync: Started.
TpTrace Verbose: 0 : 8432, 5, 2024/06/04, 17:32:00.294, 7044208018816, vstest.console.dll, DataCollectionRequestSender.InitializeCommunication : Initialize communication. 
TpTrace Verbose: 0 : 8432, 1, 2024/06/04, 17:32:00.295, 7044208030979, vstest.console.dll, TestRunRequest.WaitForCompletion: Waiting with timeout -1.
TpTrace Information: 0 : 8432, 5, 2024/06/04, 17:32:00.307, 7044208153516, vstest.console.dll, Listening on Endpoint : 127.0.0.1:57476
TpTrace Verbose: 0 : 8432, 5, 2024/06/04, 17:32:00.319, 7044208274191, vstest.console.dll, DotnetDataCollectionLauncher: Adding  --runtimeconfig "C:\Program Files\dotnet\sdk\8.0.202\datacollector.runtimeconfig.json" in args
TpTrace Verbose: 0 : 8432, 5, 2024/06/04, 17:32:00.319, 7044208276578, vstest.console.dll, DotnetDataCollectionLauncher: Adding  --depsfile "C:\Program Files\dotnet\sdk\8.0.202\datacollector.deps.json" in args
TpTrace Verbose: 0 : 8432, 5, 2024/06/04, 17:32:00.321, 7044208289679, vstest.console.dll, DotnetDataCollectionLauncher: Full path of dotnet.exe is C:\Program Files\dotnet\dotnet.exe
TpTrace Information: 0 : 8432, 5, 2024/06/04, 17:32:00.330, 7044208382154, vstest.console.dll, ProxyDataCollectionManager.Initialize: Launched datacollector processId: 32408 port: 57476
TpTrace Information: 0 : 8432, 5, 2024/06/04, 17:32:00.330, 7044208386508, vstest.console.dll, ProxyDataCollectionManager.Initialize: waiting for connection with timeout: 90 seconds
TpTrace Verbose: 0 : 8432, 5, 2024/06/04, 17:32:00.331, 7044208387702, vstest.console.dll, DataCollectionRequestSender.WaitForRequestHandlerConnection : Waiting for connection with timeout: 90000
TpTrace Information: 0 : 8432, 7, 2024/06/04, 17:32:00.629, 7044211373393, vstest.console.dll, Using the buffer size of 16384 bytes
TpTrace Verbose: 0 : 8432, 5, 2024/06/04, 17:32:00.629, 7044211373424, vstest.console.dll, SocketCommunicationManager.WaitForClientConnection took: 298 ms, with 90000 ms timeout, and finished with True.
TpTrace Information: 0 : 8432, 7, 2024/06/04, 17:32:00.629, 7044211375794, vstest.console.dll, Accepted Client request and set the flag
TpTrace Verbose: 0 : 8432, 5, 2024/06/04, 17:32:00.630, 7044211377755, vstest.console.dll, ProxyDataCollectionManager.InvokeDataCollectionServiceAction: Starting.
TpTrace Information: 0 : 8432, 5, 2024/06/04, 17:32:00.630, 7044211379241, vstest.console.dll, ProxyDataCollectionManager.BeforeTestRunStart: Get environment variable and port for datacollector processId: 32408 port: 57476
TpTrace Verbose: 0 : 8432, 5, 2024/06/04, 17:32:00.630, 7044211381262, vstest.console.dll, DataCollectionRequestSender.SendBeforeTestRunStartAndGetResult: Send BeforeTestRunStart message with settingsXml <RunSettings><RunConfiguration><ResultsDirectory>C:\Users\VC\Desktop\Presidio_mini_Project\Job_Portal_API\ServicesTest\bin\Debug\net8.0\fine-code-coverage\coverage-tool-output</ResultsDirectory><TargetPlatform>X64</TargetPlatform><TargetFrameworkVersion>.NETCoreApp,Version=v8.0</TargetFrameworkVersion><DesignMode>False</DesignMode><CollectSourceInformation>False</CollectSourceInformation><TestAdaptersPaths>C:\Program Files\dotnet\sdk\8.0.202\Extensions</TestAdaptersPaths></RunConfiguration><LoggerRunSettings><Loggers><Logger friendlyName="blame" enabled="True" /><Logger friendlyName="Console" uri="logger://microsoft/TestPlatform/ConsoleLogger/v1" assemblyQualifiedName="Microsoft.VisualStudio.TestPlatform.CommandLine.Internal.ConsoleLogger, vstest.console, Version=15.0.0.0, Culture=neutral, PublicKeyToken=b03f5f7f11d50a3a" codeBase="C:\Program Files\dotnet\sdk\8.0.202\vstest.console.dll" enabled="True" /></Loggers></LoggerRunSettings><DataCollectionRunSettings><DataCollectors><DataCollector friendlyName="blame" enabled="True"><Configuration><ResultsDirectory>C:\Users\VC\Desktop\Presidio_mini_Project\Job_Portal_API\ServicesTest\bin\Debug\net8.0\fine-code-coverage\coverage-tool-output</ResultsDirectory></Configuration></DataCollector></DataCollectors></DataCollectionRunSettings></RunSettings> and sources System.Collections.Generic.List`1[System.String]: 
TpTrace Verbose: 0 : 8432, 5, 2024/06/04, 17:32:00.710, 7044212186699, vstest.console.dll, DataCollectionRequestSender.SendBeforeTestRunStartAndGetResult: Received message: (DataCollection.SendMessage) -> {"MessageType":"DataCollection.SendMessage","Payload":{"FriendlyName":null,"Uri":null,"TestCaseId":"00000000-0000-0000-0000-000000000000","Message":"Logging DataCollector Diagnostics in file: C:\\Users\\VC\\Desktop\\Presidio_mini_Project\\Job_Portal_API\\ServicesTest\\bin\\Debug\\net8.0\\fine-code-coverage\\coverage-tool-output\\diagnostics.datacollector.24-06-04_17-32-00_31928_5.log","Level":0}}
TpTrace Verbose: 0 : 8432, 5, 2024/06/04, 17:32:00.836, 7044213443761, vstest.console.dll, DataCollectionRequestSender.SendBeforeTestRunStartAndGetResult: Received message: (DataCollection.BeforeTestRunStartResult) -> {"MessageType":"DataCollection.BeforeTestRunStartResult","Payload":{"EnvironmentVariables":{},"DataCollectionEventsPort":57478}}
TpTrace Information: 0 : 8432, 5, 2024/06/04, 17:32:00.841, 7044213492698, vstest.console.dll, ProxyDataCollectionManager.BeforeTestRunStart: SendBeforeTestRunStartAndGetResult successful, env variable from datacollector:   and testhost port: 57478
TpTrace Information: 0 : 8432, 5, 2024/06/04, 17:32:00.841, 7044213494141, vstest.console.dll, ProxyDataCollectionManager.InvokeDataCollectionServiceAction: Completed.
TpTrace Verbose: 0 : 8432, 5, 2024/06/04, 17:32:00.841, 7044213494671, vstest.console.dll, ParallelProxyExecutionManager.StartTestRunOnConcurrentManager: Initializing test run. Started clients: 0
TpTrace Verbose: 0 : 8432, 5, 2024/06/04, 17:32:00.841, 7044213495642, vstest.console.dll, ProxyExecutionManager: Test host is always Lazy initialize.
TpTrace Verbose: 0 : 8432, 5, 2024/06/04, 17:32:00.842, 7044213498203, vstest.console.dll, TestRequestSender.InitializeCommunication: initialize communication. 
TpTrace Information: 0 : 8432, 5, 2024/06/04, 17:32:00.842, 7044213504914, vstest.console.dll, SocketServer.Start: Listening on endpoint : 127.0.0.1:57479
TpTrace Verbose: 0 : 8432, 5, 2024/06/04, 17:32:00.844, 7044213518816, vstest.console.dll, DotnetTestHostmanager.GetTestHostProcessStartInfo: Platform environment 'X64' target architecture 'X64' framework '.NETCoreApp,Version=v8.0' OS 'Windows'
TpTrace Verbose: 0 : 8432, 5, 2024/06/04, 17:32:00.844, 7044213523972, vstest.console.dll, DotnetTestHostmanager: Adding  --runtimeconfig "C:\Users\VC\Desktop\Presidio_mini_Project\Job_Portal_API\ServicesTest\bin\Debug\net8.0\fine-code-coverage\build-output\ServicesTest.runtimeconfig.json" in args
TpTrace Verbose: 0 : 8432, 5, 2024/06/04, 17:32:00.844, 7044213526838, vstest.console.dll, DotnetTestHostmanager: Adding  --depsfile "C:\Users\VC\Desktop\Presidio_mini_Project\Job_Portal_API\ServicesTest\bin\Debug\net8.0\fine-code-coverage\build-output\ServicesTest.deps.json" in args
TpTrace Verbose: 0 : 8432, 5, 2024/06/04, 17:32:00.845, 7044213533508, vstest.console.dll, DotnetTestHostmanager.IsWinOnArm: Current PROCESSOR_ARCHITECTURE from environment variable 'AMD64'
TpTrace Verbose: 0 : 8432, 5, 2024/06/04, 17:32:00.845, 7044213535539, vstest.console.dll, DotnetTestHostmanager.IsWinOnArm: Is Windows on ARM 'False'
TpTrace Verbose: 0 : 8432, 5, 2024/06/04, 17:32:00.846, 7044213538396, vstest.console.dll, DotnetTestHostManager: testhost.exe found at path: C:\Users\VC\Desktop\Presidio_mini_Project\Job_Portal_API\ServicesTest\bin\Debug\net8.0\fine-code-coverage\build-output\testhost.exe
TpTrace Verbose: 0 : 8432, 5, 2024/06/04, 17:32:00.846, 7044213539221, vstest.console.dll, DotnetTestHostmanager: Full path of host exe is C:\Users\VC\Desktop\Presidio_mini_Project\Job_Portal_API\ServicesTest\bin\Debug\net8.0\fine-code-coverage\build-output\testhost.exe
TpTrace Verbose: 0 : 8432, 5, 2024/06/04, 17:32:00.846, 7044213541386, vstest.console.dll, DotnetTestHostmanager.LaunchTestHostAsync: Found 'VSTEST_WINAPPHOST_DOTNET_ROOT' in env variables, value 'C:\Program Files\dotnet', forwarding to 'DOTNET_ROOT'
TpTrace Verbose: 0 : 8432, 5, 2024/06/04, 17:32:00.846, 7044213544229, vstest.console.dll, DotnetTestHostManager: Starting process 'C:\Users\VC\Desktop\Presidio_mini_Project\Job_Portal_API\ServicesTest\bin\Debug\net8.0\fine-code-coverage\build-output\testhost.exe' with command line ' --runtimeconfig "C:\Users\VC\Desktop\Presidio_mini_Project\Job_Portal_API\ServicesTest\bin\Debug\net8.0\fine-code-coverage\build-output\ServicesTest.runtimeconfig.json" --depsfile "C:\Users\VC\Desktop\Presidio_mini_Project\Job_Portal_API\ServicesTest\bin\Debug\net8.0\fine-code-coverage\build-output\ServicesTest.deps.json" --port 57479 --endpoint 127.0.0.1:057479 --role client --parentprocessid 8432 --diag "C:\Users\VC\Desktop\Presidio_mini_Project\Job_Portal_API\ServicesTest\bin\Debug\net8.0\fine-code-coverage\coverage-tool-output\diagnostics.host.24-06-04_17-32-00_84349_5.log" --tracelevel 4 --datacollectionport 57478 --telemetryoptedin false'
TpTrace Verbose: 0 : 8432, 5, 2024/06/04, 17:32:00.855, 7044213635482, vstest.console.dll, MulticastDelegateUtilities.SafeInvoke: HostProviderEvents.OnHostLaunched: Invoking callback 1/2 for Microsoft.VisualStudio.TestPlatform.CrossPlatEngine.Client.ProxyExecutionManagerWithDataCollection., took 1 ms.
TpTrace Verbose: 0 : 8432, 5, 2024/06/04, 17:32:00.856, 7044213640211, vstest.console.dll, Test Runtime launched
TpTrace Verbose: 0 : 8432, 5, 2024/06/04, 17:32:00.856, 7044213641298, vstest.console.dll, MulticastDelegateUtilities.SafeInvoke: HostProviderEvents.OnHostLaunched: Invoking callback 2/2 for Microsoft.VisualStudio.TestPlatform.CrossPlatEngine.Client.ProxyOperationManager., took 0 ms.
TpTrace Verbose: 0 : 8432, 5, 2024/06/04, 17:32:00.856, 7044213643286, vstest.console.dll, TestRequestSender.WaitForRequestHandlerConnection: waiting for connection with timeout: 90000.
TpTrace Verbose: 0 : 8432, 12, 2024/06/04, 17:32:01.151, 7044216593172, vstest.console.dll, MulticastDelegateUtilities.SafeInvoke: SocketServer: ClientConnected: Invoking callback 1/1 for Microsoft.VisualStudio.TestPlatform.CommunicationUtilities.TestRequestSender., took 0 ms.
TpTrace Verbose: 0 : 8432, 5, 2024/06/04, 17:32:01.151, 7044216593172, vstest.console.dll, TestRequestSender.WaitForRequestHandlerConnection: waiting took 294 ms, with timeout 90000 ms, and result 0, which is success.
TpTrace Verbose: 0 : 8432, 12, 2024/06/04, 17:32:01.151, 7044216595378, vstest.console.dll, SocketServer.OnClientConnected: Client connected for endPoint: 127.0.0.1:57479, starting MessageLoopAsync:
TpTrace Verbose: 0 : 8432, 13, 2024/06/04, 17:32:01.152, 7044216607022, vstest.console.dll, TcpClientExtensions.MessageLoopAsync: Polling on remoteEndPoint: 127.0.0.1:57480 localEndPoint: 127.0.0.1:57479 after 0 ms
TpTrace Verbose: 0 : 8432, 5, 2024/06/04, 17:32:01.153, 7044216615698, vstest.console.dll, TestRequestSender.CheckVersionWithTestHost: Sending check version message: {"MessageType":"ProtocolVersion","Payload":7}
TpTrace Verbose: 0 : 8432, 13, 2024/06/04, 17:32:01.353, 7044218613173, vstest.console.dll, TcpClientExtensions.MessageLoopAsync: NotifyDataAvailable remoteEndPoint: 127.0.0.1:57480 localEndPoint: 127.0.0.1:57479
TpTrace Verbose: 0 : 8432, 13, 2024/06/04, 17:32:01.354, 7044218618650, vstest.console.dll, TestRequestSender.CheckVersionWithTestHost: onMessageReceived received message: (ProtocolVersion) -> {"MessageType":"ProtocolVersion","Payload":7}
TpTrace Verbose: 0 : 8432, 13, 2024/06/04, 17:32:01.355, 7044218629678, vstest.console.dll, MulticastDelegateUtilities.SafeInvoke: LengthPrefixCommunicationChannel: MessageReceived: Invoking callback 1/1 for Microsoft.VisualStudio.TestPlatform.CommunicationUtilities.TestRequestSender+<>c__DisplayClass29_0., took 1 ms.
TpTrace Verbose: 0 : 8432, 13, 2024/06/04, 17:32:01.355, 7044218631854, vstest.console.dll, TcpClientExtensions.MessageLoopAsync: Polling on remoteEndPoint: 127.0.0.1:57480 localEndPoint: 127.0.0.1:57479 after 202 ms
TpTrace Verbose: 0 : 8432, 5, 2024/06/04, 17:32:01.355, 7044218632392, vstest.console.dll, TestPluginCache.GetExtensionPaths: Filtered extension paths: 
TpTrace Verbose: 0 : 8432, 5, 2024/06/04, 17:32:01.355, 7044218634772, vstest.console.dll, TestPluginCache.GetExtensionPaths: Added default extension paths: C:\Program Files\dotnet\sdk\8.0.202\Extensions\Microsoft.Diagnostics.NETCore.Client.dll
C:\Program Files\dotnet\sdk\8.0.202\Extensions\Microsoft.TestPlatform.Extensions.BlameDataCollector.dll
C:\Program Files\dotnet\sdk\8.0.202\Extensions\Microsoft.TestPlatform.Extensions.EventLogCollector.dll
C:\Program Files\dotnet\sdk\8.0.202\Extensions\Microsoft.TestPlatform.TestHostRuntimeProvider.dll
C:\Program Files\dotnet\sdk\8.0.202\Extensions\Microsoft.VisualStudio.TestPlatform.Extensions.Html.TestLogger.dll
C:\Program Files\dotnet\sdk\8.0.202\Extensions\Microsoft.VisualStudio.TestPlatform.Extensions.Trx.TestLogger.dll
TpTrace Verbose: 0 : 8432, 5, 2024/06/04, 17:32:01.355, 7044218636124, vstest.console.dll, TestPluginCache.GetExtensionPaths: Added unfilterableExtensionPaths: 
TpTrace Verbose: 0 : 8432, 5, 2024/06/04, 17:32:01.363, 7044218713246, vstest.console.dll, TestRequestSender.InitializeExecution: Sending initialize execution with message: {"Version":7,"MessageType":"TestExecution.Initialize","Payload":["C:\\Users\\VC\\Desktop\\Presidio_mini_Project\\Job_Portal_API\\ServicesTest\\bin\\Debug\\net8.0\\fine-code-coverage\\build-output\\NUnit3.TestAdapter.dll"]}
TpTrace Verbose: 0 : 8432, 5, 2024/06/04, 17:32:01.364, 7044218719262, vstest.console.dll, ParallelProxyExecutionManager.StartTestRunOnConcurrentManager: Execution starting. Started clients: 1
TpTrace Verbose: 0 : 8432, 5, 2024/06/04, 17:32:01.364, 7044218725827, vstest.console.dll, TestRunRequest:SendTestRunMessage: Starting.
TpTrace Verbose: 0 : 8432, 5, 2024/06/04, 17:32:01.365, 7044218730190, vstest.console.dll, MulticastDelegateUtilities.SafeInvoke: TestRun.LogMessages: Invoking callback 1/1 for Microsoft.VisualStudio.TestPlatform.CommandLine.TestRunResultAggregator., took 0 ms.
TpTrace Information: 0 : 8432, 5, 2024/06/04, 17:32:01.365, 7044218731427, vstest.console.dll, TestRunRequest:SendTestRunMessage: Completed.
TpTrace Verbose: 0 : 8432, 4, 2024/06/04, 17:32:01.365, 7044218734149, vstest.console.dll, MulticastDelegateUtilities.SafeInvoke: InternalTestLoggerEvents.SendTestRunMessage: Invoking callback 1/1 for Microsoft.VisualStudio.TestPlatform.CommandLine.Internal.ConsoleLogger., took 0 ms.
TpTrace Warning: 0 : 8432, 5, 2024/06/04, 17:32:01.366, 7044218740014, vstest.console.dll, InferRunSettingsHelper.MakeRunsettingsCompatible: Removing the following settings: TargetPlatform from RunSettings file. To use those settings please move to latest version of Microsoft.NET.Test.Sdk
TpTrace Verbose: 0 : 8432, 13, 2024/06/04, 17:32:01.367, 7044218753831, vstest.console.dll, TcpClientExtensions.MessageLoopAsync: NotifyDataAvailable remoteEndPoint: 127.0.0.1:57480 localEndPoint: 127.0.0.1:57479
TpTrace Verbose: 0 : 8432, 13, 2024/06/04, 17:32:01.368, 7044218762694, vstest.console.dll, TestRequestSender.OnExecutionMessageReceived: Received message: {"Version":7,"MessageType":"TestSession.Message","Payload":{"MessageLevel":0,"Message":"Logging TestHost Diagnostics in file: C:\\Users\\VC\\Desktop\\Presidio_mini_Project\\Job_Portal_API\\ServicesTest\\bin\\Debug\\net8.0\\fine-code-coverage\\coverage-tool-output\\diagnostics.host.24-06-04_17-32-00_84349_5.log"}}
TpTrace Verbose: 0 : 8432, 13, 2024/06/04, 17:32:01.377, 7044218849760, vstest.console.dll, TestRunRequest:SendTestRunMessage: Starting.
TpTrace Verbose: 0 : 8432, 13, 2024/06/04, 17:32:01.377, 7044218854620, vstest.console.dll, MulticastDelegateUtilities.SafeInvoke: TestRun.LogMessages: Invoking callback 1/1 for Microsoft.VisualStudio.TestPlatform.CommandLine.TestRunResultAggregator., took 0 ms.
TpTrace Verbose: 0 : 8432, 4, 2024/06/04, 17:32:01.377, 7044218855273, vstest.console.dll, MulticastDelegateUtilities.SafeInvoke: InternalTestLoggerEvents.SendTestRunMessage: Invoking callback 1/1 for Microsoft.VisualStudio.TestPlatform.CommandLine.Internal.ConsoleLogger., took 0 ms.
TpTrace Information: 0 : 8432, 13, 2024/06/04, 17:32:01.377, 7044218855690, vstest.console.dll, TestRunRequest:SendTestRunMessage: Completed.
TpTrace Verbose: 0 : 8432, 13, 2024/06/04, 17:32:01.378, 7044218858889, vstest.console.dll, MulticastDelegateUtilities.SafeInvoke: LengthPrefixCommunicationChannel: MessageReceived: Invoking callback 1/1 for Microsoft.VisualStudio.TestPlatform.CommunicationUtilities.TestRequestSender+<>c__DisplayClass34_0., took 10 ms.
TpTrace Verbose: 0 : 8432, 13, 2024/06/04, 17:32:01.378, 7044218860159, vstest.console.dll, TcpClientExtensions.MessageLoopAsync: Polling on remoteEndPoint: 127.0.0.1:57480 localEndPoint: 127.0.0.1:57479 after 22 ms
TpTrace Verbose: 0 : 8432, 5, 2024/06/04, 17:32:01.391, 7044218993961, vstest.console.dll, TestRequestSender.StartTestRun: Sending test run with message: {"Version":7,"MessageType":"TestExecution.StartWithSources","Payload":{"AdapterSourceMap":{"_none_":["C:\\Users\\VC\\Desktop\\Presidio_mini_Project\\Job_Portal_API\\ServicesTest\\bin\\Debug\\net8.0\\fine-code-coverage\\build-output\\ServicesTest.dll"]},"RunSettings":"<RunSettings>\r\n  <RunConfiguration>\r\n    <ResultsDirectory>C:\\Users\\VC\\Desktop\\Presidio_mini_Project\\Job_Portal_API\\ServicesTest\\bin\\Debug\\net8.0\\fine-code-coverage\\coverage-tool-output</ResultsDirectory>\r\n    <TargetFrameworkVersion>.NETCoreApp,Version=v8.0</TargetFrameworkVersion>\r\n    <DesignMode>False</DesignMode>\r\n    <CollectSourceInformation>False</CollectSourceInformation>\r\n  </RunConfiguration>\r\n  <LoggerRunSettings>\r\n    <Loggers>\r\n      <Logger friendlyName=\"blame\" enabled=\"True\" />\r\n      <Logger friendlyName=\"Console\" uri=\"logger://microsoft/TestPlatform/ConsoleLogger/v1\" assemblyQualifiedName=\"Microsoft.VisualStudio.TestPlatform.CommandLine.Internal.ConsoleLogger, vstest.console, Version=15.0.0.0, Culture=neutral, PublicKeyToken=b03f5f7f11d50a3a\" codeBase=\"C:\\Program Files\\dotnet\\sdk\\8.0.202\\vstest.console.dll\" enabled=\"True\" />\r\n    </Loggers>\r\n  </LoggerRunSettings>\r\n  <DataCollectionRunSettings>\r\n    <DataCollectors>\r\n      <DataCollector friendlyName=\"blame\" enabled=\"True\">\r\n        <Configuration>\r\n          <ResultsDirectory>C:\\Users\\VC\\Desktop\\Presidio_mini_Project\\Job_Portal_API\\ServicesTest\\bin\\Debug\\net8.0\\fine-code-coverage\\coverage-tool-output</ResultsDirectory>\r\n        </Configuration>\r\n      </DataCollector>\r\n    </DataCollectors>\r\n  </DataCollectionRunSettings>\r\n</RunSettings>","TestExecutionContext":{"FrequencyOfRunStatsChangeEvent":10,"RunStatsChangeEventTimeout":"00:00:01.5000000","InIsolation":false,"KeepAlive":false,"AreTestCaseLevelEventsRequired":false,"IsDebug":false,"TestCaseFilter":null,"FilterOptions":null},"Package":null}}
TpTrace Verbose: 0 : 8432, 5, 2024/06/04, 17:32:01.392, 7044218999024, vstest.console.dll, ParallelProxyExecutionManager.StartTestRunOnConcurrentManager: Execution started. Started clients: 1
TpTrace Verbose: 0 : 8432, 13, 2024/06/04, 17:32:01.642, 7044221503845, vstest.console.dll, TcpClientExtensions.MessageLoopAsync: NotifyDataAvailable remoteEndPoint: 127.0.0.1:57480 localEndPoint: 127.0.0.1:57479
TpTrace Verbose: 0 : 8432, 13, 2024/06/04, 17:32:01.642, 7044221506879, vstest.console.dll, TestRequestSender.OnExecutionMessageReceived: Received message: {"Version":7,"MessageType":"TestSession.Message","Payload":{"MessageLevel":0,"Message":"NUnit Adapter 4.5.0.0: Test execution started"}}
TpTrace Verbose: 0 : 8432, 13, 2024/06/04, 17:32:01.643, 7044221510169, vstest.console.dll, TestRunRequest:SendTestRunMessage: Starting.
TpTrace Verbose: 0 : 8432, 13, 2024/06/04, 17:32:01.643, 7044221512056, vstest.console.dll, MulticastDelegateUtilities.SafeInvoke: TestRun.LogMessages: Invoking callback 1/1 for Microsoft.VisualStudio.TestPlatform.CommandLine.TestRunResultAggregator., took 0 ms.
TpTrace Verbose: 0 : 8432, 4, 2024/06/04, 17:32:01.643, 7044221512604, vstest.console.dll, MulticastDelegateUtilities.SafeInvoke: InternalTestLoggerEvents.SendTestRunMessage: Invoking callback 1/1 for Microsoft.VisualStudio.TestPlatform.CommandLine.Internal.ConsoleLogger., took 0 ms.
TpTrace Information: 0 : 8432, 13, 2024/06/04, 17:32:01.643, 7044221513722, vstest.console.dll, TestRunRequest:SendTestRunMessage: Completed.
TpTrace Verbose: 0 : 8432, 13, 2024/06/04, 17:32:01.643, 7044221516905, vstest.console.dll, MulticastDelegateUtilities.SafeInvoke: LengthPrefixCommunicationChannel: MessageReceived: Invoking callback 1/1 for Microsoft.VisualStudio.TestPlatform.CommunicationUtilities.TestRequestSender+<>c__DisplayClass34_0., took 1 ms.
TpTrace Verbose: 0 : 8432, 13, 2024/06/04, 17:32:01.644, 7044221517760, vstest.console.dll, TcpClientExtensions.MessageLoopAsync: Polling on remoteEndPoint: 127.0.0.1:57480 localEndPoint: 127.0.0.1:57479 after 265 ms
TpTrace Verbose: 0 : 8432, 13, 2024/06/04, 17:32:01.678, 7044221863509, vstest.console.dll, TcpClientExtensions.MessageLoopAsync: NotifyDataAvailable remoteEndPoint: 127.0.0.1:57480 localEndPoint: 127.0.0.1:57479
TpTrace Verbose: 0 : 8432, 13, 2024/06/04, 17:32:01.678, 7044221866009, vstest.console.dll, TestRequestSender.OnExecutionMessageReceived: Received message: {"Version":7,"MessageType":"TestSession.Message","Payload":{"MessageLevel":0,"Message":"Running all tests in C:\\Users\\VC\\Desktop\\Presidio_mini_Project\\Job_Portal_API\\ServicesTest\\bin\\Debug\\net8.0\\fine-code-coverage\\build-output\\ServicesTest.dll"}}
TpTrace Verbose: 0 : 8432, 13, 2024/06/04, 17:32:01.679, 7044221868416, vstest.console.dll, TestRunRequest:SendTestRunMessage: Starting.
TpTrace Verbose: 0 : 8432, 13, 2024/06/04, 17:32:01.679, 7044221869797, vstest.console.dll, MulticastDelegateUtilities.SafeInvoke: TestRun.LogMessages: Invoking callback 1/1 for Microsoft.VisualStudio.TestPlatform.CommandLine.TestRunResultAggregator., took 0 ms.
TpTrace Verbose: 0 : 8432, 4, 2024/06/04, 17:32:01.679, 7044221870281, vstest.console.dll, MulticastDelegateUtilities.SafeInvoke: InternalTestLoggerEvents.SendTestRunMessage: Invoking callback 1/1 for Microsoft.VisualStudio.TestPlatform.CommandLine.Internal.ConsoleLogger., took 0 ms.
TpTrace Information: 0 : 8432, 13, 2024/06/04, 17:32:01.679, 7044221870505, vstest.console.dll, TestRunRequest:SendTestRunMessage: Completed.
TpTrace Verbose: 0 : 8432, 13, 2024/06/04, 17:32:01.679, 7044221872670, vstest.console.dll, MulticastDelegateUtilities.SafeInvoke: LengthPrefixCommunicationChannel: MessageReceived: Invoking callback 1/1 for Microsoft.VisualStudio.TestPlatform.CommunicationUtilities.TestRequestSender+<>c__DisplayClass34_0., took 0 ms.
TpTrace Verbose: 0 : 8432, 13, 2024/06/04, 17:32:01.679, 7044221873503, vstest.console.dll, TcpClientExtensions.MessageLoopAsync: Polling on remoteEndPoint: 127.0.0.1:57480 localEndPoint: 127.0.0.1:57479 after 35 ms
TpTrace Verbose: 0 : 8432, 13, 2024/06/04, 17:32:01.902, 7044224102100, vstest.console.dll, TcpClientExtensions.MessageLoopAsync: NotifyDataAvailable remoteEndPoint: 127.0.0.1:57480 localEndPoint: 127.0.0.1:57479
TpTrace Verbose: 0 : 8432, 13, 2024/06/04, 17:32:01.902, 7044224104928, vstest.console.dll, TestRequestSender.OnExecutionMessageReceived: Received message: {"Version":7,"MessageType":"TestSession.Message","Payload":{"MessageLevel":0,"Message":"   NUnit3TestExecutor discovered 63 of 63 NUnit test cases using Current Discovery mode, Non-Explicit run"}}
TpTrace Verbose: 0 : 8432, 13, 2024/06/04, 17:32:01.902, 7044224106649, vstest.console.dll, TestRunRequest:SendTestRunMessage: Starting.
TpTrace Verbose: 0 : 8432, 13, 2024/06/04, 17:32:01.903, 7044224107533, vstest.console.dll, MulticastDelegateUtilities.SafeInvoke: TestRun.LogMessages: Invoking callback 1/1 for Microsoft.VisualStudio.TestPlatform.CommandLine.TestRunResultAggregator., took 0 ms.
TpTrace Information: 0 : 8432, 13, 2024/06/04, 17:32:01.903, 7044224108055, vstest.console.dll, TestRunRequest:SendTestRunMessage: Completed.
TpTrace Verbose: 0 : 8432, 4, 2024/06/04, 17:32:01.903, 7044224108199, vstest.console.dll, MulticastDelegateUtilities.SafeInvoke: InternalTestLoggerEvents.SendTestRunMessage: Invoking callback 1/1 for Microsoft.VisualStudio.TestPlatform.CommandLine.Internal.ConsoleLogger., took 0 ms.
TpTrace Verbose: 0 : 8432, 13, 2024/06/04, 17:32:01.903, 7044224108562, vstest.console.dll, MulticastDelegateUtilities.SafeInvoke: LengthPrefixCommunicationChannel: MessageReceived: Invoking callback 1/1 for Microsoft.VisualStudio.TestPlatform.CommunicationUtilities.TestRequestSender+<>c__DisplayClass34_0., took 0 ms.
TpTrace Verbose: 0 : 8432, 13, 2024/06/04, 17:32:01.903, 7044224110309, vstest.console.dll, TcpClientExtensions.MessageLoopAsync: Polling on remoteEndPoint: 127.0.0.1:57480 localEndPoint: 127.0.0.1:57479 after 223 ms
TpTrace Verbose: 0 : 8432, 13, 2024/06/04, 17:32:02.903, 7044234111100, vstest.console.dll, TcpClientExtensions.MessageLoopAsync: Polling on remoteEndPoint: 127.0.0.1:57480 localEndPoint: 127.0.0.1:57479 after 999 ms
TpTrace Verbose: 0 : 8432, 13, 2024/06/04, 17:32:03.068, 7044235762753, vstest.console.dll, TcpClientExtensions.MessageLoopAsync: NotifyDataAvailable remoteEndPoint: 127.0.0.1:57480 localEndPoint: 127.0.0.1:57479
TpTrace Verbose: 0 : 8432, 13, 2024/06/04, 17:32:03.069, 7044235768169, vstest.console.dll, TestRequestSender.OnExecutionMessageReceived: Received message: {"Version":7,"MessageType":"TestExecution.StatsChange","Payload":{"NewTestResults":[],"TestRunStatistics":{"ExecutedTests":0,"Stats":{}},"ActiveTests":[{"Id":"753f9086-6abd-a10d-c2dc-eab4e5d378a2","FullyQualifiedName":"ServicesTest.EmployerServiceTest.AddEmployerTest_Exception_UserAlreadyExist","DisplayName":"AddEmployerTest_Exception_UserAlreadyExist","ExecutorUri":"executor://NUnit3TestExecutor","Source":"C:\\Users\\VC\\Desktop\\Presidio_mini_Project\\Job_Portal_API\\ServicesTest\\bin\\Debug\\net8.0\\fine-code-coverage\\build-output\\ServicesTest.dll","CodeFilePath":null,"LineNumber":0,"Properties":[{"Key":{"Id":"NUnit.Seed","Label":"Seed","Category":"","Description":"","Attributes":0,"ValueType":"System.String"},"Value":"110491125"}]}]}}
TpTrace Verbose: 0 : 8432, 13, 2024/06/04, 17:32:03.091, 7044235991382, vstest.console.dll, TestRunRequest:SendTestRunStatsChange: Starting.
TpTrace Verbose: 0 : 8432, 13, 2024/06/04, 17:32:03.091, 7044235993682, vstest.console.dll, InProgress is AddEmployerTest_Exception_UserAlreadyExist
TpTrace Verbose: 0 : 8432, 13, 2024/06/04, 17:32:03.091, 7044235995170, vstest.console.dll, MulticastDelegateUtilities.SafeInvoke: TestRun.RunStatsChanged: Invoking callbacks was skipped because there are no subscribers.
TpTrace Information: 0 : 8432, 13, 2024/06/04, 17:32:03.091, 7044235995733, vstest.console.dll, TestRunRequest:SendTestRunStatsChange: Completed.
TpTrace Verbose: 0 : 8432, 13, 2024/06/04, 17:32:03.091, 7044235996427, vstest.console.dll, MulticastDelegateUtilities.SafeInvoke: LengthPrefixCommunicationChannel: MessageReceived: Invoking callback 1/1 for Microsoft.VisualStudio.TestPlatform.CommunicationUtilities.TestRequestSender+<>c__DisplayClass34_0., took 22 ms.
TpTrace Verbose: 0 : 8432, 13, 2024/06/04, 17:32:03.091, 7044235996997, vstest.console.dll, TcpClientExtensions.MessageLoopAsync: Polling on remoteEndPoint: 127.0.0.1:57480 localEndPoint: 127.0.0.1:57479 after 188 ms
TpTrace Verbose: 0 : 8432, 13, 2024/06/04, 17:32:03.250, 7044237581841, vstest.console.dll, TcpClientExtensions.MessageLoopAsync: NotifyDataAvailable remoteEndPoint: 127.0.0.1:57480 localEndPoint: 127.0.0.1:57479
TpTrace Verbose: 0 : 8432, 13, 2024/06/04, 17:32:03.250, 7044237586650, vstest.console.dll, TestRequestSender.OnExecutionMessageReceived: Received message: {"Version":7,"MessageType":"TestExecution.StatsChange","Payload":{"NewTestResults":[{"TestCase":{"Id":"753f9086-6abd-a10d-c2dc-eab4e5d378a2","FullyQualifiedName":"ServicesTest.EmployerServiceTest.AddEmployerTest_Exception_UserAlreadyExist","DisplayName":"AddEmployerTest_Exception_UserAlreadyExist","ExecutorUri":"executor://NUnit3TestExecutor","Source":"C:\\Users\\VC\\Desktop\\Presidio_mini_Project\\Job_Portal_API\\ServicesTest\\bin\\Debug\\net8.0\\fine-code-coverage\\build-output\\ServicesTest.dll","CodeFilePath":null,"LineNumber":0,"Properties":[{"Key":{"Id":"NUnit.Seed","Label":"Seed","Category":"","Description":"","Attributes":0,"ValueType":"System.String"},"Value":"110491125"}]},"Attachments":[],"Outcome":1,"ErrorMessage":null,"ErrorStackTrace":null,"DisplayName":"AddEmployerTest_Exception_UserAlreadyExist","Messages":[],"ComputerName":"71RBBX3","Duration":"00:00:01.1320530","StartTime":"2024-06-04T12:02:01.9553706+00:00","EndTime":"2024-06-04T12:02:03.0873371+00:00","Properties":[{"Key":{"Id":"NUnit.Seed","Label":"Seed","Category":"","Description":"","Attributes":0,"ValueType":"System.String"},"Value":"110491125"}]},{"TestCase":{"Id":"b2cf8a8c-6896-6332-b7b2-319943e65cf5","FullyQualifiedName":"ServicesTest.EmployerServiceTest.AddEmployerTest_Exception_UserNotFound","DisplayName":"AddEmployerTest_Exception_UserNotFound","ExecutorUri":"executor://NUnit3TestExecutor","Source":"C:\\Users\\VC\\Desktop\\Presidio_mini_Project\\Job_Portal_API\\ServicesTest\\bin\\Debug\\net8.0\\fine-code-coverage\\build-output\\ServicesTest.dll","CodeFilePath":null,"LineNumber":0,"Properties":[{"Key":{"Id":"NUnit.Seed","Label":"Seed","Category":"","Description":"","Attributes":0,"ValueType":"System.String"},"Value":"1748425834"}]},"Attachments":[],"Outcome":1,"ErrorMessage":null,"ErrorStackTrace":null,"DisplayName":"AddEmployerTest_Exception_UserNotFound","Messages":[],"ComputerName":"71RBBX3","Duration":"00:00:00.0620660","StartTime":"2024-06-04T12:02:03.0897302+00:00","EndTime":"2024-06-04T12:02:03.1517958+00:00","Properties":[{"Key":{"Id":"NUnit.Seed","Label":"Seed","Category":"","Description":"","Attributes":0,"ValueType":"System.String"},"Value":"1748425834"}]},{"TestCase":{"Id":"227c5b1d-fa8b-8cc0-4318-e7e5ec0b4984","FullyQualifiedName":"ServicesTest.EmployerServiceTest.AddEmployerTest_Exception_UserTypeNotAllowed","DisplayName":"AddEmployerTest_Exception_UserTypeNotAllowed","ExecutorUri":"executor://NUnit3TestExecutor","Source":"C:\\Users\\VC\\Desktop\\Presidio_mini_Project\\Job_Portal_API\\ServicesTest\\bin\\Debug\\net8.0\\fine-code-coverage\\build-output\\ServicesTest.dll","CodeFilePath":null,"LineNumber":0,"Properties":[{"Key":{"Id":"NUnit.Seed","Label":"Seed","Category":"","Description":"","Attributes":0,"ValueType":"System.String"},"Value":"2126136711"}]},"Attachments":[],"Outcome":1,"ErrorMessage":null,"ErrorStackTrace":null,"DisplayName":"AddEmployerTest_Exception_UserTypeNotAllowed","Messages":[],"ComputerName":"71RBBX3","Duration":"00:00:00.0259390","StartTime":"2024-06-04T12:02:03.1519256+00:00","EndTime":"2024-06-04T12:02:03.1778644+00:00","Properties":[{"Key":{"Id":"NUnit.Seed","Label":"Seed","Category":"","Description":"","Attributes":0,"ValueType":"System.String"},"Value":"2126136711"}]},{"TestCase":{"Id":"d2d1e19a-dd4e-2d28-08f5-81e41a87f328","FullyQualifiedName":"ServicesTest.EmployerServiceTest.AddEmployerTest_Pass","DisplayName":"AddEmployerTest_Pass","ExecutorUri":"executor://NUnit3TestExecutor","Source":"C:\\Users\\VC\\Desktop\\Presidio_mini_Project\\Job_Portal_API\\ServicesTest\\bin\\Debug\\net8.0\\fine-code-coverage\\build-output\\ServicesTest.dll","CodeFilePath":null,"LineNumber":0,"Properties":[{"Key":{"Id":"NUnit.Seed","Label":"Seed","Category":"","Description":"","Attributes":0,"ValueType":"System.String"},"Value":"1884524245"}]},"Attachments":[],"Outcome":1,"ErrorMessage":null,"ErrorStackTrace":null,"DisplayName":"AddEmployerTest_Pass","Messages":[],"ComputerName":"71RBBX3","Duration":"00:00:00.0180280","StartTime":"2024-06-04T12:02:03.1779308+00:00","EndTime":"2024-06-04T12:02:03.1959588+00:00","Properties":[{"Key":{"Id":"NUnit.Seed","Label":"Seed","Category":"","Description":"","Attributes":0,"ValueType":"System.String"},"Value":"1884524245"}]},{"TestCase":{"Id":"8efba771-157c-6fdb-603d-f6e9171f774a","FullyQualifiedName":"ServicesTest.EmployerServiceTest.GetEmployerByIdTest_Exception_EmployerNotFound","DisplayName":"GetEmployerByIdTest_Exception_EmployerNotFound","ExecutorUri":"executor://NUnit3TestExecutor","Source":"C:\\Users\\VC\\Desktop\\Presidio_mini_Project\\Job_Portal_API\\ServicesTest\\bin\\Debug\\net8.0\\fine-code-coverage\\build-output\\ServicesTest.dll","CodeFilePath":null,"LineNumber":0,"Properties":[{"Key":{"Id":"NUnit.Seed","Label":"Seed","Category":"","Description":"","Attributes":0,"ValueType":"System.String"},"Value":"22423742"}]},"Attachments":[],"Outcome":1,"ErrorMessage":null,"ErrorStackTrace":null,"DisplayName":"GetEmployerByIdTest_Exception_EmployerNotFound","Messages":[],"ComputerName":"71RBBX3","Duration":"00:00:00.0123490","StartTime":"2024-06-04T12:02:03.1960057+00:00","EndTime":"2024-06-04T12:02:03.2083537+00:00","Properties":[{"Key":{"Id":"NUnit.Seed","Label":"Seed","Category":"","Description":"","Attributes":0,"ValueType":"System.String"},"Value":"22423742"}]},{"TestCase":{"Id":"45ebc122-5682-1719-5c7d-e1641c6abbf0","FullyQualifiedName":"ServicesTest.EmployerServiceTest.GetEmployerByIdTest_Pass","DisplayName":"GetEmployerByIdTest_Pass","ExecutorUri":"executor://NUnit3TestExecutor","Source":"C:\\Users\\VC\\Desktop\\Presidio_mini_Project\\Job_Portal_API\\ServicesTest\\bin\\Debug\\net8.0\\fine-code-coverage\\build-output\\ServicesTest.dll","CodeFilePath":null,"LineNumber":0,"Properties":[{"Key":{"Id":"NUnit.Seed","Label":"Seed","Category":"","Description":"","Attributes":0,"ValueType":"System.String"},"Value":"226339415"}]},"Attachments":[],"Outcome":1,"ErrorMessage":null,"ErrorStackTrace":null,"DisplayName":"GetEmployerByIdTest_Pass","Messages":[],"ComputerName":"71RBBX3","Duration":"00:00:00.0036190","StartTime":"2024-06-04T12:02:03.2084006+00:00","EndTime":"2024-06-04T12:02:03.2120191+00:00","Properties":[{"Key":{"Id":"NUnit.Seed","Label":"Seed","Category":"","Description":"","Attributes":0,"ValueType":"System.String"},"Value":"226339415"}]},{"TestCase":{"Id":"77f4a7ff-c6bd-d8b0-2396-cedcbba71c91","FullyQualifiedName":"ServicesTest.EmployerServiceTest.UpdateCompanyDescriptionTest_Exception_UserNotFound","DisplayName":"UpdateCompanyDescriptionTest_Exception_UserNotFound","ExecutorUri":"executor://NUnit3TestExecutor","Source":"C:\\Users\\VC\\Desktop\\Presidio_mini_Project\\Job_Portal_API\\ServicesTest\\bin\\Debug\\net8.0\\fine-code-coverage\\build-output\\ServicesTest.dll","CodeFilePath":null,"LineNumber":0,"Properties":[{"Key":{"Id":"NUnit.Seed","Label":"Seed","Category":"","Description":"","Attributes":0,"ValueType":"System.String"},"Value":"533158513"}]},"Attachments":[],"Outcome":1,"ErrorMessage":null,"ErrorStackTrace":null,"DisplayName":"UpdateCompanyDescriptionTest_Exception_UserNotFound","Messages":[],"ComputerName":"71RBBX3","Duration":"00:00:00.0045830","StartTime":"2024-06-04T12:02:03.2120587+00:00","EndTime":"2024-06-04T12:02:03.2166415+00:00","Properties":[{"Key":{"Id":"NUnit.Seed","Label":"Seed","Category":"","Description":"","Attributes":0,"ValueType":"System.String"},"Value":"533158513"}]},{"TestCase":{"Id":"cbd5e8a1-8175-7f2a-5614-047a9a5d4830","FullyQualifiedName":"ServicesTest.EmployerServiceTest.UpdateCompanyDescriptionTest_Pass","DisplayName":"UpdateCompanyDescriptionTest_Pass","ExecutorUri":"executor://NUnit3TestExecutor","Source":"C:\\Users\\VC\\Desktop\\Presidio_mini_Project\\Job_Portal_API\\ServicesTest\\bin\\Debug\\net8.0\\fine-code-coverage\\build-output\\ServicesTest.dll","CodeFilePath":null,"LineNumber":0,"Properties":[{"Key":{"Id":"NUnit.Seed","Label":"Seed","Category":"","Description":"","Attributes":0,"ValueType":"System.String"},"Value":"187518700"}]},"Attachments":[],"Outcome":1,"ErrorMessage":null,"ErrorStackTrace":null,"DisplayName":"UpdateCompanyDescriptionTest_Pass","Messages":[],"ComputerName":"71RBBX3","Duration":"00:00:00.0091010","StartTime":"2024-06-04T12:02:03.21857+00:00","EndTime":"2024-06-04T12:02:03.2276703+00:00","Properties":[{"Key":{"Id":"NUnit.Seed","Label":"Seed","Category":"","Description":"","Attributes":0,"ValueType":"System.String"},"Value":"187518700"}]},{"TestCase":{"Id":"f55c07b5-bf76-acf5-0ea5-78c5f3ececf0","FullyQualifiedName":"ServicesTest.EmployerServiceTest.UpdateCompanyLocationTest_Exception_EmployerNotFound","DisplayName":"UpdateCompanyLocationTest_Exception_EmployerNotFound","ExecutorUri":"executor://NUnit3TestExecutor","Source":"C:\\Users\\VC\\Desktop\\Presidio_mini_Project\\Job_Portal_API\\ServicesTest\\bin\\Debug\\net8.0\\fine-code-coverage\\build-output\\ServicesTest.dll","CodeFilePath":null,"LineNumber":0,"Properties":[{"Key":{"Id":"NUnit.Seed","Label":"Seed","Category":"","Description":"","Attributes":0,"ValueType":"System.String"},"Value":"2060693323"}]},"Attachments":[],"Outcome":1,"ErrorMessage":null,"ErrorStackTrace":null,"DisplayName":"UpdateCompanyLocationTest_Exception_EmployerNotFound","Messages":[],"ComputerName":"71RBBX3","Duration":"00:00:00.0026950","StartTime":"2024-06-04T12:02:03.2277151+00:00","EndTime":"2024-06-04T12:02:03.2304099+00:00","Properties":[{"Key":{"Id":"NUnit.Seed","Label":"Seed","Category":"","Description":"","Attributes":0,"ValueType":"System.String"},"Value":"2060693323"}]}],"TestRunStatistics":{"ExecutedTests":9,"Stats":{"Passed":9}},"ActiveTests":[{"Id":"0c097e0b-1529-30c9-1177-2c504c195f46","FullyQualifiedName":"ServicesTest.EmployerServiceTest.UpdateCompanyLocationTest_Pass","DisplayName":"UpdateCompanyLocationTest_Pass","ExecutorUri":"executor://NUnit3TestExecutor","Source":"C:\\Users\\VC\\Desktop\\Presidio_mini_Project\\Job_Portal_API\\ServicesTest\\bin\\Debug\\net8.0\\fine-code-coverage\\build-output\\ServicesTest.dll","CodeFilePath":null,"LineNumber":0,"Properties":[{"Key":{"Id":"NUnit.Seed","Label":"Seed","Category":"","Description":"","Attributes":0,"ValueType":"System.String"},"Value":"702915845"}]}]}}
TpTrace Verbose: 0 : 8432, 13, 2024/06/04, 17:32:03.261, 7044237694724, vstest.console.dll, TestRunRequest:SendTestRunStatsChange: Starting.
TpTrace Verbose: 0 : 8432, 13, 2024/06/04, 17:32:03.261, 7044237695883, vstest.console.dll, InProgress is UpdateCompanyLocationTest_Pass
TpTrace Verbose: 0 : 8432, 13, 2024/06/04, 17:32:03.262, 7044237698370, vstest.console.dll, MulticastDelegateUtilities.SafeInvoke: TestRun.RunStatsChanged: Invoking callbacks was skipped because there are no subscribers.
TpTrace Information: 0 : 8432, 13, 2024/06/04, 17:32:03.262, 7044237698887, vstest.console.dll, TestRunRequest:SendTestRunStatsChange: Completed.
TpTrace Verbose: 0 : 8432, 13, 2024/06/04, 17:32:03.262, 7044237699404, vstest.console.dll, MulticastDelegateUtilities.SafeInvoke: LengthPrefixCommunicationChannel: MessageReceived: Invoking callback 1/1 for Microsoft.VisualStudio.TestPlatform.CommunicationUtilities.TestRequestSender+<>c__DisplayClass34_0., took 11 ms.
TpTrace Verbose: 0 : 8432, 13, 2024/06/04, 17:32:03.262, 7044237700028, vstest.console.dll, TcpClientExtensions.MessageLoopAsync: Polling on remoteEndPoint: 127.0.0.1:57480 localEndPoint: 127.0.0.1:57479 after 170 ms
TpTrace Verbose: 0 : 8432, 4, 2024/06/04, 17:32:03.264, 7044237722733, vstest.console.dll, MulticastDelegateUtilities.SafeInvoke: InternalTestLoggerEvents.SendTestResult: Invoking callback 1/1 for Microsoft.VisualStudio.TestPlatform.CommandLine.Internal.ConsoleLogger., took 2 ms.
TpTrace Verbose: 0 : 8432, 4, 2024/06/04, 17:32:03.264, 7044237727299, vstest.console.dll, MulticastDelegateUtilities.SafeInvoke: InternalTestLoggerEvents.SendTestResult: Invoking callback 1/1 for Microsoft.VisualStudio.TestPlatform.CommandLine.Internal.ConsoleLogger., took 0 ms.
TpTrace Verbose: 0 : 8432, 4, 2024/06/04, 17:32:03.265, 7044237728594, vstest.console.dll, MulticastDelegateUtilities.SafeInvoke: InternalTestLoggerEvents.SendTestResult: Invoking callback 1/1 for Microsoft.VisualStudio.TestPlatform.CommandLine.Internal.ConsoleLogger., took 0 ms.
TpTrace Verbose: 0 : 8432, 4, 2024/06/04, 17:32:03.265, 7044237729355, vstest.console.dll, MulticastDelegateUtilities.SafeInvoke: InternalTestLoggerEvents.SendTestResult: Invoking callback 1/1 for Microsoft.VisualStudio.TestPlatform.CommandLine.Internal.ConsoleLogger., took 0 ms.
TpTrace Verbose: 0 : 8432, 4, 2024/06/04, 17:32:03.265, 7044237729950, vstest.console.dll, MulticastDelegateUtilities.SafeInvoke: InternalTestLoggerEvents.SendTestResult: Invoking callback 1/1 for Microsoft.VisualStudio.TestPlatform.CommandLine.Internal.ConsoleLogger., took 0 ms.
TpTrace Verbose: 0 : 8432, 4, 2024/06/04, 17:32:03.265, 7044237730818, vstest.console.dll, MulticastDelegateUtilities.SafeInvoke: InternalTestLoggerEvents.SendTestResult: Invoking callback 1/1 for Microsoft.VisualStudio.TestPlatform.CommandLine.Internal.ConsoleLogger., took 0 ms.
TpTrace Verbose: 0 : 8432, 4, 2024/06/04, 17:32:03.265, 7044237731533, vstest.console.dll, MulticastDelegateUtilities.SafeInvoke: InternalTestLoggerEvents.SendTestResult: Invoking callback 1/1 for Microsoft.VisualStudio.TestPlatform.CommandLine.Internal.ConsoleLogger., took 0 ms.
TpTrace Verbose: 0 : 8432, 4, 2024/06/04, 17:32:03.265, 7044237732150, vstest.console.dll, MulticastDelegateUtilities.SafeInvoke: InternalTestLoggerEvents.SendTestResult: Invoking callback 1/1 for Microsoft.VisualStudio.TestPlatform.CommandLine.Internal.ConsoleLogger., took 0 ms.
TpTrace Verbose: 0 : 8432, 4, 2024/06/04, 17:32:03.265, 7044237732801, vstest.console.dll, MulticastDelegateUtilities.SafeInvoke: InternalTestLoggerEvents.SendTestResult: Invoking callback 1/1 for Microsoft.VisualStudio.TestPlatform.CommandLine.Internal.ConsoleLogger., took 0 ms.
TpTrace Verbose: 0 : 8432, 13, 2024/06/04, 17:32:03.437, 7044239451939, vstest.console.dll, TcpClientExtensions.MessageLoopAsync: NotifyDataAvailable remoteEndPoint: 127.0.0.1:57480 localEndPoint: 127.0.0.1:57479
TpTrace Verbose: 0 : 8432, 13, 2024/06/04, 17:32:03.438, 7044239457999, vstest.console.dll, TestRequestSender.OnExecutionMessageReceived: Received message: {"Version":7,"MessageType":"TestExecution.StatsChange","Payload":{"NewTestResults":[{"TestCase":{"Id":"0c097e0b-1529-30c9-1177-2c504c195f46","FullyQualifiedName":"ServicesTest.EmployerServiceTest.UpdateCompanyLocationTest_Pass","DisplayName":"UpdateCompanyLocationTest_Pass","ExecutorUri":"executor://NUnit3TestExecutor","Source":"C:\\Users\\VC\\Desktop\\Presidio_mini_Project\\Job_Portal_API\\ServicesTest\\bin\\Debug\\net8.0\\fine-code-coverage\\build-output\\ServicesTest.dll","CodeFilePath":null,"LineNumber":0,"Properties":[{"Key":{"Id":"NUnit.Seed","Label":"Seed","Category":"","Description":"","Attributes":0,"ValueType":"System.String"},"Value":"702915845"}]},"Attachments":[],"Outcome":1,"ErrorMessage":null,"ErrorStackTrace":null,"DisplayName":"UpdateCompanyLocationTest_Pass","Messages":[],"ComputerName":"71RBBX3","Duration":"00:00:00.0026630","StartTime":"2024-06-04T12:02:03.230439+00:00","EndTime":"2024-06-04T12:02:03.233101+00:00","Properties":[{"Key":{"Id":"NUnit.Seed","Label":"Seed","Category":"","Description":"","Attributes":0,"ValueType":"System.String"},"Value":"702915845"}]},{"TestCase":{"Id":"5b1c20ac-f281-87c9-4f97-8998660f3ec4","FullyQualifiedName":"ServicesTest.EmployerServiceTest.UpdateCompanyNameTest_Exception_EmployerNotFound","DisplayName":"UpdateCompanyNameTest_Exception_EmployerNotFound","ExecutorUri":"executor://NUnit3TestExecutor","Source":"C:\\Users\\VC\\Desktop\\Presidio_mini_Project\\Job_Portal_API\\ServicesTest\\bin\\Debug\\net8.0\\fine-code-coverage\\build-output\\ServicesTest.dll","CodeFilePath":null,"LineNumber":0,"Properties":[{"Key":{"Id":"NUnit.Seed","Label":"Seed","Category":"","Description":"","Attributes":0,"ValueType":"System.String"},"Value":"1115766425"}]},"Attachments":[],"Outcome":1,"ErrorMessage":null,"ErrorStackTrace":null,"DisplayName":"UpdateCompanyNameTest_Exception_EmployerNotFound","Messages":[],"ComputerName":"71RBBX3","Duration":"00:00:00.0026730","StartTime":"2024-06-04T12:02:03.2331318+00:00","EndTime":"2024-06-04T12:02:03.2358048+00:00","Properties":[{"Key":{"Id":"NUnit.Seed","Label":"Seed","Category":"","Description":"","Attributes":0,"ValueType":"System.String"},"Value":"1115766425"}]},{"TestCase":{"Id":"084a84cb-f7ee-1844-2cd1-8d8ed3c3a1e6","FullyQualifiedName":"ServicesTest.EmployerServiceTest.UpdateCompanyNameTest_Pass","DisplayName":"UpdateCompanyNameTest_Pass","ExecutorUri":"executor://NUnit3TestExecutor","Source":"C:\\Users\\VC\\Desktop\\Presidio_mini_Project\\Job_Portal_API\\ServicesTest\\bin\\Debug\\net8.0\\fine-code-coverage\\build-output\\ServicesTest.dll","CodeFilePath":null,"LineNumber":0,"Properties":[{"Key":{"Id":"NUnit.Seed","Label":"Seed","Category":"","Description":"","Attributes":0,"ValueType":"System.String"},"Value":"1962736651"}]},"Attachments":[],"Outcome":1,"ErrorMessage":null,"ErrorStackTrace":null,"DisplayName":"UpdateCompanyNameTest_Pass","Messages":[],"ComputerName":"71RBBX3","Duration":"00:00:00.0024770","StartTime":"2024-06-04T12:02:03.2358369+00:00","EndTime":"2024-06-04T12:02:03.2383133+00:00","Properties":[{"Key":{"Id":"NUnit.Seed","Label":"Seed","Category":"","Description":"","Attributes":0,"ValueType":"System.String"},"Value":"1962736651"}]},{"TestCase":{"Id":"922508fb-3c93-b2f3-1527-6f4e41af7fdf","FullyQualifiedName":"ServicesTest.JobListingServiceTest.AddJobListingAsync_ShouldFail_InvalidJobType","DisplayName":"AddJobListingAsync_ShouldFail_InvalidJobType","ExecutorUri":"executor://NUnit3TestExecutor","Source":"C:\\Users\\VC\\Desktop\\Presidio_mini_Project\\Job_Portal_API\\ServicesTest\\bin\\Debug\\net8.0\\fine-code-coverage\\build-output\\ServicesTest.dll","CodeFilePath":null,"LineNumber":0,"Properties":[{"Key":{"Id":"NUnit.Seed","Label":"Seed","Category":"","Description":"","Attributes":0,"ValueType":"System.String"},"Value":"65143541"}]},"Attachments":[],"Outcome":1,"ErrorMessage":null,"ErrorStackTrace":null,"DisplayName":"AddJobListingAsync_ShouldFail_InvalidJobType","Messages":[],"ComputerName":"71RBBX3","Duration":"00:00:00.0101169","StartTime":"2024-06-04T12:02:03.2420712+00:00","EndTime":"2024-06-04T12:02:03.252188+00:00","Properties":[{"Key":{"Id":"NUnit.Seed","Label":"Seed","Category":"","Description":"","Attributes":0,"ValueType":"System.String"},"Value":"65143541"}]},{"TestCase":{"Id":"33fda0ec-f08a-7151-4aaf-7b61a9155644","FullyQualifiedName":"ServicesTest.JobListingServiceTest.AddJobListingAsync_ShouldPass","DisplayName":"AddJobListingAsync_ShouldPass","ExecutorUri":"executor://NUnit3TestExecutor","Source":"C:\\Users\\VC\\Desktop\\Presidio_mini_Project\\Job_Portal_API\\ServicesTest\\bin\\Debug\\net8.0\\fine-code-coverage\\build-output\\ServicesTest.dll","CodeFilePath":null,"LineNumber":0,"Properties":[{"Key":{"Id":"NUnit.Seed","Label":"Seed","Category":"","Description":"","Attributes":0,"ValueType":"System.String"},"Value":"1702183878"}]},"Attachments":[],"Outcome":1,"ErrorMessage":null,"ErrorStackTrace":null,"DisplayName":"AddJobListingAsync_ShouldPass","Messages":[],"ComputerName":"71RBBX3","Duration":"00:00:00.1092310","StartTime":"2024-06-04T12:02:03.252222+00:00","EndTime":"2024-06-04T12:02:03.3614522+00:00","Properties":[{"Key":{"Id":"NUnit.Seed","Label":"Seed","Category":"","Description":"","Attributes":0,"ValueType":"System.String"},"Value":"1702183878"}]},{"TestCase":{"Id":"76c1a7b8-81c7-2365-7e8b-3068ece4e305","FullyQualifiedName":"ServicesTest.JobListingServiceTest.AddJobListingAsync_ShouldThrow_UserNotFoundException","DisplayName":"AddJobListingAsync_ShouldThrow_UserNotFoundException","ExecutorUri":"executor://NUnit3TestExecutor","Source":"C:\\Users\\VC\\Desktop\\Presidio_mini_Project\\Job_Portal_API\\ServicesTest\\bin\\Debug\\net8.0\\fine-code-coverage\\build-output\\ServicesTest.dll","CodeFilePath":null,"LineNumber":0,"Properties":[{"Key":{"Id":"NUnit.Seed","Label":"Seed","Category":"","Description":"","Attributes":0,"ValueType":"System.String"},"Value":"859878658"}]},"Attachments":[],"Outcome":1,"ErrorMessage":null,"ErrorStackTrace":null,"DisplayName":"AddJobListingAsync_ShouldThrow_UserNotFoundException","Messages":[],"ComputerName":"71RBBX3","Duration":"00:00:00.0022020","StartTime":"2024-06-04T12:02:03.3614984+00:00","EndTime":"2024-06-04T12:02:03.3636995+00:00","Properties":[{"Key":{"Id":"NUnit.Seed","Label":"Seed","Category":"","Description":"","Attributes":0,"ValueType":"System.String"},"Value":"859878658"}]},{"TestCase":{"Id":"427b5c04-636c-2f24-92eb-700befdeac5d","FullyQualifiedName":"ServicesTest.JobListingServiceTest.DeleteJobListingAsync_ShouldFail_JobListingNotFoundException","DisplayName":"DeleteJobListingAsync_ShouldFail_JobListingNotFoundException","ExecutorUri":"executor://NUnit3TestExecutor","Source":"C:\\Users\\VC\\Desktop\\Presidio_mini_Project\\Job_Portal_API\\ServicesTest\\bin\\Debug\\net8.0\\fine-code-coverage\\build-output\\ServicesTest.dll","CodeFilePath":null,"LineNumber":0,"Properties":[{"Key":{"Id":"NUnit.Seed","Label":"Seed","Category":"","Description":"","Attributes":0,"ValueType":"System.String"},"Value":"1556348457"}]},"Attachments":[],"Outcome":1,"ErrorMessage":null,"ErrorStackTrace":null,"DisplayName":"DeleteJobListingAsync_ShouldFail_JobListingNotFoundException","Messages":[],"ComputerName":"71RBBX3","Duration":"00:00:00.0228330","StartTime":"2024-06-04T12:02:03.3637329+00:00","EndTime":"2024-06-04T12:02:03.3865656+00:00","Properties":[{"Key":{"Id":"NUnit.Seed","Label":"Seed","Category":"","Description":"","Attributes":0,"ValueType":"System.String"},"Value":"1556348457"}]},{"TestCase":{"Id":"75798353-1f8b-bd06-d7b1-eb2676186f0b","FullyQualifiedName":"ServicesTest.JobListingServiceTest.DeleteJobListingAsync_ShouldPass","DisplayName":"DeleteJobListingAsync_ShouldPass","ExecutorUri":"executor://NUnit3TestExecutor","Source":"C:\\Users\\VC\\Desktop\\Presidio_mini_Project\\Job_Portal_API\\ServicesTest\\bin\\Debug\\net8.0\\fine-code-coverage\\build-output\\ServicesTest.dll","CodeFilePath":null,"LineNumber":0,"Properties":[{"Key":{"Id":"NUnit.Seed","Label":"Seed","Category":"","Description":"","Attributes":0,"ValueType":"System.String"},"Value":"1798079939"}]},"Attachments":[],"Outcome":1,"ErrorMessage":null,"ErrorStackTrace":null,"DisplayName":"DeleteJobListingAsync_ShouldPass","Messages":[],"ComputerName":"71RBBX3","Duration":"00:00:00.0223080","StartTime":"2024-06-04T12:02:03.3866086+00:00","EndTime":"2024-06-04T12:02:03.408915+00:00","Properties":[{"Key":{"Id":"NUnit.Seed","Label":"Seed","Category":"","Description":"","Attributes":0,"ValueType":"System.String"},"Value":"1798079939"}]},{"TestCase":{"Id":"74899592-a2a1-4b49-50e4-745bb4b667eb","FullyQualifiedName":"ServicesTest.JobListingServiceTest.GetAllJobListingsAsync_ShouldFail_NoJobListings","DisplayName":"GetAllJobListingsAsync_ShouldFail_NoJobListings","ExecutorUri":"executor://NUnit3TestExecutor","Source":"C:\\Users\\VC\\Desktop\\Presidio_mini_Project\\Job_Portal_API\\ServicesTest\\bin\\Debug\\net8.0\\fine-code-coverage\\build-output\\ServicesTest.dll","CodeFilePath":null,"LineNumber":0,"Properties":[{"Key":{"Id":"NUnit.Seed","Label":"Seed","Category":"","Description":"","Attributes":0,"ValueType":"System.String"},"Value":"2065640585"}]},"Attachments":[],"Outcome":1,"ErrorMessage":null,"ErrorStackTrace":null,"DisplayName":"GetAllJobListingsAsync_ShouldFail_NoJobListings","Messages":[],"ComputerName":"71RBBX3","Duration":"00:00:00.0186880","StartTime":"2024-06-04T12:02:03.4089698+00:00","EndTime":"2024-06-04T12:02:03.4276568+00:00","Properties":[{"Key":{"Id":"NUnit.Seed","Label":"Seed","Category":"","Description":"","Attributes":0,"ValueType":"System.String"},"Value":"2065640585"}]}],"TestRunStatistics":{"ExecutedTests":18,"Stats":{"Passed":18}},"ActiveTests":[{"Id":"2f9305bc-ee7b-6aee-e061-809ffbd7a258","FullyQualifiedName":"ServicesTest.JobListingServiceTest.GetAllJobListingsAsync_ShouldPass","DisplayName":"GetAllJobListingsAsync_ShouldPass","ExecutorUri":"executor://NUnit3TestExecutor","Source":"C:\\Users\\VC\\Desktop\\Presidio_mini_Project\\Job_Portal_API\\ServicesTest\\bin\\Debug\\net8.0\\fine-code-coverage\\build-output\\ServicesTest.dll","CodeFilePath":null,"LineNumber":0,"Properties":[{"Key":{"Id":"NUnit.Seed","Label":"Seed","Category":"","Description":"","Attributes":0,"ValueType":"System.String"},"Value":"1464338195"}]}]}}
TpTrace Verbose: 0 : 8432, 13, 2024/06/04, 17:32:03.440, 7044239486531, vstest.console.dll, TestRunRequest:SendTestRunStatsChange: Starting.
TpTrace Verbose: 0 : 8432, 13, 2024/06/04, 17:32:03.441, 7044239487542, vstest.console.dll, InProgress is GetAllJobListingsAsync_ShouldPass
TpTrace Verbose: 0 : 8432, 13, 2024/06/04, 17:32:03.441, 7044239488651, vstest.console.dll, MulticastDelegateUtilities.SafeInvoke: TestRun.RunStatsChanged: Invoking callbacks was skipped because there are no subscribers.
TpTrace Information: 0 : 8432, 13, 2024/06/04, 17:32:03.441, 7044239489615, vstest.console.dll, TestRunRequest:SendTestRunStatsChange: Completed.
TpTrace Verbose: 0 : 8432, 4, 2024/06/04, 17:32:03.441, 7044239489589, vstest.console.dll, MulticastDelegateUtilities.SafeInvoke: InternalTestLoggerEvents.SendTestResult: Invoking callback 1/1 for Microsoft.VisualStudio.TestPlatform.CommandLine.Internal.ConsoleLogger., took 0 ms.
TpTrace Verbose: 0 : 8432, 13, 2024/06/04, 17:32:03.441, 7044239490327, vstest.console.dll, MulticastDelegateUtilities.SafeInvoke: LengthPrefixCommunicationChannel: MessageReceived: Invoking callback 1/1 for Microsoft.VisualStudio.TestPlatform.CommunicationUtilities.TestRequestSender+<>c__DisplayClass34_0., took 3 ms.
TpTrace Verbose: 0 : 8432, 4, 2024/06/04, 17:32:03.441, 7044239491516, vstest.console.dll, MulticastDelegateUtilities.SafeInvoke: InternalTestLoggerEvents.SendTestResult: Invoking callback 1/1 for Microsoft.VisualStudio.TestPlatform.CommandLine.Internal.ConsoleLogger., took 0 ms.
TpTrace Verbose: 0 : 8432, 13, 2024/06/04, 17:32:03.441, 7044239492896, vstest.console.dll, TcpClientExtensions.MessageLoopAsync: Polling on remoteEndPoint: 127.0.0.1:57480 localEndPoint: 127.0.0.1:57479 after 179 ms
TpTrace Verbose: 0 : 8432, 4, 2024/06/04, 17:32:03.441, 7044239494749, vstest.console.dll, MulticastDelegateUtilities.SafeInvoke: InternalTestLoggerEvents.SendTestResult: Invoking callback 1/1 for Microsoft.VisualStudio.TestPlatform.CommandLine.Internal.ConsoleLogger., took 0 ms.
TpTrace Verbose: 0 : 8432, 4, 2024/06/04, 17:32:03.441, 7044239495685, vstest.console.dll, MulticastDelegateUtilities.SafeInvoke: InternalTestLoggerEvents.SendTestResult: Invoking callback 1/1 for Microsoft.VisualStudio.TestPlatform.CommandLine.Internal.ConsoleLogger., took 0 ms.
TpTrace Verbose: 0 : 8432, 4, 2024/06/04, 17:32:03.441, 7044239496413, vstest.console.dll, MulticastDelegateUtilities.SafeInvoke: InternalTestLoggerEvents.SendTestResult: Invoking callback 1/1 for Microsoft.VisualStudio.TestPlatform.CommandLine.Internal.ConsoleLogger., took 0 ms.
TpTrace Verbose: 0 : 8432, 4, 2024/06/04, 17:32:03.442, 7044239497484, vstest.console.dll, MulticastDelegateUtilities.SafeInvoke: InternalTestLoggerEvents.SendTestResult: Invoking callback 1/1 for Microsoft.VisualStudio.TestPlatform.CommandLine.Internal.ConsoleLogger., took 0 ms.
TpTrace Verbose: 0 : 8432, 4, 2024/06/04, 17:32:03.442, 7044239498200, vstest.console.dll, MulticastDelegateUtilities.SafeInvoke: InternalTestLoggerEvents.SendTestResult: Invoking callback 1/1 for Microsoft.VisualStudio.TestPlatform.CommandLine.Internal.ConsoleLogger., took 0 ms.
TpTrace Verbose: 0 : 8432, 4, 2024/06/04, 17:32:03.444, 7044239517639, vstest.console.dll, MulticastDelegateUtilities.SafeInvoke: InternalTestLoggerEvents.SendTestResult: Invoking callback 1/1 for Microsoft.VisualStudio.TestPlatform.CommandLine.Internal.ConsoleLogger., took 1 ms.
TpTrace Verbose: 0 : 8432, 4, 2024/06/04, 17:32:03.444, 7044239520246, vstest.console.dll, MulticastDelegateUtilities.SafeInvoke: InternalTestLoggerEvents.SendTestResult: Invoking callback 1/1 for Microsoft.VisualStudio.TestPlatform.CommandLine.Internal.ConsoleLogger., took 0 ms.
TpTrace Verbose: 0 : 8432, 13, 2024/06/04, 17:32:03.475, 7044239835958, vstest.console.dll, TcpClientExtensions.MessageLoopAsync: NotifyDataAvailable remoteEndPoint: 127.0.0.1:57480 localEndPoint: 127.0.0.1:57479
TpTrace Verbose: 0 : 8432, 13, 2024/06/04, 17:32:03.476, 7044239840765, vstest.console.dll, TestRequestSender.OnExecutionMessageReceived: Received message: {"Version":7,"MessageType":"TestExecution.StatsChange","Payload":{"NewTestResults":[{"TestCase":{"Id":"2f9305bc-ee7b-6aee-e061-809ffbd7a258","FullyQualifiedName":"ServicesTest.JobListingServiceTest.GetAllJobListingsAsync_ShouldPass","DisplayName":"GetAllJobListingsAsync_ShouldPass","ExecutorUri":"executor://NUnit3TestExecutor","Source":"C:\\Users\\VC\\Desktop\\Presidio_mini_Project\\Job_Portal_API\\ServicesTest\\bin\\Debug\\net8.0\\fine-code-coverage\\build-output\\ServicesTest.dll","CodeFilePath":null,"LineNumber":0,"Properties":[{"Key":{"Id":"NUnit.Seed","Label":"Seed","Category":"","Description":"","Attributes":0,"ValueType":"System.String"},"Value":"1464338195"}]},"Attachments":[],"Outcome":1,"ErrorMessage":null,"ErrorStackTrace":null,"DisplayName":"GetAllJobListingsAsync_ShouldPass","Messages":[],"ComputerName":"71RBBX3","Duration":"00:00:00.0082640","StartTime":"2024-06-04T12:02:03.4277211+00:00","EndTime":"2024-06-04T12:02:03.4359848+00:00","Properties":[{"Key":{"Id":"NUnit.Seed","Label":"Seed","Category":"","Description":"","Attributes":0,"ValueType":"System.String"},"Value":"1464338195"}]},{"TestCase":{"Id":"18f4989d-e3f5-22d0-d13a-855ae60fbcfe","FullyQualifiedName":"ServicesTest.JobListingServiceTest.GetJobListingByIdAsync_ShouldFail_InvalidId","DisplayName":"GetJobListingByIdAsync_ShouldFail_InvalidId","ExecutorUri":"executor://NUnit3TestExecutor","Source":"C:\\Users\\VC\\Desktop\\Presidio_mini_Project\\Job_Portal_API\\ServicesTest\\bin\\Debug\\net8.0\\fine-code-coverage\\build-output\\ServicesTest.dll","CodeFilePath":null,"LineNumber":0,"Properties":[{"Key":{"Id":"NUnit.Seed","Label":"Seed","Category":"","Description":"","Attributes":0,"ValueType":"System.String"},"Value":"1973808757"}]},"Attachments":[],"Outcome":1,"ErrorMessage":null,"ErrorStackTrace":null,"DisplayName":"GetJobListingByIdAsync_ShouldFail_InvalidId","Messages":[],"ComputerName":"71RBBX3","Duration":"00:00:00.0052430","StartTime":"2024-06-04T12:02:03.4360197+00:00","EndTime":"2024-06-04T12:02:03.4412618+00:00","Properties":[{"Key":{"Id":"NUnit.Seed","Label":"Seed","Category":"","Description":"","Attributes":0,"ValueType":"System.String"},"Value":"1973808757"}]},{"TestCase":{"Id":"eb8fe1b5-ab1e-a1b8-fea1-18121414a59b","FullyQualifiedName":"ServicesTest.JobListingServiceTest.GetJobListingByIdAsync_ShouldPass","DisplayName":"GetJobListingByIdAsync_ShouldPass","ExecutorUri":"executor://NUnit3TestExecutor","Source":"C:\\Users\\VC\\Desktop\\Presidio_mini_Project\\Job_Portal_API\\ServicesTest\\bin\\Debug\\net8.0\\fine-code-coverage\\build-output\\ServicesTest.dll","CodeFilePath":null,"LineNumber":0,"Properties":[{"Key":{"Id":"NUnit.Seed","Label":"Seed","Category":"","Description":"","Attributes":0,"ValueType":"System.String"},"Value":"1608123571"}]},"Attachments":[],"Outcome":1,"ErrorMessage":null,"ErrorStackTrace":null,"DisplayName":"GetJobListingByIdAsync_ShouldPass","Messages":[],"ComputerName":"71RBBX3","Duration":"00:00:00.0048510","StartTime":"2024-06-04T12:02:03.4413029+00:00","EndTime":"2024-06-04T12:02:03.4461534+00:00","Properties":[{"Key":{"Id":"NUnit.Seed","Label":"Seed","Category":"","Description":"","Attributes":0,"ValueType":"System.String"},"Value":"1608123571"}]},{"TestCase":{"Id":"4c8de348-e21a-132e-4475-e3a4b518784b","FullyQualifiedName":"ServicesTest.JobListingServiceTest.GetJobListingsByEmployerIdAsync_ShouldFail_NoJobListings","DisplayName":"GetJobListingsByEmployerIdAsync_ShouldFail_NoJobListings","ExecutorUri":"executor://NUnit3TestExecutor","Source":"C:\\Users\\VC\\Desktop\\Presidio_mini_Project\\Job_Portal_API\\ServicesTest\\bin\\Debug\\net8.0\\fine-code-coverage\\build-output\\ServicesTest.dll","CodeFilePath":null,"LineNumber":0,"Properties":[{"Key":{"Id":"NUnit.Seed","Label":"Seed","Category":"","Description":"","Attributes":0,"ValueType":"System.String"},"Value":"632155622"}]},"Attachments":[],"Outcome":1,"ErrorMessage":null,"ErrorStackTrace":null,"DisplayName":"GetJobListingsByEmployerIdAsync_ShouldFail_NoJobListings","Messages":[],"ComputerName":"71RBBX3","Duration":"00:00:00.0040270","StartTime":"2024-06-04T12:02:03.446187+00:00","EndTime":"2024-06-04T12:02:03.4502128+00:00","Properties":[{"Key":{"Id":"NUnit.Seed","Label":"Seed","Category":"","Description":"","Attributes":0,"ValueType":"System.String"},"Value":"632155622"}]},{"TestCase":{"Id":"dbe0546f-2a5e-6eba-bd13-328a80b4c15a","FullyQualifiedName":"ServicesTest.JobListingServiceTest.GetJobListingsByEmployerIdAsync_ShouldPass","DisplayName":"GetJobListingsByEmployerIdAsync_ShouldPass","ExecutorUri":"executor://NUnit3TestExecutor","Source":"C:\\Users\\VC\\Desktop\\Presidio_mini_Project\\Job_Portal_API\\ServicesTest\\bin\\Debug\\net8.0\\fine-code-coverage\\build-output\\ServicesTest.dll","CodeFilePath":null,"LineNumber":0,"Properties":[{"Key":{"Id":"NUnit.Seed","Label":"Seed","Category":"","Description":"","Attributes":0,"ValueType":"System.String"},"Value":"172496723"}]},"Attachments":[],"Outcome":1,"ErrorMessage":null,"ErrorStackTrace":null,"DisplayName":"GetJobListingsByEmployerIdAsync_ShouldPass","Messages":[],"ComputerName":"71RBBX3","Duration":"00:00:00.0044680","StartTime":"2024-06-04T12:02:03.4502736+00:00","EndTime":"2024-06-04T12:02:03.4547413+00:00","Properties":[{"Key":{"Id":"NUnit.Seed","Label":"Seed","Category":"","Description":"","Attributes":0,"ValueType":"System.String"},"Value":"172496723"}]},{"TestCase":{"Id":"ff390bce-b49d-8d3a-fc07-df630cfe9390","FullyQualifiedName":"ServicesTest.JobListingServiceTest.GetJobListingsByLocationAsync_ShouldFail_NoJobListings","DisplayName":"GetJobListingsByLocationAsync_ShouldFail_NoJobListings","ExecutorUri":"executor://NUnit3TestExecutor","Source":"C:\\Users\\VC\\Desktop\\Presidio_mini_Project\\Job_Portal_API\\ServicesTest\\bin\\Debug\\net8.0\\fine-code-coverage\\build-output\\ServicesTest.dll","CodeFilePath":null,"LineNumber":0,"Properties":[{"Key":{"Id":"NUnit.Seed","Label":"Seed","Category":"","Description":"","Attributes":0,"ValueType":"System.String"},"Value":"1334288211"}]},"Attachments":[],"Outcome":1,"ErrorMessage":null,"ErrorStackTrace":null,"DisplayName":"GetJobListingsByLocationAsync_ShouldFail_NoJobListings","Messages":[],"ComputerName":"71RBBX3","Duration":"00:00:00.0033670","StartTime":"2024-06-04T12:02:03.4547948+00:00","EndTime":"2024-06-04T12:02:03.4581613+00:00","Properties":[{"Key":{"Id":"NUnit.Seed","Label":"Seed","Category":"","Description":"","Attributes":0,"ValueType":"System.String"},"Value":"1334288211"}]},{"TestCase":{"Id":"421c7397-8d13-516f-c361-21425f77ba71","FullyQualifiedName":"ServicesTest.JobListingServiceTest.GetJobListingsByLocationAsync_ShouldPass","DisplayName":"GetJobListingsByLocationAsync_ShouldPass","ExecutorUri":"executor://NUnit3TestExecutor","Source":"C:\\Users\\VC\\Desktop\\Presidio_mini_Project\\Job_Portal_API\\ServicesTest\\bin\\Debug\\net8.0\\fine-code-coverage\\build-output\\ServicesTest.dll","CodeFilePath":null,"LineNumber":0,"Properties":[{"Key":{"Id":"NUnit.Seed","Label":"Seed","Category":"","Description":"","Attributes":0,"ValueType":"System.String"},"Value":"1191972831"}]},"Attachments":[],"Outcome":1,"ErrorMessage":null,"ErrorStackTrace":null,"DisplayName":"GetJobListingsByLocationAsync_ShouldPass","Messages":[],"ComputerName":"71RBBX3","Duration":"00:00:00.0045720","StartTime":"2024-06-04T12:02:03.4582054+00:00","EndTime":"2024-06-04T12:02:03.4627768+00:00","Properties":[{"Key":{"Id":"NUnit.Seed","Label":"Seed","Category":"","Description":"","Attributes":0,"ValueType":"System.String"},"Value":"1191972831"}]},{"TestCase":{"Id":"70376d1a-39c5-7bc6-9551-6c26ac1478b7","FullyQualifiedName":"ServicesTest.JobListingServiceTest.GetJobListingsByTypeAsync_ShouldFail_NoJobListings","DisplayName":"GetJobListingsByTypeAsync_ShouldFail_NoJobListings","ExecutorUri":"executor://NUnit3TestExecutor","Source":"C:\\Users\\VC\\Desktop\\Presidio_mini_Project\\Job_Portal_API\\ServicesTest\\bin\\Debug\\net8.0\\fine-code-coverage\\build-output\\ServicesTest.dll","CodeFilePath":null,"LineNumber":0,"Properties":[{"Key":{"Id":"NUnit.Seed","Label":"Seed","Category":"","Description":"","Attributes":0,"ValueType":"System.String"},"Value":"1991581991"}]},"Attachments":[],"Outcome":1,"ErrorMessage":null,"ErrorStackTrace":null,"DisplayName":"GetJobListingsByTypeAsync_ShouldFail_NoJobListings","Messages":[],"ComputerName":"71RBBX3","Duration":"00:00:00.0028950","StartTime":"2024-06-04T12:02:03.4628122+00:00","EndTime":"2024-06-04T12:02:03.4657069+00:00","Properties":[{"Key":{"Id":"NUnit.Seed","Label":"Seed","Category":"","Description":"","Attributes":0,"ValueType":"System.String"},"Value":"1991581991"}]},{"TestCase":{"Id":"b184f22c-bf86-d00d-89b3-c682b0dd57d8","FullyQualifiedName":"ServicesTest.JobListingServiceTest.GetJobListingsByTypeAsync_ShouldPass","DisplayName":"GetJobListingsByTypeAsync_ShouldPass","ExecutorUri":"executor://NUnit3TestExecutor","Source":"C:\\Users\\VC\\Desktop\\Presidio_mini_Project\\Job_Portal_API\\ServicesTest\\bin\\Debug\\net8.0\\fine-code-coverage\\build-output\\ServicesTest.dll","CodeFilePath":null,"LineNumber":0,"Properties":[{"Key":{"Id":"NUnit.Seed","Label":"Seed","Category":"","Description":"","Attributes":0,"ValueType":"System.String"},"Value":"1606105014"}]},"Attachments":[],"Outcome":1,"ErrorMessage":null,"ErrorStackTrace":null,"DisplayName":"GetJobListingsByTypeAsync_ShouldPass","Messages":[],"ComputerName":"71RBBX3","Duration":"00:00:00.0030230","StartTime":"2024-06-04T12:02:03.4657379+00:00","EndTime":"2024-06-04T12:02:03.4687608+00:00","Properties":[{"Key":{"Id":"NUnit.Seed","Label":"Seed","Category":"","Description":"","Attributes":0,"ValueType":"System.String"},"Value":"1606105014"}]}],"TestRunStatistics":{"ExecutedTests":27,"Stats":{"Passed":27}},"ActiveTests":[{"Id":"12f6f6df-48c1-e0ab-eb25-6bfd9f21a346","FullyQualifiedName":"ServicesTest.JobSeekerServiceTests.AddEdu_Fail_JobSeekerNotExist","DisplayName":"AddEdu_Fail_JobSeekerNotExist","ExecutorUri":"executor://NUnit3TestExecutor","Source":"C:\\Users\\VC\\Desktop\\Presidio_mini_Project\\Job_Portal_API\\ServicesTest\\bin\\Debug\\net8.0\\fine-code-coverage\\build-output\\ServicesTest.dll","CodeFilePath":null,"LineNumber":0,"Properties":[{"Key":{"Id":"NUnit.Seed","Label":"Seed","Category":"","Description":"","Attributes":0,"ValueType":"System.String"},"Value":"1232875401"}]}]}}
TpTrace Verbose: 0 : 8432, 13, 2024/06/04, 17:32:03.478, 7044239859930, vstest.console.dll, TestRunRequest:SendTestRunStatsChange: Starting.
TpTrace Verbose: 0 : 8432, 13, 2024/06/04, 17:32:03.478, 7044239861060, vstest.console.dll, InProgress is AddEdu_Fail_JobSeekerNotExist
TpTrace Verbose: 0 : 8432, 13, 2024/06/04, 17:32:03.478, 7044239861975, vstest.console.dll, MulticastDelegateUtilities.SafeInvoke: TestRun.RunStatsChanged: Invoking callbacks was skipped because there are no subscribers.
TpTrace Information: 0 : 8432, 13, 2024/06/04, 17:32:03.478, 7044239862497, vstest.console.dll, TestRunRequest:SendTestRunStatsChange: Completed.
TpTrace Verbose: 0 : 8432, 4, 2024/06/04, 17:32:03.478, 7044239863052, vstest.console.dll, MulticastDelegateUtilities.SafeInvoke: InternalTestLoggerEvents.SendTestResult: Invoking callback 1/1 for Microsoft.VisualStudio.TestPlatform.CommandLine.Internal.ConsoleLogger., took 0 ms.
TpTrace Verbose: 0 : 8432, 13, 2024/06/04, 17:32:03.478, 7044239863077, vstest.console.dll, MulticastDelegateUtilities.SafeInvoke: LengthPrefixCommunicationChannel: MessageReceived: Invoking callback 1/1 for Microsoft.VisualStudio.TestPlatform.CommunicationUtilities.TestRequestSender+<>c__DisplayClass34_0., took 2 ms.
TpTrace Verbose: 0 : 8432, 13, 2024/06/04, 17:32:03.478, 7044239865021, vstest.console.dll, TcpClientExtensions.MessageLoopAsync: Polling on remoteEndPoint: 127.0.0.1:57480 localEndPoint: 127.0.0.1:57479 after 37 ms
TpTrace Verbose: 0 : 8432, 4, 2024/06/04, 17:32:03.478, 7044239864330, vstest.console.dll, MulticastDelegateUtilities.SafeInvoke: InternalTestLoggerEvents.SendTestResult: Invoking callback 1/1 for Microsoft.VisualStudio.TestPlatform.CommandLine.Internal.ConsoleLogger., took 0 ms.
TpTrace Verbose: 0 : 8432, 4, 2024/06/04, 17:32:03.478, 7044239866701, vstest.console.dll, MulticastDelegateUtilities.SafeInvoke: InternalTestLoggerEvents.SendTestResult: Invoking callback 1/1 for Microsoft.VisualStudio.TestPlatform.CommandLine.Internal.ConsoleLogger., took 0 ms.
TpTrace Verbose: 0 : 8432, 4, 2024/06/04, 17:32:03.478, 7044239867334, vstest.console.dll, MulticastDelegateUtilities.SafeInvoke: InternalTestLoggerEvents.SendTestResult: Invoking callback 1/1 for Microsoft.VisualStudio.TestPlatform.CommandLine.Internal.ConsoleLogger., took 0 ms.
TpTrace Verbose: 0 : 8432, 4, 2024/06/04, 17:32:03.479, 7044239867854, vstest.console.dll, MulticastDelegateUtilities.SafeInvoke: InternalTestLoggerEvents.SendTestResult: Invoking callback 1/1 for Microsoft.VisualStudio.TestPlatform.CommandLine.Internal.ConsoleLogger., took 0 ms.
TpTrace Verbose: 0 : 8432, 4, 2024/06/04, 17:32:03.479, 7044239868429, vstest.console.dll, MulticastDelegateUtilities.SafeInvoke: InternalTestLoggerEvents.SendTestResult: Invoking callback 1/1 for Microsoft.VisualStudio.TestPlatform.CommandLine.Internal.ConsoleLogger., took 0 ms.
TpTrace Verbose: 0 : 8432, 4, 2024/06/04, 17:32:03.479, 7044239868963, vstest.console.dll, MulticastDelegateUtilities.SafeInvoke: InternalTestLoggerEvents.SendTestResult: Invoking callback 1/1 for Microsoft.VisualStudio.TestPlatform.CommandLine.Internal.ConsoleLogger., took 0 ms.
TpTrace Verbose: 0 : 8432, 4, 2024/06/04, 17:32:03.479, 7044239869521, vstest.console.dll, MulticastDelegateUtilities.SafeInvoke: InternalTestLoggerEvents.SendTestResult: Invoking callback 1/1 for Microsoft.VisualStudio.TestPlatform.CommandLine.Internal.ConsoleLogger., took 0 ms.
TpTrace Verbose: 0 : 8432, 4, 2024/06/04, 17:32:03.479, 7044239870077, vstest.console.dll, MulticastDelegateUtilities.SafeInvoke: InternalTestLoggerEvents.SendTestResult: Invoking callback 1/1 for Microsoft.VisualStudio.TestPlatform.CommandLine.Internal.ConsoleLogger., took 0 ms.
TpTrace Verbose: 0 : 8432, 13, 2024/06/04, 17:32:03.654, 7044241621858, vstest.console.dll, TcpClientExtensions.MessageLoopAsync: NotifyDataAvailable remoteEndPoint: 127.0.0.1:57480 localEndPoint: 127.0.0.1:57479
TpTrace Verbose: 0 : 8432, 13, 2024/06/04, 17:32:03.654, 7044241625707, vstest.console.dll, TestRequestSender.OnExecutionMessageReceived: Received message: {"Version":7,"MessageType":"TestExecution.StatsChange","Payload":{"NewTestResults":[{"TestCase":{"Id":"12f6f6df-48c1-e0ab-eb25-6bfd9f21a346","FullyQualifiedName":"ServicesTest.JobSeekerServiceTests.AddEdu_Fail_JobSeekerNotExist","DisplayName":"AddEdu_Fail_JobSeekerNotExist","ExecutorUri":"executor://NUnit3TestExecutor","Source":"C:\\Users\\VC\\Desktop\\Presidio_mini_Project\\Job_Portal_API\\ServicesTest\\bin\\Debug\\net8.0\\fine-code-coverage\\build-output\\ServicesTest.dll","CodeFilePath":null,"LineNumber":0,"Properties":[{"Key":{"Id":"NUnit.Seed","Label":"Seed","Category":"","Description":"","Attributes":0,"ValueType":"System.String"},"Value":"1232875401"}]},"Attachments":[],"Outcome":1,"ErrorMessage":null,"ErrorStackTrace":null,"DisplayName":"AddEdu_Fail_JobSeekerNotExist","Messages":[],"ComputerName":"71RBBX3","Duration":"00:00:00.1143600","StartTime":"2024-06-04T12:02:03.4689822+00:00","EndTime":"2024-06-04T12:02:03.5833407+00:00","Properties":[{"Key":{"Id":"NUnit.Seed","Label":"Seed","Category":"","Description":"","Attributes":0,"ValueType":"System.String"},"Value":"1232875401"}]},{"TestCase":{"Id":"83b5f833-5bde-b579-51c9-4e9015b1da75","FullyQualifiedName":"ServicesTest.JobSeekerServiceTests.AddEdu_Pass","DisplayName":"AddEdu_Pass","ExecutorUri":"executor://NUnit3TestExecutor","Source":"C:\\Users\\VC\\Desktop\\Presidio_mini_Project\\Job_Portal_API\\ServicesTest\\bin\\Debug\\net8.0\\fine-code-coverage\\build-output\\ServicesTest.dll","CodeFilePath":null,"LineNumber":0,"Properties":[{"Key":{"Id":"NUnit.Seed","Label":"Seed","Category":"","Description":"","Attributes":0,"ValueType":"System.String"},"Value":"766272733"}]},"Attachments":[],"Outcome":1,"ErrorMessage":null,"ErrorStackTrace":null,"DisplayName":"AddEdu_Pass","Messages":[],"ComputerName":"71RBBX3","Duration":"00:00:00.0118390","StartTime":"2024-06-04T12:02:03.58338+00:00","EndTime":"2024-06-04T12:02:03.595218+00:00","Properties":[{"Key":{"Id":"NUnit.Seed","Label":"Seed","Category":"","Description":"","Attributes":0,"ValueType":"System.String"},"Value":"766272733"}]},{"TestCase":{"Id":"538db2cc-bdcf-eb05-a095-a23568b7d726","FullyQualifiedName":"ServicesTest.JobSeekerServiceTests.AddExp_Fail_JobSeekerNotExist","DisplayName":"AddExp_Fail_JobSeekerNotExist","ExecutorUri":"executor://NUnit3TestExecutor","Source":"C:\\Users\\VC\\Desktop\\Presidio_mini_Project\\Job_Portal_API\\ServicesTest\\bin\\Debug\\net8.0\\fine-code-coverage\\build-output\\ServicesTest.dll","CodeFilePath":null,"LineNumber":0,"Properties":[{"Key":{"Id":"NUnit.Seed","Label":"Seed","Category":"","Description":"","Attributes":0,"ValueType":"System.String"},"Value":"2111030653"}]},"Attachments":[],"Outcome":1,"ErrorMessage":null,"ErrorStackTrace":null,"DisplayName":"AddExp_Fail_JobSeekerNotExist","Messages":[],"ComputerName":"71RBBX3","Duration":"00:00:00.0168929","StartTime":"2024-06-04T12:02:03.5952565+00:00","EndTime":"2024-06-04T12:02:03.6121489+00:00","Properties":[{"Key":{"Id":"NUnit.Seed","Label":"Seed","Category":"","Description":"","Attributes":0,"ValueType":"System.String"},"Value":"2111030653"}]},{"TestCase":{"Id":"6fe725b9-f0ba-43cd-5413-0735ff9c387c","FullyQualifiedName":"ServicesTest.JobSeekerServiceTests.AddExp_Pass","DisplayName":"AddExp_Pass","ExecutorUri":"executor://NUnit3TestExecutor","Source":"C:\\Users\\VC\\Desktop\\Presidio_mini_Project\\Job_Portal_API\\ServicesTest\\bin\\Debug\\net8.0\\fine-code-coverage\\build-output\\ServicesTest.dll","CodeFilePath":null,"LineNumber":0,"Properties":[{"Key":{"Id":"NUnit.Seed","Label":"Seed","Category":"","Description":"","Attributes":0,"ValueType":"System.String"},"Value":"1795553822"}]},"Attachments":[],"Outcome":1,"ErrorMessage":null,"ErrorStackTrace":null,"DisplayName":"AddExp_Pass","Messages":[],"ComputerName":"71RBBX3","Duration":"00:00:00.0048880","StartTime":"2024-06-04T12:02:03.6121822+00:00","EndTime":"2024-06-04T12:02:03.6170701+00:00","Properties":[{"Key":{"Id":"NUnit.Seed","Label":"Seed","Category":"","Description":"","Attributes":0,"ValueType":"System.String"},"Value":"1795553822"}]},{"TestCase":{"Id":"0f9007c5-56e7-c4b5-5891-19e459aab10a","FullyQualifiedName":"ServicesTest.JobSeekerServiceTests.AddSkills_Fail_JobSeekerNotExist","DisplayName":"AddSkills_Fail_JobSeekerNotExist","ExecutorUri":"executor://NUnit3TestExecutor","Source":"C:\\Users\\VC\\Desktop\\Presidio_mini_Project\\Job_Portal_API\\ServicesTest\\bin\\Debug\\net8.0\\fine-code-coverage\\build-output\\ServicesTest.dll","CodeFilePath":null,"LineNumber":0,"Properties":[{"Key":{"Id":"NUnit.Seed","Label":"Seed","Category":"","Description":"","Attributes":0,"ValueType":"System.String"},"Value":"355381601"}]},"Attachments":[],"Outcome":1,"ErrorMessage":null,"ErrorStackTrace":null,"DisplayName":"AddSkills_Fail_JobSeekerNotExist","Messages":[],"ComputerName":"71RBBX3","Duration":"00:00:00.0034450","StartTime":"2024-06-04T12:02:03.6171061+00:00","EndTime":"2024-06-04T12:02:03.6205508+00:00","Properties":[{"Key":{"Id":"NUnit.Seed","Label":"Seed","Category":"","Description":"","Attributes":0,"ValueType":"System.String"},"Value":"355381601"}]},{"TestCase":{"Id":"572e0678-3134-7c33-a435-f6d85ef0455e","FullyQualifiedName":"ServicesTest.JobSeekerServiceTests.AddSkills_Pass","DisplayName":"AddSkills_Pass","ExecutorUri":"executor://NUnit3TestExecutor","Source":"C:\\Users\\VC\\Desktop\\Presidio_mini_Project\\Job_Portal_API\\ServicesTest\\bin\\Debug\\net8.0\\fine-code-coverage\\build-output\\ServicesTest.dll","CodeFilePath":null,"LineNumber":0,"Properties":[{"Key":{"Id":"NUnit.Seed","Label":"Seed","Category":"","Description":"","Attributes":0,"ValueType":"System.String"},"Value":"464167915"}]},"Attachments":[],"Outcome":1,"ErrorMessage":null,"ErrorStackTrace":null,"DisplayName":"AddSkills_Pass","Messages":[],"ComputerName":"71RBBX3","Duration":"00:00:00.0064310","StartTime":"2024-06-04T12:02:03.620583+00:00","EndTime":"2024-06-04T12:02:03.6270133+00:00","Properties":[{"Key":{"Id":"NUnit.Seed","Label":"Seed","Category":"","Description":"","Attributes":0,"ValueType":"System.String"},"Value":"464167915"}]},{"TestCase":{"Id":"506646c7-f5eb-4a70-0045-088279aad1fd","FullyQualifiedName":"ServicesTest.JobSeekerServiceTests.DelEdu_Fail_EduNotExist","DisplayName":"DelEdu_Fail_EduNotExist","ExecutorUri":"executor://NUnit3TestExecutor","Source":"C:\\Users\\VC\\Desktop\\Presidio_mini_Project\\Job_Portal_API\\ServicesTest\\bin\\Debug\\net8.0\\fine-code-coverage\\build-output\\ServicesTest.dll","CodeFilePath":null,"LineNumber":0,"Properties":[{"Key":{"Id":"NUnit.Seed","Label":"Seed","Category":"","Description":"","Attributes":0,"ValueType":"System.String"},"Value":"452623664"}]},"Attachments":[],"Outcome":1,"ErrorMessage":null,"ErrorStackTrace":null,"DisplayName":"DelEdu_Fail_EduNotExist","Messages":[],"ComputerName":"71RBBX3","Duration":"00:00:00.0105900","StartTime":"2024-06-04T12:02:03.6270522+00:00","EndTime":"2024-06-04T12:02:03.6376422+00:00","Properties":[{"Key":{"Id":"NUnit.Seed","Label":"Seed","Category":"","Description":"","Attributes":0,"ValueType":"System.String"},"Value":"452623664"}]},{"TestCase":{"Id":"b0c25fea-001a-9f48-06d1-af398c870be7","FullyQualifiedName":"ServicesTest.JobSeekerServiceTests.DelEdu_Pass","DisplayName":"DelEdu_Pass","ExecutorUri":"executor://NUnit3TestExecutor","Source":"C:\\Users\\VC\\Desktop\\Presidio_mini_Project\\Job_Portal_API\\ServicesTest\\bin\\Debug\\net8.0\\fine-code-coverage\\build-output\\ServicesTest.dll","CodeFilePath":null,"LineNumber":0,"Properties":[{"Key":{"Id":"NUnit.Seed","Label":"Seed","Category":"","Description":"","Attributes":0,"ValueType":"System.String"},"Value":"1505812843"}]},"Attachments":[],"Outcome":1,"ErrorMessage":null,"ErrorStackTrace":null,"DisplayName":"DelEdu_Pass","Messages":[],"ComputerName":"71RBBX3","Duration":"00:00:00.0023520","StartTime":"2024-06-04T12:02:03.6376796+00:00","EndTime":"2024-06-04T12:02:03.6400315+00:00","Properties":[{"Key":{"Id":"NUnit.Seed","Label":"Seed","Category":"","Description":"","Attributes":0,"ValueType":"System.String"},"Value":"1505812843"}]},{"TestCase":{"Id":"bfd5f093-9ca3-3763-ee4e-3a87c996cd1d","FullyQualifiedName":"ServicesTest.JobSeekerServiceTests.DelExp_Fail_ExpNotExist","DisplayName":"DelExp_Fail_ExpNotExist","ExecutorUri":"executor://NUnit3TestExecutor","Source":"C:\\Users\\VC\\Desktop\\Presidio_mini_Project\\Job_Portal_API\\ServicesTest\\bin\\Debug\\net8.0\\fine-code-coverage\\build-output\\ServicesTest.dll","CodeFilePath":null,"LineNumber":0,"Properties":[{"Key":{"Id":"NUnit.Seed","Label":"Seed","Category":"","Description":"","Attributes":0,"ValueType":"System.String"},"Value":"1130900897"}]},"Attachments":[],"Outcome":1,"ErrorMessage":null,"ErrorStackTrace":null,"DisplayName":"DelExp_Fail_ExpNotExist","Messages":[],"ComputerName":"71RBBX3","Duration":"00:00:00.0111180","StartTime":"2024-06-04T12:02:03.6400597+00:00","EndTime":"2024-06-04T12:02:03.6511775+00:00","Properties":[{"Key":{"Id":"NUnit.Seed","Label":"Seed","Category":"","Description":"","Attributes":0,"ValueType":"System.String"},"Value":"1130900897"}]}],"TestRunStatistics":{"ExecutedTests":36,"Stats":{"Passed":36}},"ActiveTests":[{"Id":"19cc9e4e-78a9-9e95-87ee-c28800311c53","FullyQualifiedName":"ServicesTest.JobSeekerServiceTests.DelExp_Pass","DisplayName":"DelExp_Pass","ExecutorUri":"executor://NUnit3TestExecutor","Source":"C:\\Users\\VC\\Desktop\\Presidio_mini_Project\\Job_Portal_API\\ServicesTest\\bin\\Debug\\net8.0\\fine-code-coverage\\build-output\\ServicesTest.dll","CodeFilePath":null,"LineNumber":0,"Properties":[{"Key":{"Id":"NUnit.Seed","Label":"Seed","Category":"","Description":"","Attributes":0,"ValueType":"System.String"},"Value":"1153779339"}]}]}}
TpTrace Verbose: 0 : 8432, 13, 2024/06/04, 17:32:03.656, 7044241638464, vstest.console.dll, TestRunRequest:SendTestRunStatsChange: Starting.
TpTrace Verbose: 0 : 8432, 13, 2024/06/04, 17:32:03.656, 7044241639112, vstest.console.dll, InProgress is DelExp_Pass
TpTrace Verbose: 0 : 8432, 13, 2024/06/04, 17:32:03.656, 7044241639841, vstest.console.dll, MulticastDelegateUtilities.SafeInvoke: TestRun.RunStatsChanged: Invoking callbacks was skipped because there are no subscribers.
TpTrace Information: 0 : 8432, 13, 2024/06/04, 17:32:03.656, 7044241640245, vstest.console.dll, TestRunRequest:SendTestRunStatsChange: Completed.
TpTrace Verbose: 0 : 8432, 13, 2024/06/04, 17:32:03.656, 7044241640740, vstest.console.dll, MulticastDelegateUtilities.SafeInvoke: LengthPrefixCommunicationChannel: MessageReceived: Invoking callback 1/1 for Microsoft.VisualStudio.TestPlatform.CommunicationUtilities.TestRequestSender+<>c__DisplayClass34_0., took 1 ms.
TpTrace Verbose: 0 : 8432, 13, 2024/06/04, 17:32:03.656, 7044241641323, vstest.console.dll, TcpClientExtensions.MessageLoopAsync: Polling on remoteEndPoint: 127.0.0.1:57480 localEndPoint: 127.0.0.1:57479 after 177 ms
TpTrace Verbose: 0 : 8432, 4, 2024/06/04, 17:32:03.656, 7044241640914, vstest.console.dll, MulticastDelegateUtilities.SafeInvoke: InternalTestLoggerEvents.SendTestResult: Invoking callback 1/1 for Microsoft.VisualStudio.TestPlatform.CommandLine.Internal.ConsoleLogger., took 0 ms.
TpTrace Verbose: 0 : 8432, 4, 2024/06/04, 17:32:03.656, 7044241642983, vstest.console.dll, MulticastDelegateUtilities.SafeInvoke: InternalTestLoggerEvents.SendTestResult: Invoking callback 1/1 for Microsoft.VisualStudio.TestPlatform.CommandLine.Internal.ConsoleLogger., took 0 ms.
TpTrace Verbose: 0 : 8432, 4, 2024/06/04, 17:32:03.656, 7044241643610, vstest.console.dll, MulticastDelegateUtilities.SafeInvoke: InternalTestLoggerEvents.SendTestResult: Invoking callback 1/1 for Microsoft.VisualStudio.TestPlatform.CommandLine.Internal.ConsoleLogger., took 0 ms.
TpTrace Verbose: 0 : 8432, 4, 2024/06/04, 17:32:03.656, 7044241644135, vstest.console.dll, MulticastDelegateUtilities.SafeInvoke: InternalTestLoggerEvents.SendTestResult: Invoking callback 1/1 for Microsoft.VisualStudio.TestPlatform.CommandLine.Internal.ConsoleLogger., took 0 ms.
TpTrace Verbose: 0 : 8432, 4, 2024/06/04, 17:32:03.656, 7044241644643, vstest.console.dll, MulticastDelegateUtilities.SafeInvoke: InternalTestLoggerEvents.SendTestResult: Invoking callback 1/1 for Microsoft.VisualStudio.TestPlatform.CommandLine.Internal.ConsoleLogger., took 0 ms.
TpTrace Verbose: 0 : 8432, 4, 2024/06/04, 17:32:03.656, 7044241645100, vstest.console.dll, MulticastDelegateUtilities.SafeInvoke: InternalTestLoggerEvents.SendTestResult: Invoking callback 1/1 for Microsoft.VisualStudio.TestPlatform.CommandLine.Internal.ConsoleLogger., took 0 ms.
TpTrace Verbose: 0 : 8432, 4, 2024/06/04, 17:32:03.656, 7044241645556, vstest.console.dll, MulticastDelegateUtilities.SafeInvoke: InternalTestLoggerEvents.SendTestResult: Invoking callback 1/1 for Microsoft.VisualStudio.TestPlatform.CommandLine.Internal.ConsoleLogger., took 0 ms.
TpTrace Verbose: 0 : 8432, 4, 2024/06/04, 17:32:03.656, 7044241646006, vstest.console.dll, MulticastDelegateUtilities.SafeInvoke: InternalTestLoggerEvents.SendTestResult: Invoking callback 1/1 for Microsoft.VisualStudio.TestPlatform.CommandLine.Internal.ConsoleLogger., took 0 ms.
TpTrace Verbose: 0 : 8432, 4, 2024/06/04, 17:32:03.656, 7044241646437, vstest.console.dll, MulticastDelegateUtilities.SafeInvoke: InternalTestLoggerEvents.SendTestResult: Invoking callback 1/1 for Microsoft.VisualStudio.TestPlatform.CommandLine.Internal.ConsoleLogger., took 0 ms.
TpTrace Verbose: 0 : 8432, 13, 2024/06/04, 17:32:03.690, 7044241978822, vstest.console.dll, TcpClientExtensions.MessageLoopAsync: NotifyDataAvailable remoteEndPoint: 127.0.0.1:57480 localEndPoint: 127.0.0.1:57479
TpTrace Verbose: 0 : 8432, 13, 2024/06/04, 17:32:03.690, 7044241983173, vstest.console.dll, TestRequestSender.OnExecutionMessageReceived: Received message: {"Version":7,"MessageType":"TestExecution.StatsChange","Payload":{"NewTestResults":[{"TestCase":{"Id":"19cc9e4e-78a9-9e95-87ee-c28800311c53","FullyQualifiedName":"ServicesTest.JobSeekerServiceTests.DelExp_Pass","DisplayName":"DelExp_Pass","ExecutorUri":"executor://NUnit3TestExecutor","Source":"C:\\Users\\VC\\Desktop\\Presidio_mini_Project\\Job_Portal_API\\ServicesTest\\bin\\Debug\\net8.0\\fine-code-coverage\\build-output\\ServicesTest.dll","CodeFilePath":null,"LineNumber":0,"Properties":[{"Key":{"Id":"NUnit.Seed","Label":"Seed","Category":"","Description":"","Attributes":0,"ValueType":"System.String"},"Value":"1153779339"}]},"Attachments":[],"Outcome":1,"ErrorMessage":null,"ErrorStackTrace":null,"DisplayName":"DelExp_Pass","Messages":[],"ComputerName":"71RBBX3","Duration":"00:00:00.0022900","StartTime":"2024-06-04T12:02:03.651214+00:00","EndTime":"2024-06-04T12:02:03.6535035+00:00","Properties":[{"Key":{"Id":"NUnit.Seed","Label":"Seed","Category":"","Description":"","Attributes":0,"ValueType":"System.String"},"Value":"1153779339"}]},{"TestCase":{"Id":"c80ed179-1c1a-cf24-b68a-68e00dc843fc","FullyQualifiedName":"ServicesTest.JobSeekerServiceTests.DelSkillByID_Fail","DisplayName":"DelSkillByID_Fail","ExecutorUri":"executor://NUnit3TestExecutor","Source":"C:\\Users\\VC\\Desktop\\Presidio_mini_Project\\Job_Portal_API\\ServicesTest\\bin\\Debug\\net8.0\\fine-code-coverage\\build-output\\ServicesTest.dll","CodeFilePath":null,"LineNumber":0,"Properties":[{"Key":{"Id":"NUnit.Seed","Label":"Seed","Category":"","Description":"","Attributes":0,"ValueType":"System.String"},"Value":"1144186838"}]},"Attachments":[],"Outcome":1,"ErrorMessage":null,"ErrorStackTrace":null,"DisplayName":"DelSkillByID_Fail","Messages":[],"ComputerName":"71RBBX3","Duration":"00:00:00.0090440","StartTime":"2024-06-04T12:02:03.6535287+00:00","EndTime":"2024-06-04T12:02:03.6625716+00:00","Properties":[{"Key":{"Id":"NUnit.Seed","Label":"Seed","Category":"","Description":"","Attributes":0,"ValueType":"System.String"},"Value":"1144186838"}]},{"TestCase":{"Id":"8a2064ca-7c67-9dce-fb74-e7aee7cc755a","FullyQualifiedName":"ServicesTest.JobSeekerServiceTests.DelSkillByID_Pass","DisplayName":"DelSkillByID_Pass","ExecutorUri":"executor://NUnit3TestExecutor","Source":"C:\\Users\\VC\\Desktop\\Presidio_mini_Project\\Job_Portal_API\\ServicesTest\\bin\\Debug\\net8.0\\fine-code-coverage\\build-output\\ServicesTest.dll","CodeFilePath":null,"LineNumber":0,"Properties":[{"Key":{"Id":"NUnit.Seed","Label":"Seed","Category":"","Description":"","Attributes":0,"ValueType":"System.String"},"Value":"136867165"}]},"Attachments":[],"Outcome":1,"ErrorMessage":null,"ErrorStackTrace":null,"DisplayName":"DelSkillByID_Pass","Messages":[],"ComputerName":"71RBBX3","Duration":"00:00:00.0031350","StartTime":"2024-06-04T12:02:03.6626092+00:00","EndTime":"2024-06-04T12:02:03.665744+00:00","Properties":[{"Key":{"Id":"NUnit.Seed","Label":"Seed","Category":"","Description":"","Attributes":0,"ValueType":"System.String"},"Value":"136867165"}]},{"TestCase":{"Id":"45d043ad-812e-5dd5-16dc-0b7d88a0b711","FullyQualifiedName":"ServicesTest.JobSeekerServiceTests.GetResume_Fail_JobSeekerNotExist","DisplayName":"GetResume_Fail_JobSeekerNotExist","ExecutorUri":"executor://NUnit3TestExecutor","Source":"C:\\Users\\VC\\Desktop\\Presidio_mini_Project\\Job_Portal_API\\ServicesTest\\bin\\Debug\\net8.0\\fine-code-coverage\\build-output\\ServicesTest.dll","CodeFilePath":null,"LineNumber":0,"Properties":[{"Key":{"Id":"NUnit.Seed","Label":"Seed","Category":"","Description":"","Attributes":0,"ValueType":"System.String"},"Value":"1987256709"}]},"Attachments":[],"Outcome":1,"ErrorMessage":null,"ErrorStackTrace":null,"DisplayName":"GetResume_Fail_JobSeekerNotExist","Messages":[],"ComputerName":"71RBBX3","Duration":"00:00:00.0024890","StartTime":"2024-06-04T12:02:03.6657732+00:00","EndTime":"2024-06-04T12:02:03.6682622+00:00","Properties":[{"Key":{"Id":"NUnit.Seed","Label":"Seed","Category":"","Description":"","Attributes":0,"ValueType":"System.String"},"Value":"1987256709"}]},{"TestCase":{"Id":"8c47e124-0408-0672-2e21-52d4000b724f","FullyQualifiedName":"ServicesTest.JobSeekerServiceTests.GetResume_Pass","DisplayName":"GetResume_Pass","ExecutorUri":"executor://NUnit3TestExecutor","Source":"C:\\Users\\VC\\Desktop\\Presidio_mini_Project\\Job_Portal_API\\ServicesTest\\bin\\Debug\\net8.0\\fine-code-coverage\\build-output\\ServicesTest.dll","CodeFilePath":null,"LineNumber":0,"Properties":[{"Key":{"Id":"NUnit.Seed","Label":"Seed","Category":"","Description":"","Attributes":0,"ValueType":"System.String"},"Value":"798173196"}]},"Attachments":[],"Outcome":1,"ErrorMessage":null,"ErrorStackTrace":null,"DisplayName":"GetResume_Pass","Messages":[],"ComputerName":"71RBBX3","Duration":"00:00:00.0036200","StartTime":"2024-06-04T12:02:03.668287+00:00","EndTime":"2024-06-04T12:02:03.671907+00:00","Properties":[{"Key":{"Id":"NUnit.Seed","Label":"Seed","Category":"","Description":"","Attributes":0,"ValueType":"System.String"},"Value":"798173196"}]},{"TestCase":{"Id":"6fd1a839-712c-f063-5004-283d5acf6123","FullyQualifiedName":"ServicesTest.JobSeekerServiceTests.UpdateEducation_EduExcep_Pass","DisplayName":"UpdateEducation_EduExcep_Pass","ExecutorUri":"executor://NUnit3TestExecutor","Source":"C:\\Users\\VC\\Desktop\\Presidio_mini_Project\\Job_Portal_API\\ServicesTest\\bin\\Debug\\net8.0\\fine-code-coverage\\build-output\\ServicesTest.dll","CodeFilePath":null,"LineNumber":0,"Properties":[{"Key":{"Id":"NUnit.Seed","Label":"Seed","Category":"","Description":"","Attributes":0,"ValueType":"System.String"},"Value":"1304856031"}]},"Attachments":[],"Outcome":1,"ErrorMessage":null,"ErrorStackTrace":null,"DisplayName":"UpdateEducation_EduExcep_Pass","Messages":[],"ComputerName":"71RBBX3","Duration":"00:00:00.0045530","StartTime":"2024-06-04T12:02:03.6719333+00:00","EndTime":"2024-06-04T12:02:03.6764859+00:00","Properties":[{"Key":{"Id":"NUnit.Seed","Label":"Seed","Category":"","Description":"","Attributes":0,"ValueType":"System.String"},"Value":"1304856031"}]},{"TestCase":{"Id":"3013e4fb-9c05-c3aa-90b1-4b31a8a147ad","FullyQualifiedName":"ServicesTest.JobSeekerServiceTests.UpdateEducation_JobSeekerExcep_Pass","DisplayName":"UpdateEducation_JobSeekerExcep_Pass","ExecutorUri":"executor://NUnit3TestExecutor","Source":"C:\\Users\\VC\\Desktop\\Presidio_mini_Project\\Job_Portal_API\\ServicesTest\\bin\\Debug\\net8.0\\fine-code-coverage\\build-output\\ServicesTest.dll","CodeFilePath":null,"LineNumber":0,"Properties":[{"Key":{"Id":"NUnit.Seed","Label":"Seed","Category":"","Description":"","Attributes":0,"ValueType":"System.String"},"Value":"2030539930"}]},"Attachments":[],"Outcome":1,"ErrorMessage":null,"ErrorStackTrace":null,"DisplayName":"UpdateEducation_JobSeekerExcep_Pass","Messages":[],"ComputerName":"71RBBX3","Duration":"00:00:00.0024650","StartTime":"2024-06-04T12:02:03.6765224+00:00","EndTime":"2024-06-04T12:02:03.6789869+00:00","Properties":[{"Key":{"Id":"NUnit.Seed","Label":"Seed","Category":"","Description":"","Attributes":0,"ValueType":"System.String"},"Value":"2030539930"}]},{"TestCase":{"Id":"ef2bf27e-bac6-e68f-19bc-7495fc73ddbd","FullyQualifiedName":"ServicesTest.JobSeekerServiceTests.UpdateEducation_Pass","DisplayName":"UpdateEducation_Pass","ExecutorUri":"executor://NUnit3TestExecutor","Source":"C:\\Users\\VC\\Desktop\\Presidio_mini_Project\\Job_Portal_API\\ServicesTest\\bin\\Debug\\net8.0\\fine-code-coverage\\build-output\\ServicesTest.dll","CodeFilePath":null,"LineNumber":0,"Properties":[{"Key":{"Id":"NUnit.Seed","Label":"Seed","Category":"","Description":"","Attributes":0,"ValueType":"System.String"},"Value":"1397073884"}]},"Attachments":[],"Outcome":1,"ErrorMessage":null,"ErrorStackTrace":null,"DisplayName":"UpdateEducation_Pass","Messages":[],"ComputerName":"71RBBX3","Duration":"00:00:00.0040910","StartTime":"2024-06-04T12:02:03.6790129+00:00","EndTime":"2024-06-04T12:02:03.683103+00:00","Properties":[{"Key":{"Id":"NUnit.Seed","Label":"Seed","Category":"","Description":"","Attributes":0,"ValueType":"System.String"},"Value":"1397073884"}]},{"TestCase":{"Id":"60ea5ee3-7294-5c8d-469f-76201f5cafa6","FullyQualifiedName":"ServicesTest.JobSeekerServiceTests.UpdateExp_JobSeekerExcep_Pass","DisplayName":"UpdateExp_JobSeekerExcep_Pass","ExecutorUri":"executor://NUnit3TestExecutor","Source":"C:\\Users\\VC\\Desktop\\Presidio_mini_Project\\Job_Portal_API\\ServicesTest\\bin\\Debug\\net8.0\\fine-code-coverage\\build-output\\ServicesTest.dll","CodeFilePath":null,"LineNumber":0,"Properties":[{"Key":{"Id":"NUnit.Seed","Label":"Seed","Category":"","Description":"","Attributes":0,"ValueType":"System.String"},"Value":"1212540741"}]},"Attachments":[],"Outcome":1,"ErrorMessage":null,"ErrorStackTrace":null,"DisplayName":"UpdateExp_JobSeekerExcep_Pass","Messages":[],"ComputerName":"71RBBX3","Duration":"00:00:00.0038350","StartTime":"2024-06-04T12:02:03.683134+00:00","EndTime":"2024-06-04T12:02:03.6869687+00:00","Properties":[{"Key":{"Id":"NUnit.Seed","Label":"Seed","Category":"","Description":"","Attributes":0,"ValueType":"System.String"},"Value":"1212540741"}]}],"TestRunStatistics":{"ExecutedTests":45,"Stats":{"Passed":45}},"ActiveTests":[{"Id":"b6b9aae5-9c71-193c-8ddb-8f87e7f756c4","FullyQualifiedName":"ServicesTest.JobSeekerServiceTests.UpdateExperience_Pass","DisplayName":"UpdateExperience_Pass","ExecutorUri":"executor://NUnit3TestExecutor","Source":"C:\\Users\\VC\\Desktop\\Presidio_mini_Project\\Job_Portal_API\\ServicesTest\\bin\\Debug\\net8.0\\fine-code-coverage\\build-output\\ServicesTest.dll","CodeFilePath":null,"LineNumber":0,"Properties":[{"Key":{"Id":"NUnit.Seed","Label":"Seed","Category":"","Description":"","Attributes":0,"ValueType":"System.String"},"Value":"848060572"}]}]}}
TpTrace Verbose: 0 : 8432, 13, 2024/06/04, 17:32:03.692, 7044242000347, vstest.console.dll, TestRunRequest:SendTestRunStatsChange: Starting.
TpTrace Verbose: 0 : 8432, 13, 2024/06/04, 17:32:03.692, 7044242001358, vstest.console.dll, InProgress is UpdateExperience_Pass
TpTrace Verbose: 0 : 8432, 13, 2024/06/04, 17:32:03.692, 7044242002231, vstest.console.dll, MulticastDelegateUtilities.SafeInvoke: TestRun.RunStatsChanged: Invoking callbacks was skipped because there are no subscribers.
TpTrace Information: 0 : 8432, 13, 2024/06/04, 17:32:03.692, 7044242002741, vstest.console.dll, TestRunRequest:SendTestRunStatsChange: Completed.
TpTrace Verbose: 0 : 8432, 13, 2024/06/04, 17:32:03.692, 7044242003286, vstest.console.dll, MulticastDelegateUtilities.SafeInvoke: LengthPrefixCommunicationChannel: MessageReceived: Invoking callback 1/1 for Microsoft.VisualStudio.TestPlatform.CommunicationUtilities.TestRequestSender+<>c__DisplayClass34_0., took 2 ms.
TpTrace Verbose: 0 : 8432, 4, 2024/06/04, 17:32:03.692, 7044242003523, vstest.console.dll, MulticastDelegateUtilities.SafeInvoke: InternalTestLoggerEvents.SendTestResult: Invoking callback 1/1 for Microsoft.VisualStudio.TestPlatform.CommandLine.Internal.ConsoleLogger., took 0 ms.
TpTrace Verbose: 0 : 8432, 13, 2024/06/04, 17:32:03.692, 7044242004528, vstest.console.dll, TcpClientExtensions.MessageLoopAsync: Polling on remoteEndPoint: 127.0.0.1:57480 localEndPoint: 127.0.0.1:57479 after 36 ms
TpTrace Verbose: 0 : 8432, 4, 2024/06/04, 17:32:03.692, 7044242004566, vstest.console.dll, MulticastDelegateUtilities.SafeInvoke: InternalTestLoggerEvents.SendTestResult: Invoking callback 1/1 for Microsoft.VisualStudio.TestPlatform.CommandLine.Internal.ConsoleLogger., took 0 ms.
TpTrace Verbose: 0 : 8432, 4, 2024/06/04, 17:32:03.692, 7044242006509, vstest.console.dll, MulticastDelegateUtilities.SafeInvoke: InternalTestLoggerEvents.SendTestResult: Invoking callback 1/1 for Microsoft.VisualStudio.TestPlatform.CommandLine.Internal.ConsoleLogger., took 0 ms.
TpTrace Verbose: 0 : 8432, 4, 2024/06/04, 17:32:03.692, 7044242007340, vstest.console.dll, MulticastDelegateUtilities.SafeInvoke: InternalTestLoggerEvents.SendTestResult: Invoking callback 1/1 for Microsoft.VisualStudio.TestPlatform.CommandLine.Internal.ConsoleLogger., took 0 ms.
TpTrace Verbose: 0 : 8432, 4, 2024/06/04, 17:32:03.693, 7044242007850, vstest.console.dll, MulticastDelegateUtilities.SafeInvoke: InternalTestLoggerEvents.SendTestResult: Invoking callback 1/1 for Microsoft.VisualStudio.TestPlatform.CommandLine.Internal.ConsoleLogger., took 0 ms.
TpTrace Verbose: 0 : 8432, 4, 2024/06/04, 17:32:03.693, 7044242009899, vstest.console.dll, MulticastDelegateUtilities.SafeInvoke: InternalTestLoggerEvents.SendTestResult: Invoking callback 1/1 for Microsoft.VisualStudio.TestPlatform.CommandLine.Internal.ConsoleLogger., took 0 ms.
TpTrace Verbose: 0 : 8432, 4, 2024/06/04, 17:32:03.693, 7044242010550, vstest.console.dll, MulticastDelegateUtilities.SafeInvoke: InternalTestLoggerEvents.SendTestResult: Invoking callback 1/1 for Microsoft.VisualStudio.TestPlatform.CommandLine.Internal.ConsoleLogger., took 0 ms.
TpTrace Verbose: 0 : 8432, 4, 2024/06/04, 17:32:03.693, 7044242011249, vstest.console.dll, MulticastDelegateUtilities.SafeInvoke: InternalTestLoggerEvents.SendTestResult: Invoking callback 1/1 for Microsoft.VisualStudio.TestPlatform.CommandLine.Internal.ConsoleLogger., took 0 ms.
TpTrace Verbose: 0 : 8432, 4, 2024/06/04, 17:32:03.693, 7044242011707, vstest.console.dll, MulticastDelegateUtilities.SafeInvoke: InternalTestLoggerEvents.SendTestResult: Invoking callback 1/1 for Microsoft.VisualStudio.TestPlatform.CommandLine.Internal.ConsoleLogger., took 0 ms.
TpTrace Verbose: 0 : 8432, 13, 2024/06/04, 17:32:03.828, 7044243358208, vstest.console.dll, TcpClientExtensions.MessageLoopAsync: NotifyDataAvailable remoteEndPoint: 127.0.0.1:57480 localEndPoint: 127.0.0.1:57479
TpTrace Verbose: 0 : 8432, 13, 2024/06/04, 17:32:03.828, 7044243361654, vstest.console.dll, TestRequestSender.OnExecutionMessageReceived: Received message: {"Version":7,"MessageType":"TestExecution.StatsChange","Payload":{"NewTestResults":[{"TestCase":{"Id":"b6b9aae5-9c71-193c-8ddb-8f87e7f756c4","FullyQualifiedName":"ServicesTest.JobSeekerServiceTests.UpdateExperience_Pass","DisplayName":"UpdateExperience_Pass","ExecutorUri":"executor://NUnit3TestExecutor","Source":"C:\\Users\\VC\\Desktop\\Presidio_mini_Project\\Job_Portal_API\\ServicesTest\\bin\\Debug\\net8.0\\fine-code-coverage\\build-output\\ServicesTest.dll","CodeFilePath":null,"LineNumber":0,"Properties":[{"Key":{"Id":"NUnit.Seed","Label":"Seed","Category":"","Description":"","Attributes":0,"ValueType":"System.String"},"Value":"848060572"}]},"Attachments":[],"Outcome":1,"ErrorMessage":null,"ErrorStackTrace":null,"DisplayName":"UpdateExperience_Pass","Messages":[],"ComputerName":"71RBBX3","Duration":"00:00:00.0038610","StartTime":"2024-06-04T12:02:03.6869997+00:00","EndTime":"2024-06-04T12:02:03.6908598+00:00","Properties":[{"Key":{"Id":"NUnit.Seed","Label":"Seed","Category":"","Description":"","Attributes":0,"ValueType":"System.String"},"Value":"848060572"}]},{"TestCase":{"Id":"9db90976-063a-07e6-1eb8-79ca39adfab1","FullyQualifiedName":"ServicesTest.JobSeekerServiceTests.UpdateExperinece_ExpExcep_Pass","DisplayName":"UpdateExperinece_ExpExcep_Pass","ExecutorUri":"executor://NUnit3TestExecutor","Source":"C:\\Users\\VC\\Desktop\\Presidio_mini_Project\\Job_Portal_API\\ServicesTest\\bin\\Debug\\net8.0\\fine-code-coverage\\build-output\\ServicesTest.dll","CodeFilePath":null,"LineNumber":0,"Properties":[{"Key":{"Id":"NUnit.Seed","Label":"Seed","Category":"","Description":"","Attributes":0,"ValueType":"System.String"},"Value":"1774630880"}]},"Attachments":[],"Outcome":1,"ErrorMessage":null,"ErrorStackTrace":null,"DisplayName":"UpdateExperinece_ExpExcep_Pass","Messages":[],"ComputerName":"71RBBX3","Duration":"00:00:00.0023739","StartTime":"2024-06-04T12:02:03.6908893+00:00","EndTime":"2024-06-04T12:02:03.6932621+00:00","Properties":[{"Key":{"Id":"NUnit.Seed","Label":"Seed","Category":"","Description":"","Attributes":0,"ValueType":"System.String"},"Value":"1774630880"}]},{"TestCase":{"Id":"a4ff9d71-8a54-ed26-b764-f5773bcabdf9","FullyQualifiedName":"ServicesTest.UserServiceTest.ChangePassword_InvalidId_Fail","DisplayName":"ChangePassword_InvalidId_Fail","ExecutorUri":"executor://NUnit3TestExecutor","Source":"C:\\Users\\VC\\Desktop\\Presidio_mini_Project\\Job_Portal_API\\ServicesTest\\bin\\Debug\\net8.0\\fine-code-coverage\\build-output\\ServicesTest.dll","CodeFilePath":null,"LineNumber":0,"Properties":[{"Key":{"Id":"NUnit.Seed","Label":"Seed","Category":"","Description":"","Attributes":0,"ValueType":"System.String"},"Value":"2079146518"}]},"Attachments":[],"Outcome":1,"ErrorMessage":null,"ErrorStackTrace":null,"DisplayName":"ChangePassword_InvalidId_Fail","Messages":[],"ComputerName":"71RBBX3","Duration":"00:00:00.0989990","StartTime":"2024-06-04T12:02:03.6934446+00:00","EndTime":"2024-06-04T12:02:03.7924428+00:00","Properties":[{"Key":{"Id":"NUnit.Seed","Label":"Seed","Category":"","Description":"","Attributes":0,"ValueType":"System.String"},"Value":"2079146518"}]},{"TestCase":{"Id":"0e6868e0-2de8-519f-d375-41ceb4aded69","FullyQualifiedName":"ServicesTest.UserServiceTest.ChangePassword_InvalidOldPassword_Fail","DisplayName":"ChangePassword_InvalidOldPassword_Fail","ExecutorUri":"executor://NUnit3TestExecutor","Source":"C:\\Users\\VC\\Desktop\\Presidio_mini_Project\\Job_Portal_API\\ServicesTest\\bin\\Debug\\net8.0\\fine-code-coverage\\build-output\\ServicesTest.dll","CodeFilePath":null,"LineNumber":0,"Properties":[{"Key":{"Id":"NUnit.Seed","Label":"Seed","Category":"","Description":"","Attributes":0,"ValueType":"System.String"},"Value":"40574779"}]},"Attachments":[],"Outcome":1,"ErrorMessage":null,"ErrorStackTrace":null,"DisplayName":"ChangePassword_InvalidOldPassword_Fail","Messages":[],"ComputerName":"71RBBX3","Duration":"00:00:00.0147730","StartTime":"2024-06-04T12:02:03.7924865+00:00","EndTime":"2024-06-04T12:02:03.8072593+00:00","Properties":[{"Key":{"Id":"NUnit.Seed","Label":"Seed","Category":"","Description":"","Attributes":0,"ValueType":"System.String"},"Value":"40574779"}]},{"TestCase":{"Id":"c1078113-91c1-3cc0-8d3e-7605beeb43af","FullyQualifiedName":"ServicesTest.UserServiceTest.ChangePassword_PasswordMismatch_Fail","DisplayName":"ChangePassword_PasswordMismatch_Fail","ExecutorUri":"executor://NUnit3TestExecutor","Source":"C:\\Users\\VC\\Desktop\\Presidio_mini_Project\\Job_Portal_API\\ServicesTest\\bin\\Debug\\net8.0\\fine-code-coverage\\build-output\\ServicesTest.dll","CodeFilePath":null,"LineNumber":0,"Properties":[{"Key":{"Id":"NUnit.Seed","Label":"Seed","Category":"","Description":"","Attributes":0,"ValueType":"System.String"},"Value":"369953079"}]},"Attachments":[],"Outcome":1,"ErrorMessage":null,"ErrorStackTrace":null,"DisplayName":"ChangePassword_PasswordMismatch_Fail","Messages":[],"ComputerName":"71RBBX3","Duration":"00:00:00.0025829","StartTime":"2024-06-04T12:02:03.8072976+00:00","EndTime":"2024-06-04T12:02:03.8098804+00:00","Properties":[{"Key":{"Id":"NUnit.Seed","Label":"Seed","Category":"","Description":"","Attributes":0,"ValueType":"System.String"},"Value":"369953079"}]},{"TestCase":{"Id":"099002a8-13a9-87b1-a794-bfcec9a4f9c1","FullyQualifiedName":"ServicesTest.UserServiceTest.ChangePassword_ValidIdAndCredentials_Pass","DisplayName":"ChangePassword_ValidIdAndCredentials_Pass","ExecutorUri":"executor://NUnit3TestExecutor","Source":"C:\\Users\\VC\\Desktop\\Presidio_mini_Project\\Job_Portal_API\\ServicesTest\\bin\\Debug\\net8.0\\fine-code-coverage\\build-output\\ServicesTest.dll","CodeFilePath":null,"LineNumber":0,"Properties":[{"Key":{"Id":"NUnit.Seed","Label":"Seed","Category":"","Description":"","Attributes":0,"ValueType":"System.String"},"Value":"209733181"}]},"Attachments":[],"Outcome":1,"ErrorMessage":null,"ErrorStackTrace":null,"DisplayName":"ChangePassword_ValidIdAndCredentials_Pass","Messages":[],"ComputerName":"71RBBX3","Duration":"00:00:00.0030800","StartTime":"2024-06-04T12:02:03.809909+00:00","EndTime":"2024-06-04T12:02:03.8129881+00:00","Properties":[{"Key":{"Id":"NUnit.Seed","Label":"Seed","Category":"","Description":"","Attributes":0,"ValueType":"System.String"},"Value":"209733181"}]},{"TestCase":{"Id":"7f893c50-2b7d-f825-2083-6bb10839834a","FullyQualifiedName":"ServicesTest.UserServiceTest.DeleteUserById_InvalidId_Fail","DisplayName":"DeleteUserById_InvalidId_Fail","ExecutorUri":"executor://NUnit3TestExecutor","Source":"C:\\Users\\VC\\Desktop\\Presidio_mini_Project\\Job_Portal_API\\ServicesTest\\bin\\Debug\\net8.0\\fine-code-coverage\\build-output\\ServicesTest.dll","CodeFilePath":null,"LineNumber":0,"Properties":[{"Key":{"Id":"NUnit.Seed","Label":"Seed","Category":"","Description":"","Attributes":0,"ValueType":"System.String"},"Value":"477371570"}]},"Attachments":[],"Outcome":1,"ErrorMessage":null,"ErrorStackTrace":null,"DisplayName":"DeleteUserById_InvalidId_Fail","Messages":[],"ComputerName":"71RBBX3","Duration":"00:00:00.0028350","StartTime":"2024-06-04T12:02:03.8130157+00:00","EndTime":"2024-06-04T12:02:03.8158502+00:00","Properties":[{"Key":{"Id":"NUnit.Seed","Label":"Seed","Category":"","Description":"","Attributes":0,"ValueType":"System.String"},"Value":"477371570"}]},{"TestCase":{"Id":"5398738a-6b31-e0ed-7fea-bdc319b2dd8a","FullyQualifiedName":"ServicesTest.UserServiceTest.DeleteUserById_ValidId_Pass","DisplayName":"DeleteUserById_ValidId_Pass","ExecutorUri":"executor://NUnit3TestExecutor","Source":"C:\\Users\\VC\\Desktop\\Presidio_mini_Project\\Job_Portal_API\\ServicesTest\\bin\\Debug\\net8.0\\fine-code-coverage\\build-output\\ServicesTest.dll","CodeFilePath":null,"LineNumber":0,"Properties":[{"Key":{"Id":"NUnit.Seed","Label":"Seed","Category":"","Description":"","Attributes":0,"ValueType":"System.String"},"Value":"1835864146"}]},"Attachments":[],"Outcome":1,"ErrorMessage":null,"ErrorStackTrace":null,"DisplayName":"DeleteUserById_ValidId_Pass","Messages":[],"ComputerName":"71RBBX3","Duration":"00:00:00.0027620","StartTime":"2024-06-04T12:02:03.8158757+00:00","EndTime":"2024-06-04T12:02:03.8186375+00:00","Properties":[{"Key":{"Id":"NUnit.Seed","Label":"Seed","Category":"","Description":"","Attributes":0,"ValueType":"System.String"},"Value":"1835864146"}]},{"TestCase":{"Id":"b9ee2357-df4d-a089-85bf-57a573b5b048","FullyQualifiedName":"ServicesTest.UserServiceTest.GetUserById_InvalidId_Fail","DisplayName":"GetUserById_InvalidId_Fail","ExecutorUri":"executor://NUnit3TestExecutor","Source":"C:\\Users\\VC\\Desktop\\Presidio_mini_Project\\Job_Portal_API\\ServicesTest\\bin\\Debug\\net8.0\\fine-code-coverage\\build-output\\ServicesTest.dll","CodeFilePath":null,"LineNumber":0,"Properties":[{"Key":{"Id":"NUnit.Seed","Label":"Seed","Category":"","Description":"","Attributes":0,"ValueType":"System.String"},"Value":"1483853252"}]},"Attachments":[],"Outcome":1,"ErrorMessage":null,"ErrorStackTrace":null,"DisplayName":"GetUserById_InvalidId_Fail","Messages":[],"ComputerName":"71RBBX3","Duration":"00:00:00.0033300","StartTime":"2024-06-04T12:02:03.8186707+00:00","EndTime":"2024-06-04T12:02:03.8220004+00:00","Properties":[{"Key":{"Id":"NUnit.Seed","Label":"Seed","Category":"","Description":"","Attributes":0,"ValueType":"System.String"},"Value":"1483853252"}]}],"TestRunStatistics":{"ExecutedTests":54,"Stats":{"Passed":54}},"ActiveTests":[{"Id":"01f18ce1-06ea-90a8-227c-adfde97eea71","FullyQualifiedName":"ServicesTest.UserServiceTest.GetUserById_ValidId_Pass","DisplayName":"GetUserById_ValidId_Pass","ExecutorUri":"executor://NUnit3TestExecutor","Source":"C:\\Users\\VC\\Desktop\\Presidio_mini_Project\\Job_Portal_API\\ServicesTest\\bin\\Debug\\net8.0\\fine-code-coverage\\build-output\\ServicesTest.dll","CodeFilePath":null,"LineNumber":0,"Properties":[{"Key":{"Id":"NUnit.Seed","Label":"Seed","Category":"","Description":"","Attributes":0,"ValueType":"System.String"},"Value":"949157611"}]}]}}
TpTrace Verbose: 0 : 8432, 13, 2024/06/04, 17:32:03.829, 7044243374208, vstest.console.dll, TestRunRequest:SendTestRunStatsChange: Starting.
TpTrace Verbose: 0 : 8432, 13, 2024/06/04, 17:32:03.829, 7044243374942, vstest.console.dll, InProgress is GetUserById_ValidId_Pass
TpTrace Verbose: 0 : 8432, 13, 2024/06/04, 17:32:03.829, 7044243375751, vstest.console.dll, MulticastDelegateUtilities.SafeInvoke: TestRun.RunStatsChanged: Invoking callbacks was skipped because there are no subscribers.
TpTrace Information: 0 : 8432, 13, 2024/06/04, 17:32:03.829, 7044243376103, vstest.console.dll, TestRunRequest:SendTestRunStatsChange: Completed.
TpTrace Verbose: 0 : 8432, 4, 2024/06/04, 17:32:03.829, 7044243376375, vstest.console.dll, MulticastDelegateUtilities.SafeInvoke: InternalTestLoggerEvents.SendTestResult: Invoking callback 1/1 for Microsoft.VisualStudio.TestPlatform.CommandLine.Internal.ConsoleLogger., took 0 ms.
TpTrace Verbose: 0 : 8432, 13, 2024/06/04, 17:32:03.829, 7044243376499, vstest.console.dll, MulticastDelegateUtilities.SafeInvoke: LengthPrefixCommunicationChannel: MessageReceived: Invoking callback 1/1 for Microsoft.VisualStudio.TestPlatform.CommunicationUtilities.TestRequestSender+<>c__DisplayClass34_0., took 1 ms.
TpTrace Verbose: 0 : 8432, 4, 2024/06/04, 17:32:03.830, 7044243377740, vstest.console.dll, MulticastDelegateUtilities.SafeInvoke: InternalTestLoggerEvents.SendTestResult: Invoking callback 1/1 for Microsoft.VisualStudio.TestPlatform.CommandLine.Internal.ConsoleLogger., took 0 ms.
TpTrace Verbose: 0 : 8432, 13, 2024/06/04, 17:32:03.830, 7044243377985, vstest.console.dll, TcpClientExtensions.MessageLoopAsync: Polling on remoteEndPoint: 127.0.0.1:57480 localEndPoint: 127.0.0.1:57479 after 137 ms
TpTrace Verbose: 0 : 8432, 4, 2024/06/04, 17:32:03.830, 7044243378986, vstest.console.dll, MulticastDelegateUtilities.SafeInvoke: InternalTestLoggerEvents.SendTestResult: Invoking callback 1/1 for Microsoft.VisualStudio.TestPlatform.CommandLine.Internal.ConsoleLogger., took 0 ms.
TpTrace Verbose: 0 : 8432, 4, 2024/06/04, 17:32:03.830, 7044243379964, vstest.console.dll, MulticastDelegateUtilities.SafeInvoke: InternalTestLoggerEvents.SendTestResult: Invoking callback 1/1 for Microsoft.VisualStudio.TestPlatform.CommandLine.Internal.ConsoleLogger., took 0 ms.
TpTrace Verbose: 0 : 8432, 4, 2024/06/04, 17:32:03.830, 7044243380404, vstest.console.dll, MulticastDelegateUtilities.SafeInvoke: InternalTestLoggerEvents.SendTestResult: Invoking callback 1/1 for Microsoft.VisualStudio.TestPlatform.CommandLine.Internal.ConsoleLogger., took 0 ms.
TpTrace Verbose: 0 : 8432, 4, 2024/06/04, 17:32:03.830, 7044243380901, vstest.console.dll, MulticastDelegateUtilities.SafeInvoke: InternalTestLoggerEvents.SendTestResult: Invoking callback 1/1 for Microsoft.VisualStudio.TestPlatform.CommandLine.Internal.ConsoleLogger., took 0 ms.
TpTrace Verbose: 0 : 8432, 4, 2024/06/04, 17:32:03.830, 7044243381412, vstest.console.dll, MulticastDelegateUtilities.SafeInvoke: InternalTestLoggerEvents.SendTestResult: Invoking callback 1/1 for Microsoft.VisualStudio.TestPlatform.CommandLine.Internal.ConsoleLogger., took 0 ms.
TpTrace Verbose: 0 : 8432, 4, 2024/06/04, 17:32:03.830, 7044243381942, vstest.console.dll, MulticastDelegateUtilities.SafeInvoke: InternalTestLoggerEvents.SendTestResult: Invoking callback 1/1 for Microsoft.VisualStudio.TestPlatform.CommandLine.Internal.ConsoleLogger., took 0 ms.
TpTrace Verbose: 0 : 8432, 4, 2024/06/04, 17:32:03.830, 7044243382386, vstest.console.dll, MulticastDelegateUtilities.SafeInvoke: InternalTestLoggerEvents.SendTestResult: Invoking callback 1/1 for Microsoft.VisualStudio.TestPlatform.CommandLine.Internal.ConsoleLogger., took 0 ms.
TpTrace Verbose: 0 : 8432, 13, 2024/06/04, 17:32:03.938, 7044244457422, vstest.console.dll, TcpClientExtensions.MessageLoopAsync: NotifyDataAvailable remoteEndPoint: 127.0.0.1:57480 localEndPoint: 127.0.0.1:57479
TpTrace Verbose: 0 : 8432, 13, 2024/06/04, 17:32:03.938, 7044244459053, vstest.console.dll, TestRequestSender.OnExecutionMessageReceived: Received message: {"Version":7,"MessageType":"TestSession.Message","Payload":{"MessageLevel":0,"Message":"NUnit Adapter 4.5.0.0: Test execution complete"}}
TpTrace Verbose: 0 : 8432, 13, 2024/06/04, 17:32:03.938, 7044244460487, vstest.console.dll, TestRunRequest:SendTestRunMessage: Starting.
TpTrace Verbose: 0 : 8432, 13, 2024/06/04, 17:32:03.938, 7044244461146, vstest.console.dll, MulticastDelegateUtilities.SafeInvoke: TestRun.LogMessages: Invoking callback 1/1 for Microsoft.VisualStudio.TestPlatform.CommandLine.TestRunResultAggregator., took 0 ms.
TpTrace Information: 0 : 8432, 13, 2024/06/04, 17:32:03.938, 7044244461535, vstest.console.dll, TestRunRequest:SendTestRunMessage: Completed.
TpTrace Verbose: 0 : 8432, 13, 2024/06/04, 17:32:03.938, 7044244462029, vstest.console.dll, MulticastDelegateUtilities.SafeInvoke: LengthPrefixCommunicationChannel: MessageReceived: Invoking callback 1/1 for Microsoft.VisualStudio.TestPlatform.CommunicationUtilities.TestRequestSender+<>c__DisplayClass34_0., took 0 ms.
TpTrace Verbose: 0 : 8432, 4, 2024/06/04, 17:32:03.938, 7044244461624, vstest.console.dll, MulticastDelegateUtilities.SafeInvoke: InternalTestLoggerEvents.SendTestRunMessage: Invoking callback 1/1 for Microsoft.VisualStudio.TestPlatform.CommandLine.Internal.ConsoleLogger., took 0 ms.
TpTrace Verbose: 0 : 8432, 13, 2024/06/04, 17:32:03.938, 7044244462572, vstest.console.dll, TcpClientExtensions.MessageLoopAsync: Polling on remoteEndPoint: 127.0.0.1:57480 localEndPoint: 127.0.0.1:57479 after 108 ms
TpTrace Verbose: 0 : 8432, 13, 2024/06/04, 17:32:03.958, 7044244661294, vstest.console.dll, TcpClientExtensions.MessageLoopAsync: NotifyDataAvailable remoteEndPoint: 127.0.0.1:57480 localEndPoint: 127.0.0.1:57479
TpTrace Verbose: 0 : 8432, 13, 2024/06/04, 17:32:03.958, 7044244666413, vstest.console.dll, TestRequestSender.OnExecutionMessageReceived: Received message: {"Version":7,"MessageType":"TestExecution.Completed","Payload":{"TestRunCompleteArgs":{"TestRunStatistics":{"ExecutedTests":63,"Stats":{"Passed":63}},"IsCanceled":false,"IsAborted":false,"Error":null,"AttachmentSets":[],"InvokedDataCollectors":[],"ElapsedTimeInRunningTests":"00:00:02.3415882","Metrics":{},"DiscoveredExtensions":{"TestDiscoverers":["NUnit.VisualStudio.TestAdapter.NUnit3TestDiscoverer, NUnit3.TestAdapter, Version=4.5.0.0, Culture=neutral, PublicKeyToken=4cb40d35494691ac"],"TestExecutors":["executor://NUnit3TestExecutor"],"TestExecutors2":[],"TestSettingsProviders":[]}},"LastRunTests":{"NewTestResults":[{"TestCase":{"Id":"01f18ce1-06ea-90a8-227c-adfde97eea71","FullyQualifiedName":"ServicesTest.UserServiceTest.GetUserById_ValidId_Pass","DisplayName":"GetUserById_ValidId_Pass","ExecutorUri":"executor://NUnit3TestExecutor","Source":"C:\\Users\\VC\\Desktop\\Presidio_mini_Project\\Job_Portal_API\\ServicesTest\\bin\\Debug\\net8.0\\fine-code-coverage\\build-output\\ServicesTest.dll","CodeFilePath":null,"LineNumber":0,"Properties":[{"Key":{"Id":"NUnit.Seed","Label":"Seed","Category":"","Description":"","Attributes":0,"ValueType":"System.String"},"Value":"949157611"}]},"Attachments":[],"Outcome":1,"ErrorMessage":null,"ErrorStackTrace":null,"DisplayName":"GetUserById_ValidId_Pass","Messages":[],"ComputerName":"71RBBX3","Duration":"00:00:00.0026120","StartTime":"2024-06-04T12:02:03.8220347+00:00","EndTime":"2024-06-04T12:02:03.8246461+00:00","Properties":[{"Key":{"Id":"NUnit.Seed","Label":"Seed","Category":"","Description":"","Attributes":0,"ValueType":"System.String"},"Value":"949157611"}]},{"TestCase":{"Id":"3ee5a1e8-694b-3af7-e807-099d2a8b3faa","FullyQualifiedName":"ServicesTest.UserServiceTest.LoginUser_InvalidCredentials_Fail","DisplayName":"LoginUser_InvalidCredentials_Fail","ExecutorUri":"executor://NUnit3TestExecutor","Source":"C:\\Users\\VC\\Desktop\\Presidio_mini_Project\\Job_Portal_API\\ServicesTest\\bin\\Debug\\net8.0\\fine-code-coverage\\build-output\\ServicesTest.dll","CodeFilePath":null,"LineNumber":0,"Properties":[{"Key":{"Id":"NUnit.Seed","Label":"Seed","Category":"","Description":"","Attributes":0,"ValueType":"System.String"},"Value":"569709185"}]},"Attachments":[],"Outcome":1,"ErrorMessage":null,"ErrorStackTrace":null,"DisplayName":"LoginUser_InvalidCredentials_Fail","Messages":[],"ComputerName":"71RBBX3","Duration":"00:00:00.0094750","StartTime":"2024-06-04T12:02:03.8246708+00:00","EndTime":"2024-06-04T12:02:03.8341449+00:00","Properties":[{"Key":{"Id":"NUnit.Seed","Label":"Seed","Category":"","Description":"","Attributes":0,"ValueType":"System.String"},"Value":"569709185"}]},{"TestCase":{"Id":"39cc1845-d2c3-1381-daf7-f3eee67b435c","FullyQualifiedName":"ServicesTest.UserServiceTest.LoginUser_UnauthorizedException_Fail","DisplayName":"LoginUser_UnauthorizedException_Fail","ExecutorUri":"executor://NUnit3TestExecutor","Source":"C:\\Users\\VC\\Desktop\\Presidio_mini_Project\\Job_Portal_API\\ServicesTest\\bin\\Debug\\net8.0\\fine-code-coverage\\build-output\\ServicesTest.dll","CodeFilePath":null,"LineNumber":0,"Properties":[{"Key":{"Id":"NUnit.Seed","Label":"Seed","Category":"","Description":"","Attributes":0,"ValueType":"System.String"},"Value":"1477955702"}]},"Attachments":[],"Outcome":1,"ErrorMessage":null,"ErrorStackTrace":null,"DisplayName":"LoginUser_UnauthorizedException_Fail","Messages":[],"ComputerName":"71RBBX3","Duration":"00:00:00.0028180","StartTime":"2024-06-04T12:02:03.8341807+00:00","EndTime":"2024-06-04T12:02:03.8369978+00:00","Properties":[{"Key":{"Id":"NUnit.Seed","Label":"Seed","Category":"","Description":"","Attributes":0,"ValueType":"System.String"},"Value":"1477955702"}]},{"TestCase":{"Id":"233a96fa-624a-ed84-a501-8690886d5d6f","FullyQualifiedName":"ServicesTest.UserServiceTest.LoginUser_ValidCredentials_Pass","DisplayName":"LoginUser_ValidCredentials_Pass","ExecutorUri":"executor://NUnit3TestExecutor","Source":"C:\\Users\\VC\\Desktop\\Presidio_mini_Project\\Job_Portal_API\\ServicesTest\\bin\\Debug\\net8.0\\fine-code-coverage\\build-output\\ServicesTest.dll","CodeFilePath":null,"LineNumber":0,"Properties":[{"Key":{"Id":"NUnit.Seed","Label":"Seed","Category":"","Description":"","Attributes":0,"ValueType":"System.String"},"Value":"1062194150"}]},"Attachments":[],"Outcome":1,"ErrorMessage":null,"ErrorStackTrace":null,"DisplayName":"LoginUser_ValidCredentials_Pass","Messages":[],"ComputerName":"71RBBX3","Duration":"00:00:00.0714100","StartTime":"2024-06-04T12:02:03.8370255+00:00","EndTime":"2024-06-04T12:02:03.908435+00:00","Properties":[{"Key":{"Id":"NUnit.Seed","Label":"Seed","Category":"","Description":"","Attributes":0,"ValueType":"System.String"},"Value":"1062194150"}]},{"TestCase":{"Id":"cef3bfe7-aec1-8600-a56c-1860b96d9ced","FullyQualifiedName":"ServicesTest.UserServiceTest.RegisterUser_ArgumentException_Fail","DisplayName":"RegisterUser_ArgumentException_Fail","ExecutorUri":"executor://NUnit3TestExecutor","Source":"C:\\Users\\VC\\Desktop\\Presidio_mini_Project\\Job_Portal_API\\ServicesTest\\bin\\Debug\\net8.0\\fine-code-coverage\\build-output\\ServicesTest.dll","CodeFilePath":null,"LineNumber":0,"Properties":[{"Key":{"Id":"NUnit.Seed","Label":"Seed","Category":"","Description":"","Attributes":0,"ValueType":"System.String"},"Value":"812951400"}]},"Attachments":[],"Outcome":1,"ErrorMessage":null,"ErrorStackTrace":null,"DisplayName":"RegisterUser_ArgumentException_Fail","Messages":[],"ComputerName":"71RBBX3","Duration":"00:00:00.0020600","StartTime":"2024-06-04T12:02:03.9085933+00:00","EndTime":"2024-06-04T12:02:03.910653+00:00","Properties":[{"Key":{"Id":"NUnit.Seed","Label":"Seed","Category":"","Description":"","Attributes":0,"ValueType":"System.String"},"Value":"812951400"}]},{"TestCase":{"Id":"fa97bcfc-7019-af37-87a2-22a1a5c2bd42","FullyQualifiedName":"ServicesTest.UserServiceTest.RegisterUser_UserAlreadyExists_Fail","DisplayName":"RegisterUser_UserAlreadyExists_Fail","ExecutorUri":"executor://NUnit3TestExecutor","Source":"C:\\Users\\VC\\Desktop\\Presidio_mini_Project\\Job_Portal_API\\ServicesTest\\bin\\Debug\\net8.0\\fine-code-coverage\\build-output\\ServicesTest.dll","CodeFilePath":null,"LineNumber":0,"Properties":[{"Key":{"Id":"NUnit.Seed","Label":"Seed","Category":"","Description":"","Attributes":0,"ValueType":"System.String"},"Value":"336312887"}]},"Attachments":[],"Outcome":1,"ErrorMessage":null,"ErrorStackTrace":null,"DisplayName":"RegisterUser_UserAlreadyExists_Fail","Messages":[],"ComputerName":"71RBBX3","Duration":"00:00:00.0033160","StartTime":"2024-06-04T12:02:03.9106931+00:00","EndTime":"2024-06-04T12:02:03.9140085+00:00","Properties":[{"Key":{"Id":"NUnit.Seed","Label":"Seed","Category":"","Description":"","Attributes":0,"ValueType":"System.String"},"Value":"336312887"}]},{"TestCase":{"Id":"1efb6571-364f-a25e-93f4-b9a8702390da","FullyQualifiedName":"ServicesTest.UserServiceTest.RegisterUser_ValidUser_Pass","DisplayName":"RegisterUser_ValidUser_Pass","ExecutorUri":"executor://NUnit3TestExecutor","Source":"C:\\Users\\VC\\Desktop\\Presidio_mini_Project\\Job_Portal_API\\ServicesTest\\bin\\Debug\\net8.0\\fine-code-coverage\\build-output\\ServicesTest.dll","CodeFilePath":null,"LineNumber":0,"Properties":[{"Key":{"Id":"NUnit.Seed","Label":"Seed","Category":"","Description":"","Attributes":0,"ValueType":"System.String"},"Value":"104973342"}]},"Attachments":[],"Outcome":1,"ErrorMessage":null,"ErrorStackTrace":null,"DisplayName":"RegisterUser_ValidUser_Pass","Messages":[],"ComputerName":"71RBBX3","Duration":"00:00:00.0044910","StartTime":"2024-06-04T12:02:03.9140387+00:00","EndTime":"2024-06-04T12:02:03.9185294+00:00","Properties":[{"Key":{"Id":"NUnit.Seed","Label":"Seed","Category":"","Description":"","Attributes":0,"ValueType":"System.String"},"Value":"104973342"}]},{"TestCase":{"Id":"aa15b82b-9c90-05f6-082f-bd3a9cb192c5","FullyQualifiedName":"ServicesTest.UserServiceTest.UpdateUserEmail_InvalidUserId_Fail","DisplayName":"UpdateUserEmail_InvalidUserId_Fail","ExecutorUri":"executor://NUnit3TestExecutor","Source":"C:\\Users\\VC\\Desktop\\Presidio_mini_Project\\Job_Portal_API\\ServicesTest\\bin\\Debug\\net8.0\\fine-code-coverage\\build-output\\ServicesTest.dll","CodeFilePath":null,"LineNumber":0,"Properties":[{"Key":{"Id":"NUnit.Seed","Label":"Seed","Category":"","Description":"","Attributes":0,"ValueType":"System.String"},"Value":"1594114799"}]},"Attachments":[],"Outcome":1,"ErrorMessage":null,"ErrorStackTrace":null,"DisplayName":"UpdateUserEmail_InvalidUserId_Fail","Messages":[],"ComputerName":"71RBBX3","Duration":"00:00:00.0024600","StartTime":"2024-06-04T12:02:03.9185561+00:00","EndTime":"2024-06-04T12:02:03.9210159+00:00","Properties":[{"Key":{"Id":"NUnit.Seed","Label":"Seed","Category":"","Description":"","Attributes":0,"ValueType":"System.String"},"Value":"1594114799"}]},{"TestCase":{"Id":"a3fde05a-903b-aa64-63ea-0e70c0aa855e","FullyQualifiedName":"ServicesTest.UserServiceTest.UpdateUserEmail_ValidIdAndEmail_Pass","DisplayName":"UpdateUserEmail_ValidIdAndEmail_Pass","ExecutorUri":"executor://NUnit3TestExecutor","Source":"C:\\Users\\VC\\Desktop\\Presidio_mini_Project\\Job_Portal_API\\ServicesTest\\bin\\Debug\\net8.0\\fine-code-coverage\\build-output\\ServicesTest.dll","CodeFilePath":null,"LineNumber":0,"Properties":[{"Key":{"Id":"NUnit.Seed","Label":"Seed","Category":"","Description":"","Attributes":0,"ValueType":"System.String"},"Value":"1340014525"}]},"Attachments":[],"Outcome":1,"ErrorMessage":null,"ErrorStackTrace":null,"DisplayName":"UpdateUserEmail_ValidIdAndEmail_Pass","Messages":[],"ComputerName":"71RBBX3","Duration":"00:00:00.0023890","StartTime":"2024-06-04T12:02:03.9210529+00:00","EndTime":"2024-06-04T12:02:03.9234411+00:00","Properties":[{"Key":{"Id":"NUnit.Seed","Label":"Seed","Category":"","Description":"","Attributes":0,"ValueType":"System.String"},"Value":"1340014525"}]}],"TestRunStatistics":{"ExecutedTests":63,"Stats":{"Passed":63}},"ActiveTests":[]},"RunAttachments":[],"ExecutorUris":["executor://nunit3testexecutor/"]}}
TpTrace Verbose: 0 : 8432, 13, 2024/06/04, 17:32:03.959, 7044244669245, vstest.console.dll, TestRequestSender.EndSession: Sending end session.
TpTrace Verbose: 0 : 8432, 13, 2024/06/04, 17:32:03.959, 7044244671963, vstest.console.dll, ProxyOperationManager.Close: waiting for test host to exit for 100 ms
TpTrace Verbose: 0 : 8432, 7, 2024/06/04, 17:32:03.992, 7044245005126, vstest.console.dll, TestHostManagerCallbacks.ctor: Experimental forwarding output is disabled.
TpTrace Warning: 0 : 8432, 7, 2024/06/04, 17:32:03.992, 7044245007355, vstest.console.dll, TestHostManagerCallbacks.ErrorReceivedCallback Test host standard error line: 
TpTrace Verbose: 0 : 8432, 7, 2024/06/04, 17:32:04.015, 7044245235287, vstest.console.dll, TestHostProvider.ExitCallBack: Host exited starting callback.
TpTrace Information: 0 : 8432, 7, 2024/06/04, 17:32:04.016, 7044245237800, vstest.console.dll, TestHostManagerCallbacks.ExitCallBack: Testhost processId: 1244 exited with exitcode: 0 error: ''
TpTrace Verbose: 0 : 8432, 7, 2024/06/04, 17:32:04.016, 7044245238559, vstest.console.dll, DotnetTestHostManager.OnHostExited: invoking OnHostExited callback
TpTrace Verbose: 0 : 8432, 7, 2024/06/04, 17:32:04.016, 7044245239429, vstest.console.dll, CrossPlatEngine.TestHostManagerHostExited: calling on client process exit callback.
TpTrace Information: 0 : 8432, 7, 2024/06/04, 17:32:04.016, 7044245240319, vstest.console.dll, TestRequestSender.OnClientProcessExit: Test host process exited. Standard error: 
TpTrace Information: 0 : 8432, 7, 2024/06/04, 17:32:04.016, 7044245241057, vstest.console.dll, SocketServer.Stop: Stop server endPoint: 127.0.0.1:57479
TpTrace Information: 0 : 8432, 7, 2024/06/04, 17:32:04.016, 7044245241622, vstest.console.dll, SocketServer.Stop: Cancellation requested. Stopping message loop.
TpTrace Information: 0 : 8432, 13, 2024/06/04, 17:32:04.016, 7044245241945, vstest.console.dll, SocketServer.Stop: Stop server endPoint: 127.0.0.1:57479
TpTrace Information: 0 : 8432, 13, 2024/06/04, 17:32:04.016, 7044245243632, vstest.console.dll, SocketServer.Stop: Cancellation requested. Stopping message loop.
TpTrace Verbose: 0 : 8432, 7, 2024/06/04, 17:32:04.016, 7044245243808, vstest.console.dll, MulticastDelegateUtilities.SafeInvoke: HostProviderEvents.OnHostExited: Invoking callback 1/1 for Microsoft.VisualStudio.TestPlatform.CrossPlatEngine.Client.ProxyOperationManager., took 0 ms.
TpTrace Information: 0 : 8432, 13, 2024/06/04, 17:32:04.016, 7044245244595, vstest.console.dll, Closing the connection
TpTrace Verbose: 0 : 8432, 13, 2024/06/04, 17:32:04.017, 7044245249159, vstest.console.dll, ProxyDataCollectionManager.InvokeDataCollectionServiceAction: Starting.
TpTrace Information: 0 : 8432, 13, 2024/06/04, 17:32:04.017, 7044245250113, vstest.console.dll, ProxyDataCollectionManager.AfterTestRunEnd: Get attachment set and invoked data collectors processId: 32408 port: 57476
TpTrace Verbose: 0 : 8432, 13, 2024/06/04, 17:32:04.017, 7044245251014, vstest.console.dll, DataCollectionRequestSender.SendAfterTestRunStartAndGetResult: Send AfterTestRunEnd message with isCancelled: False
TpTrace Verbose: 0 : 8432, 13, 2024/06/04, 17:32:04.025, 7044245330886, vstest.console.dll, DataCollectionRequestSender.SendAfterTestRunStartAndGetResult: Received message: (DataCollection.AfterTestRunEndResult) -> {"MessageType":"DataCollection.AfterTestRunEndResult","Payload":{"AttachmentSets":[],"InvokedDataCollectors":[{"Uri":"datacollector://Microsoft/TestPlatform/Extensions/Blame/v1","FriendlyName":"Blame","AssemblyQualifiedName":"Microsoft.TestPlatform.Extensions.BlameDataCollector.BlameCollector, Microsoft.TestPlatform.Extensions.BlameDataCollector, Version=15.0.0.0, Culture=neutral, PublicKeyToken=b03f5f7f11d50a3a","FilePath":"C:\\Program Files\\dotnet\\sdk\\8.0.202\\Extensions\\Microsoft.TestPlatform.Extensions.BlameDataCollector.dll","HasAttachmentProcessor":false}],"Metrics":{}}}
TpTrace Information: 0 : 8432, 13, 2024/06/04, 17:32:04.031, 7044245388998, vstest.console.dll, ProxyDataCollectionManager.InvokeDataCollectionServiceAction: Completed.
TpTrace Warning: 0 : 8432, 10, 2024/06/04, 17:32:04.062, 7044245698685, vstest.console.dll, DataCollectionLauncher.ErrorReceivedCallback datacollector standard error line: 
TpTrace Information: 0 : 8432, 10, 2024/06/04, 17:32:04.065, 7044245732605, vstest.console.dll, DataCollectionLauncher.ExitCallBack: Data collector exited with exitcode: 0 error: ''
TpTrace Verbose: 0 : 8432, 13, 2024/06/04, 17:32:04.088, 7044245957579, vstest.console.dll, TestRunRequest:SendTestRunStatsChange: Starting.
TpTrace Verbose: 0 : 8432, 13, 2024/06/04, 17:32:04.088, 7044245959067, vstest.console.dll, MulticastDelegateUtilities.SafeInvoke: TestRun.RunStatsChanged: Invoking callbacks was skipped because there are no subscribers.
TpTrace Information: 0 : 8432, 13, 2024/06/04, 17:32:04.088, 7044245959452, vstest.console.dll, TestRunRequest:SendTestRunStatsChange: Completed.
TpTrace Verbose: 0 : 8432, 4, 2024/06/04, 17:32:04.088, 7044245960285, vstest.console.dll, MulticastDelegateUtilities.SafeInvoke: InternalTestLoggerEvents.SendTestResult: Invoking callback 1/1 for Microsoft.VisualStudio.TestPlatform.CommandLine.Internal.ConsoleLogger., took 0 ms.
TpTrace Verbose: 0 : 8432, 4, 2024/06/04, 17:32:04.088, 7044245962134, vstest.console.dll, MulticastDelegateUtilities.SafeInvoke: InternalTestLoggerEvents.SendTestResult: Invoking callback 1/1 for Microsoft.VisualStudio.TestPlatform.CommandLine.Internal.ConsoleLogger., took 0 ms.
TpTrace Verbose: 0 : 8432, 13, 2024/06/04, 17:32:04.088, 7044245962757, vstest.console.dll, ParallelProxyExecutionManager: HandlePartialRunComplete: Total workloads = 1, Total started clients = 1 Total completed clients = 1, Run complete = True, Run canceled: False.
TpTrace Verbose: 0 : 8432, 13, 2024/06/04, 17:32:04.088, 7044245963311, vstest.console.dll, ParallelProxyExecutionManager: HandlePartialRunComplete: All runs completed stopping all managers.
TpTrace Verbose: 0 : 8432, 13, 2024/06/04, 17:32:04.088, 7044245963710, vstest.console.dll, ParallelOperationManager.StopAllManagers: Stopping all managers.
TpTrace Verbose: 0 : 8432, 13, 2024/06/04, 17:32:04.088, 7044245964073, vstest.console.dll, ParallelOperationManager.ClearSlots: Clearing all slots. Slots should accept more work: False
TpTrace Verbose: 0 : 8432, 4, 2024/06/04, 17:32:04.088, 7044245964543, vstest.console.dll, MulticastDelegateUtilities.SafeInvoke: InternalTestLoggerEvents.SendTestResult: Invoking callback 1/1 for Microsoft.VisualStudio.TestPlatform.CommandLine.Internal.ConsoleLogger., took 0 ms.
TpTrace Verbose: 0 : 8432, 4, 2024/06/04, 17:32:04.088, 7044245965359, vstest.console.dll, MulticastDelegateUtilities.SafeInvoke: InternalTestLoggerEvents.SendTestResult: Invoking callback 1/1 for Microsoft.VisualStudio.TestPlatform.CommandLine.Internal.ConsoleLogger., took 0 ms.
TpTrace Verbose: 0 : 8432, 13, 2024/06/04, 17:32:04.088, 7044245964636, vstest.console.dll, ParallelOperationManager.SetOccupiedSlotCount: Setting slot counts AvailableSlotCount = 1, OccupiedSlotCount = 0.
TpTrace Verbose: 0 : 8432, 4, 2024/06/04, 17:32:04.088, 7044245965843, vstest.console.dll, MulticastDelegateUtilities.SafeInvoke: InternalTestLoggerEvents.SendTestResult: Invoking callback 1/1 for Microsoft.VisualStudio.TestPlatform.CommandLine.Internal.ConsoleLogger., took 0 ms.
TpTrace Verbose: 0 : 8432, 13, 2024/06/04, 17:32:04.088, 7044245966701, vstest.console.dll, Occupied slots:

TpTrace Verbose: 0 : 8432, 4, 2024/06/04, 17:32:04.089, 7044245967793, vstest.console.dll, MulticastDelegateUtilities.SafeInvoke: InternalTestLoggerEvents.SendTestResult: Invoking callback 1/1 for Microsoft.VisualStudio.TestPlatform.CommandLine.Internal.ConsoleLogger., took 0 ms.
TpTrace Verbose: 0 : 8432, 4, 2024/06/04, 17:32:04.089, 7044245969868, vstest.console.dll, MulticastDelegateUtilities.SafeInvoke: InternalTestLoggerEvents.SendTestResult: Invoking callback 1/1 for Microsoft.VisualStudio.TestPlatform.CommandLine.Internal.ConsoleLogger., took 0 ms.
TpTrace Verbose: 0 : 8432, 4, 2024/06/04, 17:32:04.089, 7044245970388, vstest.console.dll, MulticastDelegateUtilities.SafeInvoke: InternalTestLoggerEvents.SendTestResult: Invoking callback 1/1 for Microsoft.VisualStudio.TestPlatform.CommandLine.Internal.ConsoleLogger., took 0 ms.
TpTrace Verbose: 0 : 8432, 4, 2024/06/04, 17:32:04.089, 7044245970898, vstest.console.dll, MulticastDelegateUtilities.SafeInvoke: InternalTestLoggerEvents.SendTestResult: Invoking callback 1/1 for Microsoft.VisualStudio.TestPlatform.CommandLine.Internal.ConsoleLogger., took 0 ms.
TpTrace Verbose: 0 : 8432, 4, 2024/06/04, 17:32:04.096, 7044246046886, vstest.console.dll, MulticastDelegateUtilities.SafeInvoke: InternalTestLoggerEvents.SendTestRunComplete: Invoking callback 1/2 for Microsoft.TestPlatform.Extensions.BlameDataCollector.BlameLogger., took 0 ms.
TpTrace Verbose: 0 : 8432, 4, 2024/06/04, 17:32:04.103, 7044246107431, vstest.console.dll, MulticastDelegateUtilities.SafeInvoke: InternalTestLoggerEvents.SendTestRunComplete: Invoking callback 2/2 for Microsoft.VisualStudio.TestPlatform.CommandLine.Internal.ConsoleLogger., took 5 ms.
TpTrace Verbose: 0 : 8432, 13, 2024/06/04, 17:32:04.103, 7044246111231, vstest.console.dll, TestRunRequest:TestRunComplete: Starting. IsAborted:False IsCanceled:False.
TpTrace Verbose: 0 : 8432, 13, 2024/06/04, 17:32:04.103, 7044246114391, vstest.console.dll, ParallelOperationManager.DoActionOnAllManagers: Calling an action on all managers.
TpTrace Verbose: 0 : 8432, 13, 2024/06/04, 17:32:04.104, 7044246124395, vstest.console.dll, TestLoggerManager.HandleTestRunComplete: Ignoring as the object is disposed.
TpTrace Verbose: 0 : 8432, 13, 2024/06/04, 17:32:04.104, 7044246126563, vstest.console.dll, MulticastDelegateUtilities.SafeInvoke: TestRun.TestRunComplete: Invoking callback 1/2 for Microsoft.VisualStudio.TestPlatform.CommandLine.TestRunResultAggregator., took 0 ms.
TpTrace Verbose: 0 : 8432, 13, 2024/06/04, 17:32:04.105, 7044246127705, vstest.console.dll, MulticastDelegateUtilities.SafeInvoke: TestRun.TestRunComplete: Invoking callback 2/2 for Microsoft.VisualStudio.TestPlatform.CommandLine.Processors.RunTestsArgumentExecutor+TestRunRequestEventsRegistrar., took 0 ms.
TpTrace Information: 0 : 8432, 13, 2024/06/04, 17:32:04.105, 7044246128684, vstest.console.dll, TestRunRequest:TestRunComplete: Completed.
TpTrace Verbose: 0 : 8432, 13, 2024/06/04, 17:32:04.105, 7044246129080, vstest.console.dll, TestRequestSender.SetOperationComplete: Setting operation complete.
TpTrace Information: 0 : 8432, 13, 2024/06/04, 17:32:04.105, 7044246129384, vstest.console.dll, SocketServer.Stop: Stop server endPoint: 127.0.0.1:57479
TpTrace Information: 0 : 8432, 13, 2024/06/04, 17:32:04.105, 7044246129656, vstest.console.dll, SocketServer.Stop: Cancellation requested. Stopping message loop.
TpTrace Verbose: 0 : 8432, 1, 2024/06/04, 17:32:04.105, 7044246129762, vstest.console.dll, TestRunRequest.Dispose: Starting.
TpTrace Information: 0 : 8432, 1, 2024/06/04, 17:32:04.105, 7044246130719, vstest.console.dll, TestRunRequest.Dispose: Completed.
TpTrace Verbose: 0 : 8432, 13, 2024/06/04, 17:32:04.105, 7044246130030, vstest.console.dll, MulticastDelegateUtilities.SafeInvoke: LengthPrefixCommunicationChannel: MessageReceived: Invoking callback 1/1 for Microsoft.VisualStudio.TestPlatform.CommunicationUtilities.TestRequestSender+<>c__DisplayClass34_0., took 146 ms.
TpTrace Information: 0 : 8432, 13, 2024/06/04, 17:32:04.105, 7044246131907, vstest.console.dll, SocketServer.PrivateStop: Stopping server endPoint: 127.0.0.1:57479 error: 
TpTrace Information: 0 : 8432, 1, 2024/06/04, 17:32:04.105, 7044246131196, vstest.console.dll, TestRequestManager.RunTests: run tests completed.
TpTrace Information: 0 : 8432, 1, 2024/06/04, 17:32:04.105, 7044246133288, vstest.console.dll, RunTestsArgumentProcessor:Execute: Test run is completed.
TpTrace Verbose: 0 : 8432, 1, 2024/06/04, 17:32:04.105, 7044246136000, vstest.console.dll, Executor.Execute: Exiting with exit code of 0
TpTrace Verbose: 0 : 8432, 13, 2024/06/04, 17:32:04.106, 7044246137458, vstest.console.dll, LengthPrefixCommunicationChannel.Dispose: Dispose reader and writer.
TpTrace Information: 0 : 8432, 13, 2024/06/04, 17:32:04.106, 7044246138352, vstest.console.dll, SocketServer.Stop: Raise disconnected event endPoint: 127.0.0.1:57479 error: 
TpTrace Verbose: 0 : 8432, 13, 2024/06/04, 17:32:04.106, 7044246139387, vstest.console.dll, TestRequestSender: OnTestRunAbort: Operation is already complete. Skip error message.
TpTrace Verbose: 0 : 8432, 13, 2024/06/04, 17:32:04.106, 7044246139888, vstest.console.dll, MulticastDelegateUtilities.SafeInvoke: SocketServer: ClientDisconnected: Invoking callback 1/1 for Microsoft.VisualStudio.TestPlatform.CommunicationUtilities.TestRequestSender., took 0 ms.
TpTrace Verbose: 0 : 8432, 13, 2024/06/04, 17:32:04.106, 7044246140210, vstest.console.dll, TcpClientExtensions.MessageLoopAsync: exiting MessageLoopAsync remoteEndPoint: 127.0.0.1:57480 localEndPoint: 127.0.0.1:57479
